#
# There is insufficient memory for the Java Runtime Environment to continue.
# Native memory allocation (mmap) failed to map 65536 bytes for Failed to commit metaspace.
# Possible reasons:
#   The system is out of physical RAM or swap space
#   The process is running with CompressedOops enabled, and the Java Heap may be blocking the growth of the native heap
# Possible solutions:
#   Reduce memory load on the system
#   Increase physical memory or swap space
#   Check if swap backing store is full
#   Decrease Java heap size (-Xmx/-Xms)
#   Decrease number of Java threads
#   Decrease Java thread stack sizes (-Xss)
#   Set larger code cache with -XX:ReservedCodeCacheSize=
#   JVM is running with Zero Based Compressed Oops mode in which the Java heap is
#     placed in the first 32GB address space. The Java Heap base address is the
#     maximum limit for the native heap growth. Please use -XX:HeapBaseMinAddress
#     to set the Java Heap base and to place the Java Heap above 32GB virtual address.
# This output file may be truncated or incomplete.
#
#  Out of Memory Error (virtualSpaceNode.cpp:110), pid=51548, tid=62564
#
# JRE version: Java(TM) SE Runtime Environment (17.0.6+9) (build 17.0.6+9-LTS-190)
# Java VM: Java HotSpot(TM) 64-Bit Server VM (17.0.6+9-LTS-190, mixed mode, emulated-client, sharing, tiered, compressed oops, compressed class ptrs, g1 gc, windows-amd64)
# No core dump will be written. Minidumps are not enabled by default on client versions of Windows
#

---------------  S U M M A R Y ------------

Command Line: -XX:+ShowCodeDetailsInExceptionMessages -agentlib:jdwp=transport=dt_socket,suspend=y,address=localhost:14840 -Dcom.sun.management.jmxremote -Dcom.sun.management.jmxremote.port=11950 -Dcom.sun.management.jmxremote.authenticate=false -Dcom.sun.management.jmxremote.ssl=false -Djava.rmi.server.hostname=localhost -Dspring.jmx.enabled=true -Dmanagement.endpoints.jmx.exposure.include=* -Dspring.application.admin.enabled=true -XX:TieredStopAtLevel=1 -Dspring.boot.project.name=projectCulture -javaagent:C:\springdeveloper\sts-4.19.1.RELEASE\configuration\org.eclipse.osgi\267\0\.cp\lib\javaagent-shaded.jar -Dfile.encoding=UTF-8 com.spring.ProjectCultureApplication --spring.output.ansi.enabled=always

Host: Intel(R) Core(TM) i7-9750H CPU @ 2.60GHz, 12 cores, 15G,  Windows 11 , 64 bit Build 22621 (10.0.22621.2070)
Time: Thu Aug 24 12:23:50 2023  Windows 11 , 64 bit Build 22621 (10.0.22621.2070) elapsed time: 33.717403 seconds (0d 0h 0m 33s)

---------------  T H R E A D  ---------------

Current thread (0x0000017b3c9a2910):  JavaThread "restartedMain" [_thread_in_vm, id=62564, stack(0x0000005aed600000,0x0000005aed700000)]

Stack: [0x0000005aed600000,0x0000005aed700000]
Native frames: (J=compiled Java code, j=interpreted, Vv=VM code, C=native code)
V  [jvm.dll+0x6734ea]
V  [jvm.dll+0x7d18f4]
V  [jvm.dll+0x7d309e]
V  [jvm.dll+0x7d3703]
V  [jvm.dll+0x2433c5]
V  [jvm.dll+0x7cd9fb]
V  [jvm.dll+0x619546]
V  [jvm.dll+0x6195aa]
V  [jvm.dll+0x61bdcd]
V  [jvm.dll+0x619f06]
V  [jvm.dll+0x623c07]
V  [jvm.dll+0x1e79bd]
V  [jvm.dll+0x1e7f85]
V  [jvm.dll+0x1e88cb]
V  [jvm.dll+0x1de0d1]
V  [jvm.dll+0x5399dc]
V  [jvm.dll+0x74c7bd]
V  [jvm.dll+0x74c71a]
V  [jvm.dll+0x408773]
V  [jvm.dll+0x41beac]
C  [java.dll+0x1657]

Java frames: (J=compiled Java code, j=interpreted, Vv=VM code)
j  java.lang.ClassLoader.defineClass0(Ljava/lang/ClassLoader;Ljava/lang/Class;Ljava/lang/String;[BIILjava/security/ProtectionDomain;ZILjava/lang/Object;)Ljava/lang/Class;+0 java.base@17.0.6
j  java.lang.System$2.defineClass(Ljava/lang/ClassLoader;Ljava/lang/Class;Ljava/lang/String;[BLjava/security/ProtectionDomain;ZILjava/lang/Object;)Ljava/lang/Class;+17 java.base@17.0.6
j  java.lang.invoke.MethodHandles$Lookup$ClassDefiner.defineClass(ZLjava/lang/Object;)Ljava/lang/Class;+54 java.base@17.0.6
j  java.lang.invoke.MethodHandles$Lookup$ClassDefiner.defineClassAsLookup(Z)Ljava/lang/invoke/MethodHandles$Lookup;+3 java.base@17.0.6
j  java.lang.invoke.MethodHandles$Lookup.defineHiddenClass([BZ[Ljava/lang/invoke/MethodHandles$Lookup$ClassOption;)Ljava/lang/invoke/MethodHandles$Lookup;+65 java.base@17.0.6
j  java.lang.invoke.InnerClassLambdaMetafactory.generateInnerClass()Ljava/lang/Class;+580 java.base@17.0.6
j  java.lang.invoke.InnerClassLambdaMetafactory.spinInnerClass()Ljava/lang/Class;+114 java.base@17.0.6
j  java.lang.invoke.InnerClassLambdaMetafactory.buildCallSite()Ljava/lang/invoke/CallSite;+1 java.base@17.0.6
j  java.lang.invoke.LambdaMetafactory.metafactory(Ljava/lang/invoke/MethodHandles$Lookup;Ljava/lang/String;Ljava/lang/invoke/MethodType;Ljava/lang/invoke/MethodType;Ljava/lang/invoke/MethodHandle;Ljava/lang/invoke/MethodType;)Ljava/lang/invoke/CallSite;+67 java.base@17.0.6
j  java.lang.invoke.LambdaForm$DMH+0x0000000800d0cc00.invokeStatic(Ljava/lang/Object;Ljava/lang/Object;Ljava/lang/Object;Ljava/lang/Object;Ljava/lang/Object;Ljava/lang/Object;Ljava/lang/Object;)Ljava/lang/Object;+27 java.base@17.0.6
j  java.lang.invoke.Invokers$Holder.invokeExact_MT(Ljava/lang/Object;Ljava/lang/Object;Ljava/lang/Object;Ljava/lang/Object;Ljava/lang/Object;Ljava/lang/Object;Ljava/lang/Object;Ljava/lang/Object;)Ljava/lang/Object;+28 java.base@17.0.6
j  java.lang.invoke.BootstrapMethodInvoker.invoke(Ljava/lang/Class;Ljava/lang/invoke/MethodHandle;Ljava/lang/String;Ljava/lang/Object;Ljava/lang/Object;Ljava/lang/Class;)Ljava/lang/Object;+319 java.base@17.0.6
j  java.lang.invoke.CallSite.makeSite(Ljava/lang/invoke/MethodHandle;Ljava/lang/String;Ljava/lang/invoke/MethodType;Ljava/lang/Object;Ljava/lang/Class;)Ljava/lang/invoke/CallSite;+8 java.base@17.0.6
j  java.lang.invoke.MethodHandleNatives.linkCallSiteImpl(Ljava/lang/Class;Ljava/lang/invoke/MethodHandle;Ljava/lang/String;Ljava/lang/invoke/MethodType;Ljava/lang/Object;[Ljava/lang/Object;)Ljava/lang/invoke/MemberName;+6 java.base@17.0.6
j  java.lang.invoke.MethodHandleNatives.linkCallSite(Ljava/lang/Object;ILjava/lang/Object;Ljava/lang/Object;Ljava/lang/Object;Ljava/lang/Object;[Ljava/lang/Object;)Ljava/lang/invoke/MemberName;+46 java.base@17.0.6
v  ~StubRoutines::call_stub
j  java.util.stream.AbstractPipeline.spliterator()Ljava/util/Spliterator;+103 java.base@17.0.6
j  java.util.stream.ReferencePipeline.iterator()Ljava/util/Iterator;+1 java.base@17.0.6
j  org.springframework.boot.context.properties.source.IterableConfigurationPropertySource.iterator()Ljava/util/Iterator;+6
j  org.springframework.boot.context.properties.bind.IndexedElementsBinder.getKnownIndexedChildren(Lorg/springframework/boot/context/properties/source/ConfigurationPropertySource;Lorg/springframework/boot/context/properties/source/ConfigurationPropertyName;)Lorg/springframework/util/MultiValueMap;+37
j  org.springframework.boot.context.properties.bind.IndexedElementsBinder.bindIndexed(Lorg/springframework/boot/context/properties/source/ConfigurationPropertySource;Lorg/springframework/boot/context/properties/source/ConfigurationPropertyName;Lorg/springframework/boot/context/properties/bind/AggregateElementBinder;Lorg/springframework/boot/context/properties/bind/IndexedElementsBinder$IndexedCollectionSupplier;Lorg/springframework/core/ResolvableType;)V+3
j  org.springframework.boot.context.properties.bind.IndexedElementsBinder.bindIndexed(Lorg/springframework/boot/context/properties/source/ConfigurationPropertySource;Lorg/springframework/boot/context/properties/source/ConfigurationPropertyName;Lorg/springframework/boot/context/properties/bind/Bindable;Lorg/springframework/boot/context/properties/bind/AggregateElementBinder;Lorg/springframework/boot/context/properties/bind/IndexedElementsBinder$IndexedCollectionSupplier;Lorg/springframework/core/ResolvableType;Lorg/springframework/core/ResolvableType;)V+57
j  org.springframework.boot.context.properties.bind.IndexedElementsBinder.bindIndexed(Lorg/springframework/boot/context/properties/source/ConfigurationPropertyName;Lorg/springframework/boot/context/properties/bind/Bindable;Lorg/springframework/boot/context/properties/bind/AggregateElementBinder;Lorg/springframework/core/ResolvableType;Lorg/springframework/core/ResolvableType;Lorg/springframework/boot/context/properties/bind/IndexedElementsBinder$IndexedCollectionSupplier;)V+48
j  org.springframework.boot.context.properties.bind.ArrayBinder.bindAggregate(Lorg/springframework/boot/context/properties/source/ConfigurationPropertyName;Lorg/springframework/boot/context/properties/bind/Bindable;Lorg/springframework/boot/context/properties/bind/AggregateElementBinder;)Ljava/lang/Object;+39
j  org.springframework.boot.context.properties.bind.AggregateBinder.bind(Lorg/springframework/boot/context/properties/source/ConfigurationPropertyName;Lorg/springframework/boot/context/properties/bind/Bindable;Lorg/springframework/boot/context/properties/bind/AggregateElementBinder;)Ljava/lang/Object;+4
j  org.springframework.boot.context.properties.bind.Binder.lambda$bindAggregate$3(Lorg/springframework/boot/context/properties/bind/AggregateBinder;Lorg/springframework/boot/context/properties/source/ConfigurationPropertyName;Lorg/springframework/boot/context/properties/bind/Bindable;Lorg/springframework/boot/context/properties/bind/AggregateElementBinder;)Ljava/lang/Object;+4
j  org.springframework.boot.context.properties.bind.Binder$$Lambda$196+0x0000000800d84428.get()Ljava/lang/Object;+16
j  org.springframework.boot.context.properties.bind.Binder$Context.withIncreasedDepth(Ljava/util/function/Supplier;)Ljava/lang/Object;+5
j  org.springframework.boot.context.properties.bind.Binder$Context.access$100(Lorg/springframework/boot/context/properties/bind/Binder$Context;Ljava/util/function/Supplier;)Ljava/lang/Object;+2
j  org.springframework.boot.context.properties.bind.Binder.bindAggregate(Lorg/springframework/boot/context/properties/source/ConfigurationPropertyName;Lorg/springframework/boot/context/properties/bind/Bindable;Lorg/springframework/boot/context/properties/bind/BindHandler;Lorg/springframework/boot/context/properties/bind/Binder$Context;Lorg/springframework/boot/context/properties/bind/AggregateBinder;)Ljava/lang/Object;+26
j  org.springframework.boot.context.properties.bind.Binder.bindObject(Lorg/springframework/boot/context/properties/source/ConfigurationPropertyName;Lorg/springframework/boot/context/properties/bind/Bindable;Lorg/springframework/boot/context/properties/bind/BindHandler;Lorg/springframework/boot/context/properties/bind/Binder$Context;Z)Ljava/lang/Object;+60
j  org.springframework.boot.context.properties.bind.Binder.bind(Lorg/springframework/boot/context/properties/source/ConfigurationPropertyName;Lorg/springframework/boot/context/properties/bind/Bindable;Lorg/springframework/boot/context/properties/bind/BindHandler;Lorg/springframework/boot/context/properties/bind/Binder$Context;ZZ)Ljava/lang/Object;+41
j  org.springframework.boot.context.properties.bind.Binder.bind(Lorg/springframework/boot/context/properties/source/ConfigurationPropertyName;Lorg/springframework/boot/context/properties/bind/Bindable;Lorg/springframework/boot/context/properties/bind/BindHandler;Z)Ljava/lang/Object;+44
j  org.springframework.boot.context.properties.bind.Binder.bind(Lorg/springframework/boot/context/properties/source/ConfigurationPropertyName;Lorg/springframework/boot/context/properties/bind/Bindable;Lorg/springframework/boot/context/properties/bind/BindHandler;)Lorg/springframework/boot/context/properties/bind/BindResult;+5
j  org.springframework.boot.context.properties.bind.Binder.bind(Ljava/lang/String;Lorg/springframework/boot/context/properties/bind/Bindable;)Lorg/springframework/boot/context/properties/bind/BindResult;+7
j  org.springframework.boot.context.properties.bind.Binder.bind(Ljava/lang/String;Ljava/lang/Class;)Lorg/springframework/boot/context/properties/bind/BindResult;+6
j  org.springframework.boot.context.config.StandardConfigDataLocationResolver.getConfigNames(Lorg/springframework/boot/context/properties/bind/Binder;)[Ljava/lang/String;+5
j  org.springframework.boot.context.config.StandardConfigDataLocationResolver.<init>(Lorg/apache/commons/logging/Log;Lorg/springframework/boot/context/properties/bind/Binder;Lorg/springframework/core/io/ResourceLoader;)V+28
v  ~StubRoutines::call_stub
J 1436  jdk.internal.reflect.NativeConstructorAccessorImpl.newInstance0(Ljava/lang/reflect/Constructor;[Ljava/lang/Object;)Ljava/lang/Object; java.base@17.0.6 (0 bytes) @ 0x0000017b2bc2ff8e [0x0000017b2bc2ff20+0x000000000000006e]
J 1435 c1 jdk.internal.reflect.NativeConstructorAccessorImpl.newInstance([Ljava/lang/Object;)Ljava/lang/Object; java.base@17.0.6 (122 bytes) @ 0x0000017b2bc2f76c [0x0000017b2bc2f480+0x00000000000002ec]
J 1097 c1 jdk.internal.reflect.DelegatingConstructorAccessorImpl.newInstance([Ljava/lang/Object;)Ljava/lang/Object; java.base@17.0.6 (9 bytes) @ 0x0000017b2bbc63fc [0x0000017b2bbc63a0+0x000000000000005c]
J 1072 c1 java.lang.reflect.Constructor.newInstanceWithCaller([Ljava/lang/Object;ZLjava/lang/Class;)Ljava/lang/Object; java.base@17.0.6 (75 bytes) @ 0x0000017b2bbcefc4 [0x0000017b2bbceee0+0x00000000000000e4]
J 1191 c1 java.lang.reflect.Constructor.newInstance([Ljava/lang/Object;)Ljava/lang/Object; java.base@17.0.6 (34 bytes) @ 0x0000017b2bb8b564 [0x0000017b2bb8b4c0+0x00000000000000a4]
j  org.springframework.boot.util.Instantiator.instantiate(Ljava/lang/Class;)Ljava/lang/Object;+59
j  org.springframework.boot.util.Instantiator.instantiate(Lorg/springframework/boot/util/Instantiator$TypeSupplier;)Ljava/lang/Object;+17
j  org.springframework.boot.util.Instantiator$$Lambda$171+0x0000000800d2af30.apply(Ljava/lang/Object;)Ljava/lang/Object;+8
j  java.util.stream.ReferencePipeline$3$1.accept(Ljava/lang/Object;)V+12 java.base@17.0.6
j  java.util.stream.ReferencePipeline$3$1.accept(Ljava/lang/Object;)V+17 java.base@17.0.6
j  java.util.ArrayList$ArrayListSpliterator.forEachRemaining(Ljava/util/function/Consumer;)V+95 java.base@17.0.6
j  java.util.stream.AbstractPipeline.copyInto(Ljava/util/stream/Sink;Ljava/util/Spliterator;)V+32 java.base@17.0.6
j  java.util.stream.AbstractPipeline.wrapAndCopyInto(Ljava/util/stream/Sink;Ljava/util/Spliterator;)Ljava/util/stream/Sink;+13 java.base@17.0.6
j  java.util.stream.ReduceOps$ReduceOp.evaluateSequential(Ljava/util/stream/PipelineHelper;Ljava/util/Spliterator;)Ljava/lang/Object;+6 java.base@17.0.6
j  java.util.stream.AbstractPipeline.evaluate(Ljava/util/stream/TerminalOp;)Ljava/lang/Object;+88 java.base@17.0.6
j  java.util.stream.ReferencePipeline.collect(Ljava/util/stream/Collector;)Ljava/lang/Object;+86 java.base@17.0.6
j  org.springframework.boot.util.Instantiator.instantiate(Ljava/util/stream/Stream;)Ljava/util/List;+15
j  org.springframework.boot.util.Instantiator.instantiate(Ljava/lang/ClassLoader;Ljava/util/Collection;)Ljava/util/List;+24
j  org.springframework.boot.context.config.ConfigDataLocationResolvers.<init>(Lorg/springframework/boot/logging/DeferredLogFactory;Lorg/springframework/boot/ConfigurableBootstrapContext;Lorg/springframework/boot/context/properties/bind/Binder;Lorg/springframework/core/io/ResourceLoader;Ljava/util/List;)V+38
j  org.springframework.boot.context.config.ConfigDataLocationResolvers.<init>(Lorg/springframework/boot/logging/DeferredLogFactory;Lorg/springframework/boot/ConfigurableBootstrapContext;Lorg/springframework/boot/context/properties/bind/Binder;Lorg/springframework/core/io/ResourceLoader;)V+18
j  org.springframework.boot.context.config.ConfigDataEnvironment.createConfigDataLocationResolvers(Lorg/springframework/boot/logging/DeferredLogFactory;Lorg/springframework/boot/ConfigurableBootstrapContext;Lorg/springframework/boot/context/properties/bind/Binder;Lorg/springframework/core/io/ResourceLoader;)Lorg/springframework/boot/context/config/ConfigDataLocationResolvers;+9
j  org.springframework.boot.context.config.ConfigDataEnvironment.<init>(Lorg/springframework/boot/logging/DeferredLogFactory;Lorg/springframework/boot/ConfigurableBootstrapContext;Lorg/springframework/core/env/ConfigurableEnvironment;Lorg/springframework/core/io/ResourceLoader;Ljava/util/Collection;Lorg/springframework/boot/context/config/ConfigDataEnvironmentUpdateListener;)V+74
j  org.springframework.boot.context.config.ConfigDataEnvironmentPostProcessor.getConfigDataEnvironment(Lorg/springframework/core/env/ConfigurableEnvironment;Lorg/springframework/core/io/ResourceLoader;Ljava/util/Collection;)Lorg/springframework/boot/context/config/ConfigDataEnvironment;+19
j  org.springframework.boot.context.config.ConfigDataEnvironmentPostProcessor.postProcessEnvironment(Lorg/springframework/core/env/ConfigurableEnvironment;Lorg/springframework/core/io/ResourceLoader;Ljava/util/Collection;)V+31
j  org.springframework.boot.context.config.ConfigDataEnvironmentPostProcessor.postProcessEnvironment(Lorg/springframework/core/env/ConfigurableEnvironment;Lorg/springframework/boot/SpringApplication;)V+10
j  org.springframework.boot.env.EnvironmentPostProcessorApplicationListener.onApplicationEnvironmentPreparedEvent(Lorg/springframework/boot/context/event/ApplicationEnvironmentPreparedEvent;)V+55
j  org.springframework.boot.env.EnvironmentPostProcessorApplicationListener.onApplicationEvent(Lorg/springframework/context/ApplicationEvent;)V+12
j  org.springframework.context.event.SimpleApplicationEventMulticaster.doInvokeListener(Lorg/springframework/context/ApplicationListener;Lorg/springframework/context/ApplicationEvent;)V+2
j  org.springframework.context.event.SimpleApplicationEventMulticaster.invokeListener(Lorg/springframework/context/ApplicationListener;Lorg/springframework/context/ApplicationEvent;)V+34
j  org.springframework.context.event.SimpleApplicationEventMulticaster.multicastEvent(Lorg/springframework/context/ApplicationEvent;Lorg/springframework/core/ResolvableType;)V+83
j  org.springframework.context.event.SimpleApplicationEventMulticaster.multicastEvent(Lorg/springframework/context/ApplicationEvent;)V+7
j  org.springframework.boot.context.event.EventPublishingRunListener.environmentPrepared(Lorg/springframework/boot/ConfigurableBootstrapContext;Lorg/springframework/core/env/ConfigurableEnvironment;)V+21
j  org.springframework.boot.SpringApplicationRunListeners.lambda$environmentPrepared$2(Lorg/springframework/boot/ConfigurableBootstrapContext;Lorg/springframework/core/env/ConfigurableEnvironment;Lorg/springframework/boot/SpringApplicationRunListener;)V+3
j  org.springframework.boot.SpringApplicationRunListeners$$Lambda$163+0x0000000800d29180.accept(Ljava/lang/Object;)V+12
j  java.util.ArrayList.forEach(Ljava/util/function/Consumer;)V+46 java.base@17.0.6
j  org.springframework.boot.SpringApplicationRunListeners.doWithListeners(Ljava/lang/String;Ljava/util/function/Consumer;Ljava/util/function/Consumer;)V+17
j  org.springframework.boot.SpringApplicationRunListeners.doWithListeners(Ljava/lang/String;Ljava/util/function/Consumer;)V+4
j  org.springframework.boot.SpringApplicationRunListeners.environmentPrepared(Lorg/springframework/boot/ConfigurableBootstrapContext;Lorg/springframework/core/env/ConfigurableEnvironment;)V+10
j  org.springframework.boot.SpringApplication.prepareEnvironment(Lorg/springframework/boot/SpringApplicationRunListeners;Lorg/springframework/boot/DefaultBootstrapContext;Lorg/springframework/boot/ApplicationArguments;)Lorg/springframework/core/env/ConfigurableEnvironment;+27
j  org.springframework.boot.SpringApplication.run([Ljava/lang/String;)Lorg/springframework/context/ConfigurableApplicationContext;+52
j  org.springframework.boot.SpringApplication.run([Ljava/lang/Class;[Ljava/lang/String;)Lorg/springframework/context/ConfigurableApplicationContext;+9
j  org.springframework.boot.SpringApplication.run(Ljava/lang/Class;[Ljava/lang/String;)Lorg/springframework/context/ConfigurableApplicationContext;+9
j  com.spring.ProjectCultureApplication.main([Ljava/lang/String;)V+3
v  ~StubRoutines::call_stub
j  jdk.internal.reflect.NativeMethodAccessorImpl.invoke0(Ljava/lang/reflect/Method;Ljava/lang/Object;[Ljava/lang/Object;)Ljava/lang/Object;+0 java.base@17.0.6
j  jdk.internal.reflect.NativeMethodAccessorImpl.invoke(Ljava/lang/Object;[Ljava/lang/Object;)Ljava/lang/Object;+133 java.base@17.0.6
j  jdk.internal.reflect.DelegatingMethodAccessorImpl.invoke(Ljava/lang/Object;[Ljava/lang/Object;)Ljava/lang/Object;+6 java.base@17.0.6
j  java.lang.reflect.Method.invoke(Ljava/lang/Object;[Ljava/lang/Object;)Ljava/lang/Object;+59 java.base@17.0.6
j  org.springframework.boot.devtools.restart.RestartLauncher.run()V+47
v  ~StubRoutines::call_stub

---------------  P R O C E S S  ---------------

Threads class SMR info:
_java_thread_list=0x0000017b3c959920, length=20, elements={
0x0000017b240ac260, 0x0000017b3b0a4250, 0x0000017b3b0a4e00, 0x0000017b3bc06ee0,
0x0000017b3bc07cb0, 0x0000017b3bc08860, 0x0000017b3bc0b320, 0x0000017b3bc0d530,
0x0000017b3bc1f620, 0x0000017b3bc73790, 0x0000017b3bd6c710, 0x0000017b3bd70940,
0x0000017b3bd76160, 0x0000017b3bcf4c50, 0x0000017b3c4942b0, 0x0000017b3c61c400,
0x0000017b3c616690, 0x0000017b3c623dd0, 0x0000017b3c913720, 0x0000017b3c9a2910
}

Java Threads: ( => current thread )
  0x0000017b240ac260 JavaThread "main" [_thread_blocked, id=63924, stack(0x0000005aeb100000,0x0000005aeb200000)]
  0x0000017b3b0a4250 JavaThread "Reference Handler" daemon [_thread_blocked, id=62200, stack(0x0000005aeb800000,0x0000005aeb900000)]
  0x0000017b3b0a4e00 JavaThread "Finalizer" daemon [_thread_blocked, id=45368, stack(0x0000005aeb900000,0x0000005aeba00000)]
  0x0000017b3bc06ee0 JavaThread "Signal Dispatcher" daemon [_thread_blocked, id=61044, stack(0x0000005aeba00000,0x0000005aebb00000)]
  0x0000017b3bc07cb0 JavaThread "Attach Listener" daemon [_thread_blocked, id=64136, stack(0x0000005aebb00000,0x0000005aebc00000)]
  0x0000017b3bc08860 JavaThread "Service Thread" daemon [_thread_blocked, id=27768, stack(0x0000005aebc00000,0x0000005aebd00000)]
  0x0000017b3bc0b320 JavaThread "Monitor Deflation Thread" daemon [_thread_blocked, id=47732, stack(0x0000005aebd00000,0x0000005aebe00000)]
  0x0000017b3bc0d530 JavaThread "C1 CompilerThread0" daemon [_thread_blocked, id=61756, stack(0x0000005aebe00000,0x0000005aebf00000)]
  0x0000017b3bc1f620 JavaThread "Sweeper thread" daemon [_thread_blocked, id=61424, stack(0x0000005aebf00000,0x0000005aec000000)]
  0x0000017b3bc73790 JavaThread "Common-Cleaner" daemon [_thread_blocked, id=65596, stack(0x0000005aec000000,0x0000005aec100000)]
  0x0000017b3bd6c710 JavaThread "JDWP Transport Listener: dt_socket" daemon [_thread_blocked, id=65636, stack(0x0000005aec400000,0x0000005aec500000)]
  0x0000017b3bd70940 JavaThread "JDWP Event Helper Thread" daemon [_thread_blocked, id=65640, stack(0x0000005aec500000,0x0000005aec600000)]
  0x0000017b3bd76160 JavaThread "JDWP Command Reader" daemon [_thread_in_native, id=65664, stack(0x0000005aec600000,0x0000005aec700000)]
  0x0000017b3bcf4c50 JavaThread "C1 CompilerThread1" daemon [_thread_blocked, id=62620, stack(0x0000005aec100000,0x0000005aec200000)]
  0x0000017b3c4942b0 JavaThread "Notification Thread" daemon [_thread_blocked, id=65424, stack(0x0000005aec700000,0x0000005aec800000)]
  0x0000017b3c61c400 JavaThread "RMI TCP Accept-0" daemon [_thread_in_native, id=61444, stack(0x0000005aec200000,0x0000005aec300000)]
  0x0000017b3c616690 JavaThread "RMI TCP Accept-11950" daemon [_thread_in_native, id=65024, stack(0x0000005aec300000,0x0000005aec400000)]
  0x0000017b3c623dd0 JavaThread "RMI TCP Accept-0" daemon [_thread_in_native, id=57856, stack(0x0000005aec800000,0x0000005aec900000)]
  0x0000017b3c913720 JavaThread "Thread-0" [_thread_blocked, id=65616, stack(0x0000005aed500000,0x0000005aed600000)]
=>0x0000017b3c9a2910 JavaThread "restartedMain" [_thread_in_vm, id=62564, stack(0x0000005aed600000,0x0000005aed700000)]

Other Threads:
  0x0000017b3b09b650 VMThread "VM Thread" [stack: 0x0000005aeb700000,0x0000005aeb800000] [id=46268]
  0x0000017b3c6242a0 WatcherThread [stack: 0x0000005aec900000,0x0000005aeca00000] [id=21384]
  0x0000017b241172d0 GCTaskThread "GC Thread#0" [stack: 0x0000005aeb200000,0x0000005aeb300000] [id=41532]
  0x0000017b3c62b020 GCTaskThread "GC Thread#1" [stack: 0x0000005aeca00000,0x0000005aecb00000] [id=53420]
  0x0000017b3c67b030 GCTaskThread "GC Thread#2" [stack: 0x0000005aecb00000,0x0000005aecc00000] [id=59216]
  0x0000017b3c6dd260 GCTaskThread "GC Thread#3" [stack: 0x0000005aecc00000,0x0000005aecd00000] [id=27060]
  0x0000017b3c6dd510 GCTaskThread "GC Thread#4" [stack: 0x0000005aecd00000,0x0000005aece00000] [id=14240]
  0x0000017b3c6dd7c0 GCTaskThread "GC Thread#5" [stack: 0x0000005aece00000,0x0000005aecf00000] [id=70572]
  0x0000017b3c708530 GCTaskThread "GC Thread#6" [stack: 0x0000005aecf00000,0x0000005aed000000] [id=52136]
  0x0000017b3c7087e0 GCTaskThread "GC Thread#7" [stack: 0x0000005aed000000,0x0000005aed100000] [id=12908]
  0x0000017b3c708a90 GCTaskThread "GC Thread#8" [stack: 0x0000005aed100000,0x0000005aed200000] [id=57164]
  0x0000017b3c708d40 GCTaskThread "GC Thread#9" [stack: 0x0000005aed200000,0x0000005aed300000] [id=55828]
  0x0000017b24129030 ConcurrentGCThread "G1 Main Marker" [stack: 0x0000005aeb300000,0x0000005aeb400000] [id=63940]
  0x0000017b24129a40 ConcurrentGCThread "G1 Conc#0" [stack: 0x0000005aeb400000,0x0000005aeb500000] [id=63424]
  0x0000017b2416d550 ConcurrentGCThread "G1 Refine#0" [stack: 0x0000005aeb500000,0x0000005aeb600000] [id=60660]
  0x0000017b2416df70 ConcurrentGCThread "G1 Service" [stack: 0x0000005aeb600000,0x0000005aeb700000] [id=63024]

Threads with active compile tasks:

VM state: not at safepoint (normal execution)

VM Mutex/Monitor currently owned by a thread:  ([mutex/lock_event])
[0x0000017b240a61b0] Metaspace_lock - owner thread: 0x0000017b3c9a2910

Heap address: 0x0000000701e00000, size: 4066 MB, Compressed Oops mode: Zero based, Oop shift amount: 3

CDS archive(s) mapped at: [0x0000000800000000-0x0000000800bd0000-0x0000000800bd0000), size 12386304, SharedBaseAddress: 0x0000000800000000, ArchiveRelocationMode: 0.
Compressed class space mapped at: 0x0000000800c00000-0x0000000840c00000, reserved size: 1073741824
Narrow klass base: 0x0000000800000000, Narrow klass shift: 0, Narrow klass range: 0x100000000

GC Precious Log:
 CPUs: 12 total, 12 available
 Memory: 16263M
 Large Page Support: Disabled
 NUMA Support: Disabled
 Compressed Oops: Enabled (Zero based)
 Heap Region Size: 2M
 Heap Min Capacity: 8M
 Heap Initial Capacity: 256M
 Heap Max Capacity: 4066M
 Pre-touch: Disabled
 Parallel Workers: 10
 Concurrent Workers: 3
 Concurrent Refinement Workers: 10
 Periodic GC: Disabled

Heap:
 garbage-first heap   total 262144K, used 23074K [0x0000000701e00000, 0x0000000800000000)
  region size 2048K, 10 young (20480K), 1 survivors (2048K)
 Metaspace       used 10569K, committed 10752K, reserved 1064960K
  class space    used 1313K, committed 1408K, reserved 1048576K

Heap Regions: E=young(eden), S=young(survivor), O=old, HS=humongous(starts), HC=humongous(continues), CS=collection set, F=free, OA=open archive, CA=closed archive, TAMS=top-at-mark-start (previous, next)
|   0|0x0000000701e00000, 0x0000000702000000, 0x0000000702000000|100%| O|  |TAMS 0x0000000701e00000, 0x0000000701e00000| Untracked 
|   1|0x0000000702000000, 0x0000000702200000, 0x0000000702200000|100%| O|  |TAMS 0x0000000702000000, 0x0000000702000000| Untracked 
|   2|0x0000000702200000, 0x00000007023a6600, 0x0000000702400000| 82%| O|  |TAMS 0x0000000702200000, 0x0000000702200000| Untracked 
|   3|0x0000000702400000, 0x0000000702400000, 0x0000000702600000|  0%| F|  |TAMS 0x0000000702400000, 0x0000000702400000| Untracked 
|   4|0x0000000702600000, 0x0000000702600000, 0x0000000702800000|  0%| F|  |TAMS 0x0000000702600000, 0x0000000702600000| Untracked 
|   5|0x0000000702800000, 0x0000000702800000, 0x0000000702a00000|  0%| F|  |TAMS 0x0000000702800000, 0x0000000702800000| Untracked 
|   6|0x0000000702a00000, 0x0000000702a00000, 0x0000000702c00000|  0%| F|  |TAMS 0x0000000702a00000, 0x0000000702a00000| Untracked 
|   7|0x0000000702c00000, 0x0000000702c00000, 0x0000000702e00000|  0%| F|  |TAMS 0x0000000702c00000, 0x0000000702c00000| Untracked 
|   8|0x0000000702e00000, 0x0000000702e00000, 0x0000000703000000|  0%| F|  |TAMS 0x0000000702e00000, 0x0000000702e00000| Untracked 
|   9|0x0000000703000000, 0x0000000703000000, 0x0000000703200000|  0%| F|  |TAMS 0x0000000703000000, 0x0000000703000000| Untracked 
|  10|0x0000000703200000, 0x0000000703200000, 0x0000000703400000|  0%| F|  |TAMS 0x0000000703200000, 0x0000000703200000| Untracked 
|  11|0x0000000703400000, 0x0000000703400000, 0x0000000703600000|  0%| F|  |TAMS 0x0000000703400000, 0x0000000703400000| Untracked 
|  12|0x0000000703600000, 0x0000000703600000, 0x0000000703800000|  0%| F|  |TAMS 0x0000000703600000, 0x0000000703600000| Untracked 
|  13|0x0000000703800000, 0x0000000703800000, 0x0000000703a00000|  0%| F|  |TAMS 0x0000000703800000, 0x0000000703800000| Untracked 
|  14|0x0000000703a00000, 0x0000000703a00000, 0x0000000703c00000|  0%| F|  |TAMS 0x0000000703a00000, 0x0000000703a00000| Untracked 
|  15|0x0000000703c00000, 0x0000000703c00000, 0x0000000703e00000|  0%| F|  |TAMS 0x0000000703c00000, 0x0000000703c00000| Untracked 
|  16|0x0000000703e00000, 0x0000000703e00000, 0x0000000704000000|  0%| F|  |TAMS 0x0000000703e00000, 0x0000000703e00000| Untracked 
|  17|0x0000000704000000, 0x0000000704000000, 0x0000000704200000|  0%| F|  |TAMS 0x0000000704000000, 0x0000000704000000| Untracked 
|  18|0x0000000704200000, 0x0000000704200000, 0x0000000704400000|  0%| F|  |TAMS 0x0000000704200000, 0x0000000704200000| Untracked 
|  19|0x0000000704400000, 0x0000000704400000, 0x0000000704600000|  0%| F|  |TAMS 0x0000000704400000, 0x0000000704400000| Untracked 
|  20|0x0000000704600000, 0x0000000704600000, 0x0000000704800000|  0%| F|  |TAMS 0x0000000704600000, 0x0000000704600000| Untracked 
|  21|0x0000000704800000, 0x0000000704800000, 0x0000000704a00000|  0%| F|  |TAMS 0x0000000704800000, 0x0000000704800000| Untracked 
|  22|0x0000000704a00000, 0x0000000704a00000, 0x0000000704c00000|  0%| F|  |TAMS 0x0000000704a00000, 0x0000000704a00000| Untracked 
|  23|0x0000000704c00000, 0x0000000704c00000, 0x0000000704e00000|  0%| F|  |TAMS 0x0000000704c00000, 0x0000000704c00000| Untracked 
|  24|0x0000000704e00000, 0x0000000704e00000, 0x0000000705000000|  0%| F|  |TAMS 0x0000000704e00000, 0x0000000704e00000| Untracked 
|  25|0x0000000705000000, 0x0000000705000000, 0x0000000705200000|  0%| F|  |TAMS 0x0000000705000000, 0x0000000705000000| Untracked 
|  26|0x0000000705200000, 0x0000000705200000, 0x0000000705400000|  0%| F|  |TAMS 0x0000000705200000, 0x0000000705200000| Untracked 
|  27|0x0000000705400000, 0x0000000705400000, 0x0000000705600000|  0%| F|  |TAMS 0x0000000705400000, 0x0000000705400000| Untracked 
|  28|0x0000000705600000, 0x0000000705600000, 0x0000000705800000|  0%| F|  |TAMS 0x0000000705600000, 0x0000000705600000| Untracked 
|  29|0x0000000705800000, 0x0000000705800000, 0x0000000705a00000|  0%| F|  |TAMS 0x0000000705800000, 0x0000000705800000| Untracked 
|  30|0x0000000705a00000, 0x0000000705a00000, 0x0000000705c00000|  0%| F|  |TAMS 0x0000000705a00000, 0x0000000705a00000| Untracked 
|  31|0x0000000705c00000, 0x0000000705c00000, 0x0000000705e00000|  0%| F|  |TAMS 0x0000000705c00000, 0x0000000705c00000| Untracked 
|  32|0x0000000705e00000, 0x0000000705e00000, 0x0000000706000000|  0%| F|  |TAMS 0x0000000705e00000, 0x0000000705e00000| Untracked 
|  33|0x0000000706000000, 0x0000000706000000, 0x0000000706200000|  0%| F|  |TAMS 0x0000000706000000, 0x0000000706000000| Untracked 
|  34|0x0000000706200000, 0x0000000706200000, 0x0000000706400000|  0%| F|  |TAMS 0x0000000706200000, 0x0000000706200000| Untracked 
|  35|0x0000000706400000, 0x0000000706400000, 0x0000000706600000|  0%| F|  |TAMS 0x0000000706400000, 0x0000000706400000| Untracked 
|  36|0x0000000706600000, 0x0000000706600000, 0x0000000706800000|  0%| F|  |TAMS 0x0000000706600000, 0x0000000706600000| Untracked 
|  37|0x0000000706800000, 0x0000000706800000, 0x0000000706a00000|  0%| F|  |TAMS 0x0000000706800000, 0x0000000706800000| Untracked 
|  38|0x0000000706a00000, 0x0000000706a00000, 0x0000000706c00000|  0%| F|  |TAMS 0x0000000706a00000, 0x0000000706a00000| Untracked 
|  39|0x0000000706c00000, 0x0000000706c00000, 0x0000000706e00000|  0%| F|  |TAMS 0x0000000706c00000, 0x0000000706c00000| Untracked 
|  40|0x0000000706e00000, 0x0000000706e00000, 0x0000000707000000|  0%| F|  |TAMS 0x0000000706e00000, 0x0000000706e00000| Untracked 
|  41|0x0000000707000000, 0x0000000707000000, 0x0000000707200000|  0%| F|  |TAMS 0x0000000707000000, 0x0000000707000000| Untracked 
|  42|0x0000000707200000, 0x0000000707200000, 0x0000000707400000|  0%| F|  |TAMS 0x0000000707200000, 0x0000000707200000| Untracked 
|  43|0x0000000707400000, 0x0000000707400000, 0x0000000707600000|  0%| F|  |TAMS 0x0000000707400000, 0x0000000707400000| Untracked 
|  44|0x0000000707600000, 0x0000000707600000, 0x0000000707800000|  0%| F|  |TAMS 0x0000000707600000, 0x0000000707600000| Untracked 
|  45|0x0000000707800000, 0x0000000707800000, 0x0000000707a00000|  0%| F|  |TAMS 0x0000000707800000, 0x0000000707800000| Untracked 
|  46|0x0000000707a00000, 0x0000000707a00000, 0x0000000707c00000|  0%| F|  |TAMS 0x0000000707a00000, 0x0000000707a00000| Untracked 
|  47|0x0000000707c00000, 0x0000000707c00000, 0x0000000707e00000|  0%| F|  |TAMS 0x0000000707c00000, 0x0000000707c00000| Untracked 
|  48|0x0000000707e00000, 0x0000000707e00000, 0x0000000708000000|  0%| F|  |TAMS 0x0000000707e00000, 0x0000000707e00000| Untracked 
|  49|0x0000000708000000, 0x0000000708000000, 0x0000000708200000|  0%| F|  |TAMS 0x0000000708000000, 0x0000000708000000| Untracked 
|  50|0x0000000708200000, 0x0000000708200000, 0x0000000708400000|  0%| F|  |TAMS 0x0000000708200000, 0x0000000708200000| Untracked 
|  51|0x0000000708400000, 0x0000000708400000, 0x0000000708600000|  0%| F|  |TAMS 0x0000000708400000, 0x0000000708400000| Untracked 
|  52|0x0000000708600000, 0x0000000708600000, 0x0000000708800000|  0%| F|  |TAMS 0x0000000708600000, 0x0000000708600000| Untracked 
|  53|0x0000000708800000, 0x0000000708800000, 0x0000000708a00000|  0%| F|  |TAMS 0x0000000708800000, 0x0000000708800000| Untracked 
|  54|0x0000000708a00000, 0x0000000708a00000, 0x0000000708c00000|  0%| F|  |TAMS 0x0000000708a00000, 0x0000000708a00000| Untracked 
|  55|0x0000000708c00000, 0x0000000708c00000, 0x0000000708e00000|  0%| F|  |TAMS 0x0000000708c00000, 0x0000000708c00000| Untracked 
|  56|0x0000000708e00000, 0x0000000708e00000, 0x0000000709000000|  0%| F|  |TAMS 0x0000000708e00000, 0x0000000708e00000| Untracked 
|  57|0x0000000709000000, 0x0000000709000000, 0x0000000709200000|  0%| F|  |TAMS 0x0000000709000000, 0x0000000709000000| Untracked 
|  58|0x0000000709200000, 0x0000000709200000, 0x0000000709400000|  0%| F|  |TAMS 0x0000000709200000, 0x0000000709200000| Untracked 
|  59|0x0000000709400000, 0x0000000709400000, 0x0000000709600000|  0%| F|  |TAMS 0x0000000709400000, 0x0000000709400000| Untracked 
|  60|0x0000000709600000, 0x0000000709600000, 0x0000000709800000|  0%| F|  |TAMS 0x0000000709600000, 0x0000000709600000| Untracked 
|  61|0x0000000709800000, 0x0000000709800000, 0x0000000709a00000|  0%| F|  |TAMS 0x0000000709800000, 0x0000000709800000| Untracked 
|  62|0x0000000709a00000, 0x0000000709a00000, 0x0000000709c00000|  0%| F|  |TAMS 0x0000000709a00000, 0x0000000709a00000| Untracked 
|  63|0x0000000709c00000, 0x0000000709c00000, 0x0000000709e00000|  0%| F|  |TAMS 0x0000000709c00000, 0x0000000709c00000| Untracked 
|  64|0x0000000709e00000, 0x0000000709e00000, 0x000000070a000000|  0%| F|  |TAMS 0x0000000709e00000, 0x0000000709e00000| Untracked 
|  65|0x000000070a000000, 0x000000070a000000, 0x000000070a200000|  0%| F|  |TAMS 0x000000070a000000, 0x000000070a000000| Untracked 
|  66|0x000000070a200000, 0x000000070a200000, 0x000000070a400000|  0%| F|  |TAMS 0x000000070a200000, 0x000000070a200000| Untracked 
|  67|0x000000070a400000, 0x000000070a400000, 0x000000070a600000|  0%| F|  |TAMS 0x000000070a400000, 0x000000070a400000| Untracked 
|  68|0x000000070a600000, 0x000000070a600000, 0x000000070a800000|  0%| F|  |TAMS 0x000000070a600000, 0x000000070a600000| Untracked 
|  69|0x000000070a800000, 0x000000070a800000, 0x000000070aa00000|  0%| F|  |TAMS 0x000000070a800000, 0x000000070a800000| Untracked 
|  70|0x000000070aa00000, 0x000000070aa00000, 0x000000070ac00000|  0%| F|  |TAMS 0x000000070aa00000, 0x000000070aa00000| Untracked 
|  71|0x000000070ac00000, 0x000000070ac00000, 0x000000070ae00000|  0%| F|  |TAMS 0x000000070ac00000, 0x000000070ac00000| Untracked 
|  72|0x000000070ae00000, 0x000000070ae00000, 0x000000070b000000|  0%| F|  |TAMS 0x000000070ae00000, 0x000000070ae00000| Untracked 
|  73|0x000000070b000000, 0x000000070b000000, 0x000000070b200000|  0%| F|  |TAMS 0x000000070b000000, 0x000000070b000000| Untracked 
|  74|0x000000070b200000, 0x000000070b200000, 0x000000070b400000|  0%| F|  |TAMS 0x000000070b200000, 0x000000070b200000| Untracked 
|  75|0x000000070b400000, 0x000000070b400000, 0x000000070b600000|  0%| F|  |TAMS 0x000000070b400000, 0x000000070b400000| Untracked 
|  76|0x000000070b600000, 0x000000070b600000, 0x000000070b800000|  0%| F|  |TAMS 0x000000070b600000, 0x000000070b600000| Untracked 
|  77|0x000000070b800000, 0x000000070b800000, 0x000000070ba00000|  0%| F|  |TAMS 0x000000070b800000, 0x000000070b800000| Untracked 
|  78|0x000000070ba00000, 0x000000070ba00000, 0x000000070bc00000|  0%| F|  |TAMS 0x000000070ba00000, 0x000000070ba00000| Untracked 
|  79|0x000000070bc00000, 0x000000070bc00000, 0x000000070be00000|  0%| F|  |TAMS 0x000000070bc00000, 0x000000070bc00000| Untracked 
|  80|0x000000070be00000, 0x000000070be00000, 0x000000070c000000|  0%| F|  |TAMS 0x000000070be00000, 0x000000070be00000| Untracked 
|  81|0x000000070c000000, 0x000000070c000000, 0x000000070c200000|  0%| F|  |TAMS 0x000000070c000000, 0x000000070c000000| Untracked 
|  82|0x000000070c200000, 0x000000070c200000, 0x000000070c400000|  0%| F|  |TAMS 0x000000070c200000, 0x000000070c200000| Untracked 
|  83|0x000000070c400000, 0x000000070c400000, 0x000000070c600000|  0%| F|  |TAMS 0x000000070c400000, 0x000000070c400000| Untracked 
|  84|0x000000070c600000, 0x000000070c600000, 0x000000070c800000|  0%| F|  |TAMS 0x000000070c600000, 0x000000070c600000| Untracked 
|  85|0x000000070c800000, 0x000000070c800000, 0x000000070ca00000|  0%| F|  |TAMS 0x000000070c800000, 0x000000070c800000| Untracked 
|  86|0x000000070ca00000, 0x000000070ca00000, 0x000000070cc00000|  0%| F|  |TAMS 0x000000070ca00000, 0x000000070ca00000| Untracked 
|  87|0x000000070cc00000, 0x000000070cc00000, 0x000000070ce00000|  0%| F|  |TAMS 0x000000070cc00000, 0x000000070cc00000| Untracked 
|  88|0x000000070ce00000, 0x000000070ce00000, 0x000000070d000000|  0%| F|  |TAMS 0x000000070ce00000, 0x000000070ce00000| Untracked 
|  89|0x000000070d000000, 0x000000070d000000, 0x000000070d200000|  0%| F|  |TAMS 0x000000070d000000, 0x000000070d000000| Untracked 
|  90|0x000000070d200000, 0x000000070d200000, 0x000000070d400000|  0%| F|  |TAMS 0x000000070d200000, 0x000000070d200000| Untracked 
|  91|0x000000070d400000, 0x000000070d400000, 0x000000070d600000|  0%| F|  |TAMS 0x000000070d400000, 0x000000070d400000| Untracked 
|  92|0x000000070d600000, 0x000000070d600000, 0x000000070d800000|  0%| F|  |TAMS 0x000000070d600000, 0x000000070d600000| Untracked 
|  93|0x000000070d800000, 0x000000070d800000, 0x000000070da00000|  0%| F|  |TAMS 0x000000070d800000, 0x000000070d800000| Untracked 
|  94|0x000000070da00000, 0x000000070da00000, 0x000000070dc00000|  0%| F|  |TAMS 0x000000070da00000, 0x000000070da00000| Untracked 
|  95|0x000000070dc00000, 0x000000070dc00000, 0x000000070de00000|  0%| F|  |TAMS 0x000000070dc00000, 0x000000070dc00000| Untracked 
|  96|0x000000070de00000, 0x000000070de00000, 0x000000070e000000|  0%| F|  |TAMS 0x000000070de00000, 0x000000070de00000| Untracked 
|  97|0x000000070e000000, 0x000000070e000000, 0x000000070e200000|  0%| F|  |TAMS 0x000000070e000000, 0x000000070e000000| Untracked 
|  98|0x000000070e200000, 0x000000070e200000, 0x000000070e400000|  0%| F|  |TAMS 0x000000070e200000, 0x000000070e200000| Untracked 
|  99|0x000000070e400000, 0x000000070e400000, 0x000000070e600000|  0%| F|  |TAMS 0x000000070e400000, 0x000000070e400000| Untracked 
| 100|0x000000070e600000, 0x000000070e600000, 0x000000070e800000|  0%| F|  |TAMS 0x000000070e600000, 0x000000070e600000| Untracked 
| 101|0x000000070e800000, 0x000000070e800000, 0x000000070ea00000|  0%| F|  |TAMS 0x000000070e800000, 0x000000070e800000| Untracked 
| 102|0x000000070ea00000, 0x000000070ea00000, 0x000000070ec00000|  0%| F|  |TAMS 0x000000070ea00000, 0x000000070ea00000| Untracked 
| 103|0x000000070ec00000, 0x000000070ec00000, 0x000000070ee00000|  0%| F|  |TAMS 0x000000070ec00000, 0x000000070ec00000| Untracked 
| 104|0x000000070ee00000, 0x000000070ee00000, 0x000000070f000000|  0%| F|  |TAMS 0x000000070ee00000, 0x000000070ee00000| Untracked 
| 105|0x000000070f000000, 0x000000070f000000, 0x000000070f200000|  0%| F|  |TAMS 0x000000070f000000, 0x000000070f000000| Untracked 
| 106|0x000000070f200000, 0x000000070f200000, 0x000000070f400000|  0%| F|  |TAMS 0x000000070f200000, 0x000000070f200000| Untracked 
| 107|0x000000070f400000, 0x000000070f400000, 0x000000070f600000|  0%| F|  |TAMS 0x000000070f400000, 0x000000070f400000| Untracked 
| 108|0x000000070f600000, 0x000000070f600000, 0x000000070f800000|  0%| F|  |TAMS 0x000000070f600000, 0x000000070f600000| Untracked 
| 109|0x000000070f800000, 0x000000070f800000, 0x000000070fa00000|  0%| F|  |TAMS 0x000000070f800000, 0x000000070f800000| Untracked 
| 110|0x000000070fa00000, 0x000000070fa00000, 0x000000070fc00000|  0%| F|  |TAMS 0x000000070fa00000, 0x000000070fa00000| Untracked 
| 111|0x000000070fc00000, 0x000000070fc00000, 0x000000070fe00000|  0%| F|  |TAMS 0x000000070fc00000, 0x000000070fc00000| Untracked 
| 112|0x000000070fe00000, 0x000000070fee2260, 0x0000000710000000| 44%| S|CS|TAMS 0x000000070fe00000, 0x000000070fe00000| Complete 
| 113|0x0000000710000000, 0x0000000710000000, 0x0000000710200000|  0%| F|  |TAMS 0x0000000710000000, 0x0000000710000000| Untracked 
| 114|0x0000000710200000, 0x0000000710200000, 0x0000000710400000|  0%| F|  |TAMS 0x0000000710200000, 0x0000000710200000| Untracked 
| 115|0x0000000710400000, 0x0000000710400000, 0x0000000710600000|  0%| F|  |TAMS 0x0000000710400000, 0x0000000710400000| Untracked 
| 116|0x0000000710600000, 0x0000000710600000, 0x0000000710800000|  0%| F|  |TAMS 0x0000000710600000, 0x0000000710600000| Untracked 
| 117|0x0000000710800000, 0x0000000710800000, 0x0000000710a00000|  0%| F|  |TAMS 0x0000000710800000, 0x0000000710800000| Untracked 
| 118|0x0000000710a00000, 0x0000000710a00000, 0x0000000710c00000|  0%| F|  |TAMS 0x0000000710a00000, 0x0000000710a00000| Untracked 
| 119|0x0000000710c00000, 0x0000000710d032c8, 0x0000000710e00000| 50%| E|  |TAMS 0x0000000710c00000, 0x0000000710c00000| Complete 
| 120|0x0000000710e00000, 0x0000000711000000, 0x0000000711000000|100%| E|CS|TAMS 0x0000000710e00000, 0x0000000710e00000| Complete 
| 121|0x0000000711000000, 0x0000000711200000, 0x0000000711200000|100%| E|CS|TAMS 0x0000000711000000, 0x0000000711000000| Complete 
| 122|0x0000000711200000, 0x0000000711400000, 0x0000000711400000|100%| E|CS|TAMS 0x0000000711200000, 0x0000000711200000| Complete 
| 123|0x0000000711400000, 0x0000000711600000, 0x0000000711600000|100%| E|CS|TAMS 0x0000000711400000, 0x0000000711400000| Complete 
| 124|0x0000000711600000, 0x0000000711800000, 0x0000000711800000|100%| E|CS|TAMS 0x0000000711600000, 0x0000000711600000| Complete 
| 125|0x0000000711800000, 0x0000000711a00000, 0x0000000711a00000|100%| E|CS|TAMS 0x0000000711800000, 0x0000000711800000| Complete 
| 126|0x0000000711a00000, 0x0000000711c00000, 0x0000000711c00000|100%| E|CS|TAMS 0x0000000711a00000, 0x0000000711a00000| Complete 
| 127|0x0000000711c00000, 0x0000000711e00000, 0x0000000711e00000|100%| E|CS|TAMS 0x0000000711c00000, 0x0000000711c00000| Complete 

Card table byte_map: [0x0000017b2f450000,0x0000017b2fc50000] _byte_map_base: 0x0000017b2bc41000

Marking Bits (Prev, Next): (CMBitMap*) 0x0000017b241188f0, (CMBitMap*) 0x0000017b24118930
 Prev Bits: [0x0000017b30450000, 0x0000017b343d8000)
 Next Bits: [0x0000017b343e0000, 0x0000017b38368000)

Polling page: 0x0000017b22090000

Metaspace:

Usage:
  Non-class:      9.04 MB used.
      Class:      1.28 MB used.
       Both:     10.32 MB used.

Virtual space:
  Non-class space:       16.00 MB reserved,       9.12 MB ( 57%) committed,  2 nodes.
      Class space:        1.00 GB reserved,       1.38 MB ( <1%) committed,  1 nodes.
             Both:        1.02 GB reserved,      10.50 MB (  1%) committed. 

Chunk freelists:
   Non-Class:  2.53 MB
       Class:  2.48 MB
        Both:  5.01 MB

MaxMetaspaceSize: unlimited
CompressedClassSpaceSize: 1.00 GB
Initial GC threshold: 21.00 MB
Current GC threshold: 21.00 MB
CDS: on
MetaspaceReclaimPolicy: balanced
 - commit_granule_bytes: 65536.
 - commit_granule_words: 8192.
 - virtual_space_node_default_size: 1048576.
 - enlarge_chunks_in_place: 1.
 - new_chunks_are_fully_committed: 0.
 - uncommit_free_chunks: 1.
 - use_allocation_guard: 0.
 - handle_deallocations: 1.


Internal statistics:

num_allocs_failed_limit: 0.
num_arena_births: 138.
num_arena_deaths: 0.
num_vsnodes_births: 3.
num_vsnodes_deaths: 0.
num_space_committed: 168.
num_space_uncommitted: 0.
num_chunks_returned_to_freelist: 0.
num_chunks_taken_from_freelist: 339.
num_chunk_merges: 0.
num_chunk_splits: 224.
num_chunks_enlarged: 162.
num_purges: 0.
num_inconsistent_stats: 0.

CodeCache: size=49152Kb used=4546Kb max_used=4546Kb free=44605Kb
 bounds [0x0000017b2b920000, 0x0000017b2bda0000, 0x0000017b2e920000]
 total_blobs=2188 nmethods=1724 adapters=391
 compilation: enabled
              stopped_count=0, restarted_count=0
 full_count=0

Compilation events (20 events):
Event: 33.238 Thread 0x0000017b3bc0d530 1713       1       sun.invoke.util.VerifyAccess::isTypeVisible (47 bytes)
Event: 33.238 Thread 0x0000017b3bc0d530 nmethod 1713 0x0000017b2bd8cc90 code [0x0000017b2bd8ce40, 0x0000017b2bd8d038]
Event: 33.244 Thread 0x0000017b3bc0d530 1716       1       jdk.internal.org.objectweb.asm.ClassWriter::<init> (7 bytes)
Event: 33.244 Thread 0x0000017b3bcf4c50 1717       1       jdk.internal.org.objectweb.asm.ClassWriter::<init> (68 bytes)
Event: 33.245 Thread 0x0000017b3bc0d530 nmethod 1716 0x0000017b2bd8d810 code [0x0000017b2bd8d9a0, 0x0000017b2bd8daa8]
Event: 33.245 Thread 0x0000017b3bcf4c50 nmethod 1717 0x0000017b2bd8db10 code [0x0000017b2bd8dcc0, 0x0000017b2bd8dfc8]
Event: 33.245 Thread 0x0000017b3bcf4c50 1718       1       jdk.internal.org.objectweb.asm.ClassVisitor::<init> (7 bytes)
Event: 33.245 Thread 0x0000017b3bc0d530 1719       1       jdk.internal.org.objectweb.asm.ClassVisitor::<init> (88 bytes)
Event: 33.245 Thread 0x0000017b3bcf4c50 nmethod 1718 0x0000017b2bd8e110 code [0x0000017b2bd8e2a0, 0x0000017b2bd8e3a8]
Event: 33.245 Thread 0x0000017b3bcf4c50 1720       1       jdk.internal.org.objectweb.asm.SymbolTable::<init> (41 bytes)
Event: 33.245 Thread 0x0000017b3bcf4c50 nmethod 1720 0x0000017b2bd8e410 code [0x0000017b2bd8e5c0, 0x0000017b2bd8e9f8]
Event: 33.246 Thread 0x0000017b3bc0d530 nmethod 1719 0x0000017b2bd8eb10 code [0x0000017b2bd8ed00, 0x0000017b2bd8f208]
Event: 33.248 Thread 0x0000017b3bc0d530 1721       1       java.lang.Module::implIsExportedOrOpen (92 bytes)
Event: 33.249 Thread 0x0000017b3bc0d530 nmethod 1721 0x0000017b2bd8f410 code [0x0000017b2bd8f600, 0x0000017b2bd8f918]
Event: 33.251 Thread 0x0000017b3bc0d530 1722       1       java.util.concurrent.CopyOnWriteArrayList$COWIterator::hasNext (18 bytes)
Event: 33.252 Thread 0x0000017b3bc0d530 nmethod 1722 0x0000017b2bd8fa90 code [0x0000017b2bd8fc20, 0x0000017b2bd8fd18]
Event: 33.258 Thread 0x0000017b3bc0d530 1723       1       java.lang.invoke.MethodHandle::internalForm (5 bytes)
Event: 33.258 Thread 0x0000017b3bc0d530 nmethod 1723 0x0000017b2bd8fd90 code [0x0000017b2bd8ff20, 0x0000017b2bd8fff8]
Event: 33.258 Thread 0x0000017b3bc0d530 1724       1       sun.invoke.util.BytecodeDescriptor::unparseMethod (66 bytes)
Event: 33.259 Thread 0x0000017b3bc0d530 nmethod 1724 0x0000017b2bd90090 code [0x0000017b2bd90280, 0x0000017b2bd90668]

GC Heap History (4 events):
Event: 29.880 GC heap before
{Heap before GC invocations=0 (full 0):
 garbage-first heap   total 262144K, used 22528K [0x0000000701e00000, 0x0000000800000000)
  region size 2048K, 11 young (22528K), 0 survivors (0K)
 Metaspace       used 6392K, committed 6528K, reserved 1056768K
  class space    used 730K, committed 768K, reserved 1048576K
}
Event: 30.141 GC heap after
{Heap after GC invocations=1 (full 0):
 garbage-first heap   total 262144K, used 5768K [0x0000000701e00000, 0x0000000800000000)
  region size 2048K, 2 young (4096K), 2 survivors (4096K)
 Metaspace       used 6392K, committed 6528K, reserved 1056768K
  class space    used 730K, committed 768K, reserved 1048576K
}
Event: 31.946 GC heap before
{Heap before GC invocations=1 (full 0):
 garbage-first heap   total 262144K, used 32392K [0x0000000701e00000, 0x0000000800000000)
  region size 2048K, 15 young (30720K), 2 survivors (4096K)
 Metaspace       used 9065K, committed 9280K, reserved 1064960K
  class space    used 1086K, committed 1216K, reserved 1048576K
}
Event: 31.952 GC heap after
{Heap after GC invocations=2 (full 0):
 garbage-first heap   total 262144K, used 6690K [0x0000000701e00000, 0x0000000800000000)
  region size 2048K, 1 young (2048K), 1 survivors (2048K)
 Metaspace       used 9065K, committed 9280K, reserved 1064960K
  class space    used 1086K, committed 1216K, reserved 1048576K
}

Deoptimization events (20 events):
Event: 32.028 Thread 0x0000017b3c9a2910 DEOPT PACKING pc=0x0000017b2bb8aa5c sp=0x0000005aed6fd9d0
Event: 32.028 Thread 0x0000017b3c9a2910 DEOPT UNPACKING pc=0x0000017b2b972b43 sp=0x0000005aed6fcec0 mode 1
Event: 32.028 Thread 0x0000017b3c9a2910 DEOPT PACKING pc=0x0000017b2bc7b064 sp=0x0000005aed6fcf70
Event: 32.028 Thread 0x0000017b3c9a2910 DEOPT UNPACKING pc=0x0000017b2b972b43 sp=0x0000005aed6fc408 mode 1
Event: 32.028 Thread 0x0000017b3c9a2910 DEOPT PACKING pc=0x0000017b2bc867fc sp=0x0000005aed6fd040
Event: 32.028 Thread 0x0000017b3c9a2910 DEOPT UNPACKING pc=0x0000017b2b972b43 sp=0x0000005aed6fc4f8 mode 1
Event: 32.028 Thread 0x0000017b3c9a2910 DEOPT PACKING pc=0x0000017b2bb8aa5c sp=0x0000005aed6fd9d0
Event: 32.028 Thread 0x0000017b3c9a2910 DEOPT UNPACKING pc=0x0000017b2b972b43 sp=0x0000005aed6fcec0 mode 1
Event: 32.028 Thread 0x0000017b3c9a2910 DEOPT PACKING pc=0x0000017b2bc7b064 sp=0x0000005aed6fcf70
Event: 32.028 Thread 0x0000017b3c9a2910 DEOPT UNPACKING pc=0x0000017b2b972b43 sp=0x0000005aed6fc408 mode 1
Event: 32.028 Thread 0x0000017b3c9a2910 DEOPT PACKING pc=0x0000017b2bc867fc sp=0x0000005aed6fd040
Event: 32.028 Thread 0x0000017b3c9a2910 DEOPT UNPACKING pc=0x0000017b2b972b43 sp=0x0000005aed6fc4f8 mode 1
Event: 32.028 Thread 0x0000017b3c9a2910 DEOPT PACKING pc=0x0000017b2bb8aa5c sp=0x0000005aed6fd9d0
Event: 32.028 Thread 0x0000017b3c9a2910 DEOPT UNPACKING pc=0x0000017b2b972b43 sp=0x0000005aed6fcec0 mode 1
Event: 32.028 Thread 0x0000017b3c9a2910 DEOPT PACKING pc=0x0000017b2bc7b064 sp=0x0000005aed6fcf70
Event: 32.028 Thread 0x0000017b3c9a2910 DEOPT UNPACKING pc=0x0000017b2b972b43 sp=0x0000005aed6fc408 mode 1
Event: 32.028 Thread 0x0000017b3c9a2910 DEOPT PACKING pc=0x0000017b2bc867fc sp=0x0000005aed6fd040
Event: 32.028 Thread 0x0000017b3c9a2910 DEOPT UNPACKING pc=0x0000017b2b972b43 sp=0x0000005aed6fc4f8 mode 1
Event: 32.029 Thread 0x0000017b3c9a2910 DEOPT PACKING pc=0x0000017b2bb8aa5c sp=0x0000005aed6fd9d0
Event: 32.029 Thread 0x0000017b3c9a2910 DEOPT UNPACKING pc=0x0000017b2b972b43 sp=0x0000005aed6fcec0 mode 1

Classes unloaded (0 events):
No events

Classes redefined (0 events):
No events

Internal exceptions (20 events):
Event: 29.609 Thread 0x0000017b240ac260 Exception <a 'java/lang/NoSuchMethodError'{0x0000000710fdca88}: 'java.lang.Object java.lang.invoke.DirectMethodHandle$Holder.invokeStaticInit(java.lang.Object, java.lang.Object, int, int, int, int)'> (0x0000000710fdca88) 
thrown [s\open\src\hotspot\share\interpreter\linkResolver.cpp, line 759]
Event: 29.621 Thread 0x0000017b240ac260 Exception <a 'java/lang/ClassNotFoundException'{0x0000000710c150a8}: javax/management/remote/rmi/RMIServerImpl_Skel> (0x0000000710c150a8) 
thrown [s\open\src\hotspot\share\classfile\systemDictionary.cpp, line 256]
Event: 29.744 Thread 0x0000017b240ac260 Exception <a 'java/lang/ClassNotFoundException'{0x0000000710a821c0}: jdk/internal/agent/resources/spi/agentProvider> (0x0000000710a821c0) 
thrown [s\open\src\hotspot\share\classfile\systemDictionary.cpp, line 256]
Event: 30.202 Thread 0x0000017b240ac260 Exception <a 'java/lang/ClassNotFoundException'{0x0000000711a5ba48}: javax/smartcardio/CardPermission> (0x0000000711a5ba48) 
thrown [s\open\src\hotspot\share\classfile\systemDictionary.cpp, line 256]
Event: 30.207 Thread 0x0000017b240ac260 Exception <a 'java/io/FileNotFoundException'{0x0000000711a6ba68}> (0x0000000711a6ba68) 
thrown [s\open\src\hotspot\share\prims\jni.cpp, line 516]
Event: 30.352 Thread 0x0000017b240ac260 Exception <a 'java/lang/NoSuchMethodError'{0x0000000711764d58}: 'java.lang.Object java.lang.invoke.DirectMethodHandle$Holder.invokeSpecialIFC(java.lang.Object, java.lang.Object, java.lang.Object, java.lang.Object)'> (0x0000000711764d58) 
thrown [s\open\src\hotspot\share\interpreter\linkResolver.cpp, line 759]
Event: 30.385 Thread 0x0000017b240ac260 Exception <a 'java/lang/NoSuchMethodError'{0x00000007114fb048}: 'int java.lang.invoke.DirectMethodHandle$Holder.invokeStaticInit(java.lang.Object, java.lang.Object)'> (0x00000007114fb048) 
thrown [s\open\src\hotspot\share\interpreter\linkResolver.cpp, line 759]
Event: 31.165 Thread 0x0000017b240ac260 Exception <a 'java/lang/NoSuchMethodError'{0x00000007111c3a30}: 'int java.lang.invoke.DirectMethodHandle$Holder.invokeStaticInit(java.lang.Object, java.lang.Object, java.lang.Object)'> (0x00000007111c3a30) 
thrown [s\open\src\hotspot\share\interpreter\linkResolver.cpp, line 759]
Event: 31.193 Thread 0x0000017b240ac260 Exception <a 'java/lang/NoSuchMethodError'{0x0000000710e8a1e0}: 'java.lang.Object java.lang.invoke.DirectMethodHandle$Holder.newInvokeSpecial(java.lang.Object, java.lang.Object, java.lang.Object, java.lang.Object, java.lang.Object)'> (0x0000000710e8a1e0) 
thrown [s\open\src\hotspot\share\interpreter\linkResolver.cpp, line 759]
Event: 31.203 Thread 0x0000017b240ac260 Exception <a 'java/lang/NoSuchMethodError'{0x0000000710f49d08}: 'java.lang.Object java.lang.invoke.DirectMethodHandle$Holder.invokeStaticInit(java.lang.Object, java.lang.Object, java.lang.Object)'> (0x0000000710f49d08) 
thrown [s\open\src\hotspot\share\interpreter\linkResolver.cpp, line 759]
Event: 31.580 Thread 0x0000017b3c913720 Exception <a 'java/lang/NoSuchMethodError'{0x000000071023ff48}: 'org.slf4j.impl.StaticMDCBinder org.slf4j.impl.StaticMDCBinder.getSingleton()'> (0x000000071023ff48) 
thrown [s\open\src\hotspot\share\interpreter\linkResolver.cpp, line 759]
Event: 31.914 Thread 0x0000017b3c9a2910 Exception <a 'java/lang/NoSuchMethodError'{0x00000007100c2b90}: 'java.lang.Object java.lang.invoke.DirectMethodHandle$Holder.invokeInterface(java.lang.Object, java.lang.Object, java.lang.Object)'> (0x00000007100c2b90) 
thrown [s\open\src\hotspot\share\interpreter\linkResolver.cpp, line 759]
Event: 31.915 Thread 0x0000017b3c9a2910 Exception <a 'java/lang/IncompatibleClassChangeError'{0x00000007100c5fb0}: Found class java.lang.Object, but interface was expected> (0x00000007100c5fb0) 
thrown [s\open\src\hotspot\share\interpreter\linkResolver.cpp, line 826]
Event: 31.954 Thread 0x0000017b3c9a2910 Exception <a 'sun/nio/fs/WindowsException'{0x0000000711c049f8}> (0x0000000711c049f8) 
thrown [s\open\src\hotspot\share\prims\jni.cpp, line 516]
Event: 32.230 Thread 0x0000017b3c9a2910 Exception <a 'java/lang/NoSuchMethodError'{0x0000000711484938}: 'void java.lang.invoke.DirectMethodHandle$Holder.invokeStatic(java.lang.Object, java.lang.Object, java.lang.Object, java.lang.Object)'> (0x0000000711484938) 
thrown [s\open\src\hotspot\share\interpreter\linkResolver.cpp, line 759]
Event: 32.234 Thread 0x0000017b3c9a2910 Exception <a 'java/lang/NoSuchMethodError'{0x00000007114cb320}: 'java.lang.Object java.lang.invoke.Invokers$Holder.invokeExact_MT(java.lang.Object, java.lang.Object, java.lang.Object, java.lang.Object, java.lang.Object, java.lang.Object)'> (0x00000007114cb320) 
thrown [s\open\src\hotspot\share\interpreter\linkResolver.cpp, line 759]
Event: 32.443 Thread 0x0000017b3c9a2910 Exception <a 'java/lang/NoSuchMethodError'{0x00000007114d9368}: 'void java.lang.invoke.DirectMethodHandle$Holder.invokeStaticInit(java.lang.Object, java.lang.Object, java.lang.Object, java.lang.Object)'> (0x00000007114d9368) 
thrown [s\open\src\hotspot\share\interpreter\linkResolver.cpp, line 759]
Event: 32.482 Thread 0x0000017b3c9a2910 Exception <a 'java/lang/IncompatibleClassChangeError'{0x00000007114f4778}: Found class java.lang.Object, but interface was expected> (0x00000007114f4778) 
thrown [s\open\src\hotspot\share\interpreter\linkResolver.cpp, line 826]
Event: 33.164 Thread 0x0000017b3c9a2910 Exception <a 'java/lang/NoSuchMethodError'{0x000000071139d6a0}: 'int java.lang.invoke.DirectMethodHandle$Holder.invokeSpecial(java.lang.Object, java.lang.Object, java.lang.Object, java.lang.Object)'> (0x000000071139d6a0) 
thrown [s\open\src\hotspot\share\interpreter\linkResolver.cpp, line 759]
Event: 33.239 Thread 0x0000017b3c9a2910 Exception <a 'java/lang/NoSuchMethodError'{0x0000000710f70058}: 'java.lang.Object java.lang.invoke.DirectMethodHandle$Holder.newInvokeSpecial(java.lang.Object, java.lang.Object, java.lang.Object, java.lang.Object, java.lang.Object, java.lang.Object)'> (0x0000000710f70058) 
thrown [s\open\src\hotspot\share\interpreter\linkResolver.cpp, line 759]

VM Operations (20 events):
Event: 27.741 Executing VM operation: HandshakeAllThreads
Event: 27.741 Executing VM operation: HandshakeAllThreads done
Event: 28.066 Executing VM operation: HandshakeAllThreads
Event: 28.066 Executing VM operation: HandshakeAllThreads done
Event: 29.078 Executing VM operation: Cleanup
Event: 29.078 Executing VM operation: Cleanup done
Event: 29.880 Executing VM operation: G1CollectForAllocation
Event: 30.141 Executing VM operation: G1CollectForAllocation done
Event: 30.335 Executing VM operation: HandshakeAllThreads
Event: 30.335 Executing VM operation: HandshakeAllThreads done
Event: 31.350 Executing VM operation: Cleanup
Event: 31.350 Executing VM operation: Cleanup done
Event: 31.946 Executing VM operation: G1CollectForAllocation
Event: 31.952 Executing VM operation: G1CollectForAllocation done
Event: 31.954 Executing VM operation: Cleanup
Event: 31.954 Executing VM operation: Cleanup done
Event: 31.963 Executing VM operation: HandshakeAllThreads
Event: 31.963 Executing VM operation: HandshakeAllThreads done
Event: 32.968 Executing VM operation: Cleanup
Event: 32.968 Executing VM operation: Cleanup done

Events (20 events):
Event: 33.094 loading class java/util/ConcurrentModificationException
Event: 33.144 loading class java/util/ConcurrentModificationException done
Event: 33.166 loading class java/lang/ProcessEnvironment$CheckedKeySet
Event: 33.166 loading class java/lang/ProcessEnvironment$CheckedKeySet done
Event: 33.167 loading class java/util/stream/MatchOps$MatchKind
Event: 33.167 loading class java/util/stream/MatchOps$MatchKind done
Event: 33.167 loading class java/util/stream/MatchOps
Event: 33.167 loading class java/util/stream/MatchOps done
Event: 33.167 loading class java/util/stream/MatchOps$MatchOp
Event: 33.167 loading class java/util/stream/MatchOps$MatchOp done
Event: 33.167 loading class java/util/stream/MatchOps$BooleanTerminalSink
Event: 33.167 loading class java/util/stream/MatchOps$BooleanTerminalSink done
Event: 33.170 loading class java/util/stream/MatchOps$2MatchSink
Event: 33.170 loading class java/util/stream/MatchOps$2MatchSink done
Event: 33.203 loading class java/beans/PropertyEditorSupport
Event: 33.203 loading class java/beans/PropertyEditor
Event: 33.203 loading class java/beans/PropertyEditor done
Event: 33.203 loading class java/beans/PropertyEditorSupport done
Event: 33.251 loading class java/util/regex/Pattern$Neg
Event: 33.251 loading class java/util/regex/Pattern$Neg done


Dynamic libraries:
0x00007ff6a55e0000 - 0x00007ff6a55f0000 	C:\Java\jdk-17\bin\javaw.exe
0x00007ff92d190000 - 0x00007ff92d3a4000 	C:\WINDOWS\SYSTEM32\ntdll.dll
0x00007ff92b040000 - 0x00007ff92b104000 	C:\WINDOWS\System32\KERNEL32.DLL
0x00007ff92a600000 - 0x00007ff92a9a4000 	C:\WINDOWS\System32\KERNELBASE.dll
0x00007ff92ac40000 - 0x00007ff92ad51000 	C:\WINDOWS\System32\ucrtbase.dll
0x00007ff9185c0000 - 0x00007ff9185d8000 	C:\Java\jdk-17\bin\jli.dll
0x00007ff92b140000 - 0x00007ff92b1f0000 	C:\WINDOWS\System32\ADVAPI32.dll
0x00007ff9185e0000 - 0x00007ff9185fb000 	C:\Java\jdk-17\bin\VCRUNTIME140.dll
0x00007ff92b5b0000 - 0x00007ff92b657000 	C:\WINDOWS\System32\msvcrt.dll
0x00007ff92c100000 - 0x00007ff92c1a6000 	C:\WINDOWS\System32\sechost.dll
0x00007ff92af20000 - 0x00007ff92b037000 	C:\WINDOWS\System32\RPCRT4.dll
0x00007ff92c970000 - 0x00007ff92cb1a000 	C:\WINDOWS\System32\USER32.dll
0x00007ff92aa30000 - 0x00007ff92aa56000 	C:\WINDOWS\System32\win32u.dll
0x00007ff92b110000 - 0x00007ff92b139000 	C:\WINDOWS\System32\GDI32.dll
0x00007ff92ae00000 - 0x00007ff92af19000 	C:\WINDOWS\System32\gdi32full.dll
0x00007ff9107f0000 - 0x00007ff910a7f000 	C:\WINDOWS\WinSxS\amd64_microsoft.windows.common-controls_6595b64144ccf1df_6.0.22621.2070_none_2713e6537381f706\COMCTL32.dll
0x00007ff92ad60000 - 0x00007ff92adfa000 	C:\WINDOWS\System32\msvcp_win.dll
0x00007ff920790000 - 0x00007ff92079a000 	C:\WINDOWS\SYSTEM32\VERSION.dll
0x00007ff92c040000 - 0x00007ff92c071000 	C:\WINDOWS\System32\IMM32.DLL
0x00007ff926b10000 - 0x00007ff926b1c000 	C:\Java\jdk-17\bin\vcruntime140_1.dll
0x00007ff9165d0000 - 0x00007ff91665e000 	C:\Java\jdk-17\bin\msvcp140.dll
0x00007ff8bb470000 - 0x00007ff8bc047000 	C:\Java\jdk-17\bin\server\jvm.dll
0x00007ff92c3c0000 - 0x00007ff92c3c8000 	C:\WINDOWS\System32\PSAPI.DLL
0x00007ff9043a0000 - 0x00007ff9043a9000 	C:\WINDOWS\SYSTEM32\WSOCK32.dll
0x00007ff92cb20000 - 0x00007ff92cb91000 	C:\WINDOWS\System32\WS2_32.dll
0x00007ff922150000 - 0x00007ff922184000 	C:\WINDOWS\SYSTEM32\WINMM.dll
0x00007ff9295e0000 - 0x00007ff9295f8000 	C:\WINDOWS\SYSTEM32\kernel.appcore.dll
0x00007ff925000000 - 0x00007ff92500a000 	C:\Java\jdk-17\bin\jimage.dll
0x00007ff927c80000 - 0x00007ff927eae000 	C:\WINDOWS\SYSTEM32\DBGHELP.DLL
0x00007ff92c590000 - 0x00007ff92c91a000 	C:\WINDOWS\System32\combase.dll
0x00007ff92b420000 - 0x00007ff92b4f7000 	C:\WINDOWS\System32\OLEAUT32.dll
0x00007ff916410000 - 0x00007ff916442000 	C:\WINDOWS\SYSTEM32\dbgcore.DLL
0x00007ff92a9b0000 - 0x00007ff92aa2a000 	C:\WINDOWS\System32\bcryptPrimitives.dll
0x00007ff8e8e50000 - 0x00007ff8e8e8b000 	C:\Java\jdk-17\bin\jdwp.dll
0x00007ff924fe0000 - 0x00007ff924fee000 	C:\Java\jdk-17\bin\instrument.dll
0x00007ff916e10000 - 0x00007ff916e35000 	C:\Java\jdk-17\bin\java.dll
0x00007ff90b630000 - 0x00007ff90b707000 	C:\Java\jdk-17\bin\jsvml.dll
0x00007ff92b660000 - 0x00007ff92be76000 	C:\WINDOWS\System32\SHELL32.dll
0x00007ff9284d0000 - 0x00007ff928dba000 	C:\WINDOWS\SYSTEM32\windows.storage.dll
0x00007ff928390000 - 0x00007ff9284ce000 	C:\WINDOWS\SYSTEM32\wintypes.dll
0x00007ff92c3e0000 - 0x00007ff92c4d3000 	C:\WINDOWS\System32\SHCORE.dll
0x00007ff92c1c0000 - 0x00007ff92c21e000 	C:\WINDOWS\System32\shlwapi.dll
0x00007ff92a470000 - 0x00007ff92a496000 	C:\WINDOWS\SYSTEM32\profapi.dll
0x00007ff917d10000 - 0x00007ff917d1c000 	C:\Java\jdk-17\bin\dt_socket.dll
0x00007ff9290d0000 - 0x00007ff9290fd000 	C:\WINDOWS\SYSTEM32\IPHLPAPI.DLL
0x00007ff929aa0000 - 0x00007ff929b09000 	C:\WINDOWS\system32\mswsock.dll
0x00007ff929100000 - 0x00007ff9291f3000 	C:\WINDOWS\SYSTEM32\DNSAPI.dll
0x00007ff92c1b0000 - 0x00007ff92c1b9000 	C:\WINDOWS\System32\NSI.dll
0x00007ff9209e0000 - 0x00007ff9209ea000 	C:\Windows\System32\rasadhlp.dll
0x00007ff921be0000 - 0x00007ff921c64000 	C:\WINDOWS\System32\fwpuclnt.dll
0x00007ff9165b0000 - 0x00007ff9165c8000 	C:\Java\jdk-17\bin\zip.dll
0x00007ff9185a0000 - 0x00007ff9185b9000 	C:\Java\jdk-17\bin\net.dll
0x00007ff922cb0000 - 0x00007ff922de7000 	C:\WINDOWS\SYSTEM32\WINHTTP.dll
0x00007ff9179a0000 - 0x00007ff9179b6000 	C:\Java\jdk-17\bin\nio.dll
0x00007ff917d20000 - 0x00007ff917d2a000 	C:\Java\jdk-17\bin\management.dll
0x00007ff9165a0000 - 0x00007ff9165ab000 	C:\Java\jdk-17\bin\management_ext.dll
0x00007ff8f85e0000 - 0x00007ff8f85f7000 	C:\WINDOWS\system32\napinsp.dll
0x00007ff8f85c0000 - 0x00007ff8f85db000 	C:\WINDOWS\system32\pnrpnsp.dll
0x00007ff8f84a0000 - 0x00007ff8f84b1000 	C:\WINDOWS\System32\winrnr.dll
0x00007ff921c70000 - 0x00007ff921c85000 	C:\WINDOWS\system32\wshbth.dll
0x00007ff8f8430000 - 0x00007ff8f8451000 	C:\WINDOWS\system32\nlansp_c.dll
0x00007ff929dc0000 - 0x00007ff929ddb000 	C:\WINDOWS\SYSTEM32\CRYPTSP.dll
0x00007ff9295a0000 - 0x00007ff9295d5000 	C:\WINDOWS\system32\rsaenh.dll
0x00007ff929b40000 - 0x00007ff929b6c000 	C:\WINDOWS\SYSTEM32\USERENV.dll
0x00007ff929ee0000 - 0x00007ff929f08000 	C:\WINDOWS\SYSTEM32\bcrypt.dll
0x00007ff929da0000 - 0x00007ff929dac000 	C:\WINDOWS\SYSTEM32\CRYPTBASE.dll
0x00007ff922b80000 - 0x00007ff922b99000 	C:\WINDOWS\SYSTEM32\dhcpcsvc6.DLL
0x00007ff922b60000 - 0x00007ff922b7f000 	C:\WINDOWS\SYSTEM32\dhcpcsvc.DLL
0x00007ff916590000 - 0x00007ff9165a0000 	C:\Java\jdk-17\bin\verify.dll

dbghelp: loaded successfully - version: 4.0.5 - missing functions: none
symbol engine: initialized successfully - sym options: 0x614 - pdb path: .;C:\Java\jdk-17\bin;C:\WINDOWS\SYSTEM32;C:\WINDOWS\WinSxS\amd64_microsoft.windows.common-controls_6595b64144ccf1df_6.0.22621.2070_none_2713e6537381f706;C:\Java\jdk-17\bin\server

VM Arguments:
jvm_args: -XX:+ShowCodeDetailsInExceptionMessages -agentlib:jdwp=transport=dt_socket,suspend=y,address=localhost:14840 -Dcom.sun.management.jmxremote -Dcom.sun.management.jmxremote.port=11950 -Dcom.sun.management.jmxremote.authenticate=false -Dcom.sun.management.jmxremote.ssl=false -Djava.rmi.server.hostname=localhost -Dspring.jmx.enabled=true -Dmanagement.endpoints.jmx.exposure.include=* -Dspring.application.admin.enabled=true -XX:TieredStopAtLevel=1 -Dspring.boot.project.name=projectCulture -javaagent:C:\springdeveloper\sts-4.19.1.RELEASE\configuration\org.eclipse.osgi\267\0\.cp\lib\javaagent-shaded.jar -Dfile.encoding=UTF-8 
java_command: com.spring.ProjectCultureApplication --spring.output.ansi.enabled=always
java_class_path (initial): C:\springdeveloper\springBootCoding\projectCulture\target\classes;C:\Users\wnslr\.m2\repository\org\springframework\boot\spring-boot-starter-jdbc\2.7.14\spring-boot-starter-jdbc-2.7.14.jar;C:\Users\wnslr\.m2\repository\org\springframework\boot\spring-boot-starter\2.7.14\spring-boot-starter-2.7.14.jar;C:\Users\wnslr\.m2\repository\org\springframework\boot\spring-boot-starter-logging\2.7.14\spring-boot-starter-logging-2.7.14.jar;C:\Users\wnslr\.m2\repository\ch\qos\logback\logback-classic\1.2.12\logback-classic-1.2.12.jar;C:\Users\wnslr\.m2\repository\ch\qos\logback\logback-core\1.2.12\logback-core-1.2.12.jar;C:\Users\wnslr\.m2\repository\org\apache\logging\log4j\log4j-to-slf4j\2.17.2\log4j-to-slf4j-2.17.2.jar;C:\Users\wnslr\.m2\repository\org\apache\logging\log4j\log4j-api\2.17.2\log4j-api-2.17.2.jar;C:\Users\wnslr\.m2\repository\org\slf4j\jul-to-slf4j\1.7.36\jul-to-slf4j-1.7.36.jar;C:\Users\wnslr\.m2\repository\jakarta\annotation\jakarta.annotation-api\1.3.5\jakarta.annotation-api-1.3.5.jar;C:\Users\wnslr\.m2\repository\org\yaml\snakeyaml\1.30\snakeyaml-1.30.jar;C:\Users\wnslr\.m2\repository\com\zaxxer\HikariCP\4.0.3\HikariCP-4.0.3.jar;C:\Users\wnslr\.m2\repository\org\springframework\spring-jdbc\5.3.29\spring-jdbc-5.3.29.jar;C:\Users\wnslr\.m2\repository\org\springframework\spring-beans\5.3.29\spring-beans-5.3.29.jar;C:\Users\wnslr\.m2\repository\org\springframework\spring-tx\5.3.29\spring-tx-5.3.29.jar;C:\Users\wnslr\.m2\repository\org\springframework\boot\spring-boot-starter-web\2.7.14\spring-boot-starter-web-2.7.14.jar;C:\Users\wnslr\.m2\repository\org\springframework\boot\spring-boot-starter-json\2.7.14\spring-boot-starter-json-2.7.14.jar;C:\Users\wnslr\.m2\repository\com\fasterxml\jackson\core\jackson-databind\2.13.5\jackson-databind-2.13.5.jar;C:\Users\wnslr\.m2\repository\com\fasterxml\jackson\core\jackson-annotations\2.13.5\jackson-annotations-2.13.5.jar;C:\Users\wnslr\.m2\repository\com\fasterxml\jackson\core\jackson-core\2.13.
Launcher Type: SUN_STANDARD

[Global flags]
     intx CICompilerCount                          = 4                                         {product} {ergonomic}
     uint ConcGCThreads                            = 3                                         {product} {ergonomic}
     uint G1ConcRefinementThreads                  = 10                                        {product} {ergonomic}
   size_t G1HeapRegionSize                         = 2097152                                   {product} {ergonomic}
    uintx GCDrainStackTargetSize                   = 64                                        {product} {ergonomic}
   size_t InitialHeapSize                          = 268435456                                 {product} {ergonomic}
     bool ManagementServer                         = true                                      {product} {command line}
   size_t MarkStackSize                            = 4194304                                   {product} {ergonomic}
   size_t MaxHeapSize                              = 4263510016                                {product} {ergonomic}
   size_t MaxNewSize                               = 2556428288                                {product} {ergonomic}
   size_t MinHeapDeltaBytes                        = 2097152                                   {product} {ergonomic}
   size_t MinHeapSize                              = 8388608                                   {product} {ergonomic}
    uintx NonProfiledCodeHeapSize                  = 0                                      {pd product} {ergonomic}
     bool ProfileInterpreter                       = false                                  {pd product} {command line}
    uintx ProfiledCodeHeapSize                     = 0                                      {pd product} {ergonomic}
     bool ShowCodeDetailsInExceptionMessages       = true                                   {manageable} {command line}
   size_t SoftMaxHeapSize                          = 4263510016                             {manageable} {ergonomic}
     intx TieredStopAtLevel                        = 1                                         {product} {command line}
     bool UseCompressedClassPointers               = true                           {product lp64_product} {ergonomic}
     bool UseCompressedOops                        = true                           {product lp64_product} {ergonomic}
     bool UseG1GC                                  = true                                      {product} {ergonomic}
     bool UseLargePagesIndividualAllocation        = false                                  {pd product} {ergonomic}

Logging:
Log output configuration:
 #0: stdout all=warning uptime,level,tags
 #1: stderr all=off uptime,level,tags

Environment Variables:
JAVA_HOME=C:\Java\jdk-17
CLASSPATH=%classpath%;.;.;.
PATH=C:/springdeveloper/sts-4.19.1.RELEASE//plugins/org.eclipse.justj.openjdk.hotspot.jre.full.win32.x86_64_17.0.7.v20230425-1502/jre/bin/server;C:/springdeveloper/sts-4.19.1.RELEASE//plugins/org.eclipse.justj.openjdk.hotspot.jre.full.win32.x86_64_17.0.7.v20230425-1502/jre/bin;C:\Program Files (x86)\Razer Chroma SDK\bin;C:\Program Files\Razer Chroma SDK\bin;C:\Program Files (x86)\Razer\ChromaBroadcast\bin;C:\Program Files\Razer\ChromaBroadcast\bin;C:\app\wnslr\product\18.0.0\dbhomeXE\bin;C:\Java\jdk-17\bin;C:\Program Files\Common Files\Oracle\Java\javapath;C:\Windows\system32;C:\Windows;C:\Windows\System32\Wbem;C:\Windows\System32\WindowsPowerShell\v1.0\;C:\Windows\System32\OpenSSH\;C:\Program Files (x86)\NVIDIA Corporation\PhysX\Common;C:\Program Files\NVIDIA Corporation\NVIDIA NvDLISR;C:\WINDOWS\system32;C:\WINDOWS;C:\WINDOWS\System32\Wbem;C:\WINDOWS\System32\WindowsPowerShell\v1.0\;C:\WINDOWS\System32\OpenSSH\;C:\Program Files (x86)\dotnet\;C:\WINDOWS\system32\config\systemprofile\AppData\Local\Microsoft\WindowsApps;C:\Program Files\nodejs\;C:\Users\wnslr\AppData\Local\Microsoft\WindowsApps;C:\Program Files\Bandizip\;C:\Users\wnslr\AppData\Local\Programs\Microsoft VS Code\bin;C:\Users\wnslr\AppData\Roaming\npm;C:\Users\wnslr\AppData\Local\GitHubDesktop\bin;C:\springdeveloper\sts-4.19.1.RELEASE;
USERNAME=wnslr
OS=Windows_NT
PROCESSOR_IDENTIFIER=Intel64 Family 6 Model 158 Stepping 10, GenuineIntel



---------------  S Y S T E M  ---------------

OS:
 Windows 11 , 64 bit Build 22621 (10.0.22621.2070)
OS uptime: 14 days 3:34 hours
Hyper-V role detected

CPU: total 12 (initial active 12) (6 cores per cpu, 2 threads per core) family 6 model 158 stepping 10 microcode 0xea, cx8, cmov, fxsr, ht, mmx, 3dnowpref, sse, sse2, sse3, ssse3, sse4.1, sse4.2, popcnt, lzcnt, tsc, tscinvbit, avx, avx2, aes, erms, clmul, bmi1, bmi2, adx, fma, vzeroupper, clflush, clflushopt, hv

Memory: 4k page, system-wide physical 16263M (554M free)
TotalPageFile size 46621M (AvailPageFile size 716M)
current process WorkingSet (physical memory assigned to process): 94M, peak: 94M
current process commit charge ("private bytes"): 366M, peak: 366M

vm_info: Java HotSpot(TM) 64-Bit Server VM (17.0.6+9-LTS-190) for windows-amd64 JRE (17.0.6+9-LTS-190), built on Dec  6 2022 15:53:54 by "mach5one" with MS VC++ 17.1 (VS2022)

END.
