#
# A fatal error has been detected by the Java Runtime Environment:
#
#  EXCEPTION_ACCESS_VIOLATION (0xc0000005) at pc=0x00007ff9185a57e0, pid=30504, tid=66936
#
# JRE version: Java(TM) SE Runtime Environment (17.0.6+9) (build 17.0.6+9-LTS-190)
# Java VM: Java HotSpot(TM) 64-Bit Server VM (17.0.6+9-LTS-190, mixed mode, emulated-client, sharing, tiered, compressed oops, compressed class ptrs, g1 gc, windows-amd64)
# Problematic frame:
# C  [net.dll+0x57e0]
#
# No core dump will be written. Minidumps are not enabled by default on client versions of Windows
#
# If you would like to submit a bug report, please visit:
#   https://bugreport.java.com/bugreport/crash.jsp
# The crash happened outside the Java Virtual Machine in native code.
# See problematic frame for where to report the bug.
#

---------------  S U M M A R Y ------------

Command Line: -XX:+ShowCodeDetailsInExceptionMessages -agentlib:jdwp=transport=dt_socket,suspend=y,address=localhost:2910 -Dcom.sun.management.jmxremote -Dcom.sun.management.jmxremote.port=12419 -Dcom.sun.management.jmxremote.authenticate=false -Dcom.sun.management.jmxremote.ssl=false -Djava.rmi.server.hostname=localhost -Dspring.jmx.enabled=true -Dmanagement.endpoints.jmx.exposure.include=* -Dspring.application.admin.enabled=true -XX:TieredStopAtLevel=1 -Dspring.boot.project.name=projectCulture -javaagent:C:\springdeveloper\sts-4.19.1.RELEASE\configuration\org.eclipse.osgi\267\0\.cp\lib\javaagent-shaded.jar -Dfile.encoding=UTF-8 com.spring.ProjectCultureApplication --spring.output.ansi.enabled=always

Host: Intel(R) Core(TM) i7-9750H CPU @ 2.60GHz, 12 cores, 15G,  Windows 11 , 64 bit Build 22621 (10.0.22621.2070)
Time: Thu Aug 24 12:24:05 2023  Windows 11 , 64 bit Build 22621 (10.0.22621.2070) elapsed time: 30.806598 seconds (0d 0h 0m 30s)

---------------  T H R E A D  ---------------

Current thread (0x0000023efdff6d00):  JavaThread "main" [_thread_in_native, id=66936, stack(0x00000082b0900000,0x00000082b0a00000)]

Stack: [0x00000082b0900000,0x00000082b0a00000],  sp=0x00000082b09fcc40,  free space=1011k
Native frames: (J=compiled Java code, j=interpreted, Vv=VM code, C=native code)
C  [net.dll+0x57e0]

Java frames: (J=compiled Java code, j=interpreted, Vv=VM code)
j  java.net.NetworkInterface.getAll()[Ljava/net/NetworkInterface;+0 java.base@17.0.6
j  java.net.NetworkInterface.getNetworkInterfaces()Ljava/util/Enumeration;+0 java.base@17.0.6
j  sun.security.provider.SeedGenerator.addNetworkAdapterInfo(Ljava/security/MessageDigest;)V+0 java.base@17.0.6
j  sun.security.provider.SeedGenerator$1.run()Ljava/lang/Void;+66 java.base@17.0.6
j  sun.security.provider.SeedGenerator$1.run()Ljava/lang/Object;+1 java.base@17.0.6
j  java.security.AccessController.executePrivileged(Ljava/security/PrivilegedAction;Ljava/security/AccessControlContext;Ljava/lang/Class;)Ljava/lang/Object;+29 java.base@17.0.6
j  java.security.AccessController.doPrivileged(Ljava/security/PrivilegedAction;)Ljava/lang/Object;+5 java.base@17.0.6
j  sun.security.provider.SeedGenerator.getSystemEntropy()[B+40 java.base@17.0.6
j  sun.security.provider.AbstractDrbg$SeederHolder.<clinit>()V+28 java.base@17.0.6
v  ~StubRoutines::call_stub
j  sun.security.provider.AbstractDrbg.getEntropyInput(IIIZ)[B+87 java.base@17.0.6
j  sun.security.provider.AbstractDrbg.getEntropyInput(Z)[B+14 java.base@17.0.6
j  sun.security.provider.AbstractDrbg.instantiateIfNecessary([B)V+16 java.base@17.0.6
j  sun.security.provider.AbstractDrbg.engineNextBytes([BLjava/security/SecureRandomParameters;)V+162 java.base@17.0.6
j  sun.security.provider.AbstractDrbg.engineNextBytes([B)V+11 java.base@17.0.6
j  sun.security.provider.DRBG.engineNextBytes([B)V+5 java.base@17.0.6
j  java.security.SecureRandom.nextBytes([B)V+12 java.base@17.0.6
j  java.security.SecureRandom.next(I)I+17 java.base@17.0.6
j  java.util.Random.nextInt()I+3 java.base@17.0.6
j  java.rmi.server.UID.<init>()V+23 java.rmi@17.0.6
j  java.rmi.server.ObjID.<clinit>()V+14 java.rmi@17.0.6
v  ~StubRoutines::call_stub
j  sun.rmi.transport.LiveRef.<init>(I)V+1 java.rmi@17.0.6
j  sun.management.jmxremote.ConnectorBootstrap$PermanentExporter.exportObject(Ljava/rmi/Remote;ILjava/rmi/server/RMIClientSocketFactory;Ljava/rmi/server/RMIServerSocketFactory;Ljava/io/ObjectInputFilter;)Ljava/rmi/Remote;+49 jdk.management.agent@17.0.6
j  javax.management.remote.rmi.RMIJRMPServerImpl.export(Ljava/rmi/Remote;Ljava/io/ObjectInputFilter;)V+62 java.management.rmi@17.0.6
j  javax.management.remote.rmi.RMIJRMPServerImpl.export()V+6 java.management.rmi@17.0.6
j  javax.management.remote.rmi.RMIConnectorServer.start()V+257 java.management.rmi@17.0.6
j  sun.management.jmxremote.ConnectorBootstrap.exportMBeanServer(Ljavax/management/MBeanServer;IIZZLjava/lang/String;[Ljava/lang/String;[Ljava/lang/String;ZZLjava/lang/String;Ljava/lang/String;ZLjava/lang/String;Ljava/lang/String;Ljava/lang/String;)Lsun/management/jmxremote/ConnectorBootstrap$JMXConnectorServerData;+348 jdk.management.agent@17.0.6
j  sun.management.jmxremote.ConnectorBootstrap.startRemoteConnectorServer(Ljava/lang/String;Ljava/util/Properties;)Ljavax/management/remote/JMXConnectorServer;+620 jdk.management.agent@17.0.6
j  jdk.internal.agent.Agent.startAgent(Ljava/util/Properties;)V+48 jdk.management.agent@17.0.6
j  jdk.internal.agent.Agent.startAgent()V+20 jdk.management.agent@17.0.6
v  ~StubRoutines::call_stub

siginfo: EXCEPTION_ACCESS_VIOLATION (0xc0000005), reading address 0x0000023efe0bf000


Register to memory mapping:

RIP=0x00007ff9185a57e0 net.dll
RAX=0x0000000000000001 is an unknown value
RBX=0x0000023e965d19c0 points into unknown readable memory: 0x00007ff800000002 | 02 00 00 00 f8 7f 00 00
RCX=0x0 is NULL
RDX=0x0 is NULL
RSP=0x00000082b09fcc40 is pointing into the stack for thread: 0x0000023efdff6d00
RBP=0x000000000001905f is an unknown value
RSI=0x0000023e965d19c0 points into unknown readable memory: 0x00007ff800000002 | 02 00 00 00 f8 7f 00 00
RDI=0x0000023efdff6d00 is a thread
R8 =0x0000000000000002 is an unknown value
R9 =0x0000000000000040 is an unknown value
R10=0x0000000000000080 is an unknown value
R11=0x2006000000120000 is an unknown value
R12=0x00000082b09fccc0 is pointing into the stack for thread: 0x0000023efdff6d00
R13=0x0000023e965d0700 points into unknown readable memory: 0x0000023e965ddb40 | 40 db 5d 96 3e 02 00 00
R14=0x0000000000008575 is an unknown value
R15=0x0000000000000035 is an unknown value


Registers:
RAX=0x0000000000000001, RBX=0x0000023e965d19c0, RCX=0x0000000000000000, RDX=0x0000000000000000
RSP=0x00000082b09fcc40, RBP=0x000000000001905f, RSI=0x0000023e965d19c0, RDI=0x0000023efdff6d00
R8 =0x0000000000000002, R9 =0x0000000000000040, R10=0x0000000000000080, R11=0x2006000000120000
R12=0x00000082b09fccc0, R13=0x0000023e965d0700, R14=0x0000000000008575, R15=0x0000000000000035
RIP=0x00007ff9185a57e0, EFLAGS=0x0000000000010213

Top of Stack: (sp=0x00000082b09fcc40)
0x00000082b09fcc40:   0000023e965d1880 0000000000000037
0x00000082b09fcc50:   0000023efdff6fa8 00007ff9185a609b
0x00000082b09fcc60:   00000082b09fcdf0 00000082b09fcea8
0x00000082b09fcc70:   0000000000000000 0000000000000037
0x00000082b09fcc80:   0000023e965d0700 00007ff9185a6e80
0x00000082b09fcc90:   0000023efdff6fa8 0000023efdff6fa8
0x00000082b09fcca0:   00000082b09fcd39 0000023e965d0700
0x00000082b09fccb0:   0000023e00000000 0000000000000000
0x00000082b09fccc0:   00000082b09fcdd0 0000023efdff6d00
0x00000082b09fccd0:   0000023e965d24b0 0000000000000000
0x00000082b09fcce0:   0000000000000007 000000000000000d
0x00000082b09fccf0:   0000023efe0bef00 00000008009a8808
0x00000082b09fcd00:   00000082b09fcdc0 00007ff8bba89f24
0x00000082b09fcd10:   0000023e95011f70 0000000000000007
0x00000082b09fcd20:   0000023e95011f88 0000023efdff6d00
0x00000082b09fcd30:   0000000000000001 0000000000000000 

Instructions: (pc=0x00007ff9185a57e0)
0x00007ff9185a56e0:   ff ff 48 8b cb 48 8b 5b 40 ff 15 c1 9b 00 00 48
0x00007ff9185a56f0:   8b cb 48 85 db 75 ee e9 bf fb ff ff 48 8b cb 48
0x00007ff9185a5700:   8b 5b 40 ff 15 a7 9b 00 00 48 8b cb 48 85 db 75
0x00007ff9185a5710:   ee e9 a5 fb ff ff 48 8b cb 48 8b 5b 40 ff 15 8d
0x00007ff9185a5720:   9b 00 00 48 8b cb 48 85 db 75 ee e9 8b fb ff ff
0x00007ff9185a5730:   48 89 5c 24 08 48 89 74 24 10 57 48 83 ec 20 48
0x00007ff9185a5740:   8b f2 49 8b f8 48 8d 54 24 48 48 8b d9 e8 92 08
0x00007ff9185a5750:   00 00 85 c0 79 04 33 c0 eb 22 4c 8b 4c 24 48 4c
0x00007ff9185a5760:   8b c7 48 8b d6 48 8b cb e8 1f 00 00 00 48 8b 4c
0x00007ff9185a5770:   24 48 8b d8 ff 15 36 9b 00 00 8b c3 48 8b 5c 24
0x00007ff9185a5780:   30 48 8b 74 24 38 48 83 c4 20 5f c3 48 8b c4 48
0x00007ff9185a5790:   89 58 10 48 89 68 18 48 89 70 20 48 89 48 08 57
0x00007ff9185a57a0:   41 54 41 55 41 56 41 57 48 83 ec 20 4c 8b ea 49
0x00007ff9185a57b0:   8b f9 33 d2 4d 8b e0 4d 85 c9 75 07 33 c0 e9 fc
0x00007ff9185a57c0:   00 00 00 44 8b fa 48 8b da 44 8b f2 41 39 11 0f
0x00007ff9185a57d0:   86 e3 00 00 00 41 8b c6 48 8d 2c 40 41 8b 45 10
0x00007ff9185a57e0:   39 44 ef 08 0f 85 bd 00 00 00 39 54 ef 04 0f 84
0x00007ff9185a57f0:   b3 00 00 00 b9 48 00 00 00 ff 15 b9 9a 00 00 33
0x00007ff9185a5800:   d2 48 8b f0 48 85 c0 0f 84 cf 00 00 00 44 8d 42
0x00007ff9185a5810:   02 66 44 89 00 8b 44 ef 04 89 46 04 41 8b 4d 14
0x00007ff9185a5820:   83 e9 06 74 23 83 e9 03 74 1e 83 e9 06 74 19 83
0x00007ff9185a5830:   e9 08 74 0f 83 e9 01 74 0f 83 e9 04 74 05 83 f9
0x00007ff9185a5840:   2b 74 05 83 c8 ff eb 4a 66 44 89 46 1c ba 01 00
0x00007ff9185a5850:   00 00 8b 4c ef 04 8b 44 ef 0c 23 c8 39 54 ef 10
0x00007ff9185a5860:   75 06 f7 d0 0b c1 eb 02 8b c1 89 46 20 8b 4c ef
0x00007ff9185a5870:   0c ff 15 89 99 00 00 33 d2 8b c8 66 89 56 38 85
0x00007ff9185a5880:   c0 74 13 0f b7 c2 44 8d 42 01 66 41 03 c0 03 c9
0x00007ff9185a5890:   75 f8 66 89 46 38 b8 01 00 00 00 48 89 5e 40 44
0x00007ff9185a58a0:   03 f8 48 8b de eb 05 b8 01 00 00 00 44 03 f0 44
0x00007ff9185a58b0:   3b 37 0f 82 1d ff ff ff 49 89 1c 24 41 8b c7 48
0x00007ff9185a58c0:   8b 5c 24 58 48 8b 6c 24 60 48 8b 74 24 68 48 83
0x00007ff9185a58d0:   c4 20 41 5f 41 5e 41 5d 41 5c 5f c3 48 8b 4c 24 


Stack slot to memory mapping:
stack at sp + 0 slots: 0x0000023e965d1880 points into unknown readable memory: 0x00007ff800000002 | 02 00 00 00 f8 7f 00 00
stack at sp + 1 slots: 0x0000000000000037 is an unknown value
stack at sp + 2 slots: 0x0000023efdff6fa8 points into unknown readable memory: 0x00007ff8bbf0a650 | 50 a6 f0 bb f8 7f 00 00
stack at sp + 3 slots: 0x00007ff9185a609b net.dll
stack at sp + 4 slots: 0x00000082b09fcdf0 is pointing into the stack for thread: 0x0000023efdff6d00
stack at sp + 5 slots: 0x00000082b09fcea8 is pointing into the stack for thread: 0x0000023efdff6d00
stack at sp + 6 slots: 0x0 is NULL
stack at sp + 7 slots: 0x0000000000000037 is an unknown value


---------------  P R O C E S S  ---------------

Threads class SMR info:
_java_thread_list=0x0000023e965e30e0, length=17, elements={
0x0000023efdff6d00, 0x0000023e95020bf0, 0x0000023e95021f40, 0x0000023e950389f0,
0x0000023e95c076a0, 0x0000023e95c08250, 0x0000023e95c0cc20, 0x0000023e95c0d5d0,
0x0000023e95c37e90, 0x0000023e95cf7540, 0x0000023e95d62950, 0x0000023e95d64b80,
0x0000023e95d66490, 0x0000023e95d9d020, 0x0000023e963f9140, 0x0000023e965475a0,
0x0000023e95d5f600
}

Java Threads: ( => current thread )
=>0x0000023efdff6d00 JavaThread "main" [_thread_in_native, id=66936, stack(0x00000082b0900000,0x00000082b0a00000)]
  0x0000023e95020bf0 JavaThread "Reference Handler" daemon [_thread_blocked, id=57432, stack(0x00000082b1000000,0x00000082b1100000)]
  0x0000023e95021f40 JavaThread "Finalizer" daemon [_thread_blocked, id=68200, stack(0x00000082b1100000,0x00000082b1200000)]
  0x0000023e950389f0 JavaThread "Signal Dispatcher" daemon [_thread_blocked, id=68168, stack(0x00000082b1200000,0x00000082b1300000)]
  0x0000023e95c076a0 JavaThread "Attach Listener" daemon [_thread_blocked, id=31236, stack(0x00000082b1300000,0x00000082b1400000)]
  0x0000023e95c08250 JavaThread "Service Thread" daemon [_thread_blocked, id=63428, stack(0x00000082b1400000,0x00000082b1500000)]
  0x0000023e95c0cc20 JavaThread "Monitor Deflation Thread" daemon [_thread_blocked, id=61532, stack(0x00000082b1500000,0x00000082b1600000)]
  0x0000023e95c0d5d0 JavaThread "C1 CompilerThread0" daemon [_thread_blocked, id=55444, stack(0x00000082b1600000,0x00000082b1700000)]
  0x0000023e95c37e90 JavaThread "Sweeper thread" daemon [_thread_blocked, id=66296, stack(0x00000082b1700000,0x00000082b1800000)]
  0x0000023e95cf7540 JavaThread "Common-Cleaner" daemon [_thread_blocked, id=69420, stack(0x00000082b1800000,0x00000082b1900000)]
  0x0000023e95d62950 JavaThread "JDWP Transport Listener: dt_socket" daemon [_thread_blocked, id=40760, stack(0x00000082b1a00000,0x00000082b1b00000)]
  0x0000023e95d64b80 JavaThread "JDWP Event Helper Thread" daemon [_thread_in_native, id=69156, stack(0x00000082b1b00000,0x00000082b1c00000)]
  0x0000023e95d66490 JavaThread "JDWP Command Reader" daemon [_thread_in_native, id=38868, stack(0x00000082b1c00000,0x00000082b1d00000)]
  0x0000023e95d9d020 JavaThread "C1 CompilerThread1" daemon [_thread_blocked, id=66540, stack(0x00000082b1900000,0x00000082b1a00000)]
  0x0000023e963f9140 JavaThread "C1 CompilerThread2" daemon [_thread_blocked, id=5256, stack(0x00000082b1d00000,0x00000082b1e00000)]
  0x0000023e965475a0 JavaThread "Notification Thread" daemon [_thread_blocked, id=66264, stack(0x00000082b1f00000,0x00000082b2000000)]
  0x0000023e95d5f600 JavaThread "SeedGenerator Thread" daemon [_thread_in_vm, id=57052, stack(0x00000082b2100000,0x00000082b2200000)]

Other Threads:
  0x0000023e9501a440 VMThread "VM Thread" [stack: 0x00000082b0f00000,0x00000082b1000000] [id=67916]
  0x0000023efe063350 GCTaskThread "GC Thread#0" [stack: 0x00000082b0a00000,0x00000082b0b00000] [id=65608]
  0x0000023efe0750b0 ConcurrentGCThread "G1 Main Marker" [stack: 0x00000082b0b00000,0x00000082b0c00000] [id=62916]
  0x0000023efe075ac0 ConcurrentGCThread "G1 Conc#0" [stack: 0x00000082b0c00000,0x00000082b0d00000] [id=67920]
  0x0000023efe0bd930 ConcurrentGCThread "G1 Refine#0" [stack: 0x00000082b0d00000,0x00000082b0e00000] [id=66132]
  0x0000023efe0be350 ConcurrentGCThread "G1 Service" [stack: 0x00000082b0e00000,0x00000082b0f00000] [id=67000]

Threads with active compile tasks:

VM state: not at safepoint (normal execution)

VM Mutex/Monitor currently owned by a thread: None

Heap address: 0x0000000701e00000, size: 4066 MB, Compressed Oops mode: Zero based, Oop shift amount: 3

CDS archive(s) mapped at: [0x0000000800000000-0x0000000800bd0000-0x0000000800bd0000), size 12386304, SharedBaseAddress: 0x0000000800000000, ArchiveRelocationMode: 0.
Compressed class space mapped at: 0x0000000800c00000-0x0000000840c00000, reserved size: 1073741824
Narrow klass base: 0x0000000800000000, Narrow klass shift: 0, Narrow klass range: 0x100000000

GC Precious Log:
 CPUs: 12 total, 12 available
 Memory: 16263M
 Large Page Support: Disabled
 NUMA Support: Disabled
 Compressed Oops: Enabled (Zero based)
 Heap Region Size: 2M
 Heap Min Capacity: 8M
 Heap Initial Capacity: 256M
 Heap Max Capacity: 4066M
 Pre-touch: Disabled
 Parallel Workers: 10
 Concurrent Workers: 3
 Concurrent Refinement Workers: 10
 Periodic GC: Disabled

Heap:
 garbage-first heap   total 262144K, used 14336K [0x0000000701e00000, 0x0000000800000000)
  region size 2048K, 8 young (16384K), 0 survivors (0K)
 Metaspace       used 4895K, committed 5120K, reserved 1056768K
  class space    used 565K, committed 704K, reserved 1048576K

Heap Regions: E=young(eden), S=young(survivor), O=old, HS=humongous(starts), HC=humongous(continues), CS=collection set, F=free, OA=open archive, CA=closed archive, TAMS=top-at-mark-start (previous, next)
|   0|0x0000000701e00000, 0x0000000701e00000, 0x0000000702000000|  0%| F|  |TAMS 0x0000000701e00000, 0x0000000701e00000| Untracked 
|   1|0x0000000702000000, 0x0000000702000000, 0x0000000702200000|  0%| F|  |TAMS 0x0000000702000000, 0x0000000702000000| Untracked 
|   2|0x0000000702200000, 0x0000000702200000, 0x0000000702400000|  0%| F|  |TAMS 0x0000000702200000, 0x0000000702200000| Untracked 
|   3|0x0000000702400000, 0x0000000702400000, 0x0000000702600000|  0%| F|  |TAMS 0x0000000702400000, 0x0000000702400000| Untracked 
|   4|0x0000000702600000, 0x0000000702600000, 0x0000000702800000|  0%| F|  |TAMS 0x0000000702600000, 0x0000000702600000| Untracked 
|   5|0x0000000702800000, 0x0000000702800000, 0x0000000702a00000|  0%| F|  |TAMS 0x0000000702800000, 0x0000000702800000| Untracked 
|   6|0x0000000702a00000, 0x0000000702a00000, 0x0000000702c00000|  0%| F|  |TAMS 0x0000000702a00000, 0x0000000702a00000| Untracked 
|   7|0x0000000702c00000, 0x0000000702c00000, 0x0000000702e00000|  0%| F|  |TAMS 0x0000000702c00000, 0x0000000702c00000| Untracked 
|   8|0x0000000702e00000, 0x0000000702e00000, 0x0000000703000000|  0%| F|  |TAMS 0x0000000702e00000, 0x0000000702e00000| Untracked 
|   9|0x0000000703000000, 0x0000000703000000, 0x0000000703200000|  0%| F|  |TAMS 0x0000000703000000, 0x0000000703000000| Untracked 
|  10|0x0000000703200000, 0x0000000703200000, 0x0000000703400000|  0%| F|  |TAMS 0x0000000703200000, 0x0000000703200000| Untracked 
|  11|0x0000000703400000, 0x0000000703400000, 0x0000000703600000|  0%| F|  |TAMS 0x0000000703400000, 0x0000000703400000| Untracked 
|  12|0x0000000703600000, 0x0000000703600000, 0x0000000703800000|  0%| F|  |TAMS 0x0000000703600000, 0x0000000703600000| Untracked 
|  13|0x0000000703800000, 0x0000000703800000, 0x0000000703a00000|  0%| F|  |TAMS 0x0000000703800000, 0x0000000703800000| Untracked 
|  14|0x0000000703a00000, 0x0000000703a00000, 0x0000000703c00000|  0%| F|  |TAMS 0x0000000703a00000, 0x0000000703a00000| Untracked 
|  15|0x0000000703c00000, 0x0000000703c00000, 0x0000000703e00000|  0%| F|  |TAMS 0x0000000703c00000, 0x0000000703c00000| Untracked 
|  16|0x0000000703e00000, 0x0000000703e00000, 0x0000000704000000|  0%| F|  |TAMS 0x0000000703e00000, 0x0000000703e00000| Untracked 
|  17|0x0000000704000000, 0x0000000704000000, 0x0000000704200000|  0%| F|  |TAMS 0x0000000704000000, 0x0000000704000000| Untracked 
|  18|0x0000000704200000, 0x0000000704200000, 0x0000000704400000|  0%| F|  |TAMS 0x0000000704200000, 0x0000000704200000| Untracked 
|  19|0x0000000704400000, 0x0000000704400000, 0x0000000704600000|  0%| F|  |TAMS 0x0000000704400000, 0x0000000704400000| Untracked 
|  20|0x0000000704600000, 0x0000000704600000, 0x0000000704800000|  0%| F|  |TAMS 0x0000000704600000, 0x0000000704600000| Untracked 
|  21|0x0000000704800000, 0x0000000704800000, 0x0000000704a00000|  0%| F|  |TAMS 0x0000000704800000, 0x0000000704800000| Untracked 
|  22|0x0000000704a00000, 0x0000000704a00000, 0x0000000704c00000|  0%| F|  |TAMS 0x0000000704a00000, 0x0000000704a00000| Untracked 
|  23|0x0000000704c00000, 0x0000000704c00000, 0x0000000704e00000|  0%| F|  |TAMS 0x0000000704c00000, 0x0000000704c00000| Untracked 
|  24|0x0000000704e00000, 0x0000000704e00000, 0x0000000705000000|  0%| F|  |TAMS 0x0000000704e00000, 0x0000000704e00000| Untracked 
|  25|0x0000000705000000, 0x0000000705000000, 0x0000000705200000|  0%| F|  |TAMS 0x0000000705000000, 0x0000000705000000| Untracked 
|  26|0x0000000705200000, 0x0000000705200000, 0x0000000705400000|  0%| F|  |TAMS 0x0000000705200000, 0x0000000705200000| Untracked 
|  27|0x0000000705400000, 0x0000000705400000, 0x0000000705600000|  0%| F|  |TAMS 0x0000000705400000, 0x0000000705400000| Untracked 
|  28|0x0000000705600000, 0x0000000705600000, 0x0000000705800000|  0%| F|  |TAMS 0x0000000705600000, 0x0000000705600000| Untracked 
|  29|0x0000000705800000, 0x0000000705800000, 0x0000000705a00000|  0%| F|  |TAMS 0x0000000705800000, 0x0000000705800000| Untracked 
|  30|0x0000000705a00000, 0x0000000705a00000, 0x0000000705c00000|  0%| F|  |TAMS 0x0000000705a00000, 0x0000000705a00000| Untracked 
|  31|0x0000000705c00000, 0x0000000705c00000, 0x0000000705e00000|  0%| F|  |TAMS 0x0000000705c00000, 0x0000000705c00000| Untracked 
|  32|0x0000000705e00000, 0x0000000705e00000, 0x0000000706000000|  0%| F|  |TAMS 0x0000000705e00000, 0x0000000705e00000| Untracked 
|  33|0x0000000706000000, 0x0000000706000000, 0x0000000706200000|  0%| F|  |TAMS 0x0000000706000000, 0x0000000706000000| Untracked 
|  34|0x0000000706200000, 0x0000000706200000, 0x0000000706400000|  0%| F|  |TAMS 0x0000000706200000, 0x0000000706200000| Untracked 
|  35|0x0000000706400000, 0x0000000706400000, 0x0000000706600000|  0%| F|  |TAMS 0x0000000706400000, 0x0000000706400000| Untracked 
|  36|0x0000000706600000, 0x0000000706600000, 0x0000000706800000|  0%| F|  |TAMS 0x0000000706600000, 0x0000000706600000| Untracked 
|  37|0x0000000706800000, 0x0000000706800000, 0x0000000706a00000|  0%| F|  |TAMS 0x0000000706800000, 0x0000000706800000| Untracked 
|  38|0x0000000706a00000, 0x0000000706a00000, 0x0000000706c00000|  0%| F|  |TAMS 0x0000000706a00000, 0x0000000706a00000| Untracked 
|  39|0x0000000706c00000, 0x0000000706c00000, 0x0000000706e00000|  0%| F|  |TAMS 0x0000000706c00000, 0x0000000706c00000| Untracked 
|  40|0x0000000706e00000, 0x0000000706e00000, 0x0000000707000000|  0%| F|  |TAMS 0x0000000706e00000, 0x0000000706e00000| Untracked 
|  41|0x0000000707000000, 0x0000000707000000, 0x0000000707200000|  0%| F|  |TAMS 0x0000000707000000, 0x0000000707000000| Untracked 
|  42|0x0000000707200000, 0x0000000707200000, 0x0000000707400000|  0%| F|  |TAMS 0x0000000707200000, 0x0000000707200000| Untracked 
|  43|0x0000000707400000, 0x0000000707400000, 0x0000000707600000|  0%| F|  |TAMS 0x0000000707400000, 0x0000000707400000| Untracked 
|  44|0x0000000707600000, 0x0000000707600000, 0x0000000707800000|  0%| F|  |TAMS 0x0000000707600000, 0x0000000707600000| Untracked 
|  45|0x0000000707800000, 0x0000000707800000, 0x0000000707a00000|  0%| F|  |TAMS 0x0000000707800000, 0x0000000707800000| Untracked 
|  46|0x0000000707a00000, 0x0000000707a00000, 0x0000000707c00000|  0%| F|  |TAMS 0x0000000707a00000, 0x0000000707a00000| Untracked 
|  47|0x0000000707c00000, 0x0000000707c00000, 0x0000000707e00000|  0%| F|  |TAMS 0x0000000707c00000, 0x0000000707c00000| Untracked 
|  48|0x0000000707e00000, 0x0000000707e00000, 0x0000000708000000|  0%| F|  |TAMS 0x0000000707e00000, 0x0000000707e00000| Untracked 
|  49|0x0000000708000000, 0x0000000708000000, 0x0000000708200000|  0%| F|  |TAMS 0x0000000708000000, 0x0000000708000000| Untracked 
|  50|0x0000000708200000, 0x0000000708200000, 0x0000000708400000|  0%| F|  |TAMS 0x0000000708200000, 0x0000000708200000| Untracked 
|  51|0x0000000708400000, 0x0000000708400000, 0x0000000708600000|  0%| F|  |TAMS 0x0000000708400000, 0x0000000708400000| Untracked 
|  52|0x0000000708600000, 0x0000000708600000, 0x0000000708800000|  0%| F|  |TAMS 0x0000000708600000, 0x0000000708600000| Untracked 
|  53|0x0000000708800000, 0x0000000708800000, 0x0000000708a00000|  0%| F|  |TAMS 0x0000000708800000, 0x0000000708800000| Untracked 
|  54|0x0000000708a00000, 0x0000000708a00000, 0x0000000708c00000|  0%| F|  |TAMS 0x0000000708a00000, 0x0000000708a00000| Untracked 
|  55|0x0000000708c00000, 0x0000000708c00000, 0x0000000708e00000|  0%| F|  |TAMS 0x0000000708c00000, 0x0000000708c00000| Untracked 
|  56|0x0000000708e00000, 0x0000000708e00000, 0x0000000709000000|  0%| F|  |TAMS 0x0000000708e00000, 0x0000000708e00000| Untracked 
|  57|0x0000000709000000, 0x0000000709000000, 0x0000000709200000|  0%| F|  |TAMS 0x0000000709000000, 0x0000000709000000| Untracked 
|  58|0x0000000709200000, 0x0000000709200000, 0x0000000709400000|  0%| F|  |TAMS 0x0000000709200000, 0x0000000709200000| Untracked 
|  59|0x0000000709400000, 0x0000000709400000, 0x0000000709600000|  0%| F|  |TAMS 0x0000000709400000, 0x0000000709400000| Untracked 
|  60|0x0000000709600000, 0x0000000709600000, 0x0000000709800000|  0%| F|  |TAMS 0x0000000709600000, 0x0000000709600000| Untracked 
|  61|0x0000000709800000, 0x0000000709800000, 0x0000000709a00000|  0%| F|  |TAMS 0x0000000709800000, 0x0000000709800000| Untracked 
|  62|0x0000000709a00000, 0x0000000709a00000, 0x0000000709c00000|  0%| F|  |TAMS 0x0000000709a00000, 0x0000000709a00000| Untracked 
|  63|0x0000000709c00000, 0x0000000709c00000, 0x0000000709e00000|  0%| F|  |TAMS 0x0000000709c00000, 0x0000000709c00000| Untracked 
|  64|0x0000000709e00000, 0x0000000709e00000, 0x000000070a000000|  0%| F|  |TAMS 0x0000000709e00000, 0x0000000709e00000| Untracked 
|  65|0x000000070a000000, 0x000000070a000000, 0x000000070a200000|  0%| F|  |TAMS 0x000000070a000000, 0x000000070a000000| Untracked 
|  66|0x000000070a200000, 0x000000070a200000, 0x000000070a400000|  0%| F|  |TAMS 0x000000070a200000, 0x000000070a200000| Untracked 
|  67|0x000000070a400000, 0x000000070a400000, 0x000000070a600000|  0%| F|  |TAMS 0x000000070a400000, 0x000000070a400000| Untracked 
|  68|0x000000070a600000, 0x000000070a600000, 0x000000070a800000|  0%| F|  |TAMS 0x000000070a600000, 0x000000070a600000| Untracked 
|  69|0x000000070a800000, 0x000000070a800000, 0x000000070aa00000|  0%| F|  |TAMS 0x000000070a800000, 0x000000070a800000| Untracked 
|  70|0x000000070aa00000, 0x000000070aa00000, 0x000000070ac00000|  0%| F|  |TAMS 0x000000070aa00000, 0x000000070aa00000| Untracked 
|  71|0x000000070ac00000, 0x000000070ac00000, 0x000000070ae00000|  0%| F|  |TAMS 0x000000070ac00000, 0x000000070ac00000| Untracked 
|  72|0x000000070ae00000, 0x000000070ae00000, 0x000000070b000000|  0%| F|  |TAMS 0x000000070ae00000, 0x000000070ae00000| Untracked 
|  73|0x000000070b000000, 0x000000070b000000, 0x000000070b200000|  0%| F|  |TAMS 0x000000070b000000, 0x000000070b000000| Untracked 
|  74|0x000000070b200000, 0x000000070b200000, 0x000000070b400000|  0%| F|  |TAMS 0x000000070b200000, 0x000000070b200000| Untracked 
|  75|0x000000070b400000, 0x000000070b400000, 0x000000070b600000|  0%| F|  |TAMS 0x000000070b400000, 0x000000070b400000| Untracked 
|  76|0x000000070b600000, 0x000000070b600000, 0x000000070b800000|  0%| F|  |TAMS 0x000000070b600000, 0x000000070b600000| Untracked 
|  77|0x000000070b800000, 0x000000070b800000, 0x000000070ba00000|  0%| F|  |TAMS 0x000000070b800000, 0x000000070b800000| Untracked 
|  78|0x000000070ba00000, 0x000000070ba00000, 0x000000070bc00000|  0%| F|  |TAMS 0x000000070ba00000, 0x000000070ba00000| Untracked 
|  79|0x000000070bc00000, 0x000000070bc00000, 0x000000070be00000|  0%| F|  |TAMS 0x000000070bc00000, 0x000000070bc00000| Untracked 
|  80|0x000000070be00000, 0x000000070be00000, 0x000000070c000000|  0%| F|  |TAMS 0x000000070be00000, 0x000000070be00000| Untracked 
|  81|0x000000070c000000, 0x000000070c000000, 0x000000070c200000|  0%| F|  |TAMS 0x000000070c000000, 0x000000070c000000| Untracked 
|  82|0x000000070c200000, 0x000000070c200000, 0x000000070c400000|  0%| F|  |TAMS 0x000000070c200000, 0x000000070c200000| Untracked 
|  83|0x000000070c400000, 0x000000070c400000, 0x000000070c600000|  0%| F|  |TAMS 0x000000070c400000, 0x000000070c400000| Untracked 
|  84|0x000000070c600000, 0x000000070c600000, 0x000000070c800000|  0%| F|  |TAMS 0x000000070c600000, 0x000000070c600000| Untracked 
|  85|0x000000070c800000, 0x000000070c800000, 0x000000070ca00000|  0%| F|  |TAMS 0x000000070c800000, 0x000000070c800000| Untracked 
|  86|0x000000070ca00000, 0x000000070ca00000, 0x000000070cc00000|  0%| F|  |TAMS 0x000000070ca00000, 0x000000070ca00000| Untracked 
|  87|0x000000070cc00000, 0x000000070cc00000, 0x000000070ce00000|  0%| F|  |TAMS 0x000000070cc00000, 0x000000070cc00000| Untracked 
|  88|0x000000070ce00000, 0x000000070ce00000, 0x000000070d000000|  0%| F|  |TAMS 0x000000070ce00000, 0x000000070ce00000| Untracked 
|  89|0x000000070d000000, 0x000000070d000000, 0x000000070d200000|  0%| F|  |TAMS 0x000000070d000000, 0x000000070d000000| Untracked 
|  90|0x000000070d200000, 0x000000070d200000, 0x000000070d400000|  0%| F|  |TAMS 0x000000070d200000, 0x000000070d200000| Untracked 
|  91|0x000000070d400000, 0x000000070d400000, 0x000000070d600000|  0%| F|  |TAMS 0x000000070d400000, 0x000000070d400000| Untracked 
|  92|0x000000070d600000, 0x000000070d600000, 0x000000070d800000|  0%| F|  |TAMS 0x000000070d600000, 0x000000070d600000| Untracked 
|  93|0x000000070d800000, 0x000000070d800000, 0x000000070da00000|  0%| F|  |TAMS 0x000000070d800000, 0x000000070d800000| Untracked 
|  94|0x000000070da00000, 0x000000070da00000, 0x000000070dc00000|  0%| F|  |TAMS 0x000000070da00000, 0x000000070da00000| Untracked 
|  95|0x000000070dc00000, 0x000000070dc00000, 0x000000070de00000|  0%| F|  |TAMS 0x000000070dc00000, 0x000000070dc00000| Untracked 
|  96|0x000000070de00000, 0x000000070de00000, 0x000000070e000000|  0%| F|  |TAMS 0x000000070de00000, 0x000000070de00000| Untracked 
|  97|0x000000070e000000, 0x000000070e000000, 0x000000070e200000|  0%| F|  |TAMS 0x000000070e000000, 0x000000070e000000| Untracked 
|  98|0x000000070e200000, 0x000000070e200000, 0x000000070e400000|  0%| F|  |TAMS 0x000000070e200000, 0x000000070e200000| Untracked 
|  99|0x000000070e400000, 0x000000070e400000, 0x000000070e600000|  0%| F|  |TAMS 0x000000070e400000, 0x000000070e400000| Untracked 
| 100|0x000000070e600000, 0x000000070e600000, 0x000000070e800000|  0%| F|  |TAMS 0x000000070e600000, 0x000000070e600000| Untracked 
| 101|0x000000070e800000, 0x000000070e800000, 0x000000070ea00000|  0%| F|  |TAMS 0x000000070e800000, 0x000000070e800000| Untracked 
| 102|0x000000070ea00000, 0x000000070ea00000, 0x000000070ec00000|  0%| F|  |TAMS 0x000000070ea00000, 0x000000070ea00000| Untracked 
| 103|0x000000070ec00000, 0x000000070ec00000, 0x000000070ee00000|  0%| F|  |TAMS 0x000000070ec00000, 0x000000070ec00000| Untracked 
| 104|0x000000070ee00000, 0x000000070ee00000, 0x000000070f000000|  0%| F|  |TAMS 0x000000070ee00000, 0x000000070ee00000| Untracked 
| 105|0x000000070f000000, 0x000000070f000000, 0x000000070f200000|  0%| F|  |TAMS 0x000000070f000000, 0x000000070f000000| Untracked 
| 106|0x000000070f200000, 0x000000070f200000, 0x000000070f400000|  0%| F|  |TAMS 0x000000070f200000, 0x000000070f200000| Untracked 
| 107|0x000000070f400000, 0x000000070f400000, 0x000000070f600000|  0%| F|  |TAMS 0x000000070f400000, 0x000000070f400000| Untracked 
| 108|0x000000070f600000, 0x000000070f600000, 0x000000070f800000|  0%| F|  |TAMS 0x000000070f600000, 0x000000070f600000| Untracked 
| 109|0x000000070f800000, 0x000000070f800000, 0x000000070fa00000|  0%| F|  |TAMS 0x000000070f800000, 0x000000070f800000| Untracked 
| 110|0x000000070fa00000, 0x000000070fa00000, 0x000000070fc00000|  0%| F|  |TAMS 0x000000070fa00000, 0x000000070fa00000| Untracked 
| 111|0x000000070fc00000, 0x000000070fc00000, 0x000000070fe00000|  0%| F|  |TAMS 0x000000070fc00000, 0x000000070fc00000| Untracked 
| 112|0x000000070fe00000, 0x000000070fe00000, 0x0000000710000000|  0%| F|  |TAMS 0x000000070fe00000, 0x000000070fe00000| Untracked 
| 113|0x0000000710000000, 0x0000000710000000, 0x0000000710200000|  0%| F|  |TAMS 0x0000000710000000, 0x0000000710000000| Untracked 
| 114|0x0000000710200000, 0x0000000710200000, 0x0000000710400000|  0%| F|  |TAMS 0x0000000710200000, 0x0000000710200000| Untracked 
| 115|0x0000000710400000, 0x0000000710400000, 0x0000000710600000|  0%| F|  |TAMS 0x0000000710400000, 0x0000000710400000| Untracked 
| 116|0x0000000710600000, 0x0000000710600000, 0x0000000710800000|  0%| F|  |TAMS 0x0000000710600000, 0x0000000710600000| Untracked 
| 117|0x0000000710800000, 0x0000000710800000, 0x0000000710a00000|  0%| F|  |TAMS 0x0000000710800000, 0x0000000710800000| Untracked 
| 118|0x0000000710a00000, 0x0000000710a00000, 0x0000000710c00000|  0%| F|  |TAMS 0x0000000710a00000, 0x0000000710a00000| Untracked 
| 119|0x0000000710c00000, 0x0000000710c00000, 0x0000000710e00000|  0%| F|  |TAMS 0x0000000710c00000, 0x0000000710c00000| Untracked 
| 120|0x0000000710e00000, 0x0000000710f58218, 0x0000000711000000| 67%| E|  |TAMS 0x0000000710e00000, 0x0000000710e00000| Complete 
| 121|0x0000000711000000, 0x0000000711200000, 0x0000000711200000|100%| E|CS|TAMS 0x0000000711000000, 0x0000000711000000| Complete 
| 122|0x0000000711200000, 0x0000000711400000, 0x0000000711400000|100%| E|CS|TAMS 0x0000000711200000, 0x0000000711200000| Complete 
| 123|0x0000000711400000, 0x0000000711600000, 0x0000000711600000|100%| E|CS|TAMS 0x0000000711400000, 0x0000000711400000| Complete 
| 124|0x0000000711600000, 0x0000000711800000, 0x0000000711800000|100%| E|CS|TAMS 0x0000000711600000, 0x0000000711600000| Complete 
| 125|0x0000000711800000, 0x0000000711a00000, 0x0000000711a00000|100%| E|CS|TAMS 0x0000000711800000, 0x0000000711800000| Complete 
| 126|0x0000000711a00000, 0x0000000711c00000, 0x0000000711c00000|100%| E|CS|TAMS 0x0000000711a00000, 0x0000000711a00000| Complete 
| 127|0x0000000711c00000, 0x0000000711e00000, 0x0000000711e00000|100%| E|CS|TAMS 0x0000000711c00000, 0x0000000711c00000| Complete 

Card table byte_map: [0x0000023efebf0000,0x0000023eff3f0000] _byte_map_base: 0x0000023efb3e1000

Marking Bits (Prev, Next): (CMBitMap*) 0x0000023efe064970, (CMBitMap*) 0x0000023efe0649b0
 Prev Bits: [0x0000023e8a7b0000, 0x0000023e8e738000)
 Next Bits: [0x0000023e8e740000, 0x0000023e926c8000)

Polling page: 0x0000023efd7c0000

Metaspace:

Usage:
  Non-class:      4.23 MB used.
      Class:    566.10 KB used.
       Both:      4.78 MB used.

Virtual space:
  Non-class space:        8.00 MB reserved,       4.31 MB ( 54%) committed,  1 nodes.
      Class space:        1.00 GB reserved,     704.00 KB ( <1%) committed,  1 nodes.
             Both:        1.01 GB reserved,       5.00 MB ( <1%) committed. 

Chunk freelists:
   Non-Class:  2.90 MB
       Class:  3.25 MB
        Both:  6.14 MB

MaxMetaspaceSize: unlimited
CompressedClassSpaceSize: 1.00 GB
Initial GC threshold: 21.00 MB
Current GC threshold: 21.00 MB
CDS: on
MetaspaceReclaimPolicy: balanced
 - commit_granule_bytes: 65536.
 - commit_granule_words: 8192.
 - virtual_space_node_default_size: 1048576.
 - enlarge_chunks_in_place: 1.
 - new_chunks_are_fully_committed: 0.
 - uncommit_free_chunks: 1.
 - use_allocation_guard: 0.
 - handle_deallocations: 1.


Internal statistics:

num_allocs_failed_limit: 0.
num_arena_births: 72.
num_arena_deaths: 0.
num_vsnodes_births: 2.
num_vsnodes_deaths: 0.
num_space_committed: 80.
num_space_uncommitted: 0.
num_chunks_returned_to_freelist: 0.
num_chunks_taken_from_freelist: 87.
num_chunk_merges: 0.
num_chunk_splits: 57.
num_chunks_enlarged: 36.
num_purges: 0.
num_inconsistent_stats: 0.

CodeCache: size=49152Kb used=3663Kb max_used=3670Kb free=45488Kb
 bounds [0x0000023e877b0000, 0x0000023e87b50000, 0x0000023e8a7b0000]
 total_blobs=1396 nmethods=956 adapters=366
 compilation: enabled
              stopped_count=0, restarted_count=0
 full_count=0

Compilation events (20 events):
Event: 30.616 Thread 0x0000023e95d9d020  944       1       java.lang.invoke.MethodHandles$Lookup::checkSymbolicClass (25 bytes)
Event: 30.616 Thread 0x0000023e95c0d5d0  945       1       java.lang.invoke.MemberName::isMethod (8 bytes)
Event: 30.616 Thread 0x0000023e95c0d5d0 nmethod 945 0x0000023e87aa4390 code [0x0000023e87aa4520, 0x0000023e87aa4618]
Event: 30.616 Thread 0x0000023e95c0d5d0  946       1       jdk.internal.org.objectweb.asm.MethodWriter::visitLabel (328 bytes)
Event: 30.617 Thread 0x0000023e95d9d020 nmethod 944 0x0000023e87aa3a10 code [0x0000023e87aa3c40, 0x0000023e87aa4078]
Event: 30.617 Thread 0x0000023e95c0d5d0 nmethod 946 0x0000023e87aa2890 code [0x0000023e87aa2ac0, 0x0000023e87aa37c8]
Event: 30.619 Thread 0x0000023e95c0d5d0  947       1       java.lang.invoke.MethodHandleNatives::refKindIsMethod (19 bytes)
Event: 30.619 Thread 0x0000023e95c0d5d0 nmethod 947 0x0000023e87aa2590 code [0x0000023e87aa2720, 0x0000023e87aa27f8]
Event: 30.619 Thread 0x0000023e95c0d5d0  948       1       sun.invoke.util.Wrapper::isSubwordOrInt (20 bytes)
Event: 30.619 Thread 0x0000023e963f9140  949       1       sun.invoke.util.Wrapper::isIntegral (23 bytes)
Event: 30.619 Thread 0x0000023e95d9d020  950       1       sun.invoke.util.Wrapper::isNumeric (16 bytes)
Event: 30.619 Thread 0x0000023e95d9d020 nmethod 950 0x0000023e87aa1c90 code [0x0000023e87aa1e20, 0x0000023e87aa1ef8]
Event: 30.619 Thread 0x0000023e963f9140 nmethod 949 0x0000023e87aa1990 code [0x0000023e87aa1b20, 0x0000023e87aa1c38]
Event: 30.619 Thread 0x0000023e95c0d5d0 nmethod 948 0x0000023e87aa1610 code [0x0000023e87aa17a0, 0x0000023e87aa18f8]
Event: 30.620 Thread 0x0000023e963f9140  952       1       jdk.internal.org.objectweb.asm.Frame::setLocal (65 bytes)
Event: 30.621 Thread 0x0000023e963f9140 nmethod 952 0x0000023e87aa0f10 code [0x0000023e87aa10c0, 0x0000023e87aa14c8]
Event: 30.622 Thread 0x0000023e963f9140  953       1       jdk.internal.org.objectweb.asm.Frame::pop (53 bytes)
Event: 30.622 Thread 0x0000023e963f9140 nmethod 953 0x0000023e87aa0790 code [0x0000023e87aa0980, 0x0000023e87aa0cb8]
Event: 30.639 Thread 0x0000023e963f9140  954       1       sun.security.provider.SHA::implCompress0 (506 bytes)
Event: 30.640 Thread 0x0000023e963f9140 nmethod 954 0x0000023e87a9fc90 code [0x0000023e87a9fe60, 0x0000023e87aa03e8]

GC Heap History (0 events):
No events

Deoptimization events (0 events):
No events

Classes unloaded (0 events):
No events

Classes redefined (0 events):
No events

Internal exceptions (9 events):
Event: 29.879 Thread 0x0000023efdff6d00 Exception <a 'java/lang/NoSuchMethodError'{0x000000071122dc20}: 'java.lang.Object java.lang.invoke.DirectMethodHandle$Holder.invokeStaticInit(java.lang.Object)'> (0x000000071122dc20) 
thrown [s\open\src\hotspot\share\interpreter\linkResolver.cpp, line 759]
Event: 29.953 Thread 0x0000023efdff6d00 Exception <a 'java/lang/NoSuchMethodError'{0x00000007112b8d00}: 'int java.lang.invoke.DirectMethodHandle$Holder.invokeInterface(java.lang.Object, java.lang.Object)'> (0x00000007112b8d00) 
thrown [s\open\src\hotspot\share\interpreter\linkResolver.cpp, line 759]
Event: 29.953 Thread 0x0000023efdff6d00 Exception <a 'java/lang/IncompatibleClassChangeError'{0x00000007112bc300}: Found class java.lang.Object, but interface was expected> (0x00000007112bc300) 
thrown [s\open\src\hotspot\share\interpreter\linkResolver.cpp, line 826]
Event: 29.957 Thread 0x0000023efdff6d00 Exception <a 'java/lang/NoSuchMethodError'{0x00000007112c25f8}: 'void java.lang.invoke.DirectMethodHandle$Holder.invokeStatic(java.lang.Object, java.lang.Object)'> (0x00000007112c25f8) 
thrown [s\open\src\hotspot\share\interpreter\linkResolver.cpp, line 759]
Event: 30.096 Thread 0x0000023efdff6d00 Exception <a 'java/lang/NoSuchMethodError'{0x0000000711028d00}: 'int java.lang.invoke.DirectMethodHandle$Holder.invokeSpecial(java.lang.Object, java.lang.Object, java.lang.Object)'> (0x0000000711028d00) 
thrown [s\open\src\hotspot\share\interpreter\linkResolver.cpp, line 759]
Event: 30.216 Thread 0x0000023efdff6d00 Exception <a 'java/lang/NoSuchMethodError'{0x00000007111a3f28}: 'void java.lang.invoke.DirectMethodHandle$Holder.invokeStatic(java.lang.Object, java.lang.Object, java.lang.Object)'> (0x00000007111a3f28) 
thrown [s\open\src\hotspot\share\interpreter\linkResolver.cpp, line 759]
Event: 30.578 Thread 0x0000023efdff6d00 Exception <a 'java/lang/NoSuchMethodError'{0x0000000710e437a8}: 'int java.lang.invoke.DirectMethodHandle$Holder.invokeSpecialIFC(java.lang.Object, java.lang.Object, java.lang.Object)'> (0x0000000710e437a8) 
thrown [s\open\src\hotspot\share\interpreter\linkResolver.cpp, line 759]
Event: 30.622 Thread 0x0000023efdff6d00 Exception <a 'java/lang/NoSuchMethodError'{0x0000000710eb8130}: 'java.lang.Object java.lang.invoke.DirectMethodHandle$Holder.invokeStaticInit(java.lang.Object, int, int, int, int)'> (0x0000000710eb8130) 
thrown [s\open\src\hotspot\share\interpreter\linkResolver.cpp, line 759]
Event: 30.646 Thread 0x0000023efdff6d00 Exception <a 'java/lang/Error'{0x0000000710ecb2a8}: IP Helper Library GetIpAddrTable function failed> (0x0000000710ecb2a8) 
thrown [s\open\src\hotspot\share\prims\jni.cpp, line 535]

VM Operations (16 events):
Event: 0.500 Executing VM operation: HandshakeAllThreads
Event: 0.500 Executing VM operation: HandshakeAllThreads done
Event: 0.561 Executing VM operation: ChangeBreakpoints
Event: 0.577 Executing VM operation: ChangeBreakpoints done
Event: 0.590 Executing VM operation: ChangeBreakpoints
Event: 0.590 Executing VM operation: ChangeBreakpoints done
Event: 28.764 Executing VM operation: HandshakeAllThreads
Event: 28.764 Executing VM operation: HandshakeAllThreads done
Event: 28.764 Executing VM operation: Cleanup
Event: 28.764 Executing VM operation: Cleanup done
Event: 29.768 Executing VM operation: Cleanup
Event: 29.862 Executing VM operation: Cleanup done
Event: 30.542 Executing VM operation: HandshakeAllThreads
Event: 30.542 Executing VM operation: HandshakeAllThreads done
Event: 30.598 Executing VM operation: HandshakeAllThreads
Event: 30.598 Executing VM operation: HandshakeAllThreads done

Events (20 events):
Event: 30.619 loading class sun/security/provider/HashDrbg done
Event: 30.619 loading class sun/security/provider/EntropySource
Event: 30.619 loading class sun/security/provider/EntropySource done
Event: 30.623 loading class java/security/DrbgParameters$NextBytes
Event: 30.623 loading class java/security/DrbgParameters$NextBytes done
Event: 30.624 loading class sun/security/provider/AbstractDrbg$SeederHolder
Event: 30.624 loading class sun/security/provider/AbstractDrbg$SeederHolder done
Event: 30.624 loading class sun/security/provider/SeedGenerator
Event: 30.624 loading class sun/security/provider/SeedGenerator done
Event: 30.624 loading class sun/security/provider/NativeSeedGenerator
Event: 30.624 loading class sun/security/provider/NativeSeedGenerator done
Event: 30.630 loading class sun/security/provider/SeedGenerator$ThreadedSeedGenerator
Event: 30.631 loading class sun/security/provider/SeedGenerator$ThreadedSeedGenerator done
Event: 30.631 loading class sun/security/provider/SHA
Event: 30.632 loading class sun/security/provider/SHA done
Event: 30.633 loading class sun/security/provider/SeedGenerator$ThreadedSeedGenerator$1
Event: 30.634 loading class sun/security/provider/SeedGenerator$ThreadedSeedGenerator$1 done
Event: 30.634 Thread 0x0000023e95d5f600 Thread added: 0x0000023e95d5f600
Event: 30.634 loading class sun/security/provider/SeedGenerator$1
Event: 30.634 loading class sun/security/provider/SeedGenerator$1 done


Dynamic libraries:
0x00007ff6a55e0000 - 0x00007ff6a55f0000 	C:\Java\jdk-17\bin\javaw.exe
0x00007ff92d190000 - 0x00007ff92d3a4000 	C:\WINDOWS\SYSTEM32\ntdll.dll
0x00007ff92b040000 - 0x00007ff92b104000 	C:\WINDOWS\System32\KERNEL32.DLL
0x00007ff92a600000 - 0x00007ff92a9a4000 	C:\WINDOWS\System32\KERNELBASE.dll
0x00007ff92ac40000 - 0x00007ff92ad51000 	C:\WINDOWS\System32\ucrtbase.dll
0x00007ff9185c0000 - 0x00007ff9185d8000 	C:\Java\jdk-17\bin\jli.dll
0x00007ff92b140000 - 0x00007ff92b1f0000 	C:\WINDOWS\System32\ADVAPI32.dll
0x00007ff92b5b0000 - 0x00007ff92b657000 	C:\WINDOWS\System32\msvcrt.dll
0x00007ff92c100000 - 0x00007ff92c1a6000 	C:\WINDOWS\System32\sechost.dll
0x00007ff92af20000 - 0x00007ff92b037000 	C:\WINDOWS\System32\RPCRT4.dll
0x00007ff92c970000 - 0x00007ff92cb1a000 	C:\WINDOWS\System32\USER32.dll
0x00007ff92aa30000 - 0x00007ff92aa56000 	C:\WINDOWS\System32\win32u.dll
0x00007ff92b110000 - 0x00007ff92b139000 	C:\WINDOWS\System32\GDI32.dll
0x00007ff92ae00000 - 0x00007ff92af19000 	C:\WINDOWS\System32\gdi32full.dll
0x00007ff92ad60000 - 0x00007ff92adfa000 	C:\WINDOWS\System32\msvcp_win.dll
0x00007ff9185e0000 - 0x00007ff9185fb000 	C:\Java\jdk-17\bin\VCRUNTIME140.dll
0x00007ff9107f0000 - 0x00007ff910a7f000 	C:\WINDOWS\WinSxS\amd64_microsoft.windows.common-controls_6595b64144ccf1df_6.0.22621.2070_none_2713e6537381f706\COMCTL32.dll
0x00007ff920790000 - 0x00007ff92079a000 	C:\WINDOWS\SYSTEM32\VERSION.dll
0x00007ff92c040000 - 0x00007ff92c071000 	C:\WINDOWS\System32\IMM32.DLL
0x00007ff926b10000 - 0x00007ff926b1c000 	C:\Java\jdk-17\bin\vcruntime140_1.dll
0x00007ff9165d0000 - 0x00007ff91665e000 	C:\Java\jdk-17\bin\msvcp140.dll
0x00007ff8bb470000 - 0x00007ff8bc047000 	C:\Java\jdk-17\bin\server\jvm.dll
0x00007ff92c3c0000 - 0x00007ff92c3c8000 	C:\WINDOWS\System32\PSAPI.DLL
0x00007ff9043a0000 - 0x00007ff9043a9000 	C:\WINDOWS\SYSTEM32\WSOCK32.dll
0x00007ff92cb20000 - 0x00007ff92cb91000 	C:\WINDOWS\System32\WS2_32.dll
0x00007ff922150000 - 0x00007ff922184000 	C:\WINDOWS\SYSTEM32\WINMM.dll
0x00007ff9295e0000 - 0x00007ff9295f8000 	C:\WINDOWS\SYSTEM32\kernel.appcore.dll
0x00007ff925000000 - 0x00007ff92500a000 	C:\Java\jdk-17\bin\jimage.dll
0x00007ff927c80000 - 0x00007ff927eae000 	C:\WINDOWS\SYSTEM32\DBGHELP.DLL
0x00007ff92c590000 - 0x00007ff92c91a000 	C:\WINDOWS\System32\combase.dll
0x00007ff92b420000 - 0x00007ff92b4f7000 	C:\WINDOWS\System32\OLEAUT32.dll
0x00007ff916410000 - 0x00007ff916442000 	C:\WINDOWS\SYSTEM32\dbgcore.DLL
0x00007ff92a9b0000 - 0x00007ff92aa2a000 	C:\WINDOWS\System32\bcryptPrimitives.dll
0x00007ff8e8e50000 - 0x00007ff8e8e8b000 	C:\Java\jdk-17\bin\jdwp.dll
0x00007ff924fe0000 - 0x00007ff924fee000 	C:\Java\jdk-17\bin\instrument.dll
0x00007ff916e10000 - 0x00007ff916e35000 	C:\Java\jdk-17\bin\java.dll
0x00007ff90b630000 - 0x00007ff90b707000 	C:\Java\jdk-17\bin\jsvml.dll
0x00007ff92b660000 - 0x00007ff92be76000 	C:\WINDOWS\System32\SHELL32.dll
0x00007ff9284d0000 - 0x00007ff928dba000 	C:\WINDOWS\SYSTEM32\windows.storage.dll
0x00007ff928390000 - 0x00007ff9284ce000 	C:\WINDOWS\SYSTEM32\wintypes.dll
0x00007ff92c3e0000 - 0x00007ff92c4d3000 	C:\WINDOWS\System32\SHCORE.dll
0x00007ff92c1c0000 - 0x00007ff92c21e000 	C:\WINDOWS\System32\shlwapi.dll
0x00007ff92a470000 - 0x00007ff92a496000 	C:\WINDOWS\SYSTEM32\profapi.dll
0x00007ff917d10000 - 0x00007ff917d1c000 	C:\Java\jdk-17\bin\dt_socket.dll
0x00007ff9290d0000 - 0x00007ff9290fd000 	C:\WINDOWS\SYSTEM32\IPHLPAPI.DLL
0x00007ff929aa0000 - 0x00007ff929b09000 	C:\WINDOWS\system32\mswsock.dll
0x00007ff929100000 - 0x00007ff9291f3000 	C:\WINDOWS\SYSTEM32\DNSAPI.dll
0x00007ff92c1b0000 - 0x00007ff92c1b9000 	C:\WINDOWS\System32\NSI.dll
0x00007ff9209e0000 - 0x00007ff9209ea000 	C:\Windows\System32\rasadhlp.dll
0x00007ff921be0000 - 0x00007ff921c64000 	C:\WINDOWS\System32\fwpuclnt.dll
0x00007ff9165b0000 - 0x00007ff9165c8000 	C:\Java\jdk-17\bin\zip.dll
0x00007ff9185a0000 - 0x00007ff9185b9000 	C:\Java\jdk-17\bin\net.dll
0x00007ff922cb0000 - 0x00007ff922de7000 	C:\WINDOWS\SYSTEM32\WINHTTP.dll
0x00007ff9179a0000 - 0x00007ff9179b6000 	C:\Java\jdk-17\bin\nio.dll
0x00007ff917d20000 - 0x00007ff917d2a000 	C:\Java\jdk-17\bin\management.dll
0x00007ff9165a0000 - 0x00007ff9165ab000 	C:\Java\jdk-17\bin\management_ext.dll
0x00007ff8f85e0000 - 0x00007ff8f85f7000 	C:\WINDOWS\system32\napinsp.dll
0x00007ff8f85c0000 - 0x00007ff8f85db000 	C:\WINDOWS\system32\pnrpnsp.dll
0x00007ff8f84a0000 - 0x00007ff8f84b1000 	C:\WINDOWS\System32\winrnr.dll
0x00007ff921c70000 - 0x00007ff921c85000 	C:\WINDOWS\system32\wshbth.dll
0x00007ff8f8430000 - 0x00007ff8f8451000 	C:\WINDOWS\system32\nlansp_c.dll
0x00007ff929dc0000 - 0x00007ff929ddb000 	C:\WINDOWS\SYSTEM32\CRYPTSP.dll

dbghelp: loaded successfully - version: 4.0.5 - missing functions: none
symbol engine: initialized successfully - sym options: 0x614 - pdb path: .;C:\Java\jdk-17\bin;C:\WINDOWS\SYSTEM32;C:\WINDOWS\WinSxS\amd64_microsoft.windows.common-controls_6595b64144ccf1df_6.0.22621.2070_none_2713e6537381f706;C:\Java\jdk-17\bin\server

VM Arguments:
jvm_args: -XX:+ShowCodeDetailsInExceptionMessages -agentlib:jdwp=transport=dt_socket,suspend=y,address=localhost:2910 -Dcom.sun.management.jmxremote -Dcom.sun.management.jmxremote.port=12419 -Dcom.sun.management.jmxremote.authenticate=false -Dcom.sun.management.jmxremote.ssl=false -Djava.rmi.server.hostname=localhost -Dspring.jmx.enabled=true -Dmanagement.endpoints.jmx.exposure.include=* -Dspring.application.admin.enabled=true -XX:TieredStopAtLevel=1 -Dspring.boot.project.name=projectCulture -javaagent:C:\springdeveloper\sts-4.19.1.RELEASE\configuration\org.eclipse.osgi\267\0\.cp\lib\javaagent-shaded.jar -Dfile.encoding=UTF-8 
java_command: com.spring.ProjectCultureApplication --spring.output.ansi.enabled=always
java_class_path (initial): C:\springdeveloper\springBootCoding\projectCulture\target\classes;C:\Users\wnslr\.m2\repository\org\springframework\boot\spring-boot-starter-jdbc\2.7.14\spring-boot-starter-jdbc-2.7.14.jar;C:\Users\wnslr\.m2\repository\org\springframework\boot\spring-boot-starter\2.7.14\spring-boot-starter-2.7.14.jar;C:\Users\wnslr\.m2\repository\org\springframework\boot\spring-boot-starter-logging\2.7.14\spring-boot-starter-logging-2.7.14.jar;C:\Users\wnslr\.m2\repository\ch\qos\logback\logback-classic\1.2.12\logback-classic-1.2.12.jar;C:\Users\wnslr\.m2\repository\ch\qos\logback\logback-core\1.2.12\logback-core-1.2.12.jar;C:\Users\wnslr\.m2\repository\org\apache\logging\log4j\log4j-to-slf4j\2.17.2\log4j-to-slf4j-2.17.2.jar;C:\Users\wnslr\.m2\repository\org\apache\logging\log4j\log4j-api\2.17.2\log4j-api-2.17.2.jar;C:\Users\wnslr\.m2\repository\org\slf4j\jul-to-slf4j\1.7.36\jul-to-slf4j-1.7.36.jar;C:\Users\wnslr\.m2\repository\jakarta\annotation\jakarta.annotation-api\1.3.5\jakarta.annotation-api-1.3.5.jar;C:\Users\wnslr\.m2\repository\org\yaml\snakeyaml\1.30\snakeyaml-1.30.jar;C:\Users\wnslr\.m2\repository\com\zaxxer\HikariCP\4.0.3\HikariCP-4.0.3.jar;C:\Users\wnslr\.m2\repository\org\springframework\spring-jdbc\5.3.29\spring-jdbc-5.3.29.jar;C:\Users\wnslr\.m2\repository\org\springframework\spring-beans\5.3.29\spring-beans-5.3.29.jar;C:\Users\wnslr\.m2\repository\org\springframework\spring-tx\5.3.29\spring-tx-5.3.29.jar;C:\Users\wnslr\.m2\repository\org\springframework\boot\spring-boot-starter-web\2.7.14\spring-boot-starter-web-2.7.14.jar;C:\Users\wnslr\.m2\repository\org\springframework\boot\spring-boot-starter-json\2.7.14\spring-boot-starter-json-2.7.14.jar;C:\Users\wnslr\.m2\repository\com\fasterxml\jackson\core\jackson-databind\2.13.5\jackson-databind-2.13.5.jar;C:\Users\wnslr\.m2\repository\com\fasterxml\jackson\core\jackson-annotations\2.13.5\jackson-annotations-2.13.5.jar;C:\Users\wnslr\.m2\repository\com\fasterxml\jackson\core\jackson-core\2.13.
Launcher Type: SUN_STANDARD

[Global flags]
     intx CICompilerCount                          = 4                                         {product} {ergonomic}
     uint ConcGCThreads                            = 3                                         {product} {ergonomic}
     uint G1ConcRefinementThreads                  = 10                                        {product} {ergonomic}
   size_t G1HeapRegionSize                         = 2097152                                   {product} {ergonomic}
    uintx GCDrainStackTargetSize                   = 64                                        {product} {ergonomic}
   size_t InitialHeapSize                          = 268435456                                 {product} {ergonomic}
     bool ManagementServer                         = true                                      {product} {command line}
   size_t MarkStackSize                            = 4194304                                   {product} {ergonomic}
   size_t MaxHeapSize                              = 4263510016                                {product} {ergonomic}
   size_t MaxNewSize                               = 2556428288                                {product} {ergonomic}
   size_t MinHeapDeltaBytes                        = 2097152                                   {product} {ergonomic}
   size_t MinHeapSize                              = 8388608                                   {product} {ergonomic}
    uintx NonProfiledCodeHeapSize                  = 0                                      {pd product} {ergonomic}
     bool ProfileInterpreter                       = false                                  {pd product} {command line}
    uintx ProfiledCodeHeapSize                     = 0                                      {pd product} {ergonomic}
     bool ShowCodeDetailsInExceptionMessages       = true                                   {manageable} {command line}
   size_t SoftMaxHeapSize                          = 4263510016                             {manageable} {ergonomic}
     intx TieredStopAtLevel                        = 1                                         {product} {command line}
     bool UseCompressedClassPointers               = true                           {product lp64_product} {ergonomic}
     bool UseCompressedOops                        = true                           {product lp64_product} {ergonomic}
     bool UseG1GC                                  = true                                      {product} {ergonomic}
     bool UseLargePagesIndividualAllocation        = false                                  {pd product} {ergonomic}

Logging:
Log output configuration:
 #0: stdout all=warning uptime,level,tags
 #1: stderr all=off uptime,level,tags

Environment Variables:
JAVA_HOME=C:\Java\jdk-17
CLASSPATH=%classpath%;.;.;.
PATH=C:/springdeveloper/sts-4.19.1.RELEASE//plugins/org.eclipse.justj.openjdk.hotspot.jre.full.win32.x86_64_17.0.7.v20230425-1502/jre/bin/server;C:/springdeveloper/sts-4.19.1.RELEASE//plugins/org.eclipse.justj.openjdk.hotspot.jre.full.win32.x86_64_17.0.7.v20230425-1502/jre/bin;C:\Program Files (x86)\Razer Chroma SDK\bin;C:\Program Files\Razer Chroma SDK\bin;C:\Program Files (x86)\Razer\ChromaBroadcast\bin;C:\Program Files\Razer\ChromaBroadcast\bin;C:\app\wnslr\product\18.0.0\dbhomeXE\bin;C:\Java\jdk-17\bin;C:\Program Files\Common Files\Oracle\Java\javapath;C:\Windows\system32;C:\Windows;C:\Windows\System32\Wbem;C:\Windows\System32\WindowsPowerShell\v1.0\;C:\Windows\System32\OpenSSH\;C:\Program Files (x86)\NVIDIA Corporation\PhysX\Common;C:\Program Files\NVIDIA Corporation\NVIDIA NvDLISR;C:\WINDOWS\system32;C:\WINDOWS;C:\WINDOWS\System32\Wbem;C:\WINDOWS\System32\WindowsPowerShell\v1.0\;C:\WINDOWS\System32\OpenSSH\;C:\Program Files (x86)\dotnet\;C:\WINDOWS\system32\config\systemprofile\AppData\Local\Microsoft\WindowsApps;C:\Program Files\nodejs\;C:\Users\wnslr\AppData\Local\Microsoft\WindowsApps;C:\Program Files\Bandizip\;C:\Users\wnslr\AppData\Local\Programs\Microsoft VS Code\bin;C:\Users\wnslr\AppData\Roaming\npm;C:\Users\wnslr\AppData\Local\GitHubDesktop\bin;C:\springdeveloper\sts-4.19.1.RELEASE;
USERNAME=wnslr
OS=Windows_NT
PROCESSOR_IDENTIFIER=Intel64 Family 6 Model 158 Stepping 10, GenuineIntel



---------------  S Y S T E M  ---------------

OS:
 Windows 11 , 64 bit Build 22621 (10.0.22621.2070)
OS uptime: 14 days 3:34 hours
Hyper-V role detected

CPU: total 12 (initial active 12) (6 cores per cpu, 2 threads per core) family 6 model 158 stepping 10 microcode 0xea, cx8, cmov, fxsr, ht, mmx, 3dnowpref, sse, sse2, sse3, ssse3, sse4.1, sse4.2, popcnt, lzcnt, tsc, tscinvbit, avx, avx2, aes, erms, clmul, bmi1, bmi2, adx, fma, vzeroupper, clflush, clflushopt, hv

Memory: 4k page, system-wide physical 16263M (1710M free)
TotalPageFile size 46621M (AvailPageFile size 5M)
current process WorkingSet (physical memory assigned to process): 58M, peak: 58M
current process commit charge ("private bytes"): 354M, peak: 354M

vm_info: Java HotSpot(TM) 64-Bit Server VM (17.0.6+9-LTS-190) for windows-amd64 JRE (17.0.6+9-LTS-190), built on Dec  6 2022 15:53:54 by "mach5one" with MS VC++ 17.1 (VS2022)

END.
