#
# There is insufficient memory for the Java Runtime Environment to continue.
# Native memory allocation (mmap) failed to map 65536 bytes for Failed to commit metaspace.
# Possible reasons:
#   The system is out of physical RAM or swap space
#   The process is running with CompressedOops enabled, and the Java Heap may be blocking the growth of the native heap
# Possible solutions:
#   Reduce memory load on the system
#   Increase physical memory or swap space
#   Check if swap backing store is full
#   Decrease Java heap size (-Xmx/-Xms)
#   Decrease number of Java threads
#   Decrease Java thread stack sizes (-Xss)
#   Set larger code cache with -XX:ReservedCodeCacheSize=
#   JVM is running with Zero Based Compressed Oops mode in which the Java heap is
#     placed in the first 32GB address space. The Java Heap base address is the
#     maximum limit for the native heap growth. Please use -XX:HeapBaseMinAddress
#     to set the Java Heap base and to place the Java Heap above 32GB virtual address.
# This output file may be truncated or incomplete.
#
#  Out of Memory Error (virtualSpaceNode.cpp:110), pid=35620, tid=64860
#
# JRE version: Java(TM) SE Runtime Environment (17.0.6+9) (build 17.0.6+9-LTS-190)
# Java VM: Java HotSpot(TM) 64-Bit Server VM (17.0.6+9-LTS-190, mixed mode, emulated-client, sharing, tiered, compressed oops, compressed class ptrs, g1 gc, windows-amd64)
# No core dump will be written. Minidumps are not enabled by default on client versions of Windows
#

---------------  S U M M A R Y ------------

Command Line: -XX:+ShowCodeDetailsInExceptionMessages -agentlib:jdwp=transport=dt_socket,suspend=y,address=localhost:13777 -Dcom.sun.management.jmxremote -Dcom.sun.management.jmxremote.port=12118 -Dcom.sun.management.jmxremote.authenticate=false -Dcom.sun.management.jmxremote.ssl=false -Djava.rmi.server.hostname=localhost -Dspring.jmx.enabled=true -Dmanagement.endpoints.jmx.exposure.include=* -Dspring.application.admin.enabled=true -XX:TieredStopAtLevel=1 -Dspring.boot.project.name=projectCulture -javaagent:C:\springdeveloper\sts-4.19.1.RELEASE\configuration\org.eclipse.osgi\267\0\.cp\lib\javaagent-shaded.jar -Dfile.encoding=UTF-8 com.spring.ProjectCultureApplication --spring.output.ansi.enabled=always

Host: Intel(R) Core(TM) i7-9750H CPU @ 2.60GHz, 12 cores, 15G,  Windows 11 , 64 bit Build 22621 (10.0.22621.2070)
Time: Thu Aug 24 12:23:50 2023  Windows 11 , 64 bit Build 22621 (10.0.22621.2070) elapsed time: 41.935885 seconds (0d 0h 0m 41s)

---------------  T H R E A D  ---------------

Current thread (0x000001cb7397cf50):  JavaThread "restartedMain" [_thread_in_vm, id=64860, stack(0x00000019ee400000,0x00000019ee500000)]

Stack: [0x00000019ee400000,0x00000019ee500000]
Native frames: (J=compiled Java code, j=interpreted, Vv=VM code, C=native code)
V  [jvm.dll+0x6734ea]
V  [jvm.dll+0x7d18f4]
V  [jvm.dll+0x7d309e]
V  [jvm.dll+0x7d3703]
V  [jvm.dll+0x2433c5]
V  [jvm.dll+0x7cd9fb]
V  [jvm.dll+0x619546]
V  [jvm.dll+0x1bdf07]
V  [jvm.dll+0x61bea0]
V  [jvm.dll+0x619f06]
V  [jvm.dll+0x623c07]
V  [jvm.dll+0x1e79bd]
V  [jvm.dll+0x1e7f85]
V  [jvm.dll+0x1e88cb]
V  [jvm.dll+0x1de0d1]
V  [jvm.dll+0x5399dc]
V  [jvm.dll+0x74c638]
V  [jvm.dll+0x74c724]
V  [jvm.dll+0x4080bf]
V  [jvm.dll+0x40e0d9]
C  [java.dll+0x17ec]

Java frames: (J=compiled Java code, j=interpreted, Vv=VM code)
J 1357  java.lang.ClassLoader.defineClass1(Ljava/lang/ClassLoader;Ljava/lang/String;[BIILjava/security/ProtectionDomain;Ljava/lang/String;)Ljava/lang/Class; java.base@17.0.6 (0 bytes) @ 0x000001cb625034e3 [0x000001cb62503420+0x00000000000000c3]
J 1510 c1 java.lang.ClassLoader.defineClass(Ljava/lang/String;[BIILjava/security/ProtectionDomain;)Ljava/lang/Class; java.base@17.0.6 (43 bytes) @ 0x000001cb624c63a4 [0x000001cb624c6260+0x0000000000000144]
J 1374 c1 jdk.internal.loader.BuiltinClassLoader.defineClass(Ljava/lang/String;Ljdk/internal/loader/Resource;)Ljava/lang/Class; java.base@17.0.6 (121 bytes) @ 0x000001cb624f7a2c [0x000001cb624f7520+0x000000000000050c]
J 1358 c1 jdk.internal.loader.BuiltinClassLoader.findClassOnClassPathOrNull(Ljava/lang/String;)Ljava/lang/Class; java.base@17.0.6 (64 bytes) @ 0x000001cb6250289c [0x000001cb625025a0+0x00000000000002fc]
J 1172 c1 jdk.internal.loader.BuiltinClassLoader.loadClassOrNull(Ljava/lang/String;Z)Ljava/lang/Class; java.base@17.0.6 (143 bytes) @ 0x000001cb625738dc [0x000001cb62573400+0x00000000000004dc]
J 1264 c1 jdk.internal.loader.ClassLoaders$AppClassLoader.loadClass(Ljava/lang/String;Z)Ljava/lang/Class; java.base@17.0.6 (40 bytes) @ 0x000001cb6252e7bc [0x000001cb6252e680+0x000000000000013c]
J 1252 c1 java.lang.ClassLoader.loadClass(Ljava/lang/String;)Ljava/lang/Class; java.base@17.0.6 (7 bytes) @ 0x000001cb625398fc [0x000001cb625398a0+0x000000000000005c]
v  ~StubRoutines::call_stub
j  org.springframework.web.servlet.mvc.method.annotation.ResponseBodyEmitterReturnValueHandler.<init>(Ljava/util/List;Lorg/springframework/core/ReactiveAdapterRegistry;Lorg/springframework/core/task/TaskExecutor;Lorg/springframework/web/accept/ContentNegotiationManager;)V+19
j  org.springframework.web.servlet.mvc.method.annotation.RequestMappingHandlerAdapter.getDefaultReturnValueHandlers()Ljava/util/List;+73
j  org.springframework.web.servlet.mvc.method.annotation.RequestMappingHandlerAdapter.afterPropertiesSet()V+66
j  org.springframework.beans.factory.support.AbstractAutowireCapableBeanFactory.invokeInitMethods(Ljava/lang/String;Ljava/lang/Object;Lorg/springframework/beans/factory/support/RootBeanDefinition;)V+106
j  org.springframework.beans.factory.support.AbstractAutowireCapableBeanFactory.initializeBean(Ljava/lang/String;Ljava/lang/Object;Lorg/springframework/beans/factory/support/RootBeanDefinition;)Ljava/lang/Object;+59
j  org.springframework.beans.factory.support.AbstractAutowireCapableBeanFactory.doCreateBean(Ljava/lang/String;Lorg/springframework/beans/factory/support/RootBeanDefinition;[Ljava/lang/Object;)Ljava/lang/Object;+245
j  org.springframework.beans.factory.support.AbstractAutowireCapableBeanFactory.createBean(Ljava/lang/String;Lorg/springframework/beans/factory/support/RootBeanDefinition;[Ljava/lang/Object;)Ljava/lang/Object;+169
j  org.springframework.beans.factory.support.AbstractBeanFactory.lambda$doGetBean$0(Ljava/lang/String;Lorg/springframework/beans/factory/support/RootBeanDefinition;[Ljava/lang/Object;)Ljava/lang/Object;+4
j  org.springframework.beans.factory.support.AbstractBeanFactory$$Lambda$351+0x0000000800e59868.getObject()Ljava/lang/Object;+16
j  org.springframework.beans.factory.support.DefaultSingletonBeanRegistry.getSingleton(Ljava/lang/String;Lorg/springframework/beans/factory/ObjectFactory;)Ljava/lang/Object;+132
J 3083 c1 org.springframework.beans.factory.support.AbstractBeanFactory.doGetBean(Ljava/lang/String;Ljava/lang/Class;[Ljava/lang/Object;Z)Ljava/lang/Object; (832 bytes) @ 0x000001cb629d6d3c [0x000001cb629d6720+0x000000000000061c]
j  org.springframework.beans.factory.support.AbstractBeanFactory.getBean(Ljava/lang/String;)Ljava/lang/Object;+5
j  org.springframework.beans.factory.support.DefaultListableBeanFactory.preInstantiateSingletons()V+248
j  org.springframework.context.support.AbstractApplicationContext.finishBeanFactoryInitialization(Lorg/springframework/beans/factory/config/ConfigurableListableBeanFactory;)V+124
j  org.springframework.context.support.AbstractApplicationContext.refresh()V+86
j  org.springframework.boot.web.servlet.context.ServletWebServerApplicationContext.refresh()V+1
j  org.springframework.boot.SpringApplication.refresh(Lorg/springframework/context/ConfigurableApplicationContext;)V+1
j  org.springframework.boot.SpringApplication.refreshContext(Lorg/springframework/context/ConfigurableApplicationContext;)V+16
j  org.springframework.boot.SpringApplication.run([Ljava/lang/String;)Lorg/springframework/context/ConfigurableApplicationContext;+107
j  org.springframework.boot.SpringApplication.run([Ljava/lang/Class;[Ljava/lang/String;)Lorg/springframework/context/ConfigurableApplicationContext;+9
j  org.springframework.boot.SpringApplication.run(Ljava/lang/Class;[Ljava/lang/String;)Lorg/springframework/context/ConfigurableApplicationContext;+9
j  com.spring.ProjectCultureApplication.main([Ljava/lang/String;)V+3
v  ~StubRoutines::call_stub
j  jdk.internal.reflect.NativeMethodAccessorImpl.invoke0(Ljava/lang/reflect/Method;Ljava/lang/Object;[Ljava/lang/Object;)Ljava/lang/Object;+0 java.base@17.0.6
j  jdk.internal.reflect.NativeMethodAccessorImpl.invoke(Ljava/lang/Object;[Ljava/lang/Object;)Ljava/lang/Object;+133 java.base@17.0.6
j  jdk.internal.reflect.DelegatingMethodAccessorImpl.invoke(Ljava/lang/Object;[Ljava/lang/Object;)Ljava/lang/Object;+6 java.base@17.0.6
j  java.lang.reflect.Method.invoke(Ljava/lang/Object;[Ljava/lang/Object;)Ljava/lang/Object;+59 java.base@17.0.6
j  org.springframework.boot.devtools.restart.RestartLauncher.run()V+47
v  ~StubRoutines::call_stub

---------------  P R O C E S S  ---------------

Threads class SMR info:
_java_thread_list=0x000001cb748c8b80, length=26, elements={
0x000001cb591c8170, 0x000001cb721a3470, 0x000001cb721a4020, 0x000001cb721be4b0,
0x000001cb72c01090, 0x000001cb72c01950, 0x000001cb72c02210, 0x000001cb72c03bd0,
0x000001cb72c36550, 0x000001cb72cf8410, 0x000001cb72d632c0, 0x000001cb72d637b0,
0x000001cb72d63ca0, 0x000001cb734d4e70, 0x000001cb735bd5b0, 0x000001cb735ac7f0,
0x000001cb73626060, 0x000001cb7399f510, 0x000001cb7397cf50, 0x000001cb74dcd060,
0x000001cb72c9b600, 0x000001cb74966de0, 0x000001cb74969e00, 0x000001cb74968ac0,
0x000001cb749672b0, 0x000001cb74969460
}

Java Threads: ( => current thread )
  0x000001cb591c8170 JavaThread "main" [_thread_blocked, id=15140, stack(0x00000019ec100000,0x00000019ec200000)]
  0x000001cb721a3470 JavaThread "Reference Handler" daemon [_thread_blocked, id=45432, stack(0x00000019ec800000,0x00000019ec900000)]
  0x000001cb721a4020 JavaThread "Finalizer" daemon [_thread_blocked, id=32048, stack(0x00000019ec900000,0x00000019eca00000)]
  0x000001cb721be4b0 JavaThread "Signal Dispatcher" daemon [_thread_blocked, id=51428, stack(0x00000019eca00000,0x00000019ecb00000)]
  0x000001cb72c01090 JavaThread "Attach Listener" daemon [_thread_blocked, id=52800, stack(0x00000019ecb00000,0x00000019ecc00000)]
  0x000001cb72c01950 JavaThread "Service Thread" daemon [_thread_blocked, id=55356, stack(0x00000019ecc00000,0x00000019ecd00000)]
  0x000001cb72c02210 JavaThread "Monitor Deflation Thread" daemon [_thread_blocked, id=39048, stack(0x00000019ecd00000,0x00000019ece00000)]
  0x000001cb72c03bd0 JavaThread "C1 CompilerThread0" daemon [_thread_blocked, id=59108, stack(0x00000019ece00000,0x00000019ecf00000)]
  0x000001cb72c36550 JavaThread "Sweeper thread" daemon [_thread_blocked, id=14144, stack(0x00000019ecf00000,0x00000019ed000000)]
  0x000001cb72cf8410 JavaThread "Common-Cleaner" daemon [_thread_blocked, id=18976, stack(0x00000019ed000000,0x00000019ed100000)]
  0x000001cb72d632c0 JavaThread "JDWP Transport Listener: dt_socket" daemon [_thread_blocked, id=53508, stack(0x00000019ed200000,0x00000019ed300000)]
  0x000001cb72d637b0 JavaThread "JDWP Event Helper Thread" daemon [_thread_blocked, id=32684, stack(0x00000019ed300000,0x00000019ed400000)]
  0x000001cb72d63ca0 JavaThread "JDWP Command Reader" daemon [_thread_in_native, id=12868, stack(0x00000019ed400000,0x00000019ed500000)]
  0x000001cb734d4e70 JavaThread "Notification Thread" daemon [_thread_blocked, id=66740, stack(0x00000019ed700000,0x00000019ed800000)]
  0x000001cb735bd5b0 JavaThread "RMI TCP Accept-0" daemon [_thread_in_native, id=61168, stack(0x00000019ed500000,0x00000019ed600000)]
  0x000001cb735ac7f0 JavaThread "RMI TCP Accept-12118" daemon [_thread_in_native, id=60012, stack(0x00000019ed600000,0x00000019ed700000)]
  0x000001cb73626060 JavaThread "RMI TCP Accept-0" daemon [_thread_in_native, id=51576, stack(0x00000019ed800000,0x00000019ed900000)]
  0x000001cb7399f510 JavaThread "Thread-0" [_thread_blocked, id=38316, stack(0x00000019ee300000,0x00000019ee400000)]
=>0x000001cb7397cf50 JavaThread "restartedMain" [_thread_in_vm, id=64860, stack(0x00000019ee400000,0x00000019ee500000)]
  0x000001cb74dcd060 JavaThread "RMI TCP Connection(1)-127.0.0.1" daemon [_thread_in_native, id=54224, stack(0x00000019ee600000,0x00000019ee700000)]
  0x000001cb72c9b600 JavaThread "RMI Scheduler(0)" daemon [_thread_blocked, id=62172, stack(0x00000019ee700000,0x00000019ee800000)]
  0x000001cb74966de0 JavaThread "RMI TCP Connection(2)-127.0.0.1" daemon [_thread_in_native, id=57608, stack(0x00000019eeb00000,0x00000019eec00000)]
  0x000001cb74969e00 JavaThread "JMX server connection timeout 31" daemon [_thread_blocked, id=62220, stack(0x00000019eec00000,0x00000019eed00000)]
  0x000001cb74968ac0 JavaThread "Catalina-utility-1" [_thread_blocked, id=70872, stack(0x00000019eee00000,0x00000019eef00000)]
  0x000001cb749672b0 JavaThread "Catalina-utility-2" [_thread_blocked, id=38048, stack(0x00000019eef00000,0x00000019ef000000)]
  0x000001cb74969460 JavaThread "container-0" [_thread_blocked, id=66256, stack(0x00000019ef000000,0x00000019ef100000)]

Other Threads:
  0x000001cb7219e9d0 VMThread "VM Thread" [stack: 0x00000019ec700000,0x00000019ec800000] [id=51452]
  0x000001cb5924f7d0 WatcherThread [stack: 0x00000019ed900000,0x00000019eda00000] [id=11368]
  0x000001cb592344d0 GCTaskThread "GC Thread#0" [stack: 0x00000019ec200000,0x00000019ec300000] [id=48580]
  0x000001cb736ce810 GCTaskThread "GC Thread#1" [stack: 0x00000019eda00000,0x00000019edb00000] [id=19628]
  0x000001cb735cb070 GCTaskThread "GC Thread#2" [stack: 0x00000019edb00000,0x00000019edc00000] [id=44888]
  0x000001cb736efb40 GCTaskThread "GC Thread#3" [stack: 0x00000019edc00000,0x00000019edd00000] [id=14456]
  0x000001cb735cb320 GCTaskThread "GC Thread#4" [stack: 0x00000019edd00000,0x00000019ede00000] [id=7760]
  0x000001cb735cb5d0 GCTaskThread "GC Thread#5" [stack: 0x00000019ede00000,0x00000019edf00000] [id=12228]
  0x000001cb735cc4d0 GCTaskThread "GC Thread#6" [stack: 0x00000019edf00000,0x00000019ee000000] [id=46788]
  0x000001cb736bd7b0 GCTaskThread "GC Thread#7" [stack: 0x00000019ee000000,0x00000019ee100000] [id=4880]
  0x000001cb736bda60 GCTaskThread "GC Thread#8" [stack: 0x00000019ee100000,0x00000019ee200000] [id=51124]
  0x000001cb737018d0 GCTaskThread "GC Thread#9" [stack: 0x00000019ee200000,0x00000019ee300000] [id=45284]
  0x000001cb59245220 ConcurrentGCThread "G1 Main Marker" [stack: 0x00000019ec300000,0x00000019ec400000] [id=47444]
  0x000001cb59245c30 ConcurrentGCThread "G1 Conc#0" [stack: 0x00000019ec400000,0x00000019ec500000] [id=58532]
  0x000001cb73827410 ConcurrentGCThread "G1 Conc#1" [stack: 0x00000019ee800000,0x00000019ee900000] [id=54968]
  0x000001cb7389f420 ConcurrentGCThread "G1 Conc#2" [stack: 0x00000019ee900000,0x00000019eea00000] [id=22868]
  0x000001cb5928e5c0 ConcurrentGCThread "G1 Refine#0" [stack: 0x00000019ec500000,0x00000019ec600000] [id=54048]
  0x000001cb72059520 ConcurrentGCThread "G1 Service" [stack: 0x00000019ec600000,0x00000019ec700000] [id=55656]

Threads with active compile tasks:

VM state: not at safepoint (normal execution)

VM Mutex/Monitor currently owned by a thread:  ([mutex/lock_event])
[0x000001cb591c2720] Metaspace_lock - owner thread: 0x000001cb7397cf50

Heap address: 0x0000000701e00000, size: 4066 MB, Compressed Oops mode: Zero based, Oop shift amount: 3

CDS archive(s) mapped at: [0x0000000800000000-0x0000000800bd0000-0x0000000800bd0000), size 12386304, SharedBaseAddress: 0x0000000800000000, ArchiveRelocationMode: 0.
Compressed class space mapped at: 0x0000000800c00000-0x0000000840c00000, reserved size: 1073741824
Narrow klass base: 0x0000000800000000, Narrow klass shift: 0, Narrow klass range: 0x100000000

GC Precious Log:
 CPUs: 12 total, 12 available
 Memory: 16263M
 Large Page Support: Disabled
 NUMA Support: Disabled
 Compressed Oops: Enabled (Zero based)
 Heap Region Size: 2M
 Heap Min Capacity: 8M
 Heap Initial Capacity: 256M
 Heap Max Capacity: 4066M
 Pre-touch: Disabled
 Parallel Workers: 10
 Concurrent Workers: 3
 Concurrent Refinement Workers: 10
 Periodic GC: Disabled

Heap:
 garbage-first heap   total 55296K, used 23089K [0x0000000701e00000, 0x0000000800000000)
  region size 2048K, 5 young (10240K), 2 survivors (4096K)
 Metaspace       used 34360K, committed 34688K, reserved 1081344K
  class space    used 4553K, committed 4736K, reserved 1048576K

Heap Regions: E=young(eden), S=young(survivor), O=old, HS=humongous(starts), HC=humongous(continues), CS=collection set, F=free, OA=open archive, CA=closed archive, TAMS=top-at-mark-start (previous, next)
|   0|0x0000000701e00000, 0x0000000702000000, 0x0000000702000000|100%| O|  |TAMS 0x0000000702000000, 0x0000000701e00000| Untracked 
|   1|0x0000000702000000, 0x0000000702200000, 0x0000000702200000|100%| O|  |TAMS 0x0000000702200000, 0x0000000702000000| Untracked 
|   2|0x0000000702200000, 0x0000000702400000, 0x0000000702400000|100%| O|  |TAMS 0x0000000702200000, 0x0000000702200000| Untracked 
|   3|0x0000000702400000, 0x0000000702600000, 0x0000000702600000|100%| O|  |TAMS 0x0000000702400000, 0x0000000702400000| Untracked 
|   4|0x0000000702600000, 0x0000000702800000, 0x0000000702800000|100%| O|  |TAMS 0x0000000702600000, 0x0000000702600000| Untracked 
|   5|0x0000000702800000, 0x0000000702a00000, 0x0000000702a00000|100%| O|  |TAMS 0x0000000702800000, 0x0000000702800000| Untracked 
|   6|0x0000000702a00000, 0x0000000702c00000, 0x0000000702c00000|100%| O|  |TAMS 0x0000000702a00000, 0x0000000702a00000| Untracked 
|   7|0x0000000702c00000, 0x0000000702cebe00, 0x0000000702e00000| 46%| O|  |TAMS 0x0000000702c00000, 0x0000000702c00000| Untracked 
|   8|0x0000000702e00000, 0x0000000702e00000, 0x0000000703000000|  0%| F|  |TAMS 0x0000000702e00000, 0x0000000702e00000| Untracked 
|   9|0x0000000703000000, 0x0000000703000000, 0x0000000703200000|  0%| F|  |TAMS 0x0000000703000000, 0x0000000703000000| Untracked 
|  10|0x0000000703200000, 0x0000000703200000, 0x0000000703400000|  0%| F|  |TAMS 0x0000000703200000, 0x0000000703200000| Untracked 
|  11|0x0000000703400000, 0x0000000703400000, 0x0000000703600000|  0%| F|  |TAMS 0x0000000703400000, 0x0000000703400000| Untracked 
|  12|0x0000000703600000, 0x0000000703600000, 0x0000000703800000|  0%| F|  |TAMS 0x0000000703600000, 0x0000000703600000| Untracked 
|  13|0x0000000703800000, 0x0000000703800000, 0x0000000703a00000|  0%| F|  |TAMS 0x0000000703800000, 0x0000000703800000| Untracked 
|  14|0x0000000703a00000, 0x0000000703ba06d0, 0x0000000703c00000| 81%| S|CS|TAMS 0x0000000703a00000, 0x0000000703a00000| Complete 
|  15|0x0000000703c00000, 0x0000000703e00000, 0x0000000703e00000|100%| S|CS|TAMS 0x0000000703c00000, 0x0000000703c00000| Complete 
|  16|0x0000000703e00000, 0x0000000703e00000, 0x0000000704000000|  0%| F|  |TAMS 0x0000000703e00000, 0x0000000703e00000| Untracked 
|  17|0x0000000704000000, 0x0000000704000000, 0x0000000704200000|  0%| F|  |TAMS 0x0000000704000000, 0x0000000704000000| Untracked 
|  18|0x0000000704200000, 0x0000000704200000, 0x0000000704400000|  0%| F|  |TAMS 0x0000000704200000, 0x0000000704200000| Untracked 
|  19|0x0000000704400000, 0x0000000704400000, 0x0000000704600000|  0%| F|  |TAMS 0x0000000704400000, 0x0000000704400000| Untracked 
|  20|0x0000000704600000, 0x0000000704600000, 0x0000000704800000|  0%| F|  |TAMS 0x0000000704600000, 0x0000000704600000| Untracked 
|  21|0x0000000704800000, 0x0000000704800000, 0x0000000704a00000|  0%| F|  |TAMS 0x0000000704800000, 0x0000000704800000| Untracked 
| 123|0x0000000711400000, 0x0000000711400000, 0x0000000711600000|  0%| F|  |TAMS 0x0000000711400000, 0x0000000711400000| Untracked 
| 124|0x0000000711600000, 0x0000000711600000, 0x0000000711800000|  0%| F|  |TAMS 0x0000000711600000, 0x0000000711600000| Untracked 
| 125|0x0000000711800000, 0x000000071180b920, 0x0000000711a00000|  2%| E|  |TAMS 0x0000000711800000, 0x0000000711800000| Complete 
| 126|0x0000000711a00000, 0x0000000711c00000, 0x0000000711c00000|100%| E|CS|TAMS 0x0000000711a00000, 0x0000000711a00000| Complete 
| 127|0x0000000711c00000, 0x0000000711e00000, 0x0000000711e00000|100%| E|CS|TAMS 0x0000000711c00000, 0x0000000711c00000| Complete 

Card table byte_map: [0x000001cb66570000,0x000001cb66d70000] _byte_map_base: 0x000001cb62d61000

Marking Bits (Prev, Next): (CMBitMap*) 0x000001cb59234b20, (CMBitMap*) 0x000001cb59234ae0
 Prev Bits: [0x000001cb6b500000, 0x000001cb6f488000)
 Next Bits: [0x000001cb67570000, 0x000001cb6b4f8000)

Polling page: 0x000001cb59290000

Metaspace:

Usage:
  Non-class:     29.11 MB used.
      Class:      4.45 MB used.
       Both:     33.55 MB used.

Virtual space:
  Non-class space:       32.00 MB reserved,      29.25 MB ( 91%) committed,  4 nodes.
      Class space:        1.00 GB reserved,       4.62 MB ( <1%) committed,  1 nodes.
             Both:        1.03 GB reserved,      33.88 MB (  3%) committed. 

Chunk freelists:
   Non-Class:  1.98 MB
       Class:  3.23 MB
        Both:  5.22 MB

MaxMetaspaceSize: unlimited
CompressedClassSpaceSize: 1.00 GB
Initial GC threshold: 21.00 MB
Current GC threshold: 35.31 MB
CDS: on
MetaspaceReclaimPolicy: balanced
 - commit_granule_bytes: 65536.
 - commit_granule_words: 8192.
 - virtual_space_node_default_size: 1048576.
 - enlarge_chunks_in_place: 1.
 - new_chunks_are_fully_committed: 0.
 - uncommit_free_chunks: 1.
 - use_allocation_guard: 0.
 - handle_deallocations: 1.


Internal statistics:

num_allocs_failed_limit: 3.
num_arena_births: 416.
num_arena_deaths: 0.
num_vsnodes_births: 5.
num_vsnodes_deaths: 0.
num_space_committed: 542.
num_space_uncommitted: 0.
num_chunks_returned_to_freelist: 3.
num_chunks_taken_from_freelist: 1533.
num_chunk_merges: 3.
num_chunk_splits: 1039.
num_chunks_enlarged: 759.
num_purges: 0.
num_inconsistent_stats: 0.

CodeCache: size=49152Kb used=9175Kb max_used=9883Kb free=39976Kb
 bounds [0x000001cb62260000, 0x000001cb62c10000, 0x000001cb65260000]
 total_blobs=4945 nmethods=4409 adapters=462
 compilation: enabled
              stopped_count=0, restarted_count=0
 full_count=0

Compilation events (20 events):
Event: 39.173 Thread 0x000001cb72c03bd0 4399       1       org.springframework.core.MethodClassKey::compareTo (9 bytes)
Event: 39.173 Thread 0x000001cb72c03bd0 nmethod 4399 0x000001cb62b3fd10 code [0x000001cb62b3fea0, 0x000001cb62b3ffc8]
Event: 39.173 Thread 0x000001cb72c03bd0 4400       1       org.springframework.core.MethodClassKey::compareTo (78 bytes)
Event: 39.174 Thread 0x000001cb72c03bd0 nmethod 4400 0x000001cb62b3f390 code [0x000001cb62b3f5a0, 0x000001cb62b3f988]
Event: 39.184 Thread 0x000001cb72c03bd0 4401       1       jdk.xml.internal.XMLSecurityManager$NameMap::getOldName (18 bytes)
Event: 39.184 Thread 0x000001cb72c03bd0 nmethod 4401 0x000001cb62b3ef90 code [0x000001cb62b3f140, 0x000001cb62b3f288]
Event: 39.185 Thread 0x000001cb72c03bd0 4402       1       com.fasterxml.jackson.databind.type.ClassKey::<init> (29 bytes)
Event: 39.186 Thread 0x000001cb72c03bd0 nmethod 4402 0x000001cb62b3ea90 code [0x000001cb62b3ec40, 0x000001cb62b3ee38]
Event: 39.190 Thread 0x000001cb72c03bd0 4403       1       java.lang.Class::methodToString (78 bytes)
Event: 39.192 Thread 0x000001cb72c03bd0 nmethod 4403 0x000001cb62b3d810 code [0x000001cb62b3dac0, 0x000001cb62b3e4d8]
Event: 39.192 Thread 0x000001cb72c03bd0 4404       1       java.lang.NoSuchMethodException::<init> (6 bytes)
Event: 39.192 Thread 0x000001cb72c03bd0 nmethod 4404 0x000001cb62b3d490 code [0x000001cb62b3d620, 0x000001cb62b3d708]
Event: 39.218 Thread 0x000001cb72c03bd0 4407       1       org.springframework.beans.factory.support.DefaultListableBeanFactory::findAnnotationOnBean (8 bytes)
Event: 39.219 Thread 0x000001cb72c03bd0 nmethod 4407 0x000001cb62b3c610 code [0x000001cb62b3c800, 0x000001cb62b3cc18]
Event: 39.219 Thread 0x000001cb72c03bd0 4408   !   1       jdk.proxy2.$Proxy18::annotationType (29 bytes)
Event: 39.219 Thread 0x000001cb72c03bd0 nmethod 4408 0x000001cb62b3c090 code [0x000001cb62b3c260, 0x000001cb62b3c4b8]
Event: 39.219 Thread 0x000001cb72c03bd0 4409   !   1       jdk.proxy2.$Proxy36::annotationType (29 bytes)
Event: 39.220 Thread 0x000001cb72c03bd0 nmethod 4409 0x000001cb62b3bb10 code [0x000001cb62b3bce0, 0x000001cb62b3bf38]
Event: 41.471 Thread 0x000001cb72c03bd0 4410       1       java.io.ObjectStreamField::isPrimitive (23 bytes)
Event: 41.471 Thread 0x000001cb72c03bd0 nmethod 4410 0x000001cb62b3b610 code [0x000001cb62b3b7c0, 0x000001cb62b3b988]

GC Heap History (20 events):
Event: 20.964 GC heap before
{Heap before GC invocations=1 (full 0):
 garbage-first heap   total 262144K, used 30352K [0x0000000701e00000, 0x0000000800000000)
  region size 2048K, 15 young (30720K), 2 survivors (4096K)
 Metaspace       used 9174K, committed 9408K, reserved 1064960K
  class space    used 1103K, committed 1216K, reserved 1048576K
}
Event: 20.968 GC heap after
{Heap after GC invocations=2 (full 0):
 garbage-first heap   total 262144K, used 6724K [0x0000000701e00000, 0x0000000800000000)
  region size 2048K, 1 young (2048K), 1 survivors (2048K)
 Metaspace       used 9174K, committed 9408K, reserved 1064960K
  class space    used 1103K, committed 1216K, reserved 1048576K
}
Event: 27.939 GC heap before
{Heap before GC invocations=2 (full 0):
 garbage-first heap   total 262144K, used 158276K [0x0000000701e00000, 0x0000000800000000)
  region size 2048K, 76 young (155648K), 1 survivors (2048K)
 Metaspace       used 21192K, committed 21504K, reserved 1073152K
  class space    used 2766K, committed 2944K, reserved 1048576K
}
Event: 27.944 GC heap after
{Heap after GC invocations=3 (full 0):
 garbage-first heap   total 262144K, used 10628K [0x0000000701e00000, 0x0000000800000000)
  region size 2048K, 3 young (6144K), 3 survivors (6144K)
 Metaspace       used 21192K, committed 21504K, reserved 1073152K
  class space    used 2766K, committed 2944K, reserved 1048576K
}
Event: 27.970 GC heap before
{Heap before GC invocations=3 (full 0):
 garbage-first heap   total 262144K, used 10628K [0x0000000701e00000, 0x0000000800000000)
  region size 2048K, 4 young (8192K), 3 survivors (6144K)
 Metaspace       used 21228K, committed 21504K, reserved 1073152K
  class space    used 2772K, committed 2944K, reserved 1048576K
}
Event: 27.975 GC heap after
{Heap after GC invocations=4 (full 0):
 garbage-first heap   total 262144K, used 10771K [0x0000000701e00000, 0x0000000800000000)
  region size 2048K, 3 young (6144K), 3 survivors (6144K)
 Metaspace       used 21228K, committed 21504K, reserved 1073152K
  class space    used 2772K, committed 2944K, reserved 1048576K
}
Event: 29.753 GC heap before
{Heap before GC invocations=5 (full 0):
 garbage-first heap   total 55296K, used 37395K [0x0000000701e00000, 0x0000000800000000)
  region size 2048K, 16 young (32768K), 3 survivors (6144K)
 Metaspace       used 23356K, committed 23616K, reserved 1073152K
  class space    used 3076K, committed 3200K, reserved 1048576K
}
Event: 29.759 GC heap after
{Heap after GC invocations=6 (full 0):
 garbage-first heap   total 55296K, used 12250K [0x0000000701e00000, 0x0000000800000000)
  region size 2048K, 1 young (2048K), 1 survivors (2048K)
 Metaspace       used 23356K, committed 23616K, reserved 1073152K
  class space    used 3076K, committed 3200K, reserved 1048576K
}
Event: 29.858 GC heap before
{Heap before GC invocations=6 (full 0):
 garbage-first heap   total 55296K, used 14298K [0x0000000701e00000, 0x0000000800000000)
  region size 2048K, 2 young (4096K), 1 survivors (2048K)
 Metaspace       used 23565K, committed 23808K, reserved 1073152K
  class space    used 3117K, committed 3264K, reserved 1048576K
}
Event: 29.861 GC heap after
{Heap after GC invocations=7 (full 0):
 garbage-first heap   total 55296K, used 12243K [0x0000000701e00000, 0x0000000800000000)
  region size 2048K, 1 young (2048K), 1 survivors (2048K)
 Metaspace       used 23565K, committed 23808K, reserved 1073152K
  class space    used 3117K, committed 3264K, reserved 1048576K
}
Event: 30.860 GC heap before
{Heap before GC invocations=7 (full 0):
 garbage-first heap   total 55296K, used 38867K [0x0000000701e00000, 0x0000000800000000)
  region size 2048K, 14 young (28672K), 1 survivors (2048K)
 Metaspace       used 25899K, committed 26176K, reserved 1073152K
  class space    used 3438K, committed 3584K, reserved 1048576K
}
Event: 30.863 GC heap after
{Heap after GC invocations=8 (full 0):
 garbage-first heap   total 55296K, used 13775K [0x0000000701e00000, 0x0000000800000000)
  region size 2048K, 1 young (2048K), 1 survivors (2048K)
 Metaspace       used 25899K, committed 26176K, reserved 1073152K
  class space    used 3438K, committed 3584K, reserved 1048576K
}
Event: 34.329 GC heap before
{Heap before GC invocations=8 (full 0):
 garbage-first heap   total 55296K, used 40399K [0x0000000701e00000, 0x0000000800000000)
  region size 2048K, 14 young (28672K), 1 survivors (2048K)
 Metaspace       used 28376K, committed 28736K, reserved 1081344K
  class space    used 3726K, committed 3904K, reserved 1048576K
}
Event: 34.333 GC heap after
{Heap after GC invocations=9 (full 0):
 garbage-first heap   total 55296K, used 15476K [0x0000000701e00000, 0x0000000800000000)
  region size 2048K, 2 young (4096K), 2 survivors (4096K)
 Metaspace       used 28376K, committed 28736K, reserved 1081344K
  class space    used 3726K, committed 3904K, reserved 1048576K
}
Event: 35.585 GC heap before
{Heap before GC invocations=9 (full 0):
 garbage-first heap   total 55296K, used 40052K [0x0000000701e00000, 0x0000000800000000)
  region size 2048K, 14 young (28672K), 2 survivors (4096K)
 Metaspace       used 30448K, committed 30848K, reserved 1081344K
  class space    used 3990K, committed 4160K, reserved 1048576K
}
Event: 35.588 GC heap after
{Heap after GC invocations=10 (full 0):
 garbage-first heap   total 55296K, used 16824K [0x0000000701e00000, 0x0000000800000000)
  region size 2048K, 2 young (4096K), 2 survivors (4096K)
 Metaspace       used 30448K, committed 30848K, reserved 1081344K
  class space    used 3990K, committed 4160K, reserved 1048576K
}
Event: 37.660 GC heap before
{Heap before GC invocations=10 (full 0):
 garbage-first heap   total 55296K, used 39352K [0x0000000701e00000, 0x0000000800000000)
  region size 2048K, 14 young (28672K), 2 survivors (4096K)
 Metaspace       used 32744K, committed 33088K, reserved 1081344K
  class space    used 4314K, committed 4480K, reserved 1048576K
}
Event: 37.662 GC heap after
{Heap after GC invocations=11 (full 0):
 garbage-first heap   total 55296K, used 17553K [0x0000000701e00000, 0x0000000800000000)
  region size 2048K, 2 young (4096K), 2 survivors (4096K)
 Metaspace       used 32744K, committed 33088K, reserved 1081344K
  class space    used 4314K, committed 4480K, reserved 1048576K
}
Event: 39.241 GC heap before
{Heap before GC invocations=11 (full 0):
 garbage-first heap   total 55296K, used 40081K [0x0000000701e00000, 0x0000000800000000)
  region size 2048K, 13 young (26624K), 2 survivors (4096K)
 Metaspace       used 34050K, committed 34368K, reserved 1081344K
  class space    used 4512K, committed 4672K, reserved 1048576K
}
Event: 39.244 GC heap after
{Heap after GC invocations=12 (full 0):
 garbage-first heap   total 55296K, used 18993K [0x0000000701e00000, 0x0000000800000000)
  region size 2048K, 2 young (4096K), 2 survivors (4096K)
 Metaspace       used 34050K, committed 34368K, reserved 1081344K
  class space    used 4512K, committed 4672K, reserved 1048576K
}

Deoptimization events (20 events):
Event: 39.186 Thread 0x000001cb7397cf50 DEOPT PACKING pc=0x000001cb62566bdc sp=0x00000019ee4fb530
Event: 39.186 Thread 0x000001cb7397cf50 DEOPT UNPACKING pc=0x000001cb622b2b43 sp=0x00000019ee4faa08 mode 1
Event: 39.186 Thread 0x000001cb7397cf50 DEOPT PACKING pc=0x000001cb62836a3c sp=0x00000019ee4fb5d0
Event: 39.186 Thread 0x000001cb7397cf50 DEOPT UNPACKING pc=0x000001cb622b2b43 sp=0x00000019ee4fab68 mode 1
Event: 39.186 Thread 0x000001cb7397cf50 DEOPT PACKING pc=0x000001cb6252e864 sp=0x00000019ee4fab80
Event: 39.186 Thread 0x000001cb7397cf50 DEOPT UNPACKING pc=0x000001cb622b2b43 sp=0x00000019ee4fa018 mode 1
Event: 39.186 Thread 0x000001cb7397cf50 DEOPT PACKING pc=0x000001cb625398fc sp=0x00000019ee4fac50
Event: 39.186 Thread 0x000001cb7397cf50 DEOPT UNPACKING pc=0x000001cb622b2b43 sp=0x00000019ee4fa108 mode 1
Event: 39.186 Thread 0x000001cb7397cf50 DEOPT PACKING pc=0x000001cb62566bdc sp=0x00000019ee4fb5e0
Event: 39.186 Thread 0x000001cb7397cf50 DEOPT UNPACKING pc=0x000001cb622b2b43 sp=0x00000019ee4faad0 mode 1
Event: 39.190 Thread 0x000001cb7397cf50 DEOPT PACKING pc=0x000001cb62987c64 sp=0x00000019ee4fc620
Event: 39.190 Thread 0x000001cb7397cf50 DEOPT UNPACKING pc=0x000001cb622b2b43 sp=0x00000019ee4fbb98 mode 1
Event: 39.190 Thread 0x000001cb7397cf50 DEOPT PACKING pc=0x000001cb62987c64 sp=0x00000019ee4fc620
Event: 39.190 Thread 0x000001cb7397cf50 DEOPT UNPACKING pc=0x000001cb622b2b43 sp=0x00000019ee4fbb98 mode 1
Event: 41.470 Thread 0x000001cb74966de0 DEOPT PACKING pc=0x000001cb624ab934 sp=0x00000019eebfeba0
Event: 41.470 Thread 0x000001cb74966de0 DEOPT UNPACKING pc=0x000001cb622b2b43 sp=0x00000019eebfe0c8 mode 1
Event: 41.470 Thread 0x000001cb74966de0 DEOPT PACKING pc=0x000001cb624b7d04 sp=0x00000019eebfec80
Event: 41.471 Thread 0x000001cb74966de0 DEOPT UNPACKING pc=0x000001cb622b2b43 sp=0x00000019eebfe120 mode 1
Event: 41.471 Thread 0x000001cb74966de0 DEOPT PACKING pc=0x000001cb624b790c sp=0x00000019eebfecd0
Event: 41.471 Thread 0x000001cb74966de0 DEOPT UNPACKING pc=0x000001cb622b2b43 sp=0x00000019eebfe1c0 mode 1

Classes unloaded (0 events):
No events

Classes redefined (0 events):
No events

Internal exceptions (20 events):
Event: 37.316 Thread 0x000001cb7397cf50 Exception <a 'java/lang/ClassNotFoundException'{0x0000000703c65b20}: java/lang/ObjectCustomizer> (0x0000000703c65b20) 
thrown [s\open\src\hotspot\share\classfile\systemDictionary.cpp, line 256]
Event: 37.319 Thread 0x000001cb7397cf50 Exception <a 'java/lang/ClassNotFoundException'{0x0000000703c6e930}: com/spring/client/board/controller/BoardControllerCustomizer> (0x0000000703c6e930) 
thrown [s\open\src\hotspot\share\classfile\systemDictionary.cpp, line 256]
Event: 37.324 Thread 0x000001cb7397cf50 Exception <a 'java/lang/ClassNotFoundException'{0x0000000703c7c480}: java/lang/ObjectCustomizer> (0x0000000703c7c480) 
thrown [s\open\src\hotspot\share\classfile\systemDictionary.cpp, line 256]
Event: 37.326 Thread 0x000001cb7397cf50 Exception <a 'java/lang/ClassNotFoundException'{0x0000000703c85210}: com/spring/client/board/service/BoardServiceImplCustomizer> (0x0000000703c85210) 
thrown [s\open\src\hotspot\share\classfile\systemDictionary.cpp, line 256]
Event: 37.365 Thread 0x000001cb7397cf50 Exception <a 'java/lang/ClassNotFoundException'{0x0000000703c8f1e8}: com/spring/client/board/service/BoardServiceCustomizer> (0x0000000703c8f1e8) 
thrown [s\open\src\hotspot\share\classfile\systemDictionary.cpp, line 256]
Event: 37.635 Thread 0x000001cb7397cf50 Exception <a 'java/lang/NoSuchMethodError'{0x0000000703d841e0}: 'int java.lang.invoke.DirectMethodHandle$Holder.invokeStaticInit(java.lang.Object, java.lang.Object, java.lang.Object, java.lang.Object)'> (0x0000000703d841e0) 
thrown [s\open\src\hotspot\share\interpreter\linkResolver.cpp, line 759]
Event: 37.845 Thread 0x000001cb7397cf50 Exception <a 'java/lang/ClassNotFoundException'{0x00000007048c1b40}: java/lang/ObjectCustomizer> (0x00000007048c1b40) 
thrown [s\open\src\hotspot\share\classfile\systemDictionary.cpp, line 256]
Event: 37.846 Thread 0x000001cb7397cf50 Exception <a 'java/lang/ClassNotFoundException'{0x00000007048c9fe8}: org/springframework/web/servlet/config/annotation/WebMvcConfigurationSupportCustomizer> (0x00000007048c9fe8) 
thrown [s\open\src\hotspot\share\classfile\systemDictionary.cpp, line 256]
Event: 37.847 Thread 0x000001cb7397cf50 Exception <a 'java/lang/ClassNotFoundException'{0x00000007048de8e0}: org/springframework/web/servlet/config/annotation/DelegatingWebMvcConfigurationCustomizer> (0x00000007048de8e0) 
thrown [s\open\src\hotspot\share\classfile\systemDictionary.cpp, line 256]
Event: 37.849 Thread 0x000001cb7397cf50 Exception <a 'java/lang/ClassNotFoundException'{0x00000007048e8438}: org/springframework/boot/autoconfigure/web/servlet/WebMvcAutoConfiguration$EnableWebMvcConfigurationCustomizer> (0x00000007048e8438) 
thrown [s\open\src\hotspot\share\classfile\systemDictionary.cpp, line 256]
Event: 37.850 Thread 0x000001cb7397cf50 Exception <a 'java/lang/ClassNotFoundException'{0x00000007048fbaf0}: org/springframework/context/ResourceLoaderAwareCustomizer> (0x00000007048fbaf0) 
thrown [s\open\src\hotspot\share\classfile\systemDictionary.cpp, line 256]
Event: 37.851 Thread 0x000001cb7397cf50 Exception <a 'java/lang/ClassNotFoundException'{0x0000000704901110}: org/springframework/beans/factory/AwareCustomizer> (0x0000000704901110) 
thrown [s\open\src\hotspot\share\classfile\systemDictionary.cpp, line 256]
Event: 37.852 Thread 0x000001cb7397cf50 Exception <a 'java/lang/ClassNotFoundException'{0x0000000704905b10}: org/springframework/context/ApplicationContextAwareCustomizer> (0x0000000704905b10) 
thrown [s\open\src\hotspot\share\classfile\systemDictionary.cpp, line 256]
Event: 37.852 Thread 0x000001cb7397cf50 Exception <a 'java/lang/ClassNotFoundException'{0x000000070490b7f8}: org/springframework/beans/factory/AwareCustomizer> (0x000000070490b7f8) 
thrown [s\open\src\hotspot\share\classfile\systemDictionary.cpp, line 256]
Event: 37.853 Thread 0x000001cb7397cf50 Exception <a 'java/lang/ClassNotFoundException'{0x0000000704910210}: org/springframework/web/context/ServletContextAwareCustomizer> (0x0000000704910210) 
thrown [s\open\src\hotspot\share\classfile\systemDictionary.cpp, line 256]
Event: 37.854 Thread 0x000001cb7397cf50 Exception <a 'java/lang/ClassNotFoundException'{0x0000000704915c68}: org/springframework/beans/factory/AwareCustomizer> (0x0000000704915c68) 
thrown [s\open\src\hotspot\share\classfile\systemDictionary.cpp, line 256]
Event: 38.433 Thread 0x000001cb74966de0 Exception <a 'java/lang/reflect/InvocationTargetException'{0x000000070466b628}> (0x000000070466b628) 
thrown [s\open\src\hotspot\share\runtime\reflection.cpp, line 1121]
Event: 39.198 Thread 0x000001cb7397cf50 Exception <a 'java/lang/NoSuchMethodError'{0x00000007041fa108}: 'void java.lang.invoke.DirectMethodHandle$Holder.invokeVirtual(java.lang.Object, java.lang.Object, int)'> (0x00000007041fa108) 
thrown [s\open\src\hotspot\share\interpreter\linkResolver.cpp, line 759]
Event: 39.200 Thread 0x000001cb7397cf50 Exception <a 'java/lang/NoSuchMethodError'{0x0000000703e15760}: 'void java.lang.invoke.DirectMethodHandle$Holder.invokeVirtual(java.lang.Object, java.lang.Object, long)'> (0x0000000703e15760) 
thrown [s\open\src\hotspot\share\interpreter\linkResolver.cpp, line 759]
Event: 41.470 Thread 0x000001cb74966de0 Exception <a 'java/lang/reflect/InvocationTargetException'{0x0000000711801b90}> (0x0000000711801b90) 
thrown [s\open\src\hotspot\share\runtime\reflection.cpp, line 1121]

VM Operations (20 events):
Event: 37.611 Executing VM operation: Cleanup
Event: 37.627 Executing VM operation: Cleanup done
Event: 37.660 Executing VM operation: G1CollectForAllocation
Event: 37.662 Executing VM operation: G1CollectForAllocation done
Event: 37.882 Executing VM operation: HandshakeAllThreads
Event: 37.882 Executing VM operation: HandshakeAllThreads done
Event: 38.888 Executing VM operation: Cleanup
Event: 38.888 Executing VM operation: Cleanup done
Event: 39.016 Executing VM operation: HandshakeAllThreads
Event: 39.016 Executing VM operation: HandshakeAllThreads done
Event: 39.241 Executing VM operation: G1CollectForAllocation
Event: 39.244 Executing VM operation: G1CollectForAllocation done
Event: 39.268 Executing VM operation: HandshakeAllThreads
Event: 39.268 Executing VM operation: HandshakeAllThreads done
Event: 39.268 Executing VM operation: HandshakeAllThreads
Event: 39.269 Executing VM operation: HandshakeAllThreads done
Event: 39.272 Executing VM operation: HandshakeAllThreads
Event: 39.272 Executing VM operation: HandshakeAllThreads done
Event: 40.273 Executing VM operation: Cleanup
Event: 40.273 Executing VM operation: Cleanup done

Events (20 events):
Event: 37.845 loading class java/lang/ObjectCustomizer
Event: 37.845 loading class java/lang/ObjectCustomizer done
Event: 37.845 loading class java/lang/ObjectCustomizer
Event: 37.845 loading class java/lang/ObjectCustomizer done
Event: 37.881 loading class java/util/ArrayList$ListItr
Event: 37.881 loading class java/util/ArrayList$ListItr done
Event: 38.801 loading class java/util/concurrent/Flow$Publisher
Event: 38.801 loading class java/util/concurrent/Flow$Publisher done
Event: 39.041 loading class java/util/EnumMap$EntrySet
Event: 39.044 loading class java/util/EnumMap$EntrySet done
Event: 39.044 loading class java/util/EnumMap$EntryIterator
Event: 39.045 loading class java/util/EnumMap$EnumMapIterator
Event: 39.045 loading class java/util/EnumMap$EnumMapIterator done
Event: 39.045 loading class java/util/EnumMap$EntryIterator done
Event: 39.106 loading class java/lang/SafeVarargs
Event: 39.106 loading class java/lang/SafeVarargs done
Event: 39.121 loading class java/lang/reflect/MalformedParametersException
Event: 39.121 loading class java/lang/reflect/MalformedParametersException done
Event: 39.394 loading class java/nio/charset/UnsupportedCharsetException
Event: 39.491 loading class java/nio/charset/UnsupportedCharsetException done


Dynamic libraries:
0x00007ff6a55e0000 - 0x00007ff6a55f0000 	C:\Java\jdk-17\bin\javaw.exe
0x00007ff92d190000 - 0x00007ff92d3a4000 	C:\WINDOWS\SYSTEM32\ntdll.dll
0x00007ff92b040000 - 0x00007ff92b104000 	C:\WINDOWS\System32\KERNEL32.DLL
0x00007ff92a600000 - 0x00007ff92a9a4000 	C:\WINDOWS\System32\KERNELBASE.dll
0x00007ff92ac40000 - 0x00007ff92ad51000 	C:\WINDOWS\System32\ucrtbase.dll
0x00007ff9185c0000 - 0x00007ff9185d8000 	C:\Java\jdk-17\bin\jli.dll
0x00007ff92b140000 - 0x00007ff92b1f0000 	C:\WINDOWS\System32\ADVAPI32.dll
0x00007ff92b5b0000 - 0x00007ff92b657000 	C:\WINDOWS\System32\msvcrt.dll
0x00007ff92c100000 - 0x00007ff92c1a6000 	C:\WINDOWS\System32\sechost.dll
0x00007ff92af20000 - 0x00007ff92b037000 	C:\WINDOWS\System32\RPCRT4.dll
0x00007ff92c970000 - 0x00007ff92cb1a000 	C:\WINDOWS\System32\USER32.dll
0x00007ff92aa30000 - 0x00007ff92aa56000 	C:\WINDOWS\System32\win32u.dll
0x00007ff92b110000 - 0x00007ff92b139000 	C:\WINDOWS\System32\GDI32.dll
0x00007ff92ae00000 - 0x00007ff92af19000 	C:\WINDOWS\System32\gdi32full.dll
0x00007ff92ad60000 - 0x00007ff92adfa000 	C:\WINDOWS\System32\msvcp_win.dll
0x00007ff9107f0000 - 0x00007ff910a7f000 	C:\WINDOWS\WinSxS\amd64_microsoft.windows.common-controls_6595b64144ccf1df_6.0.22621.2070_none_2713e6537381f706\COMCTL32.dll
0x00007ff920790000 - 0x00007ff92079a000 	C:\WINDOWS\SYSTEM32\VERSION.dll
0x00007ff9185e0000 - 0x00007ff9185fb000 	C:\Java\jdk-17\bin\VCRUNTIME140.dll
0x00007ff92c040000 - 0x00007ff92c071000 	C:\WINDOWS\System32\IMM32.DLL
0x00007ff926b10000 - 0x00007ff926b1c000 	C:\Java\jdk-17\bin\vcruntime140_1.dll
0x00007ff9165d0000 - 0x00007ff91665e000 	C:\Java\jdk-17\bin\msvcp140.dll
0x00007ff8bb470000 - 0x00007ff8bc047000 	C:\Java\jdk-17\bin\server\jvm.dll
0x00007ff92c3c0000 - 0x00007ff92c3c8000 	C:\WINDOWS\System32\PSAPI.DLL
0x00007ff9043a0000 - 0x00007ff9043a9000 	C:\WINDOWS\SYSTEM32\WSOCK32.dll
0x00007ff92cb20000 - 0x00007ff92cb91000 	C:\WINDOWS\System32\WS2_32.dll
0x00007ff922150000 - 0x00007ff922184000 	C:\WINDOWS\SYSTEM32\WINMM.dll
0x00007ff9295e0000 - 0x00007ff9295f8000 	C:\WINDOWS\SYSTEM32\kernel.appcore.dll
0x00007ff925000000 - 0x00007ff92500a000 	C:\Java\jdk-17\bin\jimage.dll
0x00007ff927c80000 - 0x00007ff927eae000 	C:\WINDOWS\SYSTEM32\DBGHELP.DLL
0x00007ff92c590000 - 0x00007ff92c91a000 	C:\WINDOWS\System32\combase.dll
0x00007ff92b420000 - 0x00007ff92b4f7000 	C:\WINDOWS\System32\OLEAUT32.dll
0x00007ff916410000 - 0x00007ff916442000 	C:\WINDOWS\SYSTEM32\dbgcore.DLL
0x00007ff92a9b0000 - 0x00007ff92aa2a000 	C:\WINDOWS\System32\bcryptPrimitives.dll
0x00007ff8e8e50000 - 0x00007ff8e8e8b000 	C:\Java\jdk-17\bin\jdwp.dll
0x00007ff924fe0000 - 0x00007ff924fee000 	C:\Java\jdk-17\bin\instrument.dll
0x00007ff916e10000 - 0x00007ff916e35000 	C:\Java\jdk-17\bin\java.dll
0x00007ff90b630000 - 0x00007ff90b707000 	C:\Java\jdk-17\bin\jsvml.dll
0x00007ff92b660000 - 0x00007ff92be76000 	C:\WINDOWS\System32\SHELL32.dll
0x00007ff9284d0000 - 0x00007ff928dba000 	C:\WINDOWS\SYSTEM32\windows.storage.dll
0x00007ff928390000 - 0x00007ff9284ce000 	C:\WINDOWS\SYSTEM32\wintypes.dll
0x00007ff92c3e0000 - 0x00007ff92c4d3000 	C:\WINDOWS\System32\SHCORE.dll
0x00007ff92c1c0000 - 0x00007ff92c21e000 	C:\WINDOWS\System32\shlwapi.dll
0x00007ff92a470000 - 0x00007ff92a496000 	C:\WINDOWS\SYSTEM32\profapi.dll
0x00007ff917d10000 - 0x00007ff917d1c000 	C:\Java\jdk-17\bin\dt_socket.dll
0x00007ff9290d0000 - 0x00007ff9290fd000 	C:\WINDOWS\SYSTEM32\IPHLPAPI.DLL
0x00007ff929aa0000 - 0x00007ff929b09000 	C:\WINDOWS\system32\mswsock.dll
0x00007ff929100000 - 0x00007ff9291f3000 	C:\WINDOWS\SYSTEM32\DNSAPI.dll
0x00007ff92c1b0000 - 0x00007ff92c1b9000 	C:\WINDOWS\System32\NSI.dll
0x00007ff9209e0000 - 0x00007ff9209ea000 	C:\Windows\System32\rasadhlp.dll
0x00007ff921be0000 - 0x00007ff921c64000 	C:\WINDOWS\System32\fwpuclnt.dll
0x00007ff9165b0000 - 0x00007ff9165c8000 	C:\Java\jdk-17\bin\zip.dll
0x00007ff9185a0000 - 0x00007ff9185b9000 	C:\Java\jdk-17\bin\net.dll
0x00007ff922cb0000 - 0x00007ff922de7000 	C:\WINDOWS\SYSTEM32\WINHTTP.dll
0x00007ff9179a0000 - 0x00007ff9179b6000 	C:\Java\jdk-17\bin\nio.dll
0x00007ff917d20000 - 0x00007ff917d2a000 	C:\Java\jdk-17\bin\management.dll
0x00007ff9165a0000 - 0x00007ff9165ab000 	C:\Java\jdk-17\bin\management_ext.dll
0x00007ff8f85e0000 - 0x00007ff8f85f7000 	C:\WINDOWS\system32\napinsp.dll
0x00007ff8f85c0000 - 0x00007ff8f85db000 	C:\WINDOWS\system32\pnrpnsp.dll
0x00007ff8f84a0000 - 0x00007ff8f84b1000 	C:\WINDOWS\System32\winrnr.dll
0x00007ff921c70000 - 0x00007ff921c85000 	C:\WINDOWS\system32\wshbth.dll
0x00007ff8f8430000 - 0x00007ff8f8451000 	C:\WINDOWS\system32\nlansp_c.dll
0x00007ff929dc0000 - 0x00007ff929ddb000 	C:\WINDOWS\SYSTEM32\CRYPTSP.dll
0x00007ff9295a0000 - 0x00007ff9295d5000 	C:\WINDOWS\system32\rsaenh.dll
0x00007ff929b40000 - 0x00007ff929b6c000 	C:\WINDOWS\SYSTEM32\USERENV.dll
0x00007ff929ee0000 - 0x00007ff929f08000 	C:\WINDOWS\SYSTEM32\bcrypt.dll
0x00007ff929da0000 - 0x00007ff929dac000 	C:\WINDOWS\SYSTEM32\CRYPTBASE.dll
0x00007ff922b80000 - 0x00007ff922b99000 	C:\WINDOWS\SYSTEM32\dhcpcsvc6.DLL
0x00007ff922b60000 - 0x00007ff922b7f000 	C:\WINDOWS\SYSTEM32\dhcpcsvc.DLL
0x00007ff916590000 - 0x00007ff9165a0000 	C:\Java\jdk-17\bin\verify.dll
0x00007ff916580000 - 0x00007ff91658d000 	C:\Java\jdk-17\bin\sunmscapi.dll
0x00007ff92aa60000 - 0x00007ff92abc7000 	C:\WINDOWS\System32\CRYPT32.dll
0x00007ff929eb0000 - 0x00007ff929ede000 	C:\WINDOWS\SYSTEM32\ncrypt.dll
0x00007ff929e70000 - 0x00007ff929ea7000 	C:\WINDOWS\SYSTEM32\NTASN1.dll

dbghelp: loaded successfully - version: 4.0.5 - missing functions: none
symbol engine: initialized successfully - sym options: 0x614 - pdb path: .;C:\Java\jdk-17\bin;C:\WINDOWS\SYSTEM32;C:\WINDOWS\WinSxS\amd64_microsoft.windows.common-controls_6595b64144ccf1df_6.0.22621.2070_none_2713e6537381f706;C:\Java\jdk-17\bin\server

VM Arguments:
jvm_args: -XX:+ShowCodeDetailsInExceptionMessages -agentlib:jdwp=transport=dt_socket,suspend=y,address=localhost:13777 -Dcom.sun.management.jmxremote -Dcom.sun.management.jmxremote.port=12118 -Dcom.sun.management.jmxremote.authenticate=false -Dcom.sun.management.jmxremote.ssl=false -Djava.rmi.server.hostname=localhost -Dspring.jmx.enabled=true -Dmanagement.endpoints.jmx.exposure.include=* -Dspring.application.admin.enabled=true -XX:TieredStopAtLevel=1 -Dspring.boot.project.name=projectCulture -javaagent:C:\springdeveloper\sts-4.19.1.RELEASE\configuration\org.eclipse.osgi\267\0\.cp\lib\javaagent-shaded.jar -Dfile.encoding=UTF-8 
java_command: com.spring.ProjectCultureApplication --spring.output.ansi.enabled=always
java_class_path (initial): C:\springdeveloper\springBootCoding\projectCulture\target\classes;C:\Users\wnslr\.m2\repository\org\springframework\boot\spring-boot-starter-jdbc\2.7.14\spring-boot-starter-jdbc-2.7.14.jar;C:\Users\wnslr\.m2\repository\org\springframework\boot\spring-boot-starter\2.7.14\spring-boot-starter-2.7.14.jar;C:\Users\wnslr\.m2\repository\org\springframework\boot\spring-boot-starter-logging\2.7.14\spring-boot-starter-logging-2.7.14.jar;C:\Users\wnslr\.m2\repository\ch\qos\logback\logback-classic\1.2.12\logback-classic-1.2.12.jar;C:\Users\wnslr\.m2\repository\ch\qos\logback\logback-core\1.2.12\logback-core-1.2.12.jar;C:\Users\wnslr\.m2\repository\org\apache\logging\log4j\log4j-to-slf4j\2.17.2\log4j-to-slf4j-2.17.2.jar;C:\Users\wnslr\.m2\repository\org\apache\logging\log4j\log4j-api\2.17.2\log4j-api-2.17.2.jar;C:\Users\wnslr\.m2\repository\org\slf4j\jul-to-slf4j\1.7.36\jul-to-slf4j-1.7.36.jar;C:\Users\wnslr\.m2\repository\jakarta\annotation\jakarta.annotation-api\1.3.5\jakarta.annotation-api-1.3.5.jar;C:\Users\wnslr\.m2\repository\org\yaml\snakeyaml\1.30\snakeyaml-1.30.jar;C:\Users\wnslr\.m2\repository\com\zaxxer\HikariCP\4.0.3\HikariCP-4.0.3.jar;C:\Users\wnslr\.m2\repository\org\springframework\spring-jdbc\5.3.29\spring-jdbc-5.3.29.jar;C:\Users\wnslr\.m2\repository\org\springframework\spring-beans\5.3.29\spring-beans-5.3.29.jar;C:\Users\wnslr\.m2\repository\org\springframework\spring-tx\5.3.29\spring-tx-5.3.29.jar;C:\Users\wnslr\.m2\repository\org\springframework\boot\spring-boot-starter-web\2.7.14\spring-boot-starter-web-2.7.14.jar;C:\Users\wnslr\.m2\repository\org\springframework\boot\spring-boot-starter-json\2.7.14\spring-boot-starter-json-2.7.14.jar;C:\Users\wnslr\.m2\repository\com\fasterxml\jackson\core\jackson-databind\2.13.5\jackson-databind-2.13.5.jar;C:\Users\wnslr\.m2\repository\com\fasterxml\jackson\core\jackson-annotations\2.13.5\jackson-annotations-2.13.5.jar;C:\Users\wnslr\.m2\repository\com\fasterxml\jackson\core\jackson-core\2.13.
Launcher Type: SUN_STANDARD

[Global flags]
     intx CICompilerCount                          = 4                                         {product} {ergonomic}
     uint ConcGCThreads                            = 3                                         {product} {ergonomic}
     uint G1ConcRefinementThreads                  = 10                                        {product} {ergonomic}
   size_t G1HeapRegionSize                         = 2097152                                   {product} {ergonomic}
    uintx GCDrainStackTargetSize                   = 64                                        {product} {ergonomic}
   size_t InitialHeapSize                          = 268435456                                 {product} {ergonomic}
     bool ManagementServer                         = true                                      {product} {command line}
   size_t MarkStackSize                            = 4194304                                   {product} {ergonomic}
   size_t MaxHeapSize                              = 4263510016                                {product} {ergonomic}
   size_t MaxNewSize                               = 2556428288                                {product} {ergonomic}
   size_t MinHeapDeltaBytes                        = 2097152                                   {product} {ergonomic}
   size_t MinHeapSize                              = 8388608                                   {product} {ergonomic}
    uintx NonProfiledCodeHeapSize                  = 0                                      {pd product} {ergonomic}
     bool ProfileInterpreter                       = false                                  {pd product} {command line}
    uintx ProfiledCodeHeapSize                     = 0                                      {pd product} {ergonomic}
     bool ShowCodeDetailsInExceptionMessages       = true                                   {manageable} {command line}
   size_t SoftMaxHeapSize                          = 4263510016                             {manageable} {ergonomic}
     intx TieredStopAtLevel                        = 1                                         {product} {command line}
     bool UseCompressedClassPointers               = true                           {product lp64_product} {ergonomic}
     bool UseCompressedOops                        = true                           {product lp64_product} {ergonomic}
     bool UseG1GC                                  = true                                      {product} {ergonomic}
     bool UseLargePagesIndividualAllocation        = false                                  {pd product} {ergonomic}

Logging:
Log output configuration:
 #0: stdout all=warning uptime,level,tags
 #1: stderr all=off uptime,level,tags

Environment Variables:
JAVA_HOME=C:\Java\jdk-17
CLASSPATH=%classpath%;.;.;.
PATH=C:/springdeveloper/sts-4.19.1.RELEASE//plugins/org.eclipse.justj.openjdk.hotspot.jre.full.win32.x86_64_17.0.7.v20230425-1502/jre/bin/server;C:/springdeveloper/sts-4.19.1.RELEASE//plugins/org.eclipse.justj.openjdk.hotspot.jre.full.win32.x86_64_17.0.7.v20230425-1502/jre/bin;C:\Program Files (x86)\Razer Chroma SDK\bin;C:\Program Files\Razer Chroma SDK\bin;C:\Program Files (x86)\Razer\ChromaBroadcast\bin;C:\Program Files\Razer\ChromaBroadcast\bin;C:\app\wnslr\product\18.0.0\dbhomeXE\bin;C:\Java\jdk-17\bin;C:\Program Files\Common Files\Oracle\Java\javapath;C:\Windows\system32;C:\Windows;C:\Windows\System32\Wbem;C:\Windows\System32\WindowsPowerShell\v1.0\;C:\Windows\System32\OpenSSH\;C:\Program Files (x86)\NVIDIA Corporation\PhysX\Common;C:\Program Files\NVIDIA Corporation\NVIDIA NvDLISR;C:\WINDOWS\system32;C:\WINDOWS;C:\WINDOWS\System32\Wbem;C:\WINDOWS\System32\WindowsPowerShell\v1.0\;C:\WINDOWS\System32\OpenSSH\;C:\Program Files (x86)\dotnet\;C:\WINDOWS\system32\config\systemprofile\AppData\Local\Microsoft\WindowsApps;C:\Program Files\nodejs\;C:\Users\wnslr\AppData\Local\Microsoft\WindowsApps;C:\Program Files\Bandizip\;C:\Users\wnslr\AppData\Local\Programs\Microsoft VS Code\bin;C:\Users\wnslr\AppData\Roaming\npm;C:\Users\wnslr\AppData\Local\GitHubDesktop\bin;C:\springdeveloper\sts-4.19.1.RELEASE;
USERNAME=wnslr
OS=Windows_NT
PROCESSOR_IDENTIFIER=Intel64 Family 6 Model 158 Stepping 10, GenuineIntel



---------------  S Y S T E M  ---------------

OS:
 Windows 11 , 64 bit Build 22621 (10.0.22621.2070)
OS uptime: 14 days 3:34 hours
Hyper-V role detected

CPU: total 12 (initial active 12) (6 cores per cpu, 2 threads per core) family 6 model 158 stepping 10 microcode 0xea, cx8, cmov, fxsr, ht, mmx, 3dnowpref, sse, sse2, sse3, ssse3, sse4.1, sse4.2, popcnt, lzcnt, tsc, tscinvbit, avx, avx2, aes, erms, clmul, bmi1, bmi2, adx, fma, vzeroupper, clflush, clflushopt, hv

Memory: 4k page, system-wide physical 16263M (482M free)
TotalPageFile size 46621M (AvailPageFile size 349M)
current process WorkingSet (physical memory assigned to process): 149M, peak: 238M
current process commit charge ("private bytes"): 198M, peak: 386M

vm_info: Java HotSpot(TM) 64-Bit Server VM (17.0.6+9-LTS-190) for windows-amd64 JRE (17.0.6+9-LTS-190), built on Dec  6 2022 15:53:54 by "mach5one" with MS VC++ 17.1 (VS2022)

END.
