#
# There is insufficient memory for the Java Runtime Environment to continue.
# Native memory allocation (mmap) failed to map 65536 bytes for Failed to commit metaspace.
# Possible reasons:
#   The system is out of physical RAM or swap space
#   The process is running with CompressedOops enabled, and the Java Heap may be blocking the growth of the native heap
# Possible solutions:
#   Reduce memory load on the system
#   Increase physical memory or swap space
#   Check if swap backing store is full
#   Decrease Java heap size (-Xmx/-Xms)
#   Decrease number of Java threads
#   Decrease Java thread stack sizes (-Xss)
#   Set larger code cache with -XX:ReservedCodeCacheSize=
#   JVM is running with Zero Based Compressed Oops mode in which the Java heap is
#     placed in the first 32GB address space. The Java Heap base address is the
#     maximum limit for the native heap growth. Please use -XX:HeapBaseMinAddress
#     to set the Java Heap base and to place the Java Heap above 32GB virtual address.
# This output file may be truncated or incomplete.
#
#  Out of Memory Error (virtualSpaceNode.cpp:110), pid=63188, tid=34648
#
# JRE version: Java(TM) SE Runtime Environment (17.0.6+9) (build 17.0.6+9-LTS-190)
# Java VM: Java HotSpot(TM) 64-Bit Server VM (17.0.6+9-LTS-190, mixed mode, emulated-client, sharing, tiered, compressed oops, compressed class ptrs, g1 gc, windows-amd64)
# No core dump will be written. Minidumps are not enabled by default on client versions of Windows
#

---------------  S U M M A R Y ------------

Command Line: -XX:+ShowCodeDetailsInExceptionMessages -agentlib:jdwp=transport=dt_socket,suspend=y,address=localhost:2329 -Dcom.sun.management.jmxremote -Dcom.sun.management.jmxremote.port=12034 -Dcom.sun.management.jmxremote.authenticate=false -Dcom.sun.management.jmxremote.ssl=false -Djava.rmi.server.hostname=localhost -Dspring.jmx.enabled=true -Dmanagement.endpoints.jmx.exposure.include=* -Dspring.application.admin.enabled=true -XX:TieredStopAtLevel=1 -Dspring.boot.project.name=projectCulture -javaagent:C:\springdeveloper\sts-4.19.1.RELEASE\configuration\org.eclipse.osgi\267\0\.cp\lib\javaagent-shaded.jar -Dfile.encoding=UTF-8 com.spring.ProjectCultureApplication --spring.output.ansi.enabled=always

Host: Intel(R) Core(TM) i7-9750H CPU @ 2.60GHz, 12 cores, 15G,  Windows 11 , 64 bit Build 22621 (10.0.22621.2070)
Time: Thu Aug 24 12:24:08 2023  Windows 11 , 64 bit Build 22621 (10.0.22621.2070) elapsed time: 41.822456 seconds (0d 0h 0m 41s)

---------------  T H R E A D  ---------------

Current thread (0x000001e4829b7f20):  JavaThread "restartedMain" [_thread_in_vm, id=34648, stack(0x000000c8ff100000,0x000000c8ff200000)]

Stack: [0x000000c8ff100000,0x000000c8ff200000]
Native frames: (J=compiled Java code, j=interpreted, Vv=VM code, C=native code)
V  [jvm.dll+0x6734ea]
V  [jvm.dll+0x7d18f4]
V  [jvm.dll+0x7d309e]
V  [jvm.dll+0x7d3703]
V  [jvm.dll+0x2433c5]
V  [jvm.dll+0x7cd9fb]
V  [jvm.dll+0x619546]
V  [jvm.dll+0x1bdf07]
V  [jvm.dll+0x61bea0]
V  [jvm.dll+0x619f06]
V  [jvm.dll+0x237b0f]
V  [jvm.dll+0x623bc5]
V  [jvm.dll+0x1e79bd]
V  [jvm.dll+0x1e7f85]
V  [jvm.dll+0x1e88cb]
V  [jvm.dll+0x1de0d1]
V  [jvm.dll+0x5399dc]
V  [jvm.dll+0x74c638]
V  [jvm.dll+0x74c724]
V  [jvm.dll+0x4080bf]
V  [jvm.dll+0x40e0d9]
C  [java.dll+0x17ec]

Java frames: (J=compiled Java code, j=interpreted, Vv=VM code)
J 1378  java.lang.ClassLoader.defineClass1(Ljava/lang/ClassLoader;Ljava/lang/String;[BIILjava/security/ProtectionDomain;Ljava/lang/String;)Ljava/lang/Class; java.base@17.0.6 (0 bytes) @ 0x000001e4f1f6e663 [0x000001e4f1f6e5a0+0x00000000000000c3]
J 1590 c1 java.lang.ClassLoader.defineClass(Ljava/lang/String;[BIILjava/security/ProtectionDomain;)Ljava/lang/Class; java.base@17.0.6 (43 bytes) @ 0x000001e4f1fc19a4 [0x000001e4f1fc1860+0x0000000000000144]
J 1402 c1 jdk.internal.loader.BuiltinClassLoader.defineClass(Ljava/lang/String;Ljdk/internal/loader/Resource;)Ljava/lang/Class; java.base@17.0.6 (121 bytes) @ 0x000001e4f1f7b6ac [0x000001e4f1f7b1a0+0x000000000000050c]
J 1379 c1 jdk.internal.loader.BuiltinClassLoader.findClassOnClassPathOrNull(Ljava/lang/String;)Ljava/lang/Class; java.base@17.0.6 (64 bytes) @ 0x000001e4f1f6ee9c [0x000001e4f1f6eba0+0x00000000000002fc]
J 1174 c1 jdk.internal.loader.BuiltinClassLoader.loadClassOrNull(Ljava/lang/String;Z)Ljava/lang/Class; java.base@17.0.6 (143 bytes) @ 0x000001e4f1cf9bdc [0x000001e4f1cf9700+0x00000000000004dc]
J 1268 c1 jdk.internal.loader.ClassLoaders$AppClassLoader.loadClass(Ljava/lang/String;Z)Ljava/lang/Class; java.base@17.0.6 (40 bytes) @ 0x000001e4f1f3cfbc [0x000001e4f1f3ce80+0x000000000000013c]
J 1256 c1 java.lang.ClassLoader.loadClass(Ljava/lang/String;)Ljava/lang/Class; java.base@17.0.6 (7 bytes) @ 0x000001e4f1f2957c [0x000001e4f1f29520+0x000000000000005c]
v  ~StubRoutines::call_stub
j  org.springframework.core.type.classreading.SimpleMetadataReader.getClassReader(Lorg/springframework/core/io/Resource;)Lorg/springframework/asm/ClassReader;+9
j  org.springframework.core.type.classreading.SimpleMetadataReader.<init>(Lorg/springframework/core/io/Resource;Ljava/lang/ClassLoader;)V+14
j  org.springframework.core.type.classreading.SimpleMetadataReaderFactory.getMetadataReader(Lorg/springframework/core/io/Resource;)Lorg/springframework/core/type/classreading/MetadataReader;+14
j  org.springframework.core.type.classreading.CachingMetadataReaderFactory.getMetadataReader(Lorg/springframework/core/io/Resource;)Lorg/springframework/core/type/classreading/MetadataReader;+30
j  org.springframework.context.annotation.ClassPathScanningCandidateComponentProvider.scanCandidateComponents(Ljava/lang/String;)Ljava/util/Set;+144
j  org.springframework.context.annotation.ClassPathScanningCandidateComponentProvider.findCandidateComponents(Ljava/lang/String;)Ljava/util/Set;+26
j  org.springframework.context.annotation.ClassPathBeanDefinitionScanner.doScan([Ljava/lang/String;)Ljava/util/Set;+39
j  org.springframework.context.annotation.ComponentScanAnnotationParser.parse(Lorg/springframework/core/annotation/AnnotationAttributes;Ljava/lang/String;)Ljava/util/Set;+508
j  org.springframework.context.annotation.ConfigurationClassParser.doProcessConfigurationClass(Lorg/springframework/context/annotation/ConfigurationClass;Lorg/springframework/context/annotation/ConfigurationClassParser$SourceClass;Ljava/util/function/Predicate;)Lorg/springframework/context/annotation/ConfigurationClassParser$SourceClass;+213
j  org.springframework.context.annotation.ConfigurationClassParser.processConfigurationClass(Lorg/springframework/context/annotation/ConfigurationClass;Ljava/util/function/Predicate;)V+106
j  org.springframework.context.annotation.ConfigurationClassParser.parse(Lorg/springframework/core/type/AnnotationMetadata;Ljava/lang/String;)V+13
j  org.springframework.context.annotation.ConfigurationClassParser.parse(Ljava/util/Set;)V+55
j  org.springframework.context.annotation.ConfigurationClassPostProcessor.processConfigBeanDefinitions(Lorg/springframework/beans/factory/support/BeanDefinitionRegistry;)V+308
j  org.springframework.context.annotation.ConfigurationClassPostProcessor.postProcessBeanDefinitionRegistry(Lorg/springframework/beans/factory/support/BeanDefinitionRegistry;)V+107
j  org.springframework.context.support.PostProcessorRegistrationDelegate.invokeBeanDefinitionRegistryPostProcessors(Ljava/util/Collection;Lorg/springframework/beans/factory/support/BeanDefinitionRegistry;Lorg/springframework/core/metrics/ApplicationStartup;)V+59
j  org.springframework.context.support.PostProcessorRegistrationDelegate.invokeBeanFactoryPostProcessors(Lorg/springframework/beans/factory/config/ConfigurableListableBeanFactory;Ljava/util/List;)V+235
j  org.springframework.context.support.AbstractApplicationContext.invokeBeanFactoryPostProcessors(Lorg/springframework/beans/factory/config/ConfigurableListableBeanFactory;)V+5
j  org.springframework.context.support.AbstractApplicationContext.refresh()V+53
j  org.springframework.boot.web.servlet.context.ServletWebServerApplicationContext.refresh()V+1
j  org.springframework.boot.SpringApplication.refresh(Lorg/springframework/context/ConfigurableApplicationContext;)V+1
j  org.springframework.boot.SpringApplication.refreshContext(Lorg/springframework/context/ConfigurableApplicationContext;)V+16
j  org.springframework.boot.SpringApplication.run([Ljava/lang/String;)Lorg/springframework/context/ConfigurableApplicationContext;+107
j  org.springframework.boot.SpringApplication.run([Ljava/lang/Class;[Ljava/lang/String;)Lorg/springframework/context/ConfigurableApplicationContext;+9
j  org.springframework.boot.SpringApplication.run(Ljava/lang/Class;[Ljava/lang/String;)Lorg/springframework/context/ConfigurableApplicationContext;+9
j  com.spring.ProjectCultureApplication.main([Ljava/lang/String;)V+3
v  ~StubRoutines::call_stub
j  jdk.internal.reflect.NativeMethodAccessorImpl.invoke0(Ljava/lang/reflect/Method;Ljava/lang/Object;[Ljava/lang/Object;)Ljava/lang/Object;+0 java.base@17.0.6
j  jdk.internal.reflect.NativeMethodAccessorImpl.invoke(Ljava/lang/Object;[Ljava/lang/Object;)Ljava/lang/Object;+133 java.base@17.0.6
j  jdk.internal.reflect.DelegatingMethodAccessorImpl.invoke(Ljava/lang/Object;[Ljava/lang/Object;)Ljava/lang/Object;+6 java.base@17.0.6
j  java.lang.reflect.Method.invoke(Ljava/lang/Object;[Ljava/lang/Object;)Ljava/lang/Object;+59 java.base@17.0.6
j  org.springframework.boot.devtools.restart.RestartLauncher.run()V+47
v  ~StubRoutines::call_stub

---------------  P R O C E S S  ---------------

Threads class SMR info:
_java_thread_list=0x000001e4838944e0, length=26, elements={
0x000001e4ea289970, 0x000001e4ff1f1a20, 0x000001e4ff1f25d0, 0x000001e4ff2087c0,
0x000001e4ffc07cb0, 0x000001e4ffc0af20, 0x000001e4ffc0e080, 0x000001e4ff208f80,
0x000001e4ff20db40, 0x000001e4ff1dcc00, 0x000001e4ffd5ff70, 0x000001e4ffd63e30,
0x000001e4ffd64510, 0x000001e482559340, 0x000001e4ffd5f270, 0x000001e482635f10,
0x000001e48263d640, 0x000001e48261e430, 0x000001e482672050, 0x000001e4828f2c10,
0x000001e482980560, 0x000001e4829d9bc0, 0x000001e4829ed2d0, 0x000001e4829b9730,
0x000001e4829b7f20, 0x000001e4829b70b0
}

Java Threads: ( => current thread )
  0x000001e4ea289970 JavaThread "main" [_thread_blocked, id=40808, stack(0x000000c8fc700000,0x000000c8fc800000)]
  0x000001e4ff1f1a20 JavaThread "Reference Handler" daemon [_thread_blocked, id=59548, stack(0x000000c8fce00000,0x000000c8fcf00000)]
  0x000001e4ff1f25d0 JavaThread "Finalizer" daemon [_thread_blocked, id=28312, stack(0x000000c8fcf00000,0x000000c8fd000000)]
  0x000001e4ff2087c0 JavaThread "Signal Dispatcher" daemon [_thread_blocked, id=41100, stack(0x000000c8fd000000,0x000000c8fd100000)]
  0x000001e4ffc07cb0 JavaThread "Attach Listener" daemon [_thread_blocked, id=52528, stack(0x000000c8fd100000,0x000000c8fd200000)]
  0x000001e4ffc0af20 JavaThread "Service Thread" daemon [_thread_blocked, id=14868, stack(0x000000c8fd200000,0x000000c8fd300000)]
  0x000001e4ffc0e080 JavaThread "Monitor Deflation Thread" daemon [_thread_blocked, id=60796, stack(0x000000c8fd300000,0x000000c8fd400000)]
  0x000001e4ff208f80 JavaThread "C1 CompilerThread0" daemon [_thread_blocked, id=56888, stack(0x000000c8fd400000,0x000000c8fd500000)]
  0x000001e4ff20db40 JavaThread "Sweeper thread" daemon [_thread_blocked, id=27916, stack(0x000000c8fd500000,0x000000c8fd600000)]
  0x000001e4ff1dcc00 JavaThread "Common-Cleaner" daemon [_thread_blocked, id=18012, stack(0x000000c8fd600000,0x000000c8fd700000)]
  0x000001e4ffd5ff70 JavaThread "JDWP Transport Listener: dt_socket" daemon [_thread_blocked, id=44808, stack(0x000000c8fd800000,0x000000c8fd900000)]
  0x000001e4ffd63e30 JavaThread "JDWP Event Helper Thread" daemon [_thread_blocked, id=28172, stack(0x000000c8fd900000,0x000000c8fda00000)]
  0x000001e4ffd64510 JavaThread "JDWP Command Reader" daemon [_thread_in_native, id=48292, stack(0x000000c8fda00000,0x000000c8fdb00000)]
  0x000001e482559340 JavaThread "Notification Thread" daemon [_thread_blocked, id=71040, stack(0x000000c8fdf00000,0x000000c8fe000000)]
  0x000001e4ffd5f270 JavaThread "C1 CompilerThread1" daemon [_thread_blocked, id=48552, stack(0x000000c8fdc00000,0x000000c8fdd00000)]
  0x000001e482635f10 JavaThread "C1 CompilerThread2" daemon [_thread_blocked, id=68172, stack(0x000000c8fdd00000,0x000000c8fde00000)]
  0x000001e48263d640 JavaThread "RMI TCP Accept-0" daemon [_thread_in_native, id=62076, stack(0x000000c8fde00000,0x000000c8fdf00000)]
  0x000001e48261e430 JavaThread "RMI TCP Accept-12034" daemon [_thread_in_native, id=55708, stack(0x000000c8fe000000,0x000000c8fe100000)]
  0x000001e482672050 JavaThread "RMI TCP Accept-0" daemon [_thread_in_native, id=45544, stack(0x000000c8fe100000,0x000000c8fe200000)]
  0x000001e4828f2c10 JavaThread "RMI TCP Connection(1)-127.0.0.1" daemon [_thread_in_native, id=58720, stack(0x000000c8fec00000,0x000000c8fed00000)]
  0x000001e482980560 JavaThread "RMI Scheduler(0)" daemon [_thread_blocked, id=55856, stack(0x000000c8fed00000,0x000000c8fee00000)]
  0x000001e4829d9bc0 JavaThread "RMI TCP Connection(2)-127.0.0.1" daemon [_thread_in_native, id=54136, stack(0x000000c8fee00000,0x000000c8fef00000)]
  0x000001e4829ed2d0 JavaThread "JMX server connection timeout 25" daemon [_thread_blocked, id=48284, stack(0x000000c8fef00000,0x000000c8ff000000)]
  0x000001e4829b9730 JavaThread "Thread-0" [_thread_blocked, id=62120, stack(0x000000c8ff000000,0x000000c8ff100000)]
=>0x000001e4829b7f20 JavaThread "restartedMain" [_thread_in_vm, id=34648, stack(0x000000c8ff100000,0x000000c8ff200000)]
  0x000001e4829b70b0 JavaThread "background-preinit" [_thread_blocked, id=62608, stack(0x000000c8ff200000,0x000000c8ff300000)]

Other Threads:
  0x000001e4ff1e95c0 VMThread "VM Thread" [stack: 0x000000c8fcd00000,0x000000c8fce00000] [id=62392]
  0x000001e4ea28a5f0 WatcherThread [stack: 0x000000c8fe200000,0x000000c8fe300000] [id=67460]
  0x000001e4ea2f49e0 GCTaskThread "GC Thread#0" [stack: 0x000000c8fc800000,0x000000c8fc900000] [id=64056]
  0x000001e4827d0ef0 GCTaskThread "GC Thread#1" [stack: 0x000000c8fe300000,0x000000c8fe400000] [id=55548]
  0x000001e482721bc0 GCTaskThread "GC Thread#2" [stack: 0x000000c8fe400000,0x000000c8fe500000] [id=62000]
  0x000001e482721e70 GCTaskThread "GC Thread#3" [stack: 0x000000c8fe500000,0x000000c8fe600000] [id=48704]
  0x000001e482722120 GCTaskThread "GC Thread#4" [stack: 0x000000c8fe600000,0x000000c8fe700000] [id=51960]
  0x000001e4827227e0 GCTaskThread "GC Thread#5" [stack: 0x000000c8fe700000,0x000000c8fe800000] [id=25588]
  0x000001e48283e880 GCTaskThread "GC Thread#6" [stack: 0x000000c8fe800000,0x000000c8fe900000] [id=27860]
  0x000001e48283f150 GCTaskThread "GC Thread#7" [stack: 0x000000c8fe900000,0x000000c8fea00000] [id=19036]
  0x000001e48283f400 GCTaskThread "GC Thread#8" [stack: 0x000000c8fea00000,0x000000c8feb00000] [id=62560]
  0x000001e48283f6b0 GCTaskThread "GC Thread#9" [stack: 0x000000c8feb00000,0x000000c8fec00000] [id=58872]
  0x000001e4ea306740 ConcurrentGCThread "G1 Main Marker" [stack: 0x000000c8fc900000,0x000000c8fca00000] [id=43424]
  0x000001e4ea307150 ConcurrentGCThread "G1 Conc#0" [stack: 0x000000c8fca00000,0x000000c8fcb00000] [id=63408]
  0x000001e4ea34e4f0 ConcurrentGCThread "G1 Refine#0" [stack: 0x000000c8fcb00000,0x000000c8fcc00000] [id=51840]
  0x000001e4ff0aa120 ConcurrentGCThread "G1 Service" [stack: 0x000000c8fcc00000,0x000000c8fcd00000] [id=15880]

Threads with active compile tasks:

VM state: not at safepoint (normal execution)

VM Mutex/Monitor currently owned by a thread:  ([mutex/lock_event])
[0x000001e4ea284430] Metaspace_lock - owner thread: 0x000001e4829b7f20

OutOfMemory and StackOverflow Exception counts:
OutOfMemoryError java_heap_errors=1
LinkageErrors=48

Heap address: 0x0000000701e00000, size: 4066 MB, Compressed Oops mode: Zero based, Oop shift amount: 3

CDS archive(s) mapped at: [0x0000000800000000-0x0000000800bd0000-0x0000000800bd0000), size 12386304, SharedBaseAddress: 0x0000000800000000, ArchiveRelocationMode: 0.
Compressed class space mapped at: 0x0000000800c00000-0x0000000840c00000, reserved size: 1073741824
Narrow klass base: 0x0000000800000000, Narrow klass shift: 0, Narrow klass range: 0x100000000

GC Precious Log:
 CPUs: 12 total, 12 available
 Memory: 16263M
 Large Page Support: Disabled
 NUMA Support: Disabled
 Compressed Oops: Enabled (Zero based)
 Heap Region Size: 2M
 Heap Min Capacity: 8M
 Heap Initial Capacity: 256M
 Heap Max Capacity: 4066M
 Pre-touch: Disabled
 Parallel Workers: 10
 Concurrent Workers: 3
 Concurrent Refinement Workers: 10
 Periodic GC: Disabled

Heap:
 garbage-first heap   total 262144K, used 30930K [0x0000000701e00000, 0x0000000800000000)
  region size 2048K, 14 young (28672K), 2 survivors (4096K)
 Metaspace       used 17305K, committed 17600K, reserved 1064960K
  class space    used 2213K, committed 2368K, reserved 1048576K

Heap Regions: E=young(eden), S=young(survivor), O=old, HS=humongous(starts), HC=humongous(continues), CS=collection set, F=free, OA=open archive, CA=closed archive, TAMS=top-at-mark-start (previous, next)
|   0|0x0000000701e00000, 0x0000000702000000, 0x0000000702000000|100%| O|  |TAMS 0x0000000701e00000, 0x0000000701e00000| Untracked 
|   1|0x0000000702000000, 0x0000000702200000, 0x0000000702200000|100%| O|  |TAMS 0x0000000702000000, 0x0000000702000000| Untracked 
|   2|0x0000000702200000, 0x00000007023bb600, 0x0000000702400000| 86%| O|  |TAMS 0x0000000702200000, 0x0000000702200000| Untracked 
|   3|0x0000000702400000, 0x0000000702400000, 0x0000000702600000|  0%| F|  |TAMS 0x0000000702400000, 0x0000000702400000| Untracked 
|   4|0x0000000702600000, 0x0000000702600000, 0x0000000702800000|  0%| F|  |TAMS 0x0000000702600000, 0x0000000702600000| Untracked 
|   5|0x0000000702800000, 0x0000000702800000, 0x0000000702a00000|  0%| F|  |TAMS 0x0000000702800000, 0x0000000702800000| Untracked 
|   6|0x0000000702a00000, 0x0000000702a00000, 0x0000000702c00000|  0%| F|  |TAMS 0x0000000702a00000, 0x0000000702a00000| Untracked 
|   7|0x0000000702c00000, 0x0000000702c00000, 0x0000000702e00000|  0%| F|  |TAMS 0x0000000702c00000, 0x0000000702c00000| Untracked 
|   8|0x0000000702e00000, 0x0000000702e00000, 0x0000000703000000|  0%| F|  |TAMS 0x0000000702e00000, 0x0000000702e00000| Untracked 
|   9|0x0000000703000000, 0x0000000703000000, 0x0000000703200000|  0%| F|  |TAMS 0x0000000703000000, 0x0000000703000000| Untracked 
|  10|0x0000000703200000, 0x0000000703200000, 0x0000000703400000|  0%| F|  |TAMS 0x0000000703200000, 0x0000000703200000| Untracked 
|  11|0x0000000703400000, 0x0000000703400000, 0x0000000703600000|  0%| F|  |TAMS 0x0000000703400000, 0x0000000703400000| Untracked 
|  12|0x0000000703600000, 0x0000000703600000, 0x0000000703800000|  0%| F|  |TAMS 0x0000000703600000, 0x0000000703600000| Untracked 
|  13|0x0000000703800000, 0x0000000703800000, 0x0000000703a00000|  0%| F|  |TAMS 0x0000000703800000, 0x0000000703800000| Untracked 
|  14|0x0000000703a00000, 0x0000000703a00000, 0x0000000703c00000|  0%| F|  |TAMS 0x0000000703a00000, 0x0000000703a00000| Untracked 
|  15|0x0000000703c00000, 0x0000000703c00000, 0x0000000703e00000|  0%| F|  |TAMS 0x0000000703c00000, 0x0000000703c00000| Untracked 
|  16|0x0000000703e00000, 0x0000000703e00000, 0x0000000704000000|  0%| F|  |TAMS 0x0000000703e00000, 0x0000000703e00000| Untracked 
|  17|0x0000000704000000, 0x0000000704000000, 0x0000000704200000|  0%| F|  |TAMS 0x0000000704000000, 0x0000000704000000| Untracked 
|  18|0x0000000704200000, 0x0000000704200000, 0x0000000704400000|  0%| F|  |TAMS 0x0000000704200000, 0x0000000704200000| Untracked 
|  19|0x0000000704400000, 0x0000000704400000, 0x0000000704600000|  0%| F|  |TAMS 0x0000000704400000, 0x0000000704400000| Untracked 
|  20|0x0000000704600000, 0x0000000704600000, 0x0000000704800000|  0%| F|  |TAMS 0x0000000704600000, 0x0000000704600000| Untracked 
|  21|0x0000000704800000, 0x0000000704800000, 0x0000000704a00000|  0%| F|  |TAMS 0x0000000704800000, 0x0000000704800000| Untracked 
|  22|0x0000000704a00000, 0x0000000704a00000, 0x0000000704c00000|  0%| F|  |TAMS 0x0000000704a00000, 0x0000000704a00000| Untracked 
|  23|0x0000000704c00000, 0x0000000704c00000, 0x0000000704e00000|  0%| F|  |TAMS 0x0000000704c00000, 0x0000000704c00000| Untracked 
|  24|0x0000000704e00000, 0x0000000704e00000, 0x0000000705000000|  0%| F|  |TAMS 0x0000000704e00000, 0x0000000704e00000| Untracked 
|  25|0x0000000705000000, 0x0000000705000000, 0x0000000705200000|  0%| F|  |TAMS 0x0000000705000000, 0x0000000705000000| Untracked 
|  26|0x0000000705200000, 0x0000000705200000, 0x0000000705400000|  0%| F|  |TAMS 0x0000000705200000, 0x0000000705200000| Untracked 
|  27|0x0000000705400000, 0x0000000705400000, 0x0000000705600000|  0%| F|  |TAMS 0x0000000705400000, 0x0000000705400000| Untracked 
|  28|0x0000000705600000, 0x0000000705600000, 0x0000000705800000|  0%| F|  |TAMS 0x0000000705600000, 0x0000000705600000| Untracked 
|  29|0x0000000705800000, 0x0000000705800000, 0x0000000705a00000|  0%| F|  |TAMS 0x0000000705800000, 0x0000000705800000| Untracked 
|  30|0x0000000705a00000, 0x0000000705a00000, 0x0000000705c00000|  0%| F|  |TAMS 0x0000000705a00000, 0x0000000705a00000| Untracked 
|  31|0x0000000705c00000, 0x0000000705c00000, 0x0000000705e00000|  0%| F|  |TAMS 0x0000000705c00000, 0x0000000705c00000| Untracked 
|  32|0x0000000705e00000, 0x0000000705e00000, 0x0000000706000000|  0%| F|  |TAMS 0x0000000705e00000, 0x0000000705e00000| Untracked 
|  33|0x0000000706000000, 0x0000000706000000, 0x0000000706200000|  0%| F|  |TAMS 0x0000000706000000, 0x0000000706000000| Untracked 
|  34|0x0000000706200000, 0x0000000706200000, 0x0000000706400000|  0%| F|  |TAMS 0x0000000706200000, 0x0000000706200000| Untracked 
|  35|0x0000000706400000, 0x0000000706400000, 0x0000000706600000|  0%| F|  |TAMS 0x0000000706400000, 0x0000000706400000| Untracked 
|  36|0x0000000706600000, 0x0000000706600000, 0x0000000706800000|  0%| F|  |TAMS 0x0000000706600000, 0x0000000706600000| Untracked 
|  37|0x0000000706800000, 0x0000000706800000, 0x0000000706a00000|  0%| F|  |TAMS 0x0000000706800000, 0x0000000706800000| Untracked 
|  38|0x0000000706a00000, 0x0000000706a00000, 0x0000000706c00000|  0%| F|  |TAMS 0x0000000706a00000, 0x0000000706a00000| Untracked 
|  39|0x0000000706c00000, 0x0000000706c00000, 0x0000000706e00000|  0%| F|  |TAMS 0x0000000706c00000, 0x0000000706c00000| Untracked 
|  40|0x0000000706e00000, 0x0000000706e00000, 0x0000000707000000|  0%| F|  |TAMS 0x0000000706e00000, 0x0000000706e00000| Untracked 
|  41|0x0000000707000000, 0x0000000707000000, 0x0000000707200000|  0%| F|  |TAMS 0x0000000707000000, 0x0000000707000000| Untracked 
|  42|0x0000000707200000, 0x0000000707200000, 0x0000000707400000|  0%| F|  |TAMS 0x0000000707200000, 0x0000000707200000| Untracked 
|  43|0x0000000707400000, 0x0000000707400000, 0x0000000707600000|  0%| F|  |TAMS 0x0000000707400000, 0x0000000707400000| Untracked 
|  44|0x0000000707600000, 0x0000000707600000, 0x0000000707800000|  0%| F|  |TAMS 0x0000000707600000, 0x0000000707600000| Untracked 
|  45|0x0000000707800000, 0x0000000707800000, 0x0000000707a00000|  0%| F|  |TAMS 0x0000000707800000, 0x0000000707800000| Untracked 
|  46|0x0000000707a00000, 0x0000000707a00000, 0x0000000707c00000|  0%| F|  |TAMS 0x0000000707a00000, 0x0000000707a00000| Untracked 
|  47|0x0000000707c00000, 0x0000000707c00000, 0x0000000707e00000|  0%| F|  |TAMS 0x0000000707c00000, 0x0000000707c00000| Untracked 
|  48|0x0000000707e00000, 0x0000000707e00000, 0x0000000708000000|  0%| F|  |TAMS 0x0000000707e00000, 0x0000000707e00000| Untracked 
|  49|0x0000000708000000, 0x0000000708000000, 0x0000000708200000|  0%| F|  |TAMS 0x0000000708000000, 0x0000000708000000| Untracked 
|  50|0x0000000708200000, 0x0000000708200000, 0x0000000708400000|  0%| F|  |TAMS 0x0000000708200000, 0x0000000708200000| Untracked 
|  51|0x0000000708400000, 0x0000000708400000, 0x0000000708600000|  0%| F|  |TAMS 0x0000000708400000, 0x0000000708400000| Untracked 
|  52|0x0000000708600000, 0x0000000708600000, 0x0000000708800000|  0%| F|  |TAMS 0x0000000708600000, 0x0000000708600000| Untracked 
|  53|0x0000000708800000, 0x0000000708800000, 0x0000000708a00000|  0%| F|  |TAMS 0x0000000708800000, 0x0000000708800000| Untracked 
|  54|0x0000000708a00000, 0x0000000708a00000, 0x0000000708c00000|  0%| F|  |TAMS 0x0000000708a00000, 0x0000000708a00000| Untracked 
|  55|0x0000000708c00000, 0x0000000708c00000, 0x0000000708e00000|  0%| F|  |TAMS 0x0000000708c00000, 0x0000000708c00000| Untracked 
|  56|0x0000000708e00000, 0x0000000708e00000, 0x0000000709000000|  0%| F|  |TAMS 0x0000000708e00000, 0x0000000708e00000| Untracked 
|  57|0x0000000709000000, 0x0000000709000000, 0x0000000709200000|  0%| F|  |TAMS 0x0000000709000000, 0x0000000709000000| Untracked 
|  58|0x0000000709200000, 0x0000000709200000, 0x0000000709400000|  0%| F|  |TAMS 0x0000000709200000, 0x0000000709200000| Untracked 
|  59|0x0000000709400000, 0x0000000709400000, 0x0000000709600000|  0%| F|  |TAMS 0x0000000709400000, 0x0000000709400000| Untracked 
|  60|0x0000000709600000, 0x0000000709600000, 0x0000000709800000|  0%| F|  |TAMS 0x0000000709600000, 0x0000000709600000| Untracked 
|  61|0x0000000709800000, 0x0000000709800000, 0x0000000709a00000|  0%| F|  |TAMS 0x0000000709800000, 0x0000000709800000| Untracked 
|  62|0x0000000709a00000, 0x0000000709a00000, 0x0000000709c00000|  0%| F|  |TAMS 0x0000000709a00000, 0x0000000709a00000| Untracked 
|  63|0x0000000709c00000, 0x0000000709c00000, 0x0000000709e00000|  0%| F|  |TAMS 0x0000000709c00000, 0x0000000709c00000| Untracked 
|  64|0x0000000709e00000, 0x0000000709e00000, 0x000000070a000000|  0%| F|  |TAMS 0x0000000709e00000, 0x0000000709e00000| Untracked 
|  65|0x000000070a000000, 0x000000070a000000, 0x000000070a200000|  0%| F|  |TAMS 0x000000070a000000, 0x000000070a000000| Untracked 
|  66|0x000000070a200000, 0x000000070a200000, 0x000000070a400000|  0%| F|  |TAMS 0x000000070a200000, 0x000000070a200000| Untracked 
|  67|0x000000070a400000, 0x000000070a400000, 0x000000070a600000|  0%| F|  |TAMS 0x000000070a400000, 0x000000070a400000| Untracked 
|  68|0x000000070a600000, 0x000000070a600000, 0x000000070a800000|  0%| F|  |TAMS 0x000000070a600000, 0x000000070a600000| Untracked 
|  69|0x000000070a800000, 0x000000070a800000, 0x000000070aa00000|  0%| F|  |TAMS 0x000000070a800000, 0x000000070a800000| Untracked 
|  70|0x000000070aa00000, 0x000000070aa00000, 0x000000070ac00000|  0%| F|  |TAMS 0x000000070aa00000, 0x000000070aa00000| Untracked 
|  71|0x000000070ac00000, 0x000000070ac00000, 0x000000070ae00000|  0%| F|  |TAMS 0x000000070ac00000, 0x000000070ac00000| Untracked 
|  72|0x000000070ae00000, 0x000000070ae00000, 0x000000070b000000|  0%| F|  |TAMS 0x000000070ae00000, 0x000000070ae00000| Untracked 
|  73|0x000000070b000000, 0x000000070b000000, 0x000000070b200000|  0%| F|  |TAMS 0x000000070b000000, 0x000000070b000000| Untracked 
|  74|0x000000070b200000, 0x000000070b200000, 0x000000070b400000|  0%| F|  |TAMS 0x000000070b200000, 0x000000070b200000| Untracked 
|  75|0x000000070b400000, 0x000000070b400000, 0x000000070b600000|  0%| F|  |TAMS 0x000000070b400000, 0x000000070b400000| Untracked 
|  76|0x000000070b600000, 0x000000070b600000, 0x000000070b800000|  0%| F|  |TAMS 0x000000070b600000, 0x000000070b600000| Untracked 
|  77|0x000000070b800000, 0x000000070b800000, 0x000000070ba00000|  0%| F|  |TAMS 0x000000070b800000, 0x000000070b800000| Untracked 
|  78|0x000000070ba00000, 0x000000070ba00000, 0x000000070bc00000|  0%| F|  |TAMS 0x000000070ba00000, 0x000000070ba00000| Untracked 
|  79|0x000000070bc00000, 0x000000070bc00000, 0x000000070be00000|  0%| F|  |TAMS 0x000000070bc00000, 0x000000070bc00000| Untracked 
|  80|0x000000070be00000, 0x000000070be00000, 0x000000070c000000|  0%| F|  |TAMS 0x000000070be00000, 0x000000070be00000| Untracked 
|  81|0x000000070c000000, 0x000000070c000000, 0x000000070c200000|  0%| F|  |TAMS 0x000000070c000000, 0x000000070c000000| Untracked 
|  82|0x000000070c200000, 0x000000070c200000, 0x000000070c400000|  0%| F|  |TAMS 0x000000070c200000, 0x000000070c200000| Untracked 
|  83|0x000000070c400000, 0x000000070c400000, 0x000000070c600000|  0%| F|  |TAMS 0x000000070c400000, 0x000000070c400000| Untracked 
|  84|0x000000070c600000, 0x000000070c600000, 0x000000070c800000|  0%| F|  |TAMS 0x000000070c600000, 0x000000070c600000| Untracked 
|  85|0x000000070c800000, 0x000000070c800000, 0x000000070ca00000|  0%| F|  |TAMS 0x000000070c800000, 0x000000070c800000| Untracked 
|  86|0x000000070ca00000, 0x000000070ca00000, 0x000000070cc00000|  0%| F|  |TAMS 0x000000070ca00000, 0x000000070ca00000| Untracked 
|  87|0x000000070cc00000, 0x000000070cc00000, 0x000000070ce00000|  0%| F|  |TAMS 0x000000070cc00000, 0x000000070cc00000| Untracked 
|  88|0x000000070ce00000, 0x000000070ce00000, 0x000000070d000000|  0%| F|  |TAMS 0x000000070ce00000, 0x000000070ce00000| Untracked 
|  89|0x000000070d000000, 0x000000070d000000, 0x000000070d200000|  0%| F|  |TAMS 0x000000070d000000, 0x000000070d000000| Untracked 
|  90|0x000000070d200000, 0x000000070d200000, 0x000000070d400000|  0%| F|  |TAMS 0x000000070d200000, 0x000000070d200000| Untracked 
|  91|0x000000070d400000, 0x000000070d400000, 0x000000070d600000|  0%| F|  |TAMS 0x000000070d400000, 0x000000070d400000| Untracked 
|  92|0x000000070d600000, 0x000000070d600000, 0x000000070d800000|  0%| F|  |TAMS 0x000000070d600000, 0x000000070d600000| Untracked 
|  93|0x000000070d800000, 0x000000070d8792f0, 0x000000070da00000| 23%| S|CS|TAMS 0x000000070d800000, 0x000000070d800000| Complete 
|  94|0x000000070da00000, 0x000000070dc00000, 0x000000070dc00000|100%| S|CS|TAMS 0x000000070da00000, 0x000000070da00000| Complete 
|  95|0x000000070dc00000, 0x000000070dc00000, 0x000000070de00000|  0%| F|  |TAMS 0x000000070dc00000, 0x000000070dc00000| Untracked 
|  96|0x000000070de00000, 0x000000070de00000, 0x000000070e000000|  0%| F|  |TAMS 0x000000070de00000, 0x000000070de00000| Untracked 
|  97|0x000000070e000000, 0x000000070e000000, 0x000000070e200000|  0%| F|  |TAMS 0x000000070e000000, 0x000000070e000000| Untracked 
|  98|0x000000070e200000, 0x000000070e200000, 0x000000070e400000|  0%| F|  |TAMS 0x000000070e200000, 0x000000070e200000| Untracked 
|  99|0x000000070e400000, 0x000000070e400000, 0x000000070e600000|  0%| F|  |TAMS 0x000000070e400000, 0x000000070e400000| Untracked 
| 100|0x000000070e600000, 0x000000070e600000, 0x000000070e800000|  0%| F|  |TAMS 0x000000070e600000, 0x000000070e600000| Untracked 
| 101|0x000000070e800000, 0x000000070e800000, 0x000000070ea00000|  0%| F|  |TAMS 0x000000070e800000, 0x000000070e800000| Untracked 
| 102|0x000000070ea00000, 0x000000070ea00000, 0x000000070ec00000|  0%| F|  |TAMS 0x000000070ea00000, 0x000000070ea00000| Untracked 
| 103|0x000000070ec00000, 0x000000070ec00000, 0x000000070ee00000|  0%| F|  |TAMS 0x000000070ec00000, 0x000000070ec00000| Untracked 
| 104|0x000000070ee00000, 0x000000070ee00000, 0x000000070f000000|  0%| F|  |TAMS 0x000000070ee00000, 0x000000070ee00000| Untracked 
| 105|0x000000070f000000, 0x000000070f000000, 0x000000070f200000|  0%| F|  |TAMS 0x000000070f000000, 0x000000070f000000| Untracked 
| 106|0x000000070f200000, 0x000000070f200000, 0x000000070f400000|  0%| F|  |TAMS 0x000000070f200000, 0x000000070f200000| Untracked 
| 107|0x000000070f400000, 0x000000070f400000, 0x000000070f600000|  0%| F|  |TAMS 0x000000070f400000, 0x000000070f400000| Untracked 
| 108|0x000000070f600000, 0x000000070f600000, 0x000000070f800000|  0%| F|  |TAMS 0x000000070f600000, 0x000000070f600000| Untracked 
| 109|0x000000070f800000, 0x000000070f800000, 0x000000070fa00000|  0%| F|  |TAMS 0x000000070f800000, 0x000000070f800000| Untracked 
| 110|0x000000070fa00000, 0x000000070fa00000, 0x000000070fc00000|  0%| F|  |TAMS 0x000000070fa00000, 0x000000070fa00000| Untracked 
| 111|0x000000070fc00000, 0x000000070fc00000, 0x000000070fe00000|  0%| F|  |TAMS 0x000000070fc00000, 0x000000070fc00000| Untracked 
| 112|0x000000070fe00000, 0x000000070fe00000, 0x0000000710000000|  0%| F|  |TAMS 0x000000070fe00000, 0x000000070fe00000| Untracked 
| 113|0x0000000710000000, 0x0000000710000000, 0x0000000710200000|  0%| F|  |TAMS 0x0000000710000000, 0x0000000710000000| Untracked 
| 114|0x0000000710200000, 0x0000000710200000, 0x0000000710400000|  0%| F|  |TAMS 0x0000000710200000, 0x0000000710200000| Untracked 
| 115|0x0000000710400000, 0x0000000710400000, 0x0000000710600000|  0%| F|  |TAMS 0x0000000710400000, 0x0000000710400000| Untracked 
| 116|0x0000000710600000, 0x00000007107012f0, 0x0000000710800000| 50%| E|  |TAMS 0x0000000710600000, 0x0000000710600000| Complete 
| 117|0x0000000710800000, 0x0000000710a00000, 0x0000000710a00000|100%| E|CS|TAMS 0x0000000710800000, 0x0000000710800000| Complete 
| 118|0x0000000710a00000, 0x0000000710c00000, 0x0000000710c00000|100%| E|CS|TAMS 0x0000000710a00000, 0x0000000710a00000| Complete 
| 119|0x0000000710c00000, 0x0000000710e00000, 0x0000000710e00000|100%| E|CS|TAMS 0x0000000710c00000, 0x0000000710c00000| Complete 
| 120|0x0000000710e00000, 0x0000000711000000, 0x0000000711000000|100%| E|CS|TAMS 0x0000000710e00000, 0x0000000710e00000| Complete 
| 121|0x0000000711000000, 0x0000000711200000, 0x0000000711200000|100%| E|CS|TAMS 0x0000000711000000, 0x0000000711000000| Complete 
| 122|0x0000000711200000, 0x0000000711400000, 0x0000000711400000|100%| E|CS|TAMS 0x0000000711200000, 0x0000000711200000| Complete 
| 123|0x0000000711400000, 0x0000000711600000, 0x0000000711600000|100%| E|CS|TAMS 0x0000000711400000, 0x0000000711400000| Complete 
| 124|0x0000000711600000, 0x0000000711800000, 0x0000000711800000|100%| E|CS|TAMS 0x0000000711600000, 0x0000000711600000| Complete 
| 125|0x0000000711800000, 0x0000000711a00000, 0x0000000711a00000|100%| E|CS|TAMS 0x0000000711800000, 0x0000000711800000| Complete 
| 126|0x0000000711a00000, 0x0000000711c00000, 0x0000000711c00000|100%| E|CS|TAMS 0x0000000711a00000, 0x0000000711a00000| Complete 
| 127|0x0000000711c00000, 0x0000000711e00000, 0x0000000711e00000|100%| E|CS|TAMS 0x0000000711c00000, 0x0000000711c00000| Complete 

Card table byte_map: [0x000001e4f5640000,0x000001e4f5e40000] _byte_map_base: 0x000001e4f1e31000

Marking Bits (Prev, Next): (CMBitMap*) 0x000001e4ea2f6000, (CMBitMap*) 0x000001e4ea2f6040
 Prev Bits: [0x000001e4f6640000, 0x000001e4fa5c8000)
 Next Bits: [0x000001e4fa5d0000, 0x000001e4fe558000)

Polling page: 0x000001e4e8210000

Metaspace:

Usage:
  Non-class:     14.74 MB used.
      Class:      2.16 MB used.
       Both:     16.90 MB used.

Virtual space:
  Non-class space:       16.00 MB reserved,      14.88 MB ( 93%) committed,  2 nodes.
      Class space:        1.00 GB reserved,       2.31 MB ( <1%) committed,  1 nodes.
             Both:        1.02 GB reserved,      17.19 MB (  2%) committed. 

Chunk freelists:
   Non-Class:  240.00 KB
       Class:  1.67 MB
        Both:  1.91 MB

MaxMetaspaceSize: unlimited
CompressedClassSpaceSize: 1.00 GB
Initial GC threshold: 21.00 MB
Current GC threshold: 21.00 MB
CDS: on
MetaspaceReclaimPolicy: balanced
 - commit_granule_bytes: 65536.
 - commit_granule_words: 8192.
 - virtual_space_node_default_size: 1048576.
 - enlarge_chunks_in_place: 1.
 - new_chunks_are_fully_committed: 0.
 - uncommit_free_chunks: 1.
 - use_allocation_guard: 0.
 - handle_deallocations: 1.


Internal statistics:

num_allocs_failed_limit: 0.
num_arena_births: 262.
num_arena_deaths: 0.
num_vsnodes_births: 3.
num_vsnodes_deaths: 0.
num_space_committed: 275.
num_space_uncommitted: 0.
num_chunks_returned_to_freelist: 0.
num_chunks_taken_from_freelist: 715.
num_chunk_merges: 0.
num_chunk_splits: 484.
num_chunks_enlarged: 360.
num_purges: 0.
num_inconsistent_stats: 0.

CodeCache: size=49152Kb used=6337Kb max_used=6337Kb free=42814Kb
 bounds [0x000001e4f1b00000, 0x000001e4f2140000, 0x000001e4f4b00000]
 total_blobs=2869 nmethods=2384 adapters=410
 compilation: enabled
              stopped_count=0, restarted_count=0
 full_count=0

Compilation events (20 events):
Event: 41.800 Thread 0x000001e4ffd5f270 2375       1       java.util.regex.Pattern$$Lambda$19/0x800000025::is (9 bytes)
Event: 41.800 Thread 0x000001e4ff208f80 nmethod 2376 0x000001e4f212c590 code [0x000001e4f212c720, 0x000001e4f212c7d8]
Event: 41.800 Thread 0x000001e4ffd5f270 nmethod 2375 0x000001e4f212c890 code [0x000001e4f212ca20, 0x000001e4f212caf8]
Event: 41.800 Thread 0x000001e482635f10 nmethod 2374 0x000001e4f212cb90 code [0x000001e4f212cd40, 0x000001e4f212cf28]
Event: 41.804 Thread 0x000001e482635f10 2377       1       org.springframework.util.AntPathMatcher::isWildcardChar (38 bytes)
Event: 41.804 Thread 0x000001e482635f10 nmethod 2377 0x000001e4f212d010 code [0x000001e4f212d1a0, 0x000001e4f212d2d8]
Event: 41.806 Thread 0x000001e482635f10 2378       1       java.util.regex.Pattern::lambda$ALL$3 (2 bytes)
Event: 41.807 Thread 0x000001e482635f10 nmethod 2378 0x000001e4f212d390 code [0x000001e4f212d520, 0x000001e4f212d5d8]
Event: 41.811 Thread 0x000001e4ffd5f270 2379       1       java.util.regex.Pattern$$Lambda$350/0x0000000800d68e18::is (5 bytes)
Event: 41.811 Thread 0x000001e4ffd5f270 nmethod 2379 0x000001e4f212d690 code [0x000001e4f212d820, 0x000001e4f212d8f8]
Event: 41.812 Thread 0x000001e4ffd5f270 2380       1       org.springframework.util.AntPathMatcher::matchStrings (11 bytes)
Event: 41.812 Thread 0x000001e482635f10 2381       1       org.springframework.util.AntPathMatcher::getStringMatcher (98 bytes)
Event: 41.812 Thread 0x000001e4ff208f80 2382       1       org.springframework.util.AntPathMatcher$AntPathStringMatcher::matchStrings (214 bytes)
Event: 41.812 Thread 0x000001e4ffd5f270 nmethod 2380 0x000001e4f212d990 code [0x000001e4f212db40, 0x000001e4f212dc78]
Event: 41.813 Thread 0x000001e482635f10 nmethod 2381 0x000001e4f212dd90 code [0x000001e4f212df80, 0x000001e4f212e378]
Event: 41.814 Thread 0x000001e4ff208f80 nmethod 2382 0x000001e4f212e590 code [0x000001e4f212e8a0, 0x000001e4f212f388]
Event: 41.815 Thread 0x000001e482635f10 2383       1       java.util.ArrayDeque::<init> (35 bytes)
Event: 41.815 Thread 0x000001e4ffd5f270 2384       1       java.util.ArrayDeque::addFirst (51 bytes)
Event: 41.816 Thread 0x000001e482635f10 nmethod 2383 0x000001e4f212fb10 code [0x000001e4f212fca0, 0x000001e4f212fe98]
Event: 41.816 Thread 0x000001e4ffd5f270 nmethod 2384 0x000001e4f212ff90 code [0x000001e4f2130140, 0x000001e4f21303f8]

GC Heap History (6 events):
Event: 39.065 GC heap before
{Heap before GC invocations=0 (full 0):
 garbage-first heap   total 262144K, used 22528K [0x0000000701e00000, 0x0000000800000000)
  region size 2048K, 11 young (22528K), 0 survivors (0K)
 Metaspace       used 6447K, committed 6528K, reserved 1056768K
  class space    used 736K, committed 768K, reserved 1048576K
}
Event: 39.075 GC heap after
{Heap after GC invocations=1 (full 0):
 garbage-first heap   total 262144K, used 5868K [0x0000000701e00000, 0x0000000800000000)
  region size 2048K, 2 young (4096K), 2 survivors (4096K)
 Metaspace       used 6447K, committed 6528K, reserved 1056768K
  class space    used 736K, committed 768K, reserved 1048576K
}
Event: 40.239 GC heap before
{Heap before GC invocations=1 (full 0):
 garbage-first heap   total 262144K, used 28396K [0x0000000701e00000, 0x0000000800000000)
  region size 2048K, 13 young (26624K), 2 survivors (4096K)
 Metaspace       used 9205K, committed 9408K, reserved 1064960K
  class space    used 1110K, committed 1216K, reserved 1048576K
}
Event: 40.245 GC heap after
{Heap after GC invocations=2 (full 0):
 garbage-first heap   total 262144K, used 6928K [0x0000000701e00000, 0x0000000800000000)
  region size 2048K, 1 young (2048K), 1 survivors (2048K)
 Metaspace       used 9205K, committed 9408K, reserved 1064960K
  class space    used 1110K, committed 1216K, reserved 1048576K
}
Event: 41.556 GC heap before
{Heap before GC invocations=2 (full 0):
 garbage-first heap   total 262144K, used 70416K [0x0000000701e00000, 0x0000000800000000)
  region size 2048K, 33 young (67584K), 1 survivors (2048K)
 Metaspace       used 15093K, committed 15424K, reserved 1064960K
  class space    used 1954K, committed 2112K, reserved 1048576K
}
Event: 41.558 GC heap after
{Heap after GC invocations=3 (full 0):
 garbage-first heap   total 262144K, used 8402K [0x0000000701e00000, 0x0000000800000000)
  region size 2048K, 2 young (4096K), 2 survivors (4096K)
 Metaspace       used 15093K, committed 15424K, reserved 1064960K
  class space    used 1954K, committed 2112K, reserved 1048576K
}

Deoptimization events (20 events):
Event: 41.757 Thread 0x000001e4829b7f20 DEOPT PACKING pc=0x000001e4f1f2957c sp=0x000000c8ff1fc960
Event: 41.757 Thread 0x000001e4829b7f20 DEOPT UNPACKING pc=0x000001e4f1b52b43 sp=0x000000c8ff1fbe18 mode 1
Event: 41.757 Thread 0x000001e4829b7f20 DEOPT PACKING pc=0x000001e4f1cecedc sp=0x000000c8ff1fd2f0
Event: 41.757 Thread 0x000001e4829b7f20 DEOPT UNPACKING pc=0x000001e4f1b52b43 sp=0x000000c8ff1fc7e0 mode 1
Event: 41.757 Thread 0x000001e4829b7f20 DEOPT PACKING pc=0x000001e4f2121224 sp=0x000000c8ff1fd330
Event: 41.757 Thread 0x000001e4829b7f20 DEOPT UNPACKING pc=0x000001e4f1b52b43 sp=0x000000c8ff1fc800 mode 1
Event: 41.784 Thread 0x000001e4829b70b0 DEOPT PACKING pc=0x000001e4f1fc19a4 sp=0x000000c8ff2f71e0
Event: 41.784 Thread 0x000001e4829b70b0 DEOPT UNPACKING pc=0x000001e4f1b52b43 sp=0x000000c8ff2f66e8 mode 1
Event: 41.788 Thread 0x000001e4829b7f20 DEOPT PACKING pc=0x000001e4f1f3d064 sp=0x000000c8ff1fd0b0
Event: 41.788 Thread 0x000001e4829b7f20 DEOPT UNPACKING pc=0x000001e4f1b52b43 sp=0x000000c8ff1fc548 mode 1
Event: 41.788 Thread 0x000001e4829b7f20 DEOPT PACKING pc=0x000001e4f1f2957c sp=0x000000c8ff1fd180
Event: 41.788 Thread 0x000001e4829b7f20 DEOPT UNPACKING pc=0x000001e4f1b52b43 sp=0x000000c8ff1fc638 mode 1
Event: 41.788 Thread 0x000001e4829b7f20 DEOPT PACKING pc=0x000001e4f1cecedc sp=0x000000c8ff1fdb10
Event: 41.788 Thread 0x000001e4829b7f20 DEOPT UNPACKING pc=0x000001e4f1b52b43 sp=0x000000c8ff1fd000 mode 1
Event: 41.788 Thread 0x000001e4829b7f20 DEOPT PACKING pc=0x000001e4f1f3d064 sp=0x000000c8ff1fd0b0
Event: 41.788 Thread 0x000001e4829b7f20 DEOPT UNPACKING pc=0x000001e4f1b52b43 sp=0x000000c8ff1fc548 mode 1
Event: 41.788 Thread 0x000001e4829b7f20 DEOPT PACKING pc=0x000001e4f1f2957c sp=0x000000c8ff1fd180
Event: 41.788 Thread 0x000001e4829b7f20 DEOPT UNPACKING pc=0x000001e4f1b52b43 sp=0x000000c8ff1fc638 mode 1
Event: 41.788 Thread 0x000001e4829b7f20 DEOPT PACKING pc=0x000001e4f1cecedc sp=0x000000c8ff1fdb10
Event: 41.788 Thread 0x000001e4829b7f20 DEOPT UNPACKING pc=0x000001e4f1b52b43 sp=0x000000c8ff1fd000 mode 1

Classes unloaded (0 events):
No events

Classes redefined (0 events):
No events

Internal exceptions (20 events):
Event: 41.164 Thread 0x000001e4829b7f20 Exception <a 'java/lang/IncompatibleClassChangeError'{0x000000070f82d8a0}: Found class java.lang.Object, but interface was expected> (0x000000070f82d8a0) 
thrown [s\open\src\hotspot\share\interpreter\linkResolver.cpp, line 826]
Event: 41.207 Thread 0x000001e4829b70b0 Exception <a 'java/lang/NoClassDefFoundError'{0x000000070f70b6e8}: javax/validation/Validation> (0x000000070f70b6e8) 
thrown [s\open\src\hotspot\share\classfile\systemDictionary.cpp, line 245]
Event: 41.239 Thread 0x000001e4829d9bc0 Exception <a 'java/lang/reflect/InvocationTargetException'{0x000000070f4bf538}> (0x000000070f4bf538) 
thrown [s\open\src\hotspot\share\runtime\reflection.cpp, line 1121]
Event: 41.372 Thread 0x000001e4829b70b0 Exception <a 'java/lang/NoSuchMethodError'{0x000000070f1e57c8}: 'java.lang.Object java.lang.invoke.DirectMethodHandle$Holder.invokeStaticInit(java.lang.Object, java.lang.Object, java.lang.Object, java.lang.Object, java.lang.Object)'> (0x000000070f1e57c8) 
thrown [s\open\src\hotspot\share\interpreter\linkResolver.cpp, line 759]
Event: 41.730 Thread 0x000001e4829b7f20 Exception <a 'java/lang/ClassNotFoundException'{0x00000007111ff148}: java/lang/ObjectCustomizer> (0x00000007111ff148) 
thrown [s\open\src\hotspot\share\classfile\systemDictionary.cpp, line 256]
Event: 41.734 Thread 0x000001e4829b7f20 Exception <a 'java/lang/IncompatibleClassChangeError'{0x0000000710f2fee0}: Found class java.lang.Object, but interface was expected> (0x0000000710f2fee0) 
thrown [s\open\src\hotspot\share\interpreter\linkResolver.cpp, line 826]
Event: 41.738 Thread 0x000001e4829b7f20 Exception <a 'java/lang/ClassNotFoundException'{0x0000000710f4c7b0}: org/springframework/context/annotation/ConfigurationClassPostProcessorCustomizer> (0x0000000710f4c7b0) 
thrown [s\open\src\hotspot\share\classfile\systemDictionary.cpp, line 256]
Event: 41.746 Thread 0x000001e4829b7f20 Exception <a 'java/lang/ClassNotFoundException'{0x0000000710f7e4e8}: org/springframework/beans/factory/support/BeanDefinitionRegistryPostProcessorCustomizer> (0x0000000710f7e4e8) 
thrown [s\open\src\hotspot\share\classfile\systemDictionary.cpp, line 256]
Event: 41.747 Thread 0x000001e4829b7f20 Exception <a 'java/lang/ClassNotFoundException'{0x0000000710f842f8}: org/springframework/beans/factory/config/BeanFactoryPostProcessorCustomizer> (0x0000000710f842f8) 
thrown [s\open\src\hotspot\share\classfile\systemDictionary.cpp, line 256]
Event: 41.749 Thread 0x000001e4829b7f20 Exception <a 'java/lang/ClassNotFoundException'{0x0000000710f89dd8}: org/springframework/core/PriorityOrderedCustomizer> (0x0000000710f89dd8) 
thrown [s\open\src\hotspot\share\classfile\systemDictionary.cpp, line 256]
Event: 41.749 Thread 0x000001e4829b7f20 Exception <a 'java/lang/ClassNotFoundException'{0x0000000710f8e4b8}: org/springframework/core/OrderedCustomizer> (0x0000000710f8e4b8) 
thrown [s\open\src\hotspot\share\classfile\systemDictionary.cpp, line 256]
Event: 41.751 Thread 0x000001e4829b7f20 Exception <a 'java/lang/ClassNotFoundException'{0x0000000710f93e70}: org/springframework/context/ResourceLoaderAwareCustomizer> (0x0000000710f93e70) 
thrown [s\open\src\hotspot\share\classfile\systemDictionary.cpp, line 256]
Event: 41.752 Thread 0x000001e4829b7f20 Exception <a 'java/lang/ClassNotFoundException'{0x0000000710f99928}: org/springframework/beans/factory/AwareCustomizer> (0x0000000710f99928) 
thrown [s\open\src\hotspot\share\classfile\systemDictionary.cpp, line 256]
Event: 41.753 Thread 0x000001e4829b7f20 Exception <a 'java/lang/ClassNotFoundException'{0x0000000710f9e418}: org/springframework/context/ApplicationStartupAwareCustomizer> (0x0000000710f9e418) 
thrown [s\open\src\hotspot\share\classfile\systemDictionary.cpp, line 256]
Event: 41.754 Thread 0x000001e4829b7f20 Exception <a 'java/lang/ClassNotFoundException'{0x0000000710fa4158}: org/springframework/beans/factory/AwareCustomizer> (0x0000000710fa4158) 
thrown [s\open\src\hotspot\share\classfile\systemDictionary.cpp, line 256]
Event: 41.755 Thread 0x000001e4829b7f20 Exception <a 'java/lang/ClassNotFoundException'{0x0000000710fa8ca0}: org/springframework/beans/factory/BeanClassLoaderAwareCustomizer> (0x0000000710fa8ca0) 
thrown [s\open\src\hotspot\share\classfile\systemDictionary.cpp, line 256]
Event: 41.756 Thread 0x000001e4829b7f20 Exception <a 'java/lang/ClassNotFoundException'{0x0000000710fae740}: org/springframework/beans/factory/AwareCustomizer> (0x0000000710fae740) 
thrown [s\open\src\hotspot\share\classfile\systemDictionary.cpp, line 256]
Event: 41.756 Thread 0x000001e4829b7f20 Exception <a 'java/lang/ClassNotFoundException'{0x0000000710fb2f90}: org/springframework/context/EnvironmentAwareCustomizer> (0x0000000710fb2f90) 
thrown [s\open\src\hotspot\share\classfile\systemDictionary.cpp, line 256]
Event: 41.757 Thread 0x000001e4829b7f20 Exception <a 'java/lang/ClassNotFoundException'{0x0000000710fb89c8}: org/springframework/beans/factory/AwareCustomizer> (0x0000000710fb89c8) 
thrown [s\open\src\hotspot\share\classfile\systemDictionary.cpp, line 256]
Event: 41.784 Thread 0x000001e4829b70b0 Exception <a 'java/lang/OutOfMemoryError'{0x0000000710869d88}> (0x0000000710869d88) 
thrown [s\open\src\hotspot\share\prims\jni.cpp, line 535]

VM Operations (20 events):
Event: 40.239 Executing VM operation: G1CollectForAllocation
Event: 40.245 Executing VM operation: G1CollectForAllocation done
Event: 40.392 Executing VM operation: HandshakeAllThreads
Event: 40.392 Executing VM operation: HandshakeAllThreads done
Event: 40.814 Executing VM operation: HandshakeAllThreads
Event: 40.814 Executing VM operation: HandshakeAllThreads done
Event: 41.342 Executing VM operation: HandshakeAllThreads
Event: 41.342 Executing VM operation: HandshakeAllThreads done
Event: 41.342 Executing VM operation: Cleanup
Event: 41.342 Executing VM operation: Cleanup done
Event: 41.555 Executing VM operation: G1CollectForAllocation
Event: 41.558 Executing VM operation: G1CollectForAllocation done
Event: 41.559 Executing VM operation: Cleanup
Event: 41.559 Executing VM operation: Cleanup done
Event: 41.598 Executing VM operation: HandshakeAllThreads
Event: 41.598 Executing VM operation: HandshakeAllThreads done
Event: 41.735 Executing VM operation: HandshakeAllThreads
Event: 41.735 Executing VM operation: HandshakeAllThreads done
Event: 41.774 Executing VM operation: HandshakeAllThreads
Event: 41.774 Executing VM operation: HandshakeAllThreads done

Events (20 events):
Event: 41.736 loading class jdk/internal/vm/annotation/IntrinsicCandidate
Event: 41.736 loading class jdk/internal/vm/annotation/IntrinsicCandidate done
Event: 41.737 loading class com/sun/beans/introspect/PropertyInfo$Name
Event: 41.737 loading class com/sun/beans/introspect/PropertyInfo$Name done
Event: 41.737 loading class java/beans/GenericBeanInfo
Event: 41.737 loading class java/beans/SimpleBeanInfo
Event: 41.738 loading class java/beans/SimpleBeanInfo done
Event: 41.738 loading class java/beans/GenericBeanInfo done
Event: 41.739 loading class java/util/Hashtable$EntrySet
Event: 41.739 loading class java/util/Hashtable$EntrySet done
Event: 41.744 loading class java/util/AbstractList$ListItr
Event: 41.744 loading class java/util/AbstractList$ListItr done
Event: 41.770 loading class java/net/SocketException
Event: 41.770 loading class java/net/SocketException done
Event: 41.799 loading class java/util/regex/Pattern$LazyLoop
Event: 41.799 loading class java/util/regex/Pattern$Loop
Event: 41.799 loading class java/util/regex/Pattern$Loop done
Event: 41.799 loading class java/util/regex/Pattern$LazyLoop done
Event: 41.800 loading class java/util/regex/Pattern$Prolog
Event: 41.800 loading class java/util/regex/Pattern$Prolog done


Dynamic libraries:
0x00007ff6a55e0000 - 0x00007ff6a55f0000 	C:\Java\jdk-17\bin\javaw.exe
0x00007ff92d190000 - 0x00007ff92d3a4000 	C:\WINDOWS\SYSTEM32\ntdll.dll
0x00007ff92b040000 - 0x00007ff92b104000 	C:\WINDOWS\System32\KERNEL32.DLL
0x00007ff92a600000 - 0x00007ff92a9a4000 	C:\WINDOWS\System32\KERNELBASE.dll
0x00007ff92ac40000 - 0x00007ff92ad51000 	C:\WINDOWS\System32\ucrtbase.dll
0x00007ff9185c0000 - 0x00007ff9185d8000 	C:\Java\jdk-17\bin\jli.dll
0x00007ff92b140000 - 0x00007ff92b1f0000 	C:\WINDOWS\System32\ADVAPI32.dll
0x00007ff92b5b0000 - 0x00007ff92b657000 	C:\WINDOWS\System32\msvcrt.dll
0x00007ff92c100000 - 0x00007ff92c1a6000 	C:\WINDOWS\System32\sechost.dll
0x00007ff92af20000 - 0x00007ff92b037000 	C:\WINDOWS\System32\RPCRT4.dll
0x00007ff92c970000 - 0x00007ff92cb1a000 	C:\WINDOWS\System32\USER32.dll
0x00007ff92aa30000 - 0x00007ff92aa56000 	C:\WINDOWS\System32\win32u.dll
0x00007ff92b110000 - 0x00007ff92b139000 	C:\WINDOWS\System32\GDI32.dll
0x00007ff92ae00000 - 0x00007ff92af19000 	C:\WINDOWS\System32\gdi32full.dll
0x00007ff92ad60000 - 0x00007ff92adfa000 	C:\WINDOWS\System32\msvcp_win.dll
0x00007ff9107f0000 - 0x00007ff910a7f000 	C:\WINDOWS\WinSxS\amd64_microsoft.windows.common-controls_6595b64144ccf1df_6.0.22621.2070_none_2713e6537381f706\COMCTL32.dll
0x00007ff920790000 - 0x00007ff92079a000 	C:\WINDOWS\SYSTEM32\VERSION.dll
0x00007ff9185e0000 - 0x00007ff9185fb000 	C:\Java\jdk-17\bin\VCRUNTIME140.dll
0x00007ff92c040000 - 0x00007ff92c071000 	C:\WINDOWS\System32\IMM32.DLL
0x00007ff926b10000 - 0x00007ff926b1c000 	C:\Java\jdk-17\bin\vcruntime140_1.dll
0x00007ff9165d0000 - 0x00007ff91665e000 	C:\Java\jdk-17\bin\msvcp140.dll
0x00007ff8bb470000 - 0x00007ff8bc047000 	C:\Java\jdk-17\bin\server\jvm.dll
0x00007ff92c3c0000 - 0x00007ff92c3c8000 	C:\WINDOWS\System32\PSAPI.DLL
0x00007ff9043a0000 - 0x00007ff9043a9000 	C:\WINDOWS\SYSTEM32\WSOCK32.dll
0x00007ff92cb20000 - 0x00007ff92cb91000 	C:\WINDOWS\System32\WS2_32.dll
0x00007ff922150000 - 0x00007ff922184000 	C:\WINDOWS\SYSTEM32\WINMM.dll
0x00007ff9295e0000 - 0x00007ff9295f8000 	C:\WINDOWS\SYSTEM32\kernel.appcore.dll
0x00007ff925000000 - 0x00007ff92500a000 	C:\Java\jdk-17\bin\jimage.dll
0x00007ff927c80000 - 0x00007ff927eae000 	C:\WINDOWS\SYSTEM32\DBGHELP.DLL
0x00007ff92c590000 - 0x00007ff92c91a000 	C:\WINDOWS\System32\combase.dll
0x00007ff92b420000 - 0x00007ff92b4f7000 	C:\WINDOWS\System32\OLEAUT32.dll
0x00007ff916410000 - 0x00007ff916442000 	C:\WINDOWS\SYSTEM32\dbgcore.DLL
0x00007ff92a9b0000 - 0x00007ff92aa2a000 	C:\WINDOWS\System32\bcryptPrimitives.dll
0x00007ff8e8e50000 - 0x00007ff8e8e8b000 	C:\Java\jdk-17\bin\jdwp.dll
0x00007ff924fe0000 - 0x00007ff924fee000 	C:\Java\jdk-17\bin\instrument.dll
0x00007ff916e10000 - 0x00007ff916e35000 	C:\Java\jdk-17\bin\java.dll
0x00007ff90b630000 - 0x00007ff90b707000 	C:\Java\jdk-17\bin\jsvml.dll
0x00007ff92b660000 - 0x00007ff92be76000 	C:\WINDOWS\System32\SHELL32.dll
0x00007ff9284d0000 - 0x00007ff928dba000 	C:\WINDOWS\SYSTEM32\windows.storage.dll
0x00007ff928390000 - 0x00007ff9284ce000 	C:\WINDOWS\SYSTEM32\wintypes.dll
0x00007ff92c3e0000 - 0x00007ff92c4d3000 	C:\WINDOWS\System32\SHCORE.dll
0x00007ff92c1c0000 - 0x00007ff92c21e000 	C:\WINDOWS\System32\shlwapi.dll
0x00007ff92a470000 - 0x00007ff92a496000 	C:\WINDOWS\SYSTEM32\profapi.dll
0x00007ff917d10000 - 0x00007ff917d1c000 	C:\Java\jdk-17\bin\dt_socket.dll
0x00007ff9290d0000 - 0x00007ff9290fd000 	C:\WINDOWS\SYSTEM32\IPHLPAPI.DLL
0x00007ff929aa0000 - 0x00007ff929b09000 	C:\WINDOWS\system32\mswsock.dll
0x00007ff929100000 - 0x00007ff9291f3000 	C:\WINDOWS\SYSTEM32\DNSAPI.dll
0x00007ff92c1b0000 - 0x00007ff92c1b9000 	C:\WINDOWS\System32\NSI.dll
0x00007ff9209e0000 - 0x00007ff9209ea000 	C:\Windows\System32\rasadhlp.dll
0x00007ff921be0000 - 0x00007ff921c64000 	C:\WINDOWS\System32\fwpuclnt.dll
0x00007ff9165b0000 - 0x00007ff9165c8000 	C:\Java\jdk-17\bin\zip.dll
0x00007ff9185a0000 - 0x00007ff9185b9000 	C:\Java\jdk-17\bin\net.dll
0x00007ff922cb0000 - 0x00007ff922de7000 	C:\WINDOWS\SYSTEM32\WINHTTP.dll
0x00007ff9179a0000 - 0x00007ff9179b6000 	C:\Java\jdk-17\bin\nio.dll
0x00007ff917d20000 - 0x00007ff917d2a000 	C:\Java\jdk-17\bin\management.dll
0x00007ff9165a0000 - 0x00007ff9165ab000 	C:\Java\jdk-17\bin\management_ext.dll
0x00007ff8f85e0000 - 0x00007ff8f85f7000 	C:\WINDOWS\system32\napinsp.dll
0x00007ff8f85c0000 - 0x00007ff8f85db000 	C:\WINDOWS\system32\pnrpnsp.dll
0x00007ff8f84a0000 - 0x00007ff8f84b1000 	C:\WINDOWS\System32\winrnr.dll
0x00007ff921c70000 - 0x00007ff921c85000 	C:\WINDOWS\system32\wshbth.dll
0x00007ff8f8430000 - 0x00007ff8f8451000 	C:\WINDOWS\system32\nlansp_c.dll
0x00007ff929dc0000 - 0x00007ff929ddb000 	C:\WINDOWS\SYSTEM32\CRYPTSP.dll
0x00007ff9295a0000 - 0x00007ff9295d5000 	C:\WINDOWS\system32\rsaenh.dll
0x00007ff929b40000 - 0x00007ff929b6c000 	C:\WINDOWS\SYSTEM32\USERENV.dll
0x00007ff929ee0000 - 0x00007ff929f08000 	C:\WINDOWS\SYSTEM32\bcrypt.dll
0x00007ff929da0000 - 0x00007ff929dac000 	C:\WINDOWS\SYSTEM32\CRYPTBASE.dll
0x00007ff922b80000 - 0x00007ff922b99000 	C:\WINDOWS\SYSTEM32\dhcpcsvc6.DLL
0x00007ff922b60000 - 0x00007ff922b7f000 	C:\WINDOWS\SYSTEM32\dhcpcsvc.DLL
0x00007ff916590000 - 0x00007ff9165a0000 	C:\Java\jdk-17\bin\verify.dll

dbghelp: loaded successfully - version: 4.0.5 - missing functions: none
symbol engine: initialized successfully - sym options: 0x614 - pdb path: .;C:\Java\jdk-17\bin;C:\WINDOWS\SYSTEM32;C:\WINDOWS\WinSxS\amd64_microsoft.windows.common-controls_6595b64144ccf1df_6.0.22621.2070_none_2713e6537381f706;C:\Java\jdk-17\bin\server

VM Arguments:
jvm_args: -XX:+ShowCodeDetailsInExceptionMessages -agentlib:jdwp=transport=dt_socket,suspend=y,address=localhost:2329 -Dcom.sun.management.jmxremote -Dcom.sun.management.jmxremote.port=12034 -Dcom.sun.management.jmxremote.authenticate=false -Dcom.sun.management.jmxremote.ssl=false -Djava.rmi.server.hostname=localhost -Dspring.jmx.enabled=true -Dmanagement.endpoints.jmx.exposure.include=* -Dspring.application.admin.enabled=true -XX:TieredStopAtLevel=1 -Dspring.boot.project.name=projectCulture -javaagent:C:\springdeveloper\sts-4.19.1.RELEASE\configuration\org.eclipse.osgi\267\0\.cp\lib\javaagent-shaded.jar -Dfile.encoding=UTF-8 
java_command: com.spring.ProjectCultureApplication --spring.output.ansi.enabled=always
java_class_path (initial): C:\springdeveloper\springBootCoding\projectCulture\target\classes;C:\Users\wnslr\.m2\repository\org\springframework\boot\spring-boot-starter-jdbc\2.7.14\spring-boot-starter-jdbc-2.7.14.jar;C:\Users\wnslr\.m2\repository\org\springframework\boot\spring-boot-starter\2.7.14\spring-boot-starter-2.7.14.jar;C:\Users\wnslr\.m2\repository\org\springframework\boot\spring-boot-starter-logging\2.7.14\spring-boot-starter-logging-2.7.14.jar;C:\Users\wnslr\.m2\repository\ch\qos\logback\logback-classic\1.2.12\logback-classic-1.2.12.jar;C:\Users\wnslr\.m2\repository\ch\qos\logback\logback-core\1.2.12\logback-core-1.2.12.jar;C:\Users\wnslr\.m2\repository\org\apache\logging\log4j\log4j-to-slf4j\2.17.2\log4j-to-slf4j-2.17.2.jar;C:\Users\wnslr\.m2\repository\org\apache\logging\log4j\log4j-api\2.17.2\log4j-api-2.17.2.jar;C:\Users\wnslr\.m2\repository\org\slf4j\jul-to-slf4j\1.7.36\jul-to-slf4j-1.7.36.jar;C:\Users\wnslr\.m2\repository\jakarta\annotation\jakarta.annotation-api\1.3.5\jakarta.annotation-api-1.3.5.jar;C:\Users\wnslr\.m2\repository\org\yaml\snakeyaml\1.30\snakeyaml-1.30.jar;C:\Users\wnslr\.m2\repository\com\zaxxer\HikariCP\4.0.3\HikariCP-4.0.3.jar;C:\Users\wnslr\.m2\repository\org\springframework\spring-jdbc\5.3.29\spring-jdbc-5.3.29.jar;C:\Users\wnslr\.m2\repository\org\springframework\spring-beans\5.3.29\spring-beans-5.3.29.jar;C:\Users\wnslr\.m2\repository\org\springframework\spring-tx\5.3.29\spring-tx-5.3.29.jar;C:\Users\wnslr\.m2\repository\org\springframework\boot\spring-boot-starter-web\2.7.14\spring-boot-starter-web-2.7.14.jar;C:\Users\wnslr\.m2\repository\org\springframework\boot\spring-boot-starter-json\2.7.14\spring-boot-starter-json-2.7.14.jar;C:\Users\wnslr\.m2\repository\com\fasterxml\jackson\core\jackson-databind\2.13.5\jackson-databind-2.13.5.jar;C:\Users\wnslr\.m2\repository\com\fasterxml\jackson\core\jackson-annotations\2.13.5\jackson-annotations-2.13.5.jar;C:\Users\wnslr\.m2\repository\com\fasterxml\jackson\core\jackson-core\2.13.
Launcher Type: SUN_STANDARD

[Global flags]
     intx CICompilerCount                          = 4                                         {product} {ergonomic}
     uint ConcGCThreads                            = 3                                         {product} {ergonomic}
     uint G1ConcRefinementThreads                  = 10                                        {product} {ergonomic}
   size_t G1HeapRegionSize                         = 2097152                                   {product} {ergonomic}
    uintx GCDrainStackTargetSize                   = 64                                        {product} {ergonomic}
   size_t InitialHeapSize                          = 268435456                                 {product} {ergonomic}
     bool ManagementServer                         = true                                      {product} {command line}
   size_t MarkStackSize                            = 4194304                                   {product} {ergonomic}
   size_t MaxHeapSize                              = 4263510016                                {product} {ergonomic}
   size_t MaxNewSize                               = 2556428288                                {product} {ergonomic}
   size_t MinHeapDeltaBytes                        = 2097152                                   {product} {ergonomic}
   size_t MinHeapSize                              = 8388608                                   {product} {ergonomic}
    uintx NonProfiledCodeHeapSize                  = 0                                      {pd product} {ergonomic}
     bool ProfileInterpreter                       = false                                  {pd product} {command line}
    uintx ProfiledCodeHeapSize                     = 0                                      {pd product} {ergonomic}
     bool ShowCodeDetailsInExceptionMessages       = true                                   {manageable} {command line}
   size_t SoftMaxHeapSize                          = 4263510016                             {manageable} {ergonomic}
     intx TieredStopAtLevel                        = 1                                         {product} {command line}
     bool UseCompressedClassPointers               = true                           {product lp64_product} {ergonomic}
     bool UseCompressedOops                        = true                           {product lp64_product} {ergonomic}
     bool UseG1GC                                  = true                                      {product} {ergonomic}
     bool UseLargePagesIndividualAllocation        = false                                  {pd product} {ergonomic}

Logging:
Log output configuration:
 #0: stdout all=warning uptime,level,tags
 #1: stderr all=off uptime,level,tags

Environment Variables:
JAVA_HOME=C:\Java\jdk-17
CLASSPATH=%classpath%;.;.;.
PATH=C:/springdeveloper/sts-4.19.1.RELEASE//plugins/org.eclipse.justj.openjdk.hotspot.jre.full.win32.x86_64_17.0.7.v20230425-1502/jre/bin/server;C:/springdeveloper/sts-4.19.1.RELEASE//plugins/org.eclipse.justj.openjdk.hotspot.jre.full.win32.x86_64_17.0.7.v20230425-1502/jre/bin;C:\Program Files (x86)\Razer Chroma SDK\bin;C:\Program Files\Razer Chroma SDK\bin;C:\Program Files (x86)\Razer\ChromaBroadcast\bin;C:\Program Files\Razer\ChromaBroadcast\bin;C:\app\wnslr\product\18.0.0\dbhomeXE\bin;C:\Java\jdk-17\bin;C:\Program Files\Common Files\Oracle\Java\javapath;C:\Windows\system32;C:\Windows;C:\Windows\System32\Wbem;C:\Windows\System32\WindowsPowerShell\v1.0\;C:\Windows\System32\OpenSSH\;C:\Program Files (x86)\NVIDIA Corporation\PhysX\Common;C:\Program Files\NVIDIA Corporation\NVIDIA NvDLISR;C:\WINDOWS\system32;C:\WINDOWS;C:\WINDOWS\System32\Wbem;C:\WINDOWS\System32\WindowsPowerShell\v1.0\;C:\WINDOWS\System32\OpenSSH\;C:\Program Files (x86)\dotnet\;C:\WINDOWS\system32\config\systemprofile\AppData\Local\Microsoft\WindowsApps;C:\Program Files\nodejs\;C:\Users\wnslr\AppData\Local\Microsoft\WindowsApps;C:\Program Files\Bandizip\;C:\Users\wnslr\AppData\Local\Programs\Microsoft VS Code\bin;C:\Users\wnslr\AppData\Roaming\npm;C:\Users\wnslr\AppData\Local\GitHubDesktop\bin;C:\springdeveloper\sts-4.19.1.RELEASE;
USERNAME=wnslr
OS=Windows_NT
PROCESSOR_IDENTIFIER=Intel64 Family 6 Model 158 Stepping 10, GenuineIntel



---------------  S Y S T E M  ---------------

OS:
 Windows 11 , 64 bit Build 22621 (10.0.22621.2070)
OS uptime: 14 days 3:34 hours
Hyper-V role detected

CPU: total 12 (initial active 12) (6 cores per cpu, 2 threads per core) family 6 model 158 stepping 10 microcode 0xea, cx8, cmov, fxsr, ht, mmx, 3dnowpref, sse, sse2, sse3, ssse3, sse4.1, sse4.2, popcnt, lzcnt, tsc, tscinvbit, avx, avx2, aes, erms, clmul, bmi1, bmi2, adx, fma, vzeroupper, clflush, clflushopt, hv

Memory: 4k page, system-wide physical 16263M (1731M free)
TotalPageFile size 46621M (AvailPageFile size 677M)
current process WorkingSet (physical memory assigned to process): 145M, peak: 145M
current process commit charge ("private bytes"): 381M, peak: 381M

vm_info: Java HotSpot(TM) 64-Bit Server VM (17.0.6+9-LTS-190) for windows-amd64 JRE (17.0.6+9-LTS-190), built on Dec  6 2022 15:53:54 by "mach5one" with MS VC++ 17.1 (VS2022)

END.
