#
# There is insufficient memory for the Java Runtime Environment to continue.
# Native memory allocation (mmap) failed to map 65536 bytes for Failed to commit metaspace.
# Possible reasons:
#   The system is out of physical RAM or swap space
#   The process is running with CompressedOops enabled, and the Java Heap may be blocking the growth of the native heap
# Possible solutions:
#   Reduce memory load on the system
#   Increase physical memory or swap space
#   Check if swap backing store is full
#   Decrease Java heap size (-Xmx/-Xms)
#   Decrease number of Java threads
#   Decrease Java thread stack sizes (-Xss)
#   Set larger code cache with -XX:ReservedCodeCacheSize=
#   JVM is running with Zero Based Compressed Oops mode in which the Java heap is
#     placed in the first 32GB address space. The Java Heap base address is the
#     maximum limit for the native heap growth. Please use -XX:HeapBaseMinAddress
#     to set the Java Heap base and to place the Java Heap above 32GB virtual address.
# This output file may be truncated or incomplete.
#
#  Out of Memory Error (virtualSpaceNode.cpp:110), pid=66856, tid=63000
#
# JRE version: Java(TM) SE Runtime Environment (17.0.6+9) (build 17.0.6+9-LTS-190)
# Java VM: Java HotSpot(TM) 64-Bit Server VM (17.0.6+9-LTS-190, mixed mode, emulated-client, sharing, tiered, compressed oops, compressed class ptrs, g1 gc, windows-amd64)
# No core dump will be written. Minidumps are not enabled by default on client versions of Windows
#

---------------  S U M M A R Y ------------

Command Line: -XX:+ShowCodeDetailsInExceptionMessages -agentlib:jdwp=transport=dt_socket,suspend=y,address=localhost:2931 -Dcom.sun.management.jmxremote -Dcom.sun.management.jmxremote.port=12346 -Dcom.sun.management.jmxremote.authenticate=false -Dcom.sun.management.jmxremote.ssl=false -Djava.rmi.server.hostname=localhost -Dspring.jmx.enabled=true -Dmanagement.endpoints.jmx.exposure.include=* -Dspring.application.admin.enabled=true -XX:TieredStopAtLevel=1 -Dspring.boot.project.name=projectCulture -javaagent:C:\springdeveloper\sts-4.19.1.RELEASE\configuration\org.eclipse.osgi\267\0\.cp\lib\javaagent-shaded.jar -Dfile.encoding=UTF-8 com.spring.ProjectCultureApplication --spring.output.ansi.enabled=always

Host: Intel(R) Core(TM) i7-9750H CPU @ 2.60GHz, 12 cores, 15G,  Windows 11 , 64 bit Build 22621 (10.0.22621.2070)
Time: Thu Aug 24 12:24:15 2023  Windows 11 , 64 bit Build 22621 (10.0.22621.2070) elapsed time: 38.265431 seconds (0d 0h 0m 38s)

---------------  T H R E A D  ---------------

Current thread (0x000001ceb198a100):  JavaThread "restartedMain" [_thread_in_vm, id=63000, stack(0x000000a426200000,0x000000a426300000)]

Stack: [0x000000a426200000,0x000000a426300000]
Native frames: (J=compiled Java code, j=interpreted, Vv=VM code, C=native code)
V  [jvm.dll+0x6734ea]
V  [jvm.dll+0x7d18f4]
V  [jvm.dll+0x7d309e]
V  [jvm.dll+0x7d3703]
V  [jvm.dll+0x2433c5]
V  [jvm.dll+0x7cd9fb]
V  [jvm.dll+0x619546]
V  [jvm.dll+0x1bdf07]
V  [jvm.dll+0x61bea0]
V  [jvm.dll+0x619f06]
V  [jvm.dll+0x237b0f]
V  [jvm.dll+0x623bc5]
V  [jvm.dll+0x1e79bd]
V  [jvm.dll+0x1e7f85]
V  [jvm.dll+0x1e88cb]
V  [jvm.dll+0x1de0d1]
V  [jvm.dll+0x5399dc]
V  [jvm.dll+0x74c638]
V  [jvm.dll+0x74c724]
V  [jvm.dll+0x4080bf]
V  [jvm.dll+0x40e0d9]
C  [java.dll+0x17ec]

Java frames: (J=compiled Java code, j=interpreted, Vv=VM code)
J 1370  java.lang.ClassLoader.defineClass1(Ljava/lang/ClassLoader;Ljava/lang/String;[BIILjava/security/ProtectionDomain;Ljava/lang/String;)Ljava/lang/Class; java.base@17.0.6 (0 bytes) @ 0x000001cea102a3e3 [0x000001cea102a320+0x00000000000000c3]
J 1404 c1 java.lang.ClassLoader.defineClass(Ljava/lang/String;[BIILjava/security/ProtectionDomain;)Ljava/lang/Class; java.base@17.0.6 (43 bytes) @ 0x000001cea103b924 [0x000001cea103b7e0+0x0000000000000144]
J 1393 c1 jdk.internal.loader.BuiltinClassLoader.defineClass(Ljava/lang/String;Ljdk/internal/loader/Resource;)Ljava/lang/Class; java.base@17.0.6 (121 bytes) @ 0x000001cea10383ac [0x000001cea1037ea0+0x000000000000050c]
J 1371 c1 jdk.internal.loader.BuiltinClassLoader.findClassOnClassPathOrNull(Ljava/lang/String;)Ljava/lang/Class; java.base@17.0.6 (64 bytes) @ 0x000001cea102c01c [0x000001cea102bd20+0x00000000000002fc]
J 1173 c1 jdk.internal.loader.BuiltinClassLoader.loadClassOrNull(Ljava/lang/String;Z)Ljava/lang/Class; java.base@17.0.6 (143 bytes) @ 0x000001cea0fb36dc [0x000001cea0fb3200+0x00000000000004dc]
J 1268 c1 jdk.internal.loader.ClassLoaders$AppClassLoader.loadClass(Ljava/lang/String;Z)Ljava/lang/Class; java.base@17.0.6 (40 bytes) @ 0x000001cea0ffa1bc [0x000001cea0ffa080+0x000000000000013c]
J 1256 c1 java.lang.ClassLoader.loadClass(Ljava/lang/String;)Ljava/lang/Class; java.base@17.0.6 (7 bytes) @ 0x000001cea0ff1bfc [0x000001cea0ff1ba0+0x000000000000005c]
v  ~StubRoutines::call_stub
j  org.apache.catalina.core.StandardServer.initInternal()V+6
j  org.apache.catalina.util.LifecycleBase.init()V+29
j  org.apache.catalina.util.LifecycleBase.start()V+142
j  org.apache.catalina.startup.Tomcat.start()V+9
j  org.springframework.boot.web.embedded.tomcat.TomcatWebServer.initialize()V+64
j  org.springframework.boot.web.embedded.tomcat.TomcatWebServer.<init>(Lorg/apache/catalina/startup/Tomcat;ZLorg/springframework/boot/web/server/Shutdown;)V+66
j  org.springframework.boot.web.embedded.tomcat.TomcatServletWebServerFactory.getTomcatWebServer(Lorg/apache/catalina/startup/Tomcat;)Lorg/springframework/boot/web/embedded/tomcat/TomcatWebServer;+21
j  org.springframework.boot.web.embedded.tomcat.TomcatServletWebServerFactory.getWebServer([Lorg/springframework/boot/web/servlet/ServletContextInitializer;)Lorg/springframework/boot/web/server/WebServer;+212
j  org.springframework.boot.web.servlet.context.ServletWebServerApplicationContext.createWebServer()V+67
j  org.springframework.boot.web.servlet.context.ServletWebServerApplicationContext.onRefresh()V+5
j  org.springframework.context.support.AbstractApplicationContext.refresh()V+77
j  org.springframework.boot.web.servlet.context.ServletWebServerApplicationContext.refresh()V+1
j  org.springframework.boot.SpringApplication.refresh(Lorg/springframework/context/ConfigurableApplicationContext;)V+1
j  org.springframework.boot.SpringApplication.refreshContext(Lorg/springframework/context/ConfigurableApplicationContext;)V+16
j  org.springframework.boot.SpringApplication.run([Ljava/lang/String;)Lorg/springframework/context/ConfigurableApplicationContext;+107
j  org.springframework.boot.SpringApplication.run([Ljava/lang/Class;[Ljava/lang/String;)Lorg/springframework/context/ConfigurableApplicationContext;+9
j  org.springframework.boot.SpringApplication.run(Ljava/lang/Class;[Ljava/lang/String;)Lorg/springframework/context/ConfigurableApplicationContext;+9
j  com.spring.ProjectCultureApplication.main([Ljava/lang/String;)V+3
v  ~StubRoutines::call_stub
j  jdk.internal.reflect.NativeMethodAccessorImpl.invoke0(Ljava/lang/reflect/Method;Ljava/lang/Object;[Ljava/lang/Object;)Ljava/lang/Object;+0 java.base@17.0.6
j  jdk.internal.reflect.NativeMethodAccessorImpl.invoke(Ljava/lang/Object;[Ljava/lang/Object;)Ljava/lang/Object;+133 java.base@17.0.6
j  jdk.internal.reflect.DelegatingMethodAccessorImpl.invoke(Ljava/lang/Object;[Ljava/lang/Object;)Ljava/lang/Object;+6 java.base@17.0.6
j  java.lang.reflect.Method.invoke(Ljava/lang/Object;[Ljava/lang/Object;)Ljava/lang/Object;+59 java.base@17.0.6
j  org.springframework.boot.devtools.restart.RestartLauncher.run()V+47
v  ~StubRoutines::call_stub

---------------  P R O C E S S  ---------------

Threads class SMR info:
_java_thread_list=0x000001ceb18fc7b0, length=23, elements={
0x000001ce992bad90, 0x000001ceb0291390, 0x000001ceb0293f50, 0x000001ceb02ad2a0,
0x000001ceb02ae260, 0x000001ceb0c060a0, 0x000001ceb0c06960, 0x000001ceb0c07220,
0x000001ceb0c13120, 0x000001ceb027d9c0, 0x000001ceb0d635f0, 0x000001ceb0d654a0,
0x000001ceb0d65990, 0x000001ceb148b0a0, 0x000001ceb161eb70, 0x000001ceb160caa0,
0x000001ceb162c520, 0x000001ceb196bce0, 0x000001ceb198a100, 0x000001ceb1a50200,
0x000001ceb1a66760, 0x000001ceb2e37ee0, 0x000001ceb2e383b0
}

Java Threads: ( => current thread )
  0x000001ce992bad90 JavaThread "main" [_thread_blocked, id=69644, stack(0x000000a424c00000,0x000000a424d00000)]
  0x000001ceb0291390 JavaThread "Reference Handler" daemon [_thread_blocked, id=70032, stack(0x000000a425400000,0x000000a425500000)]
  0x000001ceb0293f50 JavaThread "Finalizer" daemon [_thread_blocked, id=70036, stack(0x000000a425500000,0x000000a425600000)]
  0x000001ceb02ad2a0 JavaThread "Signal Dispatcher" daemon [_thread_blocked, id=70048, stack(0x000000a425600000,0x000000a425700000)]
  0x000001ceb02ae260 JavaThread "Attach Listener" daemon [_thread_blocked, id=70052, stack(0x000000a425700000,0x000000a425800000)]
  0x000001ceb0c060a0 JavaThread "Service Thread" daemon [_thread_blocked, id=70056, stack(0x000000a425800000,0x000000a425900000)]
  0x000001ceb0c06960 JavaThread "Monitor Deflation Thread" daemon [_thread_blocked, id=70060, stack(0x000000a425900000,0x000000a425a00000)]
  0x000001ceb0c07220 JavaThread "C1 CompilerThread0" daemon [_thread_blocked, id=70064, stack(0x000000a425a00000,0x000000a425b00000)]
  0x000001ceb0c13120 JavaThread "Sweeper thread" daemon [_thread_blocked, id=70068, stack(0x000000a425b00000,0x000000a425c00000)]
  0x000001ceb027d9c0 JavaThread "Common-Cleaner" daemon [_thread_blocked, id=70168, stack(0x000000a425c00000,0x000000a425d00000)]
  0x000001ceb0d635f0 JavaThread "JDWP Transport Listener: dt_socket" daemon [_thread_blocked, id=70244, stack(0x000000a425f00000,0x000000a426000000)]
  0x000001ceb0d654a0 JavaThread "JDWP Event Helper Thread" daemon [_thread_blocked, id=70248, stack(0x000000a426000000,0x000000a426100000)]
  0x000001ceb0d65990 JavaThread "JDWP Command Reader" daemon [_thread_in_native, id=70252, stack(0x000000a426100000,0x000000a426200000)]
  0x000001ceb148b0a0 JavaThread "Notification Thread" daemon [_thread_blocked, id=18776, stack(0x000000a426400000,0x000000a426500000)]
  0x000001ceb161eb70 JavaThread "RMI TCP Accept-0" daemon [_thread_in_native, id=57520, stack(0x000000a426500000,0x000000a426600000)]
  0x000001ceb160caa0 JavaThread "RMI TCP Accept-12346" daemon [_thread_in_native, id=49548, stack(0x000000a426600000,0x000000a426700000)]
  0x000001ceb162c520 JavaThread "RMI TCP Accept-0" daemon [_thread_in_native, id=54904, stack(0x000000a426700000,0x000000a426800000)]
  0x000001ceb196bce0 JavaThread "Thread-0" [_thread_blocked, id=66164, stack(0x000000a427200000,0x000000a427300000)]
=>0x000001ceb198a100 JavaThread "restartedMain" [_thread_in_vm, id=63000, stack(0x000000a426200000,0x000000a426300000)]
  0x000001ceb1a50200 JavaThread "C1 CompilerThread1" daemon [_thread_blocked, id=29932, stack(0x000000a425d00000,0x000000a425e00000)]
  0x000001ceb1a66760 JavaThread "C1 CompilerThread2" daemon [_thread_blocked, id=43484, stack(0x000000a426300000,0x000000a426400000)]
  0x000001ceb2e37ee0 JavaThread "RMI TCP Connection(1)-127.0.0.1" daemon [_thread_in_native, id=69436, stack(0x000000a427700000,0x000000a427800000)]
  0x000001ceb2e383b0 JavaThread "RMI Scheduler(0)" daemon [_thread_blocked, id=67752, stack(0x000000a427800000,0x000000a427900000)]

Other Threads:
  0x000001ceb028c4f0 VMThread "VM Thread" [stack: 0x000000a425300000,0x000000a425400000] [id=70028] _threads_hazard_ptr=0x000001ceb18fc7b0
  0x000001ceb160d3f0 WatcherThread [stack: 0x000000a426800000,0x000000a426900000] [id=63116]
  0x000001ce99327aa0 GCTaskThread "GC Thread#0" [stack: 0x000000a424e00000,0x000000a424f00000] [id=69904]
  0x000001ceb16efcf0 GCTaskThread "GC Thread#1" [stack: 0x000000a426900000,0x000000a426a00000] [id=65540]
  0x000001ceb16d7e50 GCTaskThread "GC Thread#2" [stack: 0x000000a426a00000,0x000000a426b00000] [id=66792]
  0x000001ceb164e0b0 GCTaskThread "GC Thread#3" [stack: 0x000000a426b00000,0x000000a426c00000] [id=66868]
  0x000001ceb164e360 GCTaskThread "GC Thread#4" [stack: 0x000000a426c00000,0x000000a426d00000] [id=67696]
  0x000001ceb164e610 GCTaskThread "GC Thread#5" [stack: 0x000000a426d00000,0x000000a426e00000] [id=67700]
  0x000001ceb1676630 GCTaskThread "GC Thread#6" [stack: 0x000000a426e00000,0x000000a426f00000] [id=63556]
  0x000001ceb17b3240 GCTaskThread "GC Thread#7" [stack: 0x000000a426f00000,0x000000a427000000] [id=61468]
  0x000001ceb17b34f0 GCTaskThread "GC Thread#8" [stack: 0x000000a427000000,0x000000a427100000] [id=64388]
  0x000001ceb17b37a0 GCTaskThread "GC Thread#9" [stack: 0x000000a427100000,0x000000a427200000] [id=43284]
  0x000001ce970cc2d0 ConcurrentGCThread "G1 Main Marker" [stack: 0x000000a424f00000,0x000000a425000000] [id=69908]
  0x000001ce970ccc50 ConcurrentGCThread "G1 Conc#0" [stack: 0x000000a425000000,0x000000a425100000] [id=69912]
  0x000001ceb2fe2d00 ConcurrentGCThread "G1 Conc#1" [stack: 0x000000a427500000,0x000000a427600000] [id=57368]
  0x000001ceb30192a0 ConcurrentGCThread "G1 Conc#2" [stack: 0x000000a427600000,0x000000a427700000] [id=69892]
  0x000001ce9937d840 ConcurrentGCThread "G1 Refine#0" [stack: 0x000000a425100000,0x000000a425200000] [id=69992]
  0x000001ce9937e100 ConcurrentGCThread "G1 Service" [stack: 0x000000a425200000,0x000000a425300000] [id=69996]

Threads with active compile tasks:

VM state: synchronizing (normal execution)

VM Mutex/Monitor currently owned by a thread:  ([mutex/lock_event])
[0x000001ce992b5ef0] Metaspace_lock - owner thread: 0x000001ceb198a100
[0x000001ce992b7c90] Threads_lock - owner thread: 0x000001ceb028c4f0

Heap address: 0x0000000701e00000, size: 4066 MB, Compressed Oops mode: Zero based, Oop shift amount: 3

CDS archive(s) mapped at: [0x0000000800000000-0x0000000800bd0000-0x0000000800bd0000), size 12386304, SharedBaseAddress: 0x0000000800000000, ArchiveRelocationMode: 0.
Compressed class space mapped at: 0x0000000800c00000-0x0000000840c00000, reserved size: 1073741824
Narrow klass base: 0x0000000800000000, Narrow klass shift: 0, Narrow klass range: 0x100000000

GC Precious Log:
 CPUs: 12 total, 12 available
 Memory: 16263M
 Large Page Support: Disabled
 NUMA Support: Disabled
 Compressed Oops: Enabled (Zero based)
 Heap Region Size: 2M
 Heap Min Capacity: 8M
 Heap Initial Capacity: 256M
 Heap Max Capacity: 4066M
 Pre-touch: Disabled
 Parallel Workers: 10
 Concurrent Workers: 3
 Concurrent Refinement Workers: 10
 Periodic GC: Disabled

Heap:
 garbage-first heap   total 49152K, used 25396K [0x0000000701e00000, 0x0000000800000000)
  region size 2048K, 8 young (16384K), 1 survivors (2048K)
 Metaspace       used 25937K, committed 26176K, reserved 1073152K
  class space    used 3448K, committed 3584K, reserved 1048576K

Heap Regions: E=young(eden), S=young(survivor), O=old, HS=humongous(starts), HC=humongous(continues), CS=collection set, F=free, OA=open archive, CA=closed archive, TAMS=top-at-mark-start (previous, next)
|   0|0x0000000701e00000, 0x0000000702000000, 0x0000000702000000|100%| O|  |TAMS 0x0000000702000000, 0x0000000701e00000| Untracked 
|   1|0x0000000702000000, 0x0000000702200000, 0x0000000702200000|100%| O|  |TAMS 0x0000000702200000, 0x0000000702000000| Untracked 
|   2|0x0000000702200000, 0x0000000702200000, 0x0000000702400000|  0%| F|  |TAMS 0x0000000702200000, 0x0000000702200000| Untracked 
|   3|0x0000000702400000, 0x0000000702600000, 0x0000000702600000|100%| O|  |TAMS 0x0000000702400000, 0x0000000702400000| Untracked 
|   4|0x0000000702600000, 0x0000000702800000, 0x0000000702800000|100%| O|  |TAMS 0x0000000702600000, 0x0000000702600000| Untracked 
|   5|0x0000000702800000, 0x0000000702a00000, 0x0000000702a00000|100%| O|  |TAMS 0x0000000702800000, 0x0000000702800000| Untracked 
|   6|0x0000000702a00000, 0x0000000702b51000, 0x0000000702c00000| 65%| O|  |TAMS 0x0000000702a00000, 0x0000000702a00000| Untracked 
|   7|0x0000000702c00000, 0x0000000702c00000, 0x0000000702e00000|  0%| F|  |TAMS 0x0000000702c00000, 0x0000000702c00000| Untracked 
|   8|0x0000000702e00000, 0x0000000702e00000, 0x0000000703000000|  0%| F|  |TAMS 0x0000000702e00000, 0x0000000702e00000| Untracked 
|   9|0x0000000703000000, 0x0000000703000000, 0x0000000703200000|  0%| F|  |TAMS 0x0000000703000000, 0x0000000703000000| Untracked 
|  10|0x0000000703200000, 0x0000000703200000, 0x0000000703400000|  0%| F|  |TAMS 0x0000000703200000, 0x0000000703200000| Untracked 
|  11|0x0000000703400000, 0x0000000703400000, 0x0000000703600000|  0%| F|  |TAMS 0x0000000703400000, 0x0000000703400000| Untracked 
|  12|0x0000000703600000, 0x000000070377c340, 0x0000000703800000| 74%| S|CS|TAMS 0x0000000703600000, 0x0000000703600000| Complete 
|  13|0x0000000703800000, 0x0000000703800000, 0x0000000703a00000|  0%| F|  |TAMS 0x0000000703800000, 0x0000000703800000| Untracked 
|  14|0x0000000703a00000, 0x0000000703a00000, 0x0000000703c00000|  0%| F|  |TAMS 0x0000000703a00000, 0x0000000703a00000| Untracked 
|  15|0x0000000703c00000, 0x0000000703c00000, 0x0000000703e00000|  0%| F|  |TAMS 0x0000000703c00000, 0x0000000703c00000| Untracked 
|  16|0x0000000703e00000, 0x0000000703e00000, 0x0000000704000000|  0%| F|  |TAMS 0x0000000703e00000, 0x0000000703e00000| Untracked 
|  17|0x0000000704000000, 0x0000000704051b40, 0x0000000704200000| 15%| E|  |TAMS 0x0000000704000000, 0x0000000704000000| Complete 
|  18|0x0000000704200000, 0x0000000704400000, 0x0000000704400000|100%| E|CS|TAMS 0x0000000704200000, 0x0000000704200000| Complete 
|  19|0x0000000704400000, 0x0000000704600000, 0x0000000704600000|100%| E|CS|TAMS 0x0000000704400000, 0x0000000704400000| Complete 
| 121|0x0000000711000000, 0x0000000711200000, 0x0000000711200000|100%| E|CS|TAMS 0x0000000711000000, 0x0000000711000000| Complete 
| 122|0x0000000711200000, 0x0000000711400000, 0x0000000711400000|100%| E|CS|TAMS 0x0000000711200000, 0x0000000711200000| Complete 
| 123|0x0000000711400000, 0x0000000711600000, 0x0000000711600000|100%| E|CS|TAMS 0x0000000711400000, 0x0000000711400000| Complete 
| 127|0x0000000711c00000, 0x0000000711e00000, 0x0000000711e00000|100%| E|CS|TAMS 0x0000000711c00000, 0x0000000711c00000| Complete 

Card table byte_map: [0x000001cea4660000,0x000001cea4e60000] _byte_map_base: 0x000001cea0e51000

Marking Bits (Prev, Next): (CMBitMap*) 0x000001ce970cba10, (CMBitMap*) 0x000001ce970cb9d0
 Prev Bits: [0x000001cea95f0000, 0x000001cead578000)
 Next Bits: [0x000001cea5660000, 0x000001cea95e8000)

Polling page: 0x000001ce98a80000

Metaspace:

Usage:
  Non-class:     21.96 MB used.
      Class:      3.37 MB used.
       Both:     25.33 MB used.

Virtual space:
  Non-class space:       24.00 MB reserved,      22.06 MB ( 92%) committed,  3 nodes.
      Class space:        1.00 GB reserved,       3.50 MB ( <1%) committed,  1 nodes.
             Both:        1.02 GB reserved,      25.56 MB (  2%) committed. 

Chunk freelists:
   Non-Class:  1.61 MB
       Class:  527.00 KB
        Both:  2.12 MB

MaxMetaspaceSize: unlimited
CompressedClassSpaceSize: 1.00 GB
Initial GC threshold: 21.00 MB
Current GC threshold: 35.25 MB
CDS: on
MetaspaceReclaimPolicy: balanced
 - commit_granule_bytes: 65536.
 - commit_granule_words: 8192.
 - virtual_space_node_default_size: 1048576.
 - enlarge_chunks_in_place: 1.
 - new_chunks_are_fully_committed: 0.
 - uncommit_free_chunks: 1.
 - use_allocation_guard: 0.
 - handle_deallocations: 1.


Internal statistics:

num_allocs_failed_limit: 3.
num_arena_births: 294.
num_arena_deaths: 0.
num_vsnodes_births: 4.
num_vsnodes_deaths: 0.
num_space_committed: 409.
num_space_uncommitted: 0.
num_chunks_returned_to_freelist: 3.
num_chunks_taken_from_freelist: 1139.
num_chunk_merges: 3.
num_chunk_splits: 785.
num_chunks_enlarged: 595.
num_purges: 0.
num_inconsistent_stats: 0.

CodeCache: size=49152Kb used=8704Kb max_used=8704Kb free=40447Kb
 bounds [0x000001cea0b30000, 0x000001cea13c0000, 0x000001cea3b30000]
 total_blobs=4122 nmethods=3630 adapters=416
 compilation: enabled
              stopped_count=0, restarted_count=0
 full_count=0

Compilation events (20 events):
Event: 37.784 Thread 0x000001ceb0c07220 3621       1       sun.security.x509.X509AttributeName::getSuffix (5 bytes)
Event: 37.784 Thread 0x000001ceb1a50200 3622       1       sun.security.x509.X509AttributeName::getPrefix (5 bytes)
Event: 37.784 Thread 0x000001ceb0c07220 nmethod 3621 0x000001cea13acb90 code [0x000001cea13acd20, 0x000001cea13acdf8]
Event: 37.784 Thread 0x000001ceb1a50200 nmethod 3622 0x000001cea13ace90 code [0x000001cea13ad020, 0x000001cea13ad0f8]
Event: 37.807 Thread 0x000001ceb1a50200 3623       1       sun.security.provider.SHA5::implCompress0 (346 bytes)
Event: 37.808 Thread 0x000001ceb1a50200 nmethod 3623 0x000001cea13ad190 code [0x000001cea13ad340, 0x000001cea13ad9a8]
Event: 37.858 Thread 0x000001ceb1a50200 3624       1       java.math.BigInteger::montReduce (99 bytes)
Event: 37.859 Thread 0x000001ceb1a50200 nmethod 3624 0x000001cea13add90 code [0x000001cea13adf60, 0x000001cea13ae258]
Event: 37.880 Thread 0x000001ceb1a50200 3625 %     1       java.math.BigInteger::implMultiplyToLen @ 135 (216 bytes)
Event: 37.880 Thread 0x000001ceb1a50200 nmethod 3625% 0x000001cea13ae490 code [0x000001cea13ae660, 0x000001cea13aec18]
Event: 37.881 Thread 0x000001ceb1a50200 3626       1       sun.security.util.ObjectIdentifier::hashCode (8 bytes)
Event: 37.881 Thread 0x000001ceb1a50200 nmethod 3626 0x000001cea13af090 code [0x000001cea13af220, 0x000001cea13af308]
Event: 37.881 Thread 0x000001ceb1a66760 3627       1       java.util.regex.ASCII::toLower (16 bytes)
Event: 37.881 Thread 0x000001ceb0c07220 3628       1       java.util.regex.ASCII::isUpper (18 bytes)
Event: 37.881 Thread 0x000001ceb1a50200 3629       1       java.util.regex.Pattern$SliceI::match (96 bytes)
Event: 37.881 Thread 0x000001ceb0c07220 nmethod 3628 0x000001cea13af390 code [0x000001cea13af520, 0x000001cea13af5f8]
Event: 37.881 Thread 0x000001ceb1a66760 nmethod 3627 0x000001cea13af690 code [0x000001cea13af820, 0x000001cea13af8f8]
Event: 37.881 Thread 0x000001ceb1a50200 nmethod 3629 0x000001cea13af990 code [0x000001cea13afb40, 0x000001cea13afdd8]
Event: 38.110 Thread 0x000001ceb1a50200 3630       1       java.io.OutputStream::flush (1 bytes)
Event: 38.110 Thread 0x000001ceb1a50200 nmethod 3630 0x000001cea13aff10 code [0x000001cea13b00a0, 0x000001cea13b0158]

GC Heap History (14 events):
Event: 30.059 GC heap before
{Heap before GC invocations=0 (full 0):
 garbage-first heap   total 262144K, used 22528K [0x0000000701e00000, 0x0000000800000000)
  region size 2048K, 11 young (22528K), 0 survivors (0K)
 Metaspace       used 6446K, committed 6528K, reserved 1056768K
  class space    used 736K, committed 768K, reserved 1048576K
}
Event: 30.159 GC heap after
{Heap after GC invocations=1 (full 0):
 garbage-first heap   total 262144K, used 5745K [0x0000000701e00000, 0x0000000800000000)
  region size 2048K, 2 young (4096K), 2 survivors (4096K)
 Metaspace       used 6446K, committed 6528K, reserved 1056768K
  class space    used 736K, committed 768K, reserved 1048576K
}
Event: 31.896 GC heap before
{Heap before GC invocations=1 (full 0):
 garbage-first heap   total 262144K, used 30321K [0x0000000701e00000, 0x0000000800000000)
  region size 2048K, 14 young (28672K), 2 survivors (4096K)
 Metaspace       used 8771K, committed 8960K, reserved 1064960K
  class space    used 1042K, committed 1152K, reserved 1048576K
}
Event: 31.901 GC heap after
{Heap after GC invocations=2 (full 0):
 garbage-first heap   total 262144K, used 6591K [0x0000000701e00000, 0x0000000800000000)
  region size 2048K, 1 young (2048K), 1 survivors (2048K)
 Metaspace       used 8771K, committed 8960K, reserved 1064960K
  class space    used 1042K, committed 1152K, reserved 1048576K
}
Event: 34.540 GC heap before
{Heap before GC invocations=2 (full 0):
 garbage-first heap   total 262144K, used 158143K [0x0000000701e00000, 0x0000000800000000)
  region size 2048K, 76 young (155648K), 1 survivors (2048K)
 Metaspace       used 20773K, committed 21056K, reserved 1073152K
  class space    used 2707K, committed 2816K, reserved 1048576K
}
Event: 34.548 GC heap after
{Heap after GC invocations=3 (full 0):
 garbage-first heap   total 262144K, used 10504K [0x0000000701e00000, 0x0000000800000000)
  region size 2048K, 3 young (6144K), 3 survivors (6144K)
 Metaspace       used 20773K, committed 21056K, reserved 1073152K
  class space    used 2707K, committed 2816K, reserved 1048576K
}
Event: 34.802 GC heap before
{Heap before GC invocations=3 (full 0):
 garbage-first heap   total 262144K, used 16648K [0x0000000701e00000, 0x0000000800000000)
  region size 2048K, 7 young (14336K), 3 survivors (6144K)
 Metaspace       used 21283K, committed 21504K, reserved 1073152K
  class space    used 2783K, committed 2880K, reserved 1048576K
}
Event: 34.807 GC heap after
{Heap after GC invocations=4 (full 0):
 garbage-first heap   total 262144K, used 10859K [0x0000000701e00000, 0x0000000800000000)
  region size 2048K, 3 young (6144K), 3 survivors (6144K)
 Metaspace       used 21283K, committed 21504K, reserved 1073152K
  class space    used 2783K, committed 2880K, reserved 1048576K
}
Event: 36.067 GC heap before
{Heap before GC invocations=5 (full 0):
 garbage-first heap   total 49152K, used 33387K [0x0000000701e00000, 0x0000000800000000)
  region size 2048K, 14 young (28672K), 3 survivors (6144K)
 Metaspace       used 23163K, committed 23424K, reserved 1073152K
  class space    used 3068K, committed 3200K, reserved 1048576K
}
Event: 36.076 GC heap after
{Heap after GC invocations=6 (full 0):
 garbage-first heap   total 49152K, used 12133K [0x0000000701e00000, 0x0000000800000000)
  region size 2048K, 1 young (2048K), 1 survivors (2048K)
 Metaspace       used 23163K, committed 23424K, reserved 1073152K
  class space    used 3068K, committed 3200K, reserved 1048576K
}
Event: 36.105 GC heap before
{Heap before GC invocations=6 (full 0):
 garbage-first heap   total 49152K, used 12133K [0x0000000701e00000, 0x0000000800000000)
  region size 2048K, 2 young (4096K), 1 survivors (2048K)
 Metaspace       used 23389K, committed 23680K, reserved 1073152K
  class space    used 3100K, committed 3264K, reserved 1048576K
}
Event: 36.108 GC heap after
{Heap after GC invocations=7 (full 0):
 garbage-first heap   total 49152K, used 12111K [0x0000000701e00000, 0x0000000800000000)
  region size 2048K, 1 young (2048K), 1 survivors (2048K)
 Metaspace       used 23389K, committed 23680K, reserved 1073152K
  class space    used 3100K, committed 3264K, reserved 1048576K
}
Event: 37.305 GC heap before
{Heap before GC invocations=7 (full 0):
 garbage-first heap   total 49152K, used 30543K [0x0000000701e00000, 0x0000000800000000)
  region size 2048K, 11 young (22528K), 1 survivors (2048K)
 Metaspace       used 25247K, committed 25472K, reserved 1073152K
  class space    used 3362K, committed 3456K, reserved 1048576K
}
Event: 37.307 GC heap after
{Heap after GC invocations=8 (full 0):
 garbage-first heap   total 49152K, used 13108K [0x0000000701e00000, 0x0000000800000000)
  region size 2048K, 1 young (2048K), 1 survivors (2048K)
 Metaspace       used 25247K, committed 25472K, reserved 1073152K
  class space    used 3362K, committed 3456K, reserved 1048576K
}

Deoptimization events (20 events):
Event: 37.337 Thread 0x000001ceb198a100 DEOPT PACKING pc=0x000001cea0ff1bfc sp=0x000000a4262fd9c0
Event: 37.337 Thread 0x000001ceb198a100 DEOPT UNPACKING pc=0x000001cea0b82b43 sp=0x000000a4262fce78 mode 1
Event: 37.351 Thread 0x000001ceb198a100 DEOPT PACKING pc=0x000001cea11824b4 sp=0x000000a4262fd7e0
Event: 37.351 Thread 0x000001ceb198a100 DEOPT UNPACKING pc=0x000001cea0b82b43 sp=0x000000a4262fcd18 mode 1
Event: 37.351 Thread 0x000001ceb198a100 DEOPT PACKING pc=0x000001cea1183a6c sp=0x000000a4262fd8d0
Event: 37.351 Thread 0x000001ceb198a100 DEOPT UNPACKING pc=0x000001cea0b82b43 sp=0x000000a4262fce68 mode 1
Event: 37.351 Thread 0x000001ceb198a100 DEOPT PACKING pc=0x000001cea11879cc sp=0x000000a4262fda20
Event: 37.351 Thread 0x000001ceb198a100 DEOPT UNPACKING pc=0x000001cea0b82b43 sp=0x000000a4262fcff0 mode 1
Event: 37.368 Thread 0x000001ceb198a100 DEOPT PACKING pc=0x000001cea0ffa264 sp=0x000000a4262fd4c0
Event: 37.368 Thread 0x000001ceb198a100 DEOPT UNPACKING pc=0x000001cea0b82b43 sp=0x000000a4262fc958 mode 1
Event: 37.368 Thread 0x000001ceb198a100 DEOPT PACKING pc=0x000001cea0ff1bfc sp=0x000000a4262fd590
Event: 37.368 Thread 0x000001ceb198a100 DEOPT UNPACKING pc=0x000001cea0b82b43 sp=0x000000a4262fca48 mode 1
Event: 37.369 Thread 0x000001ceb198a100 DEOPT PACKING pc=0x000001cea0ffa264 sp=0x000000a4262fd580
Event: 37.369 Thread 0x000001ceb198a100 DEOPT UNPACKING pc=0x000001cea0b82b43 sp=0x000000a4262fca18 mode 1
Event: 37.369 Thread 0x000001ceb198a100 DEOPT PACKING pc=0x000001cea0ff1bfc sp=0x000000a4262fd650
Event: 37.369 Thread 0x000001ceb198a100 DEOPT UNPACKING pc=0x000001cea0b82b43 sp=0x000000a4262fcb08 mode 1
Event: 37.369 Thread 0x000001ceb198a100 DEOPT PACKING pc=0x000001cea0ffa264 sp=0x000000a4262fd650
Event: 37.369 Thread 0x000001ceb198a100 DEOPT UNPACKING pc=0x000001cea0b82b43 sp=0x000000a4262fcae8 mode 1
Event: 37.369 Thread 0x000001ceb198a100 DEOPT PACKING pc=0x000001cea0ff1bfc sp=0x000000a4262fd720
Event: 37.369 Thread 0x000001ceb198a100 DEOPT UNPACKING pc=0x000001cea0b82b43 sp=0x000000a4262fcbd8 mode 1

Classes unloaded (0 events):
No events

Classes redefined (0 events):
No events

Internal exceptions (20 events):
Event: 35.616 Thread 0x000001ceb198a100 Exception <a 'java/lang/ClassNotFoundException'{0x00000007037517b0}: org/springframework/beans/factory/AwareCustomizer> (0x00000007037517b0) 
thrown [s\open\src\hotspot\share\classfile\systemDictionary.cpp, line 256]
Event: 35.619 Thread 0x000001ceb198a100 Exception <a 'java/lang/ClassNotFoundException'{0x0000000703755d60}: org/springframework/core/OrderedCustomizer> (0x0000000703755d60) 
thrown [s\open\src\hotspot\share\classfile\systemDictionary.cpp, line 256]
Event: 35.637 Thread 0x000001ceb198a100 Exception <a 'java/lang/ClassNotFoundException'{0x000000070375b3d8}: org/springframework/beans/factory/BeanClassLoaderAwareCustomizer> (0x000000070375b3d8) 
thrown [s\open\src\hotspot\share\classfile\systemDictionary.cpp, line 256]
Event: 35.647 Thread 0x000001ceb198a100 Exception <a 'java/lang/ClassNotFoundException'{0x0000000703760a20}: org/springframework/beans/factory/AwareCustomizer> (0x0000000703760a20) 
thrown [s\open\src\hotspot\share\classfile\systemDictionary.cpp, line 256]
Event: 35.647 Thread 0x000001ceb198a100 Exception <a 'java/lang/ClassNotFoundException'{0x00000007037655a0}: org/springframework/aop/framework/AopInfrastructureBeanCustomizer> (0x00000007037655a0) 
thrown [s\open\src\hotspot\share\classfile\systemDictionary.cpp, line 256]
Event: 35.665 Thread 0x000001ceb198a100 Exception <a 'java/lang/ClassNotFoundException'{0x00000007037cd658}: java/lang/ObjectCustomizer> (0x00000007037cd658) 
thrown [s\open\src\hotspot\share\classfile\systemDictionary.cpp, line 256]
Event: 35.667 Thread 0x000001ceb198a100 Exception <a 'java/lang/ClassNotFoundException'{0x00000007037d6840}: org/springframework/transaction/annotation/AbstractTransactionManagementConfigurationCustomizer> (0x00000007037d6840) 
thrown [s\open\src\hotspot\share\classfile\systemDictionary.cpp, line 256]
Event: 35.669 Thread 0x000001ceb198a100 Exception <a 'java/lang/ClassNotFoundException'{0x00000007037dec98}: org/springframework/transaction/annotation/ProxyTransactionManagementConfigurationCustomizer> (0x00000007037dec98) 
thrown [s\open\src\hotspot\share\classfile\systemDictionary.cpp, line 256]
Event: 35.672 Thread 0x000001ceb198a100 Exception <a 'java/lang/ClassNotFoundException'{0x00000007037e8080}: org/springframework/context/annotation/ImportAwareCustomizer> (0x00000007037e8080) 
thrown [s\open\src\hotspot\share\classfile\systemDictionary.cpp, line 256]
Event: 35.674 Thread 0x000001ceb198a100 Exception <a 'java/lang/ClassNotFoundException'{0x00000007037ee5a8}: org/springframework/beans/factory/AwareCustomizer> (0x00000007037ee5a8) 
thrown [s\open\src\hotspot\share\classfile\systemDictionary.cpp, line 256]
Event: 36.084 Thread 0x000001ceb198a100 Exception <a 'java/lang/NoSuchMethodError'{0x0000000711c20dc0}: 'int java.lang.invoke.DirectMethodHandle$Holder.invokeSpecial(java.lang.Object, java.lang.Object, java.lang.Object, java.lang.Object, java.lang.Object)'> (0x0000000711c20dc0) 
thrown [s\open\src\hotspot\share\interpreter\linkResolver.cpp, line 759]
Event: 36.170 Thread 0x000001ceb198a100 Exception <a 'java/lang/NoSuchMethodError'{0x00000007112828b8}: 'java.lang.Object java.lang.invoke.DirectMethodHandle$Holder.invokeStatic(java.lang.Object, java.lang.Object, int)'> (0x00000007112828b8) 
thrown [s\open\src\hotspot\share\interpreter\linkResolver.cpp, line 759]
Event: 36.171 Thread 0x000001ceb198a100 Exception <a 'java/lang/NoSuchMethodError'{0x000000071128e738}: 'void java.lang.invoke.DelegatingMethodHandle$Holder.delegate(java.lang.Object, java.lang.Object, int, java.lang.Object)'> (0x000000071128e738) 
thrown [s\open\src\hotspot\share\interpreter\linkResolver.cpp, line 759]
Event: 36.228 Thread 0x000001ceb198a100 Exception <a 'java/lang/NoSuchMethodError'{0x00000007110c3758}: 'void java.lang.invoke.DirectMethodHandle$Holder.invokeInterface(java.lang.Object, java.lang.Object, int)'> (0x00000007110c3758) 
thrown [s\open\src\hotspot\share\interpreter\linkResolver.cpp, line 759]
Event: 36.236 Thread 0x000001ceb198a100 Exception <a 'java/lang/IncompatibleClassChangeError'{0x00000007111138d0}: Found class java.lang.Object, but interface was expected> (0x00000007111138d0) 
thrown [s\open\src\hotspot\share\interpreter\linkResolver.cpp, line 826]
Event: 36.238 Thread 0x000001ceb198a100 Exception <a 'java/lang/NoSuchMethodError'{0x0000000711118a88}: 'void java.lang.invoke.DirectMethodHandle$Holder.invokeStatic(java.lang.Object, int, java.lang.Object)'> (0x0000000711118a88) 
thrown [s\open\src\hotspot\share\interpreter\linkResolver.cpp, line 759]
Event: 36.245 Thread 0x000001ceb198a100 Exception <a 'java/lang/NoSuchMethodError'{0x0000000711148130}: 'int java.lang.invoke.DirectMethodHandle$Holder.invokeSpecial(java.lang.Object, java.lang.Object, int)'> (0x0000000711148130) 
thrown [s\open\src\hotspot\share\interpreter\linkResolver.cpp, line 759]
Event: 37.883 Thread 0x000001ceb198a100 Exception <a 'sun/nio/fs/WindowsException'{0x00000007043ea220}> (0x00000007043ea220) 
thrown [s\open\src\hotspot\share\prims\jni.cpp, line 516]
Event: 37.896 Thread 0x000001ceb198a100 Exception <a 'sun/nio/fs/WindowsException'{0x00000007043efe58}> (0x00000007043efe58) 
thrown [s\open\src\hotspot\share\prims\jni.cpp, line 516]
Event: 37.897 Thread 0x000001ceb198a100 Exception <a 'sun/nio/fs/WindowsException'{0x00000007043f0530}> (0x00000007043f0530) 
thrown [s\open\src\hotspot\share\prims\jni.cpp, line 516]

VM Operations (20 events):
Event: 34.802 Executing VM operation: CollectForMetadataAllocation
Event: 34.807 Executing VM operation: CollectForMetadataAllocation done
Event: 34.826 Executing VM operation: G1Concurrent
Event: 34.829 Executing VM operation: G1Concurrent done
Event: 34.832 Executing VM operation: G1Concurrent
Event: 34.837 Executing VM operation: G1Concurrent done
Event: 35.053 Executing VM operation: HandshakeAllThreads
Event: 35.053 Executing VM operation: HandshakeAllThreads done
Event: 36.061 Executing VM operation: Cleanup
Event: 36.061 Executing VM operation: Cleanup done
Event: 36.067 Executing VM operation: G1CollectForAllocation
Event: 36.076 Executing VM operation: G1CollectForAllocation done
Event: 36.079 Executing VM operation: Cleanup
Event: 36.080 Executing VM operation: Cleanup done
Event: 36.105 Executing VM operation: G1CollectForAllocation
Event: 36.108 Executing VM operation: G1CollectForAllocation done
Event: 36.333 Executing VM operation: HandshakeAllThreads
Event: 36.333 Executing VM operation: HandshakeAllThreads done
Event: 37.305 Executing VM operation: G1CollectForAllocation
Event: 37.308 Executing VM operation: G1CollectForAllocation done

Events (20 events):
Event: 37.388 loading class com/sun/crypto/provider/SunJCE done
Event: 37.418 Loaded shared library C:\Java\jdk-17\bin\sunmscapi.dll
Event: 37.426 loading class sun/security/provider/certpath/ldap/JdkLDAP
Event: 37.426 loading class sun/security/provider/certpath/ldap/JdkLDAP done
Event: 37.426 loading class sun/security/provider/certpath/ldap/JdkLDAP$ProviderService
Event: 37.426 loading class sun/security/provider/certpath/ldap/JdkLDAP$ProviderService done
Event: 37.426 loading class com/sun/security/sasl/Provider
Event: 37.427 loading class com/sun/security/sasl/Provider done
Event: 37.427 loading class com/sun/security/sasl/Provider$1
Event: 37.427 loading class com/sun/security/sasl/Provider$1 done
Event: 37.427 loading class com/sun/security/sasl/Provider$ProviderService
Event: 37.427 loading class com/sun/security/sasl/Provider$ProviderService done
Event: 37.430 loading class java/util/concurrent/ConcurrentLinkedQueue
Event: 37.430 loading class java/util/concurrent/ConcurrentLinkedQueue done
Event: 37.430 loading class java/util/concurrent/ConcurrentLinkedQueue$Node
Event: 37.430 loading class java/util/concurrent/ConcurrentLinkedQueue$Node done
Event: 37.883 loading class sun/nio/fs/ExtendedFileSystemProvider
Event: 37.883 loading class sun/nio/fs/ExtendedFileSystemProvider done
Event: 37.883 loading class java/nio/file/AccessMode
Event: 37.883 loading class java/nio/file/AccessMode done


Dynamic libraries:
0x00007ff6a55e0000 - 0x00007ff6a55f0000 	C:\Java\jdk-17\bin\javaw.exe
0x00007ff92d190000 - 0x00007ff92d3a4000 	C:\WINDOWS\SYSTEM32\ntdll.dll
0x00007ff92b040000 - 0x00007ff92b104000 	C:\WINDOWS\System32\KERNEL32.DLL
0x00007ff92a600000 - 0x00007ff92a9a4000 	C:\WINDOWS\System32\KERNELBASE.dll
0x00007ff92ac40000 - 0x00007ff92ad51000 	C:\WINDOWS\System32\ucrtbase.dll
0x00007ff9185c0000 - 0x00007ff9185d8000 	C:\Java\jdk-17\bin\jli.dll
0x00007ff92b140000 - 0x00007ff92b1f0000 	C:\WINDOWS\System32\ADVAPI32.dll
0x00007ff92b5b0000 - 0x00007ff92b657000 	C:\WINDOWS\System32\msvcrt.dll
0x00007ff92c100000 - 0x00007ff92c1a6000 	C:\WINDOWS\System32\sechost.dll
0x00007ff92af20000 - 0x00007ff92b037000 	C:\WINDOWS\System32\RPCRT4.dll
0x00007ff92c970000 - 0x00007ff92cb1a000 	C:\WINDOWS\System32\USER32.dll
0x00007ff92aa30000 - 0x00007ff92aa56000 	C:\WINDOWS\System32\win32u.dll
0x00007ff92b110000 - 0x00007ff92b139000 	C:\WINDOWS\System32\GDI32.dll
0x00007ff92ae00000 - 0x00007ff92af19000 	C:\WINDOWS\System32\gdi32full.dll
0x00007ff92ad60000 - 0x00007ff92adfa000 	C:\WINDOWS\System32\msvcp_win.dll
0x00007ff9185e0000 - 0x00007ff9185fb000 	C:\Java\jdk-17\bin\VCRUNTIME140.dll
0x00007ff9107f0000 - 0x00007ff910a7f000 	C:\WINDOWS\WinSxS\amd64_microsoft.windows.common-controls_6595b64144ccf1df_6.0.22621.2070_none_2713e6537381f706\COMCTL32.dll
0x00007ff920790000 - 0x00007ff92079a000 	C:\WINDOWS\SYSTEM32\VERSION.dll
0x00007ff92c040000 - 0x00007ff92c071000 	C:\WINDOWS\System32\IMM32.DLL
0x00007ff926b10000 - 0x00007ff926b1c000 	C:\Java\jdk-17\bin\vcruntime140_1.dll
0x00007ff9165d0000 - 0x00007ff91665e000 	C:\Java\jdk-17\bin\msvcp140.dll
0x00007ff8bb470000 - 0x00007ff8bc047000 	C:\Java\jdk-17\bin\server\jvm.dll
0x00007ff92c3c0000 - 0x00007ff92c3c8000 	C:\WINDOWS\System32\PSAPI.DLL
0x00007ff9043a0000 - 0x00007ff9043a9000 	C:\WINDOWS\SYSTEM32\WSOCK32.dll
0x00007ff92cb20000 - 0x00007ff92cb91000 	C:\WINDOWS\System32\WS2_32.dll
0x00007ff922150000 - 0x00007ff922184000 	C:\WINDOWS\SYSTEM32\WINMM.dll
0x00007ff9295e0000 - 0x00007ff9295f8000 	C:\WINDOWS\SYSTEM32\kernel.appcore.dll
0x00007ff925000000 - 0x00007ff92500a000 	C:\Java\jdk-17\bin\jimage.dll
0x00007ff927c80000 - 0x00007ff927eae000 	C:\WINDOWS\SYSTEM32\DBGHELP.DLL
0x00007ff92c590000 - 0x00007ff92c91a000 	C:\WINDOWS\System32\combase.dll
0x00007ff92b420000 - 0x00007ff92b4f7000 	C:\WINDOWS\System32\OLEAUT32.dll
0x00007ff916410000 - 0x00007ff916442000 	C:\WINDOWS\SYSTEM32\dbgcore.DLL
0x00007ff92a9b0000 - 0x00007ff92aa2a000 	C:\WINDOWS\System32\bcryptPrimitives.dll
0x00007ff8e8e50000 - 0x00007ff8e8e8b000 	C:\Java\jdk-17\bin\jdwp.dll
0x00007ff924fe0000 - 0x00007ff924fee000 	C:\Java\jdk-17\bin\instrument.dll
0x00007ff916e10000 - 0x00007ff916e35000 	C:\Java\jdk-17\bin\java.dll
0x00007ff90b630000 - 0x00007ff90b707000 	C:\Java\jdk-17\bin\jsvml.dll
0x00007ff92b660000 - 0x00007ff92be76000 	C:\WINDOWS\System32\SHELL32.dll
0x00007ff9284d0000 - 0x00007ff928dba000 	C:\WINDOWS\SYSTEM32\windows.storage.dll
0x00007ff928390000 - 0x00007ff9284ce000 	C:\WINDOWS\SYSTEM32\wintypes.dll
0x00007ff92c3e0000 - 0x00007ff92c4d3000 	C:\WINDOWS\System32\SHCORE.dll
0x00007ff92c1c0000 - 0x00007ff92c21e000 	C:\WINDOWS\System32\shlwapi.dll
0x00007ff92a470000 - 0x00007ff92a496000 	C:\WINDOWS\SYSTEM32\profapi.dll
0x00007ff917d10000 - 0x00007ff917d1c000 	C:\Java\jdk-17\bin\dt_socket.dll
0x00007ff9290d0000 - 0x00007ff9290fd000 	C:\WINDOWS\SYSTEM32\IPHLPAPI.DLL
0x00007ff929aa0000 - 0x00007ff929b09000 	C:\WINDOWS\system32\mswsock.dll
0x00007ff929100000 - 0x00007ff9291f3000 	C:\WINDOWS\SYSTEM32\DNSAPI.dll
0x00007ff92c1b0000 - 0x00007ff92c1b9000 	C:\WINDOWS\System32\NSI.dll
0x00007ff9209e0000 - 0x00007ff9209ea000 	C:\Windows\System32\rasadhlp.dll
0x00007ff921be0000 - 0x00007ff921c64000 	C:\WINDOWS\System32\fwpuclnt.dll
0x00007ff9165b0000 - 0x00007ff9165c8000 	C:\Java\jdk-17\bin\zip.dll
0x00007ff9185a0000 - 0x00007ff9185b9000 	C:\Java\jdk-17\bin\net.dll
0x00007ff922cb0000 - 0x00007ff922de7000 	C:\WINDOWS\SYSTEM32\WINHTTP.dll
0x00007ff9179a0000 - 0x00007ff9179b6000 	C:\Java\jdk-17\bin\nio.dll
0x00007ff917d20000 - 0x00007ff917d2a000 	C:\Java\jdk-17\bin\management.dll
0x00007ff9165a0000 - 0x00007ff9165ab000 	C:\Java\jdk-17\bin\management_ext.dll
0x00007ff8f85e0000 - 0x00007ff8f85f7000 	C:\WINDOWS\system32\napinsp.dll
0x00007ff8f85c0000 - 0x00007ff8f85db000 	C:\WINDOWS\system32\pnrpnsp.dll
0x00007ff8f84a0000 - 0x00007ff8f84b1000 	C:\WINDOWS\System32\winrnr.dll
0x00007ff921c70000 - 0x00007ff921c85000 	C:\WINDOWS\system32\wshbth.dll
0x00007ff8f8430000 - 0x00007ff8f8451000 	C:\WINDOWS\system32\nlansp_c.dll
0x00007ff929dc0000 - 0x00007ff929ddb000 	C:\WINDOWS\SYSTEM32\CRYPTSP.dll
0x00007ff9295a0000 - 0x00007ff9295d5000 	C:\WINDOWS\system32\rsaenh.dll
0x00007ff929b40000 - 0x00007ff929b6c000 	C:\WINDOWS\SYSTEM32\USERENV.dll
0x00007ff929ee0000 - 0x00007ff929f08000 	C:\WINDOWS\SYSTEM32\bcrypt.dll
0x00007ff929da0000 - 0x00007ff929dac000 	C:\WINDOWS\SYSTEM32\CRYPTBASE.dll
0x00007ff922b80000 - 0x00007ff922b99000 	C:\WINDOWS\SYSTEM32\dhcpcsvc6.DLL
0x00007ff922b60000 - 0x00007ff922b7f000 	C:\WINDOWS\SYSTEM32\dhcpcsvc.DLL
0x00007ff916590000 - 0x00007ff9165a0000 	C:\Java\jdk-17\bin\verify.dll
0x00007ff916580000 - 0x00007ff91658d000 	C:\Java\jdk-17\bin\sunmscapi.dll
0x00007ff92aa60000 - 0x00007ff92abc7000 	C:\WINDOWS\System32\CRYPT32.dll
0x00007ff929eb0000 - 0x00007ff929ede000 	C:\WINDOWS\SYSTEM32\ncrypt.dll
0x00007ff929e70000 - 0x00007ff929ea7000 	C:\WINDOWS\SYSTEM32\NTASN1.dll

dbghelp: loaded successfully - version: 4.0.5 - missing functions: none
symbol engine: initialized successfully - sym options: 0x614 - pdb path: .;C:\Java\jdk-17\bin;C:\WINDOWS\SYSTEM32;C:\WINDOWS\WinSxS\amd64_microsoft.windows.common-controls_6595b64144ccf1df_6.0.22621.2070_none_2713e6537381f706;C:\Java\jdk-17\bin\server

VM Arguments:
jvm_args: -XX:+ShowCodeDetailsInExceptionMessages -agentlib:jdwp=transport=dt_socket,suspend=y,address=localhost:2931 -Dcom.sun.management.jmxremote -Dcom.sun.management.jmxremote.port=12346 -Dcom.sun.management.jmxremote.authenticate=false -Dcom.sun.management.jmxremote.ssl=false -Djava.rmi.server.hostname=localhost -Dspring.jmx.enabled=true -Dmanagement.endpoints.jmx.exposure.include=* -Dspring.application.admin.enabled=true -XX:TieredStopAtLevel=1 -Dspring.boot.project.name=projectCulture -javaagent:C:\springdeveloper\sts-4.19.1.RELEASE\configuration\org.eclipse.osgi\267\0\.cp\lib\javaagent-shaded.jar -Dfile.encoding=UTF-8 
java_command: com.spring.ProjectCultureApplication --spring.output.ansi.enabled=always
java_class_path (initial): C:\springdeveloper\springBootCoding\projectCulture\target\classes;C:\Users\wnslr\.m2\repository\org\springframework\boot\spring-boot-starter-jdbc\2.7.14\spring-boot-starter-jdbc-2.7.14.jar;C:\Users\wnslr\.m2\repository\org\springframework\boot\spring-boot-starter\2.7.14\spring-boot-starter-2.7.14.jar;C:\Users\wnslr\.m2\repository\org\springframework\boot\spring-boot-starter-logging\2.7.14\spring-boot-starter-logging-2.7.14.jar;C:\Users\wnslr\.m2\repository\ch\qos\logback\logback-classic\1.2.12\logback-classic-1.2.12.jar;C:\Users\wnslr\.m2\repository\ch\qos\logback\logback-core\1.2.12\logback-core-1.2.12.jar;C:\Users\wnslr\.m2\repository\org\apache\logging\log4j\log4j-to-slf4j\2.17.2\log4j-to-slf4j-2.17.2.jar;C:\Users\wnslr\.m2\repository\org\apache\logging\log4j\log4j-api\2.17.2\log4j-api-2.17.2.jar;C:\Users\wnslr\.m2\repository\org\slf4j\jul-to-slf4j\1.7.36\jul-to-slf4j-1.7.36.jar;C:\Users\wnslr\.m2\repository\jakarta\annotation\jakarta.annotation-api\1.3.5\jakarta.annotation-api-1.3.5.jar;C:\Users\wnslr\.m2\repository\org\yaml\snakeyaml\1.30\snakeyaml-1.30.jar;C:\Users\wnslr\.m2\repository\com\zaxxer\HikariCP\4.0.3\HikariCP-4.0.3.jar;C:\Users\wnslr\.m2\repository\org\springframework\spring-jdbc\5.3.29\spring-jdbc-5.3.29.jar;C:\Users\wnslr\.m2\repository\org\springframework\spring-beans\5.3.29\spring-beans-5.3.29.jar;C:\Users\wnslr\.m2\repository\org\springframework\spring-tx\5.3.29\spring-tx-5.3.29.jar;C:\Users\wnslr\.m2\repository\org\springframework\boot\spring-boot-starter-web\2.7.14\spring-boot-starter-web-2.7.14.jar;C:\Users\wnslr\.m2\repository\org\springframework\boot\spring-boot-starter-json\2.7.14\spring-boot-starter-json-2.7.14.jar;C:\Users\wnslr\.m2\repository\com\fasterxml\jackson\core\jackson-databind\2.13.5\jackson-databind-2.13.5.jar;C:\Users\wnslr\.m2\repository\com\fasterxml\jackson\core\jackson-annotations\2.13.5\jackson-annotations-2.13.5.jar;C:\Users\wnslr\.m2\repository\com\fasterxml\jackson\core\jackson-core\2.13.
Launcher Type: SUN_STANDARD

[Global flags]
     intx CICompilerCount                          = 4                                         {product} {ergonomic}
     uint ConcGCThreads                            = 3                                         {product} {ergonomic}
     uint G1ConcRefinementThreads                  = 10                                        {product} {ergonomic}
   size_t G1HeapRegionSize                         = 2097152                                   {product} {ergonomic}
    uintx GCDrainStackTargetSize                   = 64                                        {product} {ergonomic}
   size_t InitialHeapSize                          = 268435456                                 {product} {ergonomic}
     bool ManagementServer                         = true                                      {product} {command line}
   size_t MarkStackSize                            = 4194304                                   {product} {ergonomic}
   size_t MaxHeapSize                              = 4263510016                                {product} {ergonomic}
   size_t MaxNewSize                               = 2556428288                                {product} {ergonomic}
   size_t MinHeapDeltaBytes                        = 2097152                                   {product} {ergonomic}
   size_t MinHeapSize                              = 8388608                                   {product} {ergonomic}
    uintx NonProfiledCodeHeapSize                  = 0                                      {pd product} {ergonomic}
     bool ProfileInterpreter                       = false                                  {pd product} {command line}
    uintx ProfiledCodeHeapSize                     = 0                                      {pd product} {ergonomic}
     bool ShowCodeDetailsInExceptionMessages       = true                                   {manageable} {command line}
   size_t SoftMaxHeapSize                          = 4263510016                             {manageable} {ergonomic}
     intx TieredStopAtLevel                        = 1                                         {product} {command line}
     bool UseCompressedClassPointers               = true                           {product lp64_product} {ergonomic}
     bool UseCompressedOops                        = true                           {product lp64_product} {ergonomic}
     bool UseG1GC                                  = true                                      {product} {ergonomic}
     bool UseLargePagesIndividualAllocation        = false                                  {pd product} {ergonomic}

Logging:
Log output configuration:
 #0: stdout all=warning uptime,level,tags
 #1: stderr all=off uptime,level,tags

Environment Variables:
JAVA_HOME=C:\Java\jdk-17
CLASSPATH=%classpath%;.;.;.
PATH=C:/springdeveloper/sts-4.19.1.RELEASE//plugins/org.eclipse.justj.openjdk.hotspot.jre.full.win32.x86_64_17.0.7.v20230425-1502/jre/bin/server;C:/springdeveloper/sts-4.19.1.RELEASE//plugins/org.eclipse.justj.openjdk.hotspot.jre.full.win32.x86_64_17.0.7.v20230425-1502/jre/bin;C:\Program Files (x86)\Razer Chroma SDK\bin;C:\Program Files\Razer Chroma SDK\bin;C:\Program Files (x86)\Razer\ChromaBroadcast\bin;C:\Program Files\Razer\ChromaBroadcast\bin;C:\app\wnslr\product\18.0.0\dbhomeXE\bin;C:\Java\jdk-17\bin;C:\Program Files\Common Files\Oracle\Java\javapath;C:\Windows\system32;C:\Windows;C:\Windows\System32\Wbem;C:\Windows\System32\WindowsPowerShell\v1.0\;C:\Windows\System32\OpenSSH\;C:\Program Files (x86)\NVIDIA Corporation\PhysX\Common;C:\Program Files\NVIDIA Corporation\NVIDIA NvDLISR;C:\WINDOWS\system32;C:\WINDOWS;C:\WINDOWS\System32\Wbem;C:\WINDOWS\System32\WindowsPowerShell\v1.0\;C:\WINDOWS\System32\OpenSSH\;C:\Program Files (x86)\dotnet\;C:\WINDOWS\system32\config\systemprofile\AppData\Local\Microsoft\WindowsApps;C:\Program Files\nodejs\;C:\Users\wnslr\AppData\Local\Microsoft\WindowsApps;C:\Program Files\Bandizip\;C:\Users\wnslr\AppData\Local\Programs\Microsoft VS Code\bin;C:\Users\wnslr\AppData\Roaming\npm;C:\Users\wnslr\AppData\Local\GitHubDesktop\bin;C:\springdeveloper\sts-4.19.1.RELEASE;
USERNAME=wnslr
OS=Windows_NT
PROCESSOR_IDENTIFIER=Intel64 Family 6 Model 158 Stepping 10, GenuineIntel



---------------  S Y S T E M  ---------------

OS:
 Windows 11 , 64 bit Build 22621 (10.0.22621.2070)
OS uptime: 14 days 3:34 hours
Hyper-V role detected

CPU: total 12 (initial active 12) (6 cores per cpu, 2 threads per core) family 6 model 158 stepping 10 microcode 0xea, cx8, cmov, fxsr, ht, mmx, 3dnowpref, sse, sse2, sse3, ssse3, sse4.1, sse4.2, popcnt, lzcnt, tsc, tscinvbit, avx, avx2, aes, erms, clmul, bmi1, bmi2, adx, fma, vzeroupper, clflush, clflushopt, hv

Memory: 4k page, system-wide physical 16263M (1361M free)
TotalPageFile size 46621M (AvailPageFile size 947M)
current process WorkingSet (physical memory assigned to process): 129M, peak: 241M
current process commit charge ("private bytes"): 179M, peak: 388M

vm_info: Java HotSpot(TM) 64-Bit Server VM (17.0.6+9-LTS-190) for windows-amd64 JRE (17.0.6+9-LTS-190), built on Dec  6 2022 15:53:54 by "mach5one" with MS VC++ 17.1 (VS2022)

END.
