#
# There is insufficient memory for the Java Runtime Environment to continue.
# Native memory allocation (mmap) failed to map 65536 bytes for Failed to commit metaspace.
# Possible reasons:
#   The system is out of physical RAM or swap space
#   The process is running with CompressedOops enabled, and the Java Heap may be blocking the growth of the native heap
# Possible solutions:
#   Reduce memory load on the system
#   Increase physical memory or swap space
#   Check if swap backing store is full
#   Decrease Java heap size (-Xmx/-Xms)
#   Decrease number of Java threads
#   Decrease Java thread stack sizes (-Xss)
#   Set larger code cache with -XX:ReservedCodeCacheSize=
#   JVM is running with Zero Based Compressed Oops mode in which the Java heap is
#     placed in the first 32GB address space. The Java Heap base address is the
#     maximum limit for the native heap growth. Please use -XX:HeapBaseMinAddress
#     to set the Java Heap base and to place the Java Heap above 32GB virtual address.
# This output file may be truncated or incomplete.
#
#  Out of Memory Error (virtualSpaceNode.cpp:110), pid=65724, tid=66096
#
# JRE version: Java(TM) SE Runtime Environment (17.0.6+9) (build 17.0.6+9-LTS-190)
# Java VM: Java HotSpot(TM) 64-Bit Server VM (17.0.6+9-LTS-190, mixed mode, emulated-client, sharing, tiered, compressed oops, compressed class ptrs, g1 gc, windows-amd64)
# No core dump will be written. Minidumps are not enabled by default on client versions of Windows
#

---------------  S U M M A R Y ------------

Command Line: -XX:+ShowCodeDetailsInExceptionMessages -agentlib:jdwp=transport=dt_socket,suspend=y,address=localhost:14935 -Dcom.sun.management.jmxremote -Dcom.sun.management.jmxremote.port=12656 -Dcom.sun.management.jmxremote.authenticate=false -Dcom.sun.management.jmxremote.ssl=false -Djava.rmi.server.hostname=localhost -Dspring.jmx.enabled=true -Dmanagement.endpoints.jmx.exposure.include=* -Dspring.application.admin.enabled=true -XX:TieredStopAtLevel=1 -Dspring.boot.project.name=projectCulture -javaagent:C:\springdeveloper\sts-4.19.1.RELEASE\configuration\org.eclipse.osgi\267\0\.cp\lib\javaagent-shaded.jar -Dfile.encoding=UTF-8 com.spring.ProjectCultureApplication --spring.output.ansi.enabled=always

Host: Intel(R) Core(TM) i7-9750H CPU @ 2.60GHz, 12 cores, 15G,  Windows 11 , 64 bit Build 22621 (10.0.22621.2070)
Time: Thu Aug 24 12:23:50 2023  Windows 11 , 64 bit Build 22621 (10.0.22621.2070) elapsed time: 32.701053 seconds (0d 0h 0m 32s)

---------------  T H R E A D  ---------------

Current thread (0x000002777d1e7120):  JavaThread "restartedMain" [_thread_in_vm, id=66096, stack(0x000000c557400000,0x000000c557500000)]

Stack: [0x000000c557400000,0x000000c557500000]
Native frames: (J=compiled Java code, j=interpreted, Vv=VM code, C=native code)
V  [jvm.dll+0x6734ea]
V  [jvm.dll+0x7d18f4]
V  [jvm.dll+0x7d309e]
V  [jvm.dll+0x7d3703]
V  [jvm.dll+0x2433c5]
V  [jvm.dll+0x7cd9fb]
V  [jvm.dll+0x619546]
V  [jvm.dll+0x1bdf07]
V  [jvm.dll+0x61bea0]
V  [jvm.dll+0x619f06]
V  [jvm.dll+0x238f21]
V  [jvm.dll+0x1e8437]
V  [jvm.dll+0x1de0d1]
V  [jvm.dll+0x5399dc]
V  [jvm.dll+0x74c638]
V  [jvm.dll+0x74c724]
V  [jvm.dll+0x4080bf]
V  [jvm.dll+0x40e0d9]
C  [java.dll+0x17ec]

Java frames: (J=compiled Java code, j=interpreted, Vv=VM code)
J 1367  java.lang.ClassLoader.defineClass1(Ljava/lang/ClassLoader;Ljava/lang/String;[BIILjava/security/ProtectionDomain;Ljava/lang/String;)Ljava/lang/Class; java.base@17.0.6 (0 bytes) @ 0x000002776c879c63 [0x000002776c879ba0+0x00000000000000c3]
J 1521 c1 java.lang.ClassLoader.defineClass(Ljava/lang/String;[BIILjava/security/ProtectionDomain;)Ljava/lang/Class; java.base@17.0.6 (43 bytes) @ 0x000002776c8b6ea4 [0x000002776c8b6d60+0x0000000000000144]
J 1390 c1 jdk.internal.loader.BuiltinClassLoader.defineClass(Ljava/lang/String;Ljdk/internal/loader/Resource;)Ljava/lang/Class; java.base@17.0.6 (121 bytes) @ 0x000002776c8873ac [0x000002776c886ea0+0x000000000000050c]
J 1368 c1 jdk.internal.loader.BuiltinClassLoader.findClassOnClassPathOrNull(Ljava/lang/String;)Ljava/lang/Class; java.base@17.0.6 (64 bytes) @ 0x000002776c87a49c [0x000002776c87a1a0+0x00000000000002fc]
J 1173 c1 jdk.internal.loader.BuiltinClassLoader.loadClassOrNull(Ljava/lang/String;Z)Ljava/lang/Class; java.base@17.0.6 (143 bytes) @ 0x000002776c57a95c [0x000002776c57a480+0x00000000000004dc]
J 1269 c1 jdk.internal.loader.ClassLoaders$AppClassLoader.loadClass(Ljava/lang/String;Z)Ljava/lang/Class; java.base@17.0.6 (40 bytes) @ 0x000002776c84a63c [0x000002776c84a500+0x000000000000013c]
J 1256 c1 java.lang.ClassLoader.loadClass(Ljava/lang/String;)Ljava/lang/Class; java.base@17.0.6 (7 bytes) @ 0x000002776c841cfc [0x000002776c841ca0+0x000000000000005c]
v  ~StubRoutines::call_stub
j  org.springframework.boot.logging.LoggingSystemProperties.apply(Lorg/springframework/boot/logging/LogFile;Lorg/springframework/core/env/PropertyResolver;)V+12
j  org.springframework.boot.logging.logback.LogbackLoggingSystemProperties.apply(Lorg/springframework/boot/logging/LogFile;Lorg/springframework/core/env/PropertyResolver;)V+3
j  org.springframework.boot.logging.LoggingSystemProperties.apply(Lorg/springframework/boot/logging/LogFile;)V+8
j  org.springframework.boot.logging.LoggingSystemProperties.apply()V+2
j  org.springframework.boot.context.logging.LoggingApplicationListener.initialize(Lorg/springframework/core/env/ConfigurableEnvironment;Ljava/lang/ClassLoader;)V+5
j  org.springframework.boot.context.logging.LoggingApplicationListener.onApplicationEnvironmentPreparedEvent(Lorg/springframework/boot/context/event/ApplicationEnvironmentPreparedEvent;)V+32
j  org.springframework.boot.context.logging.LoggingApplicationListener.onApplicationEvent(Lorg/springframework/context/ApplicationEvent;)V+30
j  org.springframework.context.event.SimpleApplicationEventMulticaster.doInvokeListener(Lorg/springframework/context/ApplicationListener;Lorg/springframework/context/ApplicationEvent;)V+2
j  org.springframework.context.event.SimpleApplicationEventMulticaster.invokeListener(Lorg/springframework/context/ApplicationListener;Lorg/springframework/context/ApplicationEvent;)V+34
j  org.springframework.context.event.SimpleApplicationEventMulticaster.multicastEvent(Lorg/springframework/context/ApplicationEvent;Lorg/springframework/core/ResolvableType;)V+83
j  org.springframework.context.event.SimpleApplicationEventMulticaster.multicastEvent(Lorg/springframework/context/ApplicationEvent;)V+7
j  org.springframework.boot.context.event.EventPublishingRunListener.environmentPrepared(Lorg/springframework/boot/ConfigurableBootstrapContext;Lorg/springframework/core/env/ConfigurableEnvironment;)V+21
j  org.springframework.boot.SpringApplicationRunListeners.lambda$environmentPrepared$2(Lorg/springframework/boot/ConfigurableBootstrapContext;Lorg/springframework/core/env/ConfigurableEnvironment;Lorg/springframework/boot/SpringApplicationRunListener;)V+3
j  org.springframework.boot.SpringApplicationRunListeners$$Lambda$163+0x0000000800d293a8.accept(Ljava/lang/Object;)V+12
j  java.util.ArrayList.forEach(Ljava/util/function/Consumer;)V+46 java.base@17.0.6
j  org.springframework.boot.SpringApplicationRunListeners.doWithListeners(Ljava/lang/String;Ljava/util/function/Consumer;Ljava/util/function/Consumer;)V+17
j  org.springframework.boot.SpringApplicationRunListeners.doWithListeners(Ljava/lang/String;Ljava/util/function/Consumer;)V+4
j  org.springframework.boot.SpringApplicationRunListeners.environmentPrepared(Lorg/springframework/boot/ConfigurableBootstrapContext;Lorg/springframework/core/env/ConfigurableEnvironment;)V+10
j  org.springframework.boot.SpringApplication.prepareEnvironment(Lorg/springframework/boot/SpringApplicationRunListeners;Lorg/springframework/boot/DefaultBootstrapContext;Lorg/springframework/boot/ApplicationArguments;)Lorg/springframework/core/env/ConfigurableEnvironment;+27
j  org.springframework.boot.SpringApplication.run([Ljava/lang/String;)Lorg/springframework/context/ConfigurableApplicationContext;+52
j  org.springframework.boot.SpringApplication.run([Ljava/lang/Class;[Ljava/lang/String;)Lorg/springframework/context/ConfigurableApplicationContext;+9
j  org.springframework.boot.SpringApplication.run(Ljava/lang/Class;[Ljava/lang/String;)Lorg/springframework/context/ConfigurableApplicationContext;+9
j  com.spring.ProjectCultureApplication.main([Ljava/lang/String;)V+3
v  ~StubRoutines::call_stub
j  jdk.internal.reflect.NativeMethodAccessorImpl.invoke0(Ljava/lang/reflect/Method;Ljava/lang/Object;[Ljava/lang/Object;)Ljava/lang/Object;+0 java.base@17.0.6
j  jdk.internal.reflect.NativeMethodAccessorImpl.invoke(Ljava/lang/Object;[Ljava/lang/Object;)Ljava/lang/Object;+133 java.base@17.0.6
j  jdk.internal.reflect.DelegatingMethodAccessorImpl.invoke(Ljava/lang/Object;[Ljava/lang/Object;)Ljava/lang/Object;+6 java.base@17.0.6
j  java.lang.reflect.Method.invoke(Ljava/lang/Object;[Ljava/lang/Object;)Ljava/lang/Object;+59 java.base@17.0.6
j  org.springframework.boot.devtools.restart.RestartLauncher.run()V+47
v  ~StubRoutines::call_stub

---------------  P R O C E S S  ---------------

Threads class SMR info:
_java_thread_list=0x000002777d17d0d0, length=22, elements={
0x0000027764b089a0, 0x000002777bae29b0, 0x000002777bae3d00, 0x000002777bafe010,
0x000002777c404090, 0x000002777c407300, 0x000002777c40a460, 0x000002777c40ae10,
0x000002777c40fc80, 0x000002777c4f18d0, 0x000002777c55bea0, 0x000002777c55ef70,
0x000002777c55f460, 0x000002777cd3aab0, 0x000002777cbf0cd0, 0x000002777cbf1d10,
0x000002777ce1d0c0, 0x000002777ce16e30, 0x000002777ce178f0, 0x000002777ce289b0,
0x000002777d1a70d0, 0x000002777d1e7120
}

Java Threads: ( => current thread )
  0x0000027764b089a0 JavaThread "main" [_thread_blocked, id=65948, stack(0x000000c554f00000,0x000000c555000000)]
  0x000002777bae29b0 JavaThread "Reference Handler" daemon [_thread_blocked, id=66024, stack(0x000000c555600000,0x000000c555700000)]
  0x000002777bae3d00 JavaThread "Finalizer" daemon [_thread_blocked, id=66028, stack(0x000000c555700000,0x000000c555800000)]
  0x000002777bafe010 JavaThread "Signal Dispatcher" daemon [_thread_blocked, id=66040, stack(0x000000c555800000,0x000000c555900000)]
  0x000002777c404090 JavaThread "Attach Listener" daemon [_thread_blocked, id=66044, stack(0x000000c555900000,0x000000c555a00000)]
  0x000002777c407300 JavaThread "Service Thread" daemon [_thread_blocked, id=66048, stack(0x000000c555a00000,0x000000c555b00000)]
  0x000002777c40a460 JavaThread "Monitor Deflation Thread" daemon [_thread_blocked, id=66052, stack(0x000000c555b00000,0x000000c555c00000)]
  0x000002777c40ae10 JavaThread "C1 CompilerThread0" daemon [_thread_blocked, id=66056, stack(0x000000c555c00000,0x000000c555d00000)]
  0x000002777c40fc80 JavaThread "Sweeper thread" daemon [_thread_blocked, id=66060, stack(0x000000c555d00000,0x000000c555e00000)]
  0x000002777c4f18d0 JavaThread "Common-Cleaner" daemon [_thread_blocked, id=66156, stack(0x000000c555e00000,0x000000c555f00000)]
  0x000002777c55bea0 JavaThread "JDWP Transport Listener: dt_socket" daemon [_thread_blocked, id=66300, stack(0x000000c556000000,0x000000c556100000)]
  0x000002777c55ef70 JavaThread "JDWP Event Helper Thread" daemon [_thread_blocked, id=66304, stack(0x000000c556100000,0x000000c556200000)]
  0x000002777c55f460 JavaThread "JDWP Command Reader" daemon [_thread_in_native, id=66308, stack(0x000000c556200000,0x000000c556300000)]
  0x000002777cd3aab0 JavaThread "Notification Thread" daemon [_thread_blocked, id=60264, stack(0x000000c556500000,0x000000c556600000)]
  0x000002777cbf0cd0 JavaThread "C1 CompilerThread1" daemon [_thread_blocked, id=65128, stack(0x000000c555f00000,0x000000c556000000)]
  0x000002777cbf1d10 JavaThread "C1 CompilerThread2" daemon [_thread_blocked, id=10084, stack(0x000000c556300000,0x000000c556400000)]
  0x000002777ce1d0c0 JavaThread "C1 CompilerThread3" daemon [_thread_blocked, id=65320, stack(0x000000c556400000,0x000000c556500000)]
  0x000002777ce16e30 JavaThread "RMI TCP Accept-0" daemon [_thread_in_native, id=27104, stack(0x000000c556600000,0x000000c556700000)]
  0x000002777ce178f0 JavaThread "RMI TCP Accept-12656" daemon [_thread_in_native, id=37736, stack(0x000000c556700000,0x000000c556800000)]
  0x000002777ce289b0 JavaThread "RMI TCP Accept-0" daemon [_thread_in_native, id=62976, stack(0x000000c556800000,0x000000c556900000)]
  0x000002777d1a70d0 JavaThread "Thread-0" [_thread_blocked, id=71136, stack(0x000000c557300000,0x000000c557400000)]
=>0x000002777d1e7120 JavaThread "restartedMain" [_thread_in_vm, id=66096, stack(0x000000c557400000,0x000000c557500000)]

Other Threads:
  0x000002777badc200 VMThread "VM Thread" [stack: 0x000000c555500000,0x000000c555600000] [id=66020]
  0x0000027764b09810 WatcherThread [stack: 0x000000c556900000,0x000000c556a00000] [id=17260]
  0x0000027764b750f0 GCTaskThread "GC Thread#0" [stack: 0x000000c555000000,0x000000c555100000] [id=65992]
  0x000002777ce751b0 GCTaskThread "GC Thread#1" [stack: 0x000000c556a00000,0x000000c556b00000] [id=56552]
  0x000002777ce59040 GCTaskThread "GC Thread#2" [stack: 0x000000c556b00000,0x000000c556c00000] [id=54040]
  0x000002777ce87410 GCTaskThread "GC Thread#3" [stack: 0x000000c556c00000,0x000000c556d00000] [id=63216]
  0x000002777ce876c0 GCTaskThread "GC Thread#4" [stack: 0x000000c556d00000,0x000000c556e00000] [id=64344]
  0x000002777ce87970 GCTaskThread "GC Thread#5" [stack: 0x000000c556e00000,0x000000c556f00000] [id=64348]
  0x000002777cec3860 GCTaskThread "GC Thread#6" [stack: 0x000000c556f00000,0x000000c557000000] [id=49976]
  0x000002777cec3f20 GCTaskThread "GC Thread#7" [stack: 0x000000c557000000,0x000000c557100000] [id=39648]
  0x000002777cec41d0 GCTaskThread "GC Thread#8" [stack: 0x000000c557100000,0x000000c557200000] [id=59452]
  0x000002777cec4480 GCTaskThread "GC Thread#9" [stack: 0x000000c557200000,0x000000c557300000] [id=34368]
  0x0000027764b86e50 ConcurrentGCThread "G1 Main Marker" [stack: 0x000000c555100000,0x000000c555200000] [id=65996]
  0x0000027764b87860 ConcurrentGCThread "G1 Conc#0" [stack: 0x000000c555200000,0x000000c555300000] [id=66000]
  0x0000027764bce6c0 ConcurrentGCThread "G1 Refine#0" [stack: 0x000000c555300000,0x000000c555400000] [id=66004]
  0x000002777b999280 ConcurrentGCThread "G1 Service" [stack: 0x000000c555400000,0x000000c555500000] [id=66008]

Threads with active compile tasks:

VM state: not at safepoint (normal execution)

VM Mutex/Monitor currently owned by a thread:  ([mutex/lock_event])
[0x0000027764b040b0] Metaspace_lock - owner thread: 0x000002777d1e7120

Heap address: 0x0000000701e00000, size: 4066 MB, Compressed Oops mode: Zero based, Oop shift amount: 3

CDS archive(s) mapped at: [0x0000000800000000-0x0000000800bd0000-0x0000000800bd0000), size 12386304, SharedBaseAddress: 0x0000000800000000, ArchiveRelocationMode: 0.
Compressed class space mapped at: 0x0000000800c00000-0x0000000840c00000, reserved size: 1073741824
Narrow klass base: 0x0000000800000000, Narrow klass shift: 0, Narrow klass range: 0x100000000

GC Precious Log:
 CPUs: 12 total, 12 available
 Memory: 16263M
 Large Page Support: Disabled
 NUMA Support: Disabled
 Compressed Oops: Enabled (Zero based)
 Heap Region Size: 2M
 Heap Min Capacity: 8M
 Heap Initial Capacity: 256M
 Heap Max Capacity: 4066M
 Pre-touch: Disabled
 Parallel Workers: 10
 Concurrent Workers: 3
 Concurrent Refinement Workers: 10
 Periodic GC: Disabled

Heap:
 garbage-first heap   total 262144K, used 33172K [0x0000000701e00000, 0x0000000800000000)
  region size 2048K, 15 young (30720K), 1 survivors (2048K)
 Metaspace       used 11315K, committed 11584K, reserved 1064960K
  class space    used 1446K, committed 1600K, reserved 1048576K

Heap Regions: E=young(eden), S=young(survivor), O=old, HS=humongous(starts), HC=humongous(continues), CS=collection set, F=free, OA=open archive, CA=closed archive, TAMS=top-at-mark-start (previous, next)
|   0|0x0000000701e00000, 0x0000000702000000, 0x0000000702000000|100%| O|  |TAMS 0x0000000701e00000, 0x0000000701e00000| Untracked 
|   1|0x0000000702000000, 0x0000000702200000, 0x0000000702200000|100%| O|  |TAMS 0x0000000702000000, 0x0000000702000000| Untracked 
|   2|0x0000000702200000, 0x0000000702388200, 0x0000000702400000| 76%| O|  |TAMS 0x0000000702200000, 0x0000000702200000| Untracked 
|   3|0x0000000702400000, 0x0000000702400000, 0x0000000702600000|  0%| F|  |TAMS 0x0000000702400000, 0x0000000702400000| Untracked 
|   4|0x0000000702600000, 0x0000000702600000, 0x0000000702800000|  0%| F|  |TAMS 0x0000000702600000, 0x0000000702600000| Untracked 
|   5|0x0000000702800000, 0x0000000702800000, 0x0000000702a00000|  0%| F|  |TAMS 0x0000000702800000, 0x0000000702800000| Untracked 
|   6|0x0000000702a00000, 0x0000000702a00000, 0x0000000702c00000|  0%| F|  |TAMS 0x0000000702a00000, 0x0000000702a00000| Untracked 
|   7|0x0000000702c00000, 0x0000000702c00000, 0x0000000702e00000|  0%| F|  |TAMS 0x0000000702c00000, 0x0000000702c00000| Untracked 
|   8|0x0000000702e00000, 0x0000000702e00000, 0x0000000703000000|  0%| F|  |TAMS 0x0000000702e00000, 0x0000000702e00000| Untracked 
|   9|0x0000000703000000, 0x0000000703000000, 0x0000000703200000|  0%| F|  |TAMS 0x0000000703000000, 0x0000000703000000| Untracked 
|  10|0x0000000703200000, 0x0000000703200000, 0x0000000703400000|  0%| F|  |TAMS 0x0000000703200000, 0x0000000703200000| Untracked 
|  11|0x0000000703400000, 0x0000000703400000, 0x0000000703600000|  0%| F|  |TAMS 0x0000000703400000, 0x0000000703400000| Untracked 
|  12|0x0000000703600000, 0x0000000703600000, 0x0000000703800000|  0%| F|  |TAMS 0x0000000703600000, 0x0000000703600000| Untracked 
|  13|0x0000000703800000, 0x0000000703800000, 0x0000000703a00000|  0%| F|  |TAMS 0x0000000703800000, 0x0000000703800000| Untracked 
|  14|0x0000000703a00000, 0x0000000703a00000, 0x0000000703c00000|  0%| F|  |TAMS 0x0000000703a00000, 0x0000000703a00000| Untracked 
|  15|0x0000000703c00000, 0x0000000703c00000, 0x0000000703e00000|  0%| F|  |TAMS 0x0000000703c00000, 0x0000000703c00000| Untracked 
|  16|0x0000000703e00000, 0x0000000703e00000, 0x0000000704000000|  0%| F|  |TAMS 0x0000000703e00000, 0x0000000703e00000| Untracked 
|  17|0x0000000704000000, 0x0000000704000000, 0x0000000704200000|  0%| F|  |TAMS 0x0000000704000000, 0x0000000704000000| Untracked 
|  18|0x0000000704200000, 0x0000000704200000, 0x0000000704400000|  0%| F|  |TAMS 0x0000000704200000, 0x0000000704200000| Untracked 
|  19|0x0000000704400000, 0x0000000704400000, 0x0000000704600000|  0%| F|  |TAMS 0x0000000704400000, 0x0000000704400000| Untracked 
|  20|0x0000000704600000, 0x0000000704600000, 0x0000000704800000|  0%| F|  |TAMS 0x0000000704600000, 0x0000000704600000| Untracked 
|  21|0x0000000704800000, 0x0000000704800000, 0x0000000704a00000|  0%| F|  |TAMS 0x0000000704800000, 0x0000000704800000| Untracked 
|  22|0x0000000704a00000, 0x0000000704a00000, 0x0000000704c00000|  0%| F|  |TAMS 0x0000000704a00000, 0x0000000704a00000| Untracked 
|  23|0x0000000704c00000, 0x0000000704c00000, 0x0000000704e00000|  0%| F|  |TAMS 0x0000000704c00000, 0x0000000704c00000| Untracked 
|  24|0x0000000704e00000, 0x0000000704e00000, 0x0000000705000000|  0%| F|  |TAMS 0x0000000704e00000, 0x0000000704e00000| Untracked 
|  25|0x0000000705000000, 0x0000000705000000, 0x0000000705200000|  0%| F|  |TAMS 0x0000000705000000, 0x0000000705000000| Untracked 
|  26|0x0000000705200000, 0x0000000705200000, 0x0000000705400000|  0%| F|  |TAMS 0x0000000705200000, 0x0000000705200000| Untracked 
|  27|0x0000000705400000, 0x0000000705400000, 0x0000000705600000|  0%| F|  |TAMS 0x0000000705400000, 0x0000000705400000| Untracked 
|  28|0x0000000705600000, 0x0000000705600000, 0x0000000705800000|  0%| F|  |TAMS 0x0000000705600000, 0x0000000705600000| Untracked 
|  29|0x0000000705800000, 0x0000000705800000, 0x0000000705a00000|  0%| F|  |TAMS 0x0000000705800000, 0x0000000705800000| Untracked 
|  30|0x0000000705a00000, 0x0000000705a00000, 0x0000000705c00000|  0%| F|  |TAMS 0x0000000705a00000, 0x0000000705a00000| Untracked 
|  31|0x0000000705c00000, 0x0000000705c00000, 0x0000000705e00000|  0%| F|  |TAMS 0x0000000705c00000, 0x0000000705c00000| Untracked 
|  32|0x0000000705e00000, 0x0000000705e00000, 0x0000000706000000|  0%| F|  |TAMS 0x0000000705e00000, 0x0000000705e00000| Untracked 
|  33|0x0000000706000000, 0x0000000706000000, 0x0000000706200000|  0%| F|  |TAMS 0x0000000706000000, 0x0000000706000000| Untracked 
|  34|0x0000000706200000, 0x0000000706200000, 0x0000000706400000|  0%| F|  |TAMS 0x0000000706200000, 0x0000000706200000| Untracked 
|  35|0x0000000706400000, 0x0000000706400000, 0x0000000706600000|  0%| F|  |TAMS 0x0000000706400000, 0x0000000706400000| Untracked 
|  36|0x0000000706600000, 0x0000000706600000, 0x0000000706800000|  0%| F|  |TAMS 0x0000000706600000, 0x0000000706600000| Untracked 
|  37|0x0000000706800000, 0x0000000706800000, 0x0000000706a00000|  0%| F|  |TAMS 0x0000000706800000, 0x0000000706800000| Untracked 
|  38|0x0000000706a00000, 0x0000000706a00000, 0x0000000706c00000|  0%| F|  |TAMS 0x0000000706a00000, 0x0000000706a00000| Untracked 
|  39|0x0000000706c00000, 0x0000000706c00000, 0x0000000706e00000|  0%| F|  |TAMS 0x0000000706c00000, 0x0000000706c00000| Untracked 
|  40|0x0000000706e00000, 0x0000000706e00000, 0x0000000707000000|  0%| F|  |TAMS 0x0000000706e00000, 0x0000000706e00000| Untracked 
|  41|0x0000000707000000, 0x0000000707000000, 0x0000000707200000|  0%| F|  |TAMS 0x0000000707000000, 0x0000000707000000| Untracked 
|  42|0x0000000707200000, 0x0000000707200000, 0x0000000707400000|  0%| F|  |TAMS 0x0000000707200000, 0x0000000707200000| Untracked 
|  43|0x0000000707400000, 0x0000000707400000, 0x0000000707600000|  0%| F|  |TAMS 0x0000000707400000, 0x0000000707400000| Untracked 
|  44|0x0000000707600000, 0x0000000707600000, 0x0000000707800000|  0%| F|  |TAMS 0x0000000707600000, 0x0000000707600000| Untracked 
|  45|0x0000000707800000, 0x0000000707800000, 0x0000000707a00000|  0%| F|  |TAMS 0x0000000707800000, 0x0000000707800000| Untracked 
|  46|0x0000000707a00000, 0x0000000707a00000, 0x0000000707c00000|  0%| F|  |TAMS 0x0000000707a00000, 0x0000000707a00000| Untracked 
|  47|0x0000000707c00000, 0x0000000707c00000, 0x0000000707e00000|  0%| F|  |TAMS 0x0000000707c00000, 0x0000000707c00000| Untracked 
|  48|0x0000000707e00000, 0x0000000707e00000, 0x0000000708000000|  0%| F|  |TAMS 0x0000000707e00000, 0x0000000707e00000| Untracked 
|  49|0x0000000708000000, 0x0000000708000000, 0x0000000708200000|  0%| F|  |TAMS 0x0000000708000000, 0x0000000708000000| Untracked 
|  50|0x0000000708200000, 0x0000000708200000, 0x0000000708400000|  0%| F|  |TAMS 0x0000000708200000, 0x0000000708200000| Untracked 
|  51|0x0000000708400000, 0x0000000708400000, 0x0000000708600000|  0%| F|  |TAMS 0x0000000708400000, 0x0000000708400000| Untracked 
|  52|0x0000000708600000, 0x0000000708600000, 0x0000000708800000|  0%| F|  |TAMS 0x0000000708600000, 0x0000000708600000| Untracked 
|  53|0x0000000708800000, 0x0000000708800000, 0x0000000708a00000|  0%| F|  |TAMS 0x0000000708800000, 0x0000000708800000| Untracked 
|  54|0x0000000708a00000, 0x0000000708a00000, 0x0000000708c00000|  0%| F|  |TAMS 0x0000000708a00000, 0x0000000708a00000| Untracked 
|  55|0x0000000708c00000, 0x0000000708c00000, 0x0000000708e00000|  0%| F|  |TAMS 0x0000000708c00000, 0x0000000708c00000| Untracked 
|  56|0x0000000708e00000, 0x0000000708e00000, 0x0000000709000000|  0%| F|  |TAMS 0x0000000708e00000, 0x0000000708e00000| Untracked 
|  57|0x0000000709000000, 0x0000000709000000, 0x0000000709200000|  0%| F|  |TAMS 0x0000000709000000, 0x0000000709000000| Untracked 
|  58|0x0000000709200000, 0x0000000709200000, 0x0000000709400000|  0%| F|  |TAMS 0x0000000709200000, 0x0000000709200000| Untracked 
|  59|0x0000000709400000, 0x0000000709400000, 0x0000000709600000|  0%| F|  |TAMS 0x0000000709400000, 0x0000000709400000| Untracked 
|  60|0x0000000709600000, 0x0000000709600000, 0x0000000709800000|  0%| F|  |TAMS 0x0000000709600000, 0x0000000709600000| Untracked 
|  61|0x0000000709800000, 0x0000000709800000, 0x0000000709a00000|  0%| F|  |TAMS 0x0000000709800000, 0x0000000709800000| Untracked 
|  62|0x0000000709a00000, 0x0000000709a00000, 0x0000000709c00000|  0%| F|  |TAMS 0x0000000709a00000, 0x0000000709a00000| Untracked 
|  63|0x0000000709c00000, 0x0000000709c00000, 0x0000000709e00000|  0%| F|  |TAMS 0x0000000709c00000, 0x0000000709c00000| Untracked 
|  64|0x0000000709e00000, 0x0000000709e00000, 0x000000070a000000|  0%| F|  |TAMS 0x0000000709e00000, 0x0000000709e00000| Untracked 
|  65|0x000000070a000000, 0x000000070a000000, 0x000000070a200000|  0%| F|  |TAMS 0x000000070a000000, 0x000000070a000000| Untracked 
|  66|0x000000070a200000, 0x000000070a200000, 0x000000070a400000|  0%| F|  |TAMS 0x000000070a200000, 0x000000070a200000| Untracked 
|  67|0x000000070a400000, 0x000000070a400000, 0x000000070a600000|  0%| F|  |TAMS 0x000000070a400000, 0x000000070a400000| Untracked 
|  68|0x000000070a600000, 0x000000070a600000, 0x000000070a800000|  0%| F|  |TAMS 0x000000070a600000, 0x000000070a600000| Untracked 
|  69|0x000000070a800000, 0x000000070a800000, 0x000000070aa00000|  0%| F|  |TAMS 0x000000070a800000, 0x000000070a800000| Untracked 
|  70|0x000000070aa00000, 0x000000070aa00000, 0x000000070ac00000|  0%| F|  |TAMS 0x000000070aa00000, 0x000000070aa00000| Untracked 
|  71|0x000000070ac00000, 0x000000070ac00000, 0x000000070ae00000|  0%| F|  |TAMS 0x000000070ac00000, 0x000000070ac00000| Untracked 
|  72|0x000000070ae00000, 0x000000070ae00000, 0x000000070b000000|  0%| F|  |TAMS 0x000000070ae00000, 0x000000070ae00000| Untracked 
|  73|0x000000070b000000, 0x000000070b000000, 0x000000070b200000|  0%| F|  |TAMS 0x000000070b000000, 0x000000070b000000| Untracked 
|  74|0x000000070b200000, 0x000000070b200000, 0x000000070b400000|  0%| F|  |TAMS 0x000000070b200000, 0x000000070b200000| Untracked 
|  75|0x000000070b400000, 0x000000070b400000, 0x000000070b600000|  0%| F|  |TAMS 0x000000070b400000, 0x000000070b400000| Untracked 
|  76|0x000000070b600000, 0x000000070b600000, 0x000000070b800000|  0%| F|  |TAMS 0x000000070b600000, 0x000000070b600000| Untracked 
|  77|0x000000070b800000, 0x000000070b800000, 0x000000070ba00000|  0%| F|  |TAMS 0x000000070b800000, 0x000000070b800000| Untracked 
|  78|0x000000070ba00000, 0x000000070ba00000, 0x000000070bc00000|  0%| F|  |TAMS 0x000000070ba00000, 0x000000070ba00000| Untracked 
|  79|0x000000070bc00000, 0x000000070bc00000, 0x000000070be00000|  0%| F|  |TAMS 0x000000070bc00000, 0x000000070bc00000| Untracked 
|  80|0x000000070be00000, 0x000000070be00000, 0x000000070c000000|  0%| F|  |TAMS 0x000000070be00000, 0x000000070be00000| Untracked 
|  81|0x000000070c000000, 0x000000070c000000, 0x000000070c200000|  0%| F|  |TAMS 0x000000070c000000, 0x000000070c000000| Untracked 
|  82|0x000000070c200000, 0x000000070c200000, 0x000000070c400000|  0%| F|  |TAMS 0x000000070c200000, 0x000000070c200000| Untracked 
|  83|0x000000070c400000, 0x000000070c400000, 0x000000070c600000|  0%| F|  |TAMS 0x000000070c400000, 0x000000070c400000| Untracked 
|  84|0x000000070c600000, 0x000000070c600000, 0x000000070c800000|  0%| F|  |TAMS 0x000000070c600000, 0x000000070c600000| Untracked 
|  85|0x000000070c800000, 0x000000070c800000, 0x000000070ca00000|  0%| F|  |TAMS 0x000000070c800000, 0x000000070c800000| Untracked 
|  86|0x000000070ca00000, 0x000000070ca00000, 0x000000070cc00000|  0%| F|  |TAMS 0x000000070ca00000, 0x000000070ca00000| Untracked 
|  87|0x000000070cc00000, 0x000000070cc00000, 0x000000070ce00000|  0%| F|  |TAMS 0x000000070cc00000, 0x000000070cc00000| Untracked 
|  88|0x000000070ce00000, 0x000000070ce00000, 0x000000070d000000|  0%| F|  |TAMS 0x000000070ce00000, 0x000000070ce00000| Untracked 
|  89|0x000000070d000000, 0x000000070d000000, 0x000000070d200000|  0%| F|  |TAMS 0x000000070d000000, 0x000000070d000000| Untracked 
|  90|0x000000070d200000, 0x000000070d200000, 0x000000070d400000|  0%| F|  |TAMS 0x000000070d200000, 0x000000070d200000| Untracked 
|  91|0x000000070d400000, 0x000000070d400000, 0x000000070d600000|  0%| F|  |TAMS 0x000000070d400000, 0x000000070d400000| Untracked 
|  92|0x000000070d600000, 0x000000070d600000, 0x000000070d800000|  0%| F|  |TAMS 0x000000070d600000, 0x000000070d600000| Untracked 
|  93|0x000000070d800000, 0x000000070d800000, 0x000000070da00000|  0%| F|  |TAMS 0x000000070d800000, 0x000000070d800000| Untracked 
|  94|0x000000070da00000, 0x000000070da00000, 0x000000070dc00000|  0%| F|  |TAMS 0x000000070da00000, 0x000000070da00000| Untracked 
|  95|0x000000070dc00000, 0x000000070dc00000, 0x000000070de00000|  0%| F|  |TAMS 0x000000070dc00000, 0x000000070dc00000| Untracked 
|  96|0x000000070de00000, 0x000000070de00000, 0x000000070e000000|  0%| F|  |TAMS 0x000000070de00000, 0x000000070de00000| Untracked 
|  97|0x000000070e000000, 0x000000070e000000, 0x000000070e200000|  0%| F|  |TAMS 0x000000070e000000, 0x000000070e000000| Untracked 
|  98|0x000000070e200000, 0x000000070e200000, 0x000000070e400000|  0%| F|  |TAMS 0x000000070e200000, 0x000000070e200000| Untracked 
|  99|0x000000070e400000, 0x000000070e400000, 0x000000070e600000|  0%| F|  |TAMS 0x000000070e400000, 0x000000070e400000| Untracked 
| 100|0x000000070e600000, 0x000000070e600000, 0x000000070e800000|  0%| F|  |TAMS 0x000000070e600000, 0x000000070e600000| Untracked 
| 101|0x000000070e800000, 0x000000070e800000, 0x000000070ea00000|  0%| F|  |TAMS 0x000000070e800000, 0x000000070e800000| Untracked 
| 102|0x000000070ea00000, 0x000000070ea00000, 0x000000070ec00000|  0%| F|  |TAMS 0x000000070ea00000, 0x000000070ea00000| Untracked 
| 103|0x000000070ec00000, 0x000000070ec00000, 0x000000070ee00000|  0%| F|  |TAMS 0x000000070ec00000, 0x000000070ec00000| Untracked 
| 104|0x000000070ee00000, 0x000000070ee00000, 0x000000070f000000|  0%| F|  |TAMS 0x000000070ee00000, 0x000000070ee00000| Untracked 
| 105|0x000000070f000000, 0x000000070f000000, 0x000000070f200000|  0%| F|  |TAMS 0x000000070f000000, 0x000000070f000000| Untracked 
| 106|0x000000070f200000, 0x000000070f200000, 0x000000070f400000|  0%| F|  |TAMS 0x000000070f200000, 0x000000070f200000| Untracked 
| 107|0x000000070f400000, 0x000000070f400000, 0x000000070f600000|  0%| F|  |TAMS 0x000000070f400000, 0x000000070f400000| Untracked 
| 108|0x000000070f600000, 0x000000070f600000, 0x000000070f800000|  0%| F|  |TAMS 0x000000070f600000, 0x000000070f600000| Untracked 
| 109|0x000000070f800000, 0x000000070f800000, 0x000000070fa00000|  0%| F|  |TAMS 0x000000070f800000, 0x000000070f800000| Untracked 
| 110|0x000000070fa00000, 0x000000070fa00000, 0x000000070fc00000|  0%| F|  |TAMS 0x000000070fa00000, 0x000000070fa00000| Untracked 
| 111|0x000000070fc00000, 0x000000070fc00000, 0x000000070fe00000|  0%| F|  |TAMS 0x000000070fc00000, 0x000000070fc00000| Untracked 
| 112|0x000000070fe00000, 0x000000070fedcec0, 0x0000000710000000| 43%| S|CS|TAMS 0x000000070fe00000, 0x000000070fe00000| Complete 
| 113|0x0000000710000000, 0x0000000710000000, 0x0000000710200000|  0%| F|  |TAMS 0x0000000710000000, 0x0000000710000000| Untracked 
| 114|0x0000000710200000, 0x00000007103f1998, 0x0000000710400000| 97%| E|  |TAMS 0x0000000710200000, 0x0000000710200000| Complete 
| 115|0x0000000710400000, 0x0000000710600000, 0x0000000710600000|100%| E|CS|TAMS 0x0000000710400000, 0x0000000710400000| Complete 
| 116|0x0000000710600000, 0x0000000710800000, 0x0000000710800000|100%| E|CS|TAMS 0x0000000710600000, 0x0000000710600000| Complete 
| 117|0x0000000710800000, 0x0000000710a00000, 0x0000000710a00000|100%| E|CS|TAMS 0x0000000710800000, 0x0000000710800000| Complete 
| 118|0x0000000710a00000, 0x0000000710c00000, 0x0000000710c00000|100%| E|CS|TAMS 0x0000000710a00000, 0x0000000710a00000| Complete 
| 119|0x0000000710c00000, 0x0000000710e00000, 0x0000000710e00000|100%| E|CS|TAMS 0x0000000710c00000, 0x0000000710c00000| Complete 
| 120|0x0000000710e00000, 0x0000000711000000, 0x0000000711000000|100%| E|CS|TAMS 0x0000000710e00000, 0x0000000710e00000| Complete 
| 121|0x0000000711000000, 0x0000000711200000, 0x0000000711200000|100%| E|CS|TAMS 0x0000000711000000, 0x0000000711000000| Complete 
| 122|0x0000000711200000, 0x0000000711400000, 0x0000000711400000|100%| E|CS|TAMS 0x0000000711200000, 0x0000000711200000| Complete 
| 123|0x0000000711400000, 0x0000000711600000, 0x0000000711600000|100%| E|CS|TAMS 0x0000000711400000, 0x0000000711400000| Complete 
| 124|0x0000000711600000, 0x0000000711800000, 0x0000000711800000|100%| E|CS|TAMS 0x0000000711600000, 0x0000000711600000| Complete 
| 125|0x0000000711800000, 0x0000000711a00000, 0x0000000711a00000|100%| E|CS|TAMS 0x0000000711800000, 0x0000000711800000| Complete 
| 126|0x0000000711a00000, 0x0000000711c00000, 0x0000000711c00000|100%| E|CS|TAMS 0x0000000711a00000, 0x0000000711a00000| Complete 
| 127|0x0000000711c00000, 0x0000000711e00000, 0x0000000711e00000|100%| E|CS|TAMS 0x0000000711c00000, 0x0000000711c00000| Complete 

Card table byte_map: [0x000002776feb0000,0x00000277706b0000] _byte_map_base: 0x000002776c6a1000

Marking Bits (Prev, Next): (CMBitMap*) 0x0000027764b76710, (CMBitMap*) 0x0000027764b76750
 Prev Bits: [0x0000027770eb0000, 0x0000027774e38000)
 Next Bits: [0x0000027774e40000, 0x0000027778dc8000)

Polling page: 0x00000277642d0000

Metaspace:

Usage:
  Non-class:      9.64 MB used.
      Class:      1.41 MB used.
       Both:     11.05 MB used.

Virtual space:
  Non-class space:       16.00 MB reserved,       9.75 MB ( 61%) committed,  2 nodes.
      Class space:        1.00 GB reserved,       1.56 MB ( <1%) committed,  1 nodes.
             Both:        1.02 GB reserved,      11.31 MB (  1%) committed. 

Chunk freelists:
   Non-Class:  1.98 MB
       Class:  2.36 MB
        Both:  4.34 MB

MaxMetaspaceSize: unlimited
CompressedClassSpaceSize: 1.00 GB
Initial GC threshold: 21.00 MB
Current GC threshold: 21.00 MB
CDS: on
MetaspaceReclaimPolicy: balanced
 - commit_granule_bytes: 65536.
 - commit_granule_words: 8192.
 - virtual_space_node_default_size: 1048576.
 - enlarge_chunks_in_place: 1.
 - new_chunks_are_fully_committed: 0.
 - uncommit_free_chunks: 1.
 - use_allocation_guard: 0.
 - handle_deallocations: 1.


Internal statistics:

num_allocs_failed_limit: 0.
num_arena_births: 174.
num_arena_deaths: 0.
num_vsnodes_births: 3.
num_vsnodes_deaths: 0.
num_space_committed: 181.
num_space_uncommitted: 0.
num_chunks_returned_to_freelist: 0.
num_chunks_taken_from_freelist: 415.
num_chunk_merges: 0.
num_chunk_splits: 272.
num_chunks_enlarged: 192.
num_purges: 0.
num_inconsistent_stats: 0.

CodeCache: size=49152Kb used=6101Kb max_used=6101Kb free=43050Kb
 bounds [0x000002776c380000, 0x000002776c980000, 0x000002776f380000]
 total_blobs=2437 nmethods=1970 adapters=391
 compilation: enabled
              stopped_count=0, restarted_count=0
 full_count=0

Compilation events (20 events):
Event: 32.680 Thread 0x000002777cbf0cd0 nmethod 1958 0x000002776c96fe10 code [0x000002776c970060, 0x000002776c970668]
Event: 32.686 Thread 0x000002777cbf0cd0 1960       1       jdk.internal.org.objectweb.asm.FieldWriter::visitEnd (1 bytes)
Event: 32.686 Thread 0x000002777cbf0cd0 nmethod 1960 0x000002776c970a10 code [0x000002776c970ba0, 0x000002776c970c58]
Event: 32.690 Thread 0x000002777cbf0cd0 1961       1       java.lang.Module::isExported (18 bytes)
Event: 32.691 Thread 0x000002777cbf0cd0 nmethod 1961 0x000002776c970d10 code [0x000002776c970ee0, 0x000002776c971128]
Event: 32.694 Thread 0x000002777cbf0cd0 1963       1       java.lang.invoke.LambdaFormEditor$TransformKey::bval (26 bytes)
Event: 32.694 Thread 0x000002777cbf0cd0 nmethod 1963 0x000002776c971590 code [0x000002776c971720, 0x000002776c9717d8]
Event: 32.695 Thread 0x000002777c40ae10 1965       1       org.springframework.boot.context.properties.source.SpringIterableConfigurationPropertySource$$Lambda$177/0x0000000800d321b8::<init> (10 bytes)
Event: 32.695 Thread 0x000002777cbf0cd0 1964       1       org.springframework.boot.context.properties.source.SpringIterableConfigurationPropertySource::getMappings (23 bytes)
Event: 32.695 Thread 0x000002777cbf1d10 1966       1       org.springframework.boot.context.properties.source.SpringIterableConfigurationPropertySource$$Lambda$178/0x0000000800d323d8::<init> (10 bytes)
Event: 32.695 Thread 0x000002777ce1d0c0 1967       1       org.springframework.boot.context.properties.source.SoftReferenceConfigurationPropertyCache::get (67 bytes)
Event: 32.695 Thread 0x000002777c40ae10 nmethod 1965 0x000002776c971890 code [0x000002776c971a20, 0x000002776c971b38]
Event: 32.696 Thread 0x000002777cbf1d10 nmethod 1966 0x000002776c971b90 code [0x000002776c971d20, 0x000002776c971e38]
Event: 32.696 Thread 0x000002777c40ae10 1968       1       org.springframework.boot.context.properties.source.SoftReferenceConfigurationPropertyCache::getValue (8 bytes)
Event: 32.696 Thread 0x000002777cbf0cd0 nmethod 1964 0x000002776c971e90 code [0x000002776c972060, 0x000002776c972308]
Event: 32.697 Thread 0x000002777c40ae10 nmethod 1968 0x000002776c972590 code [0x000002776c972720, 0x000002776c972838]
Event: 32.697 Thread 0x000002777ce1d0c0 nmethod 1967 0x000002776c972910 code [0x000002776c972b60, 0x000002776c973408]
Event: 32.698 Thread 0x000002777cbf0cd0 1969   !   1       org.springframework.boot.context.properties.source.SpringConfigurationPropertySource::getConfigurationProperty (119 bytes)
Event: 32.698 Thread 0x000002777ce1d0c0 1970       1       org.springframework.boot.context.properties.source.DefaultPropertyMapper::map (53 bytes)
Event: 32.698 Thread 0x000002777ce1d0c0 nmethod 1970 0x000002776c973a90 code [0x000002776c973c60, 0x000002776c974158]

GC Heap History (4 events):
Event: 29.442 GC heap before
{Heap before GC invocations=0 (full 0):
 garbage-first heap   total 262144K, used 22528K [0x0000000701e00000, 0x0000000800000000)
  region size 2048K, 11 young (22528K), 0 survivors (0K)
 Metaspace       used 6188K, committed 6336K, reserved 1056768K
  class space    used 718K, committed 768K, reserved 1048576K
}
Event: 29.627 GC heap after
{Heap after GC invocations=1 (full 0):
 garbage-first heap   total 262144K, used 5665K [0x0000000701e00000, 0x0000000800000000)
  region size 2048K, 2 young (4096K), 2 survivors (4096K)
 Metaspace       used 6188K, committed 6336K, reserved 1056768K
  class space    used 718K, committed 768K, reserved 1048576K
}
Event: 30.564 GC heap before
{Heap before GC invocations=1 (full 0):
 garbage-first heap   total 262144K, used 32289K [0x0000000701e00000, 0x0000000800000000)
  region size 2048K, 15 young (30720K), 2 survivors (4096K)
 Metaspace       used 8813K, committed 9024K, reserved 1064960K
  class space    used 1046K, committed 1152K, reserved 1048576K
}
Event: 30.567 GC heap after
{Heap after GC invocations=2 (full 0):
 garbage-first heap   total 262144K, used 6548K [0x0000000701e00000, 0x0000000800000000)
  region size 2048K, 1 young (2048K), 1 survivors (2048K)
 Metaspace       used 8813K, committed 9024K, reserved 1064960K
  class space    used 1046K, committed 1152K, reserved 1048576K
}

Deoptimization events (20 events):
Event: 32.311 Thread 0x000002777d1e7120 DEOPT PACKING pc=0x000002776c841cfc sp=0x000000c5574fd480
Event: 32.311 Thread 0x000002777d1e7120 DEOPT UNPACKING pc=0x000002776c3d2b43 sp=0x000000c5574fc938 mode 1
Event: 32.312 Thread 0x000002777d1e7120 DEOPT PACKING pc=0x000002776c56d95c sp=0x000000c5574fde10
Event: 32.312 Thread 0x000002777d1e7120 DEOPT UNPACKING pc=0x000002776c3d2b43 sp=0x000000c5574fd300 mode 1
Event: 32.678 Thread 0x000002777d1e7120 DEOPT PACKING pc=0x000002776c84a6e4 sp=0x000000c5574fc3b0
Event: 32.678 Thread 0x000002777d1e7120 DEOPT UNPACKING pc=0x000002776c3d2b43 sp=0x000000c5574fb848 mode 1
Event: 32.678 Thread 0x000002777d1e7120 DEOPT PACKING pc=0x000002776c841cfc sp=0x000000c5574fc480
Event: 32.678 Thread 0x000002777d1e7120 DEOPT UNPACKING pc=0x000002776c3d2b43 sp=0x000000c5574fb938 mode 1
Event: 32.678 Thread 0x000002777d1e7120 DEOPT PACKING pc=0x000002776c56d95c sp=0x000000c5574fce10
Event: 32.678 Thread 0x000002777d1e7120 DEOPT UNPACKING pc=0x000002776c3d2b43 sp=0x000000c5574fc300 mode 1
Event: 32.678 Thread 0x000002777d1e7120 DEOPT PACKING pc=0x000002776c84a6e4 sp=0x000000c5574fc3b0
Event: 32.678 Thread 0x000002777d1e7120 DEOPT UNPACKING pc=0x000002776c3d2b43 sp=0x000000c5574fb848 mode 1
Event: 32.678 Thread 0x000002777d1e7120 DEOPT PACKING pc=0x000002776c841cfc sp=0x000000c5574fc480
Event: 32.678 Thread 0x000002777d1e7120 DEOPT UNPACKING pc=0x000002776c3d2b43 sp=0x000000c5574fb938 mode 1
Event: 32.678 Thread 0x000002777d1e7120 DEOPT PACKING pc=0x000002776c56d95c sp=0x000000c5574fce10
Event: 32.678 Thread 0x000002777d1e7120 DEOPT UNPACKING pc=0x000002776c3d2b43 sp=0x000000c5574fc300 mode 1
Event: 32.685 Thread 0x000002777d1e7120 DEOPT PACKING pc=0x000002776c84a6e4 sp=0x000000c5574fd5e0
Event: 32.685 Thread 0x000002777d1e7120 DEOPT UNPACKING pc=0x000002776c3d2b43 sp=0x000000c5574fca78 mode 1
Event: 32.685 Thread 0x000002777d1e7120 DEOPT PACKING pc=0x000002776c841cfc sp=0x000000c5574fd6b0
Event: 32.685 Thread 0x000002777d1e7120 DEOPT UNPACKING pc=0x000002776c3d2b43 sp=0x000000c5574fcb68 mode 1

Classes unloaded (0 events):
No events

Classes redefined (0 events):
No events

Internal exceptions (20 events):
Event: 30.777 Thread 0x000002777d1e7120 Exception <a 'java/lang/NoSuchMethodError'{0x00000007112cca28}: 'java.lang.Object java.lang.invoke.Invokers$Holder.invokeExact_MT(java.lang.Object, java.lang.Object, java.lang.Object, java.lang.Object, java.lang.Object, java.lang.Object)'> (0x00000007112cca28) 
thrown [s\open\src\hotspot\share\interpreter\linkResolver.cpp, line 759]
Event: 30.780 Thread 0x000002777d1e7120 Exception <a 'java/lang/NoSuchMethodError'{0x00000007112daa70}: 'void java.lang.invoke.DirectMethodHandle$Holder.invokeStaticInit(java.lang.Object, java.lang.Object, java.lang.Object, java.lang.Object)'> (0x00000007112daa70) 
thrown [s\open\src\hotspot\share\interpreter\linkResolver.cpp, line 759]
Event: 30.783 Thread 0x000002777d1e7120 Exception <a 'java/lang/IncompatibleClassChangeError'{0x00000007112f5e80}: Found class java.lang.Object, but interface was expected> (0x00000007112f5e80) 
thrown [s\open\src\hotspot\share\interpreter\linkResolver.cpp, line 826]
Event: 30.866 Thread 0x000002777d1e7120 Exception <a 'java/lang/NoSuchMethodError'{0x0000000710e77210}: 'int java.lang.invoke.DirectMethodHandle$Holder.invokeSpecial(java.lang.Object, java.lang.Object, java.lang.Object, java.lang.Object)'> (0x0000000710e77210) 
thrown [s\open\src\hotspot\share\interpreter\linkResolver.cpp, line 759]
Event: 30.950 Thread 0x000002777d1e7120 Exception <a 'java/lang/NoSuchMethodError'{0x0000000710a4a460}: 'java.lang.Object java.lang.invoke.DirectMethodHandle$Holder.newInvokeSpecial(java.lang.Object, java.lang.Object, java.lang.Object, java.lang.Object, java.lang.Object, java.lang.Object)'> (0x0000000710a4a460) 
thrown [s\open\src\hotspot\share\interpreter\linkResolver.cpp, line 759]
Event: 31.407 Thread 0x000002777d1e7120 Exception <a 'java/lang/NoSuchMethodError'{0x0000000710ba8940}: 'java.lang.Object java.lang.invoke.DirectMethodHandle$Holder.invokeSpecial(java.lang.Object, java.lang.Object, java.lang.Object, java.lang.Object, java.lang.Object, java.lang.Object, int)'> (0x0000000710ba8940) 
thrown [s\open\src\hotspot\share\interpreter\linkResolver.cpp, line 759]
Event: 31.407 Thread 0x000002777d1e7120 Exception <a 'java/lang/NoSuchMethodError'{0x0000000710bb2ea0}: 'java.lang.Object java.lang.invoke.DirectMethodHandle$Holder.newInvokeSpecial(java.lang.Object, java.lang.Object, java.lang.Object, java.lang.Object, java.lang.Object, java.lang.Object, int)'> (0x0000000710bb2ea0) 
thrown [s\open\src\hotspot\share\interpreter\linkResolver.cpp, line 759]
Event: 31.409 Thread 0x000002777d1e7120 Exception <a 'java/lang/NoSuchMethodError'{0x0000000710bb7ee0}: 'java.lang.Object java.lang.invoke.DirectMethodHandle$Holder.invokeSpecial(java.lang.Object, java.lang.Object, java.lang.Object, java.lang.Object, java.lang.Object, java.lang.Object, java.lang.Object, int)'> (0x0000000710bb7ee0) 
thrown [s\open\src\hotspot\share\interpreter\linkResolver.cpp, line 759]
Event: 31.955 Thread 0x000002777d1e7120 Exception <a 'java/lang/NoSuchMethodError'{0x00000007106d3448}: 'int java.lang.invoke.DirectMethodHandle$Holder.invokeVirtual(java.lang.Object, java.lang.Object)'> (0x00000007106d3448) 
thrown [s\open\src\hotspot\share\interpreter\linkResolver.cpp, line 759]
Event: 32.003 Thread 0x000002777d1e7120 Exception <a 'java/lang/NoSuchMethodError'{0x00000007104020a0}: 'java.lang.Object java.lang.invoke.DirectMethodHandle$Holder.invokeSpecial(java.lang.Object, java.lang.Object, java.lang.Object, int, java.lang.Object)'> (0x00000007104020a0) 
thrown [s\open\src\hotspot\share\interpreter\linkResolver.cpp, line 759]
Event: 32.004 Thread 0x000002777d1e7120 Exception <a 'java/lang/NoSuchMethodError'{0x000000071040a708}: 'java.lang.Object java.lang.invoke.DirectMethodHandle$Holder.newInvokeSpecial(java.lang.Object, java.lang.Object, java.lang.Object, int, java.lang.Object)'> (0x000000071040a708) 
thrown [s\open\src\hotspot\share\interpreter\linkResolver.cpp, line 759]
Event: 32.005 Thread 0x000002777d1e7120 Exception <a 'java/lang/NoSuchMethodError'{0x00000007104120d8}: 'java.lang.Object java.lang.invoke.Invokers$Holder.linkToTargetMethod(java.lang.Object, java.lang.Object, int, java.lang.Object, java.lang.Object)'> (0x00000007104120d8) 
thrown [s\open\src\hotspot\share\interpreter\linkResolver.cpp, line 759]
Event: 32.007 Thread 0x000002777d1e7120 Exception <a 'java/lang/NoSuchMethodError'{0x0000000710428198}: 'java.lang.Object java.lang.invoke.DirectMethodHandle$Holder.newInvokeSpecial(java.lang.Object, int, java.lang.Object)'> (0x0000000710428198) 
thrown [s\open\src\hotspot\share\interpreter\linkResolver.cpp, line 759]
Event: 32.007 Thread 0x000002777d1e7120 Exception <a 'java/lang/NoSuchMethodError'{0x000000071042c168}: 'int java.lang.invoke.DirectMethodHandle$Holder.invokeSpecialIFC(java.lang.Object, java.lang.Object, java.lang.Object, java.lang.Object)'> (0x000000071042c168) 
thrown [s\open\src\hotspot\share\interpreter\linkResolver.cpp, line 759]
Event: 32.066 Thread 0x000002777d1e7120 Exception <a 'java/lang/NoSuchMethodError'{0x00000007105413d8}: 'java.lang.Object java.lang.invoke.DirectMethodHandle$Holder.invokeInterface(java.lang.Object, java.lang.Object)'> (0x00000007105413d8) 
thrown [s\open\src\hotspot\share\interpreter\linkResolver.cpp, line 759]
Event: 32.070 Thread 0x000002777d1e7120 Exception <a 'java/lang/NoSuchMethodError'{0x0000000710552598}: 'void java.lang.invoke.DirectMethodHandle$Holder.invokeInterface(java.lang.Object, java.lang.Object, java.lang.Object)'> (0x0000000710552598) 
thrown [s\open\src\hotspot\share\interpreter\linkResolver.cpp, line 759]
Event: 32.315 Thread 0x000002777d1e7120 Exception <a 'java/lang/NoSuchMethodError'{0x0000000710202498}: 'java.lang.Object java.lang.invoke.DirectMethodHandle$Holder.invokeVirtual(java.lang.Object, java.lang.Object, java.lang.Object)'> (0x0000000710202498) 
thrown [s\open\src\hotspot\share\interpreter\linkResolver.cpp, line 759]
Event: 32.691 Thread 0x000002777d1e7120 Exception <a 'java/lang/NoSuchMethodError'{0x0000000710390908}: 'void java.lang.invoke.DirectMethodHandle$Holder.invokeStatic(java.lang.Object, java.lang.Object, int)'> (0x0000000710390908) 
thrown [s\open\src\hotspot\share\interpreter\linkResolver.cpp, line 759]
Event: 32.693 Thread 0x000002777d1e7120 Exception <a 'java/lang/NoSuchMethodError'{0x0000000710399940}: 'void java.lang.invoke.DirectMethodHandle$Holder.invokeStaticInit(java.lang.Object, java.lang.Object)'> (0x0000000710399940) 
thrown [s\open\src\hotspot\share\interpreter\linkResolver.cpp, line 759]
Event: 32.696 Thread 0x000002777d1e7120 Exception <a 'java/lang/NoSuchMethodError'{0x00000007103af488}: 'void java.lang.invoke.DirectMethodHandle$Holder.invokeStaticInit(java.lang.Object, java.lang.Object, java.lang.Object)'> (0x00000007103af488) 
thrown [s\open\src\hotspot\share\interpreter\linkResolver.cpp, line 759]

VM Operations (20 events):
Event: 27.199 Executing VM operation: HandshakeAllThreads
Event: 27.199 Executing VM operation: HandshakeAllThreads done
Event: 28.214 Executing VM operation: Cleanup
Event: 28.214 Executing VM operation: Cleanup done
Event: 29.224 Executing VM operation: Cleanup
Event: 29.240 Executing VM operation: Cleanup done
Event: 29.404 Executing VM operation: G1CollectForAllocation
Event: 29.628 Executing VM operation: G1CollectForAllocation done
Event: 29.914 Executing VM operation: HandshakeAllThreads
Event: 29.914 Executing VM operation: HandshakeAllThreads done
Event: 30.564 Executing VM operation: G1CollectForAllocation
Event: 30.567 Executing VM operation: G1CollectForAllocation done
Event: 30.568 Executing VM operation: Cleanup
Event: 30.568 Executing VM operation: Cleanup done
Event: 30.612 Executing VM operation: HandshakeAllThreads
Event: 30.612 Executing VM operation: HandshakeAllThreads done
Event: 31.619 Executing VM operation: Cleanup
Event: 31.841 Executing VM operation: Cleanup done
Event: 31.953 Executing VM operation: HandshakeAllThreads
Event: 31.953 Executing VM operation: HandshakeAllThreads done

Events (20 events):
Event: 32.316 loading class java/util/concurrent/ConcurrentLinkedDeque$Itr
Event: 32.316 loading class java/util/concurrent/ConcurrentLinkedDeque$AbstractItr
Event: 32.316 loading class java/util/concurrent/ConcurrentLinkedDeque$AbstractItr done
Event: 32.316 loading class java/util/concurrent/ConcurrentLinkedDeque$Itr done
Event: 32.672 loading class org/xml/sax/InputSource
Event: 32.672 loading class org/xml/sax/InputSource done
Event: 32.674 loading class java/nio/file/FileSystemNotFoundException
Event: 32.674 loading class java/nio/file/FileSystemNotFoundException done
Event: 32.677 loading class java/util/zip/ZipException
Event: 32.678 loading class java/util/zip/ZipException done
Event: 32.690 loading class java/util/function/IntUnaryOperator
Event: 32.690 loading class java/util/function/IntUnaryOperator done
Event: 32.691 loading class java/util/stream/IntPipeline$4
Event: 32.691 loading class java/util/stream/IntPipeline$4 done
Event: 32.692 loading class java/util/stream/ForEachOps$ForEachOp$OfInt
Event: 32.692 loading class java/util/stream/ForEachOps$ForEachOp$OfInt done
Event: 32.692 loading class java/util/stream/IntPipeline$4$1
Event: 32.692 loading class java/util/stream/IntPipeline$4$1 done
Event: 32.692 loading class java/util/RegularEnumSet$EnumSetIterator
Event: 32.692 loading class java/util/RegularEnumSet$EnumSetIterator done


Dynamic libraries:
0x00007ff6a55e0000 - 0x00007ff6a55f0000 	C:\Java\jdk-17\bin\javaw.exe
0x00007ff92d190000 - 0x00007ff92d3a4000 	C:\WINDOWS\SYSTEM32\ntdll.dll
0x00007ff92b040000 - 0x00007ff92b104000 	C:\WINDOWS\System32\KERNEL32.DLL
0x00007ff92a600000 - 0x00007ff92a9a4000 	C:\WINDOWS\System32\KERNELBASE.dll
0x00007ff92ac40000 - 0x00007ff92ad51000 	C:\WINDOWS\System32\ucrtbase.dll
0x00007ff9185c0000 - 0x00007ff9185d8000 	C:\Java\jdk-17\bin\jli.dll
0x00007ff92b140000 - 0x00007ff92b1f0000 	C:\WINDOWS\System32\ADVAPI32.dll
0x00007ff9185e0000 - 0x00007ff9185fb000 	C:\Java\jdk-17\bin\VCRUNTIME140.dll
0x00007ff92b5b0000 - 0x00007ff92b657000 	C:\WINDOWS\System32\msvcrt.dll
0x00007ff92c100000 - 0x00007ff92c1a6000 	C:\WINDOWS\System32\sechost.dll
0x00007ff92af20000 - 0x00007ff92b037000 	C:\WINDOWS\System32\RPCRT4.dll
0x00007ff92c970000 - 0x00007ff92cb1a000 	C:\WINDOWS\System32\USER32.dll
0x00007ff92aa30000 - 0x00007ff92aa56000 	C:\WINDOWS\System32\win32u.dll
0x00007ff92b110000 - 0x00007ff92b139000 	C:\WINDOWS\System32\GDI32.dll
0x00007ff92ae00000 - 0x00007ff92af19000 	C:\WINDOWS\System32\gdi32full.dll
0x00007ff9107f0000 - 0x00007ff910a7f000 	C:\WINDOWS\WinSxS\amd64_microsoft.windows.common-controls_6595b64144ccf1df_6.0.22621.2070_none_2713e6537381f706\COMCTL32.dll
0x00007ff92ad60000 - 0x00007ff92adfa000 	C:\WINDOWS\System32\msvcp_win.dll
0x00007ff920790000 - 0x00007ff92079a000 	C:\WINDOWS\SYSTEM32\VERSION.dll
0x00007ff92c040000 - 0x00007ff92c071000 	C:\WINDOWS\System32\IMM32.DLL
0x00007ff926b10000 - 0x00007ff926b1c000 	C:\Java\jdk-17\bin\vcruntime140_1.dll
0x00007ff9165d0000 - 0x00007ff91665e000 	C:\Java\jdk-17\bin\msvcp140.dll
0x00007ff8bb470000 - 0x00007ff8bc047000 	C:\Java\jdk-17\bin\server\jvm.dll
0x00007ff92c3c0000 - 0x00007ff92c3c8000 	C:\WINDOWS\System32\PSAPI.DLL
0x00007ff922150000 - 0x00007ff922184000 	C:\WINDOWS\SYSTEM32\WINMM.dll
0x00007ff9043a0000 - 0x00007ff9043a9000 	C:\WINDOWS\SYSTEM32\WSOCK32.dll
0x00007ff92cb20000 - 0x00007ff92cb91000 	C:\WINDOWS\System32\WS2_32.dll
0x00007ff9295e0000 - 0x00007ff9295f8000 	C:\WINDOWS\SYSTEM32\kernel.appcore.dll
0x00007ff925000000 - 0x00007ff92500a000 	C:\Java\jdk-17\bin\jimage.dll
0x00007ff927c80000 - 0x00007ff927eae000 	C:\WINDOWS\SYSTEM32\DBGHELP.DLL
0x00007ff92c590000 - 0x00007ff92c91a000 	C:\WINDOWS\System32\combase.dll
0x00007ff92b420000 - 0x00007ff92b4f7000 	C:\WINDOWS\System32\OLEAUT32.dll
0x00007ff916410000 - 0x00007ff916442000 	C:\WINDOWS\SYSTEM32\dbgcore.DLL
0x00007ff92a9b0000 - 0x00007ff92aa2a000 	C:\WINDOWS\System32\bcryptPrimitives.dll
0x00007ff8e8e50000 - 0x00007ff8e8e8b000 	C:\Java\jdk-17\bin\jdwp.dll
0x00007ff924fe0000 - 0x00007ff924fee000 	C:\Java\jdk-17\bin\instrument.dll
0x00007ff916e10000 - 0x00007ff916e35000 	C:\Java\jdk-17\bin\java.dll
0x00007ff90b630000 - 0x00007ff90b707000 	C:\Java\jdk-17\bin\jsvml.dll
0x00007ff92b660000 - 0x00007ff92be76000 	C:\WINDOWS\System32\SHELL32.dll
0x00007ff9284d0000 - 0x00007ff928dba000 	C:\WINDOWS\SYSTEM32\windows.storage.dll
0x00007ff928390000 - 0x00007ff9284ce000 	C:\WINDOWS\SYSTEM32\wintypes.dll
0x00007ff92c3e0000 - 0x00007ff92c4d3000 	C:\WINDOWS\System32\SHCORE.dll
0x00007ff92c1c0000 - 0x00007ff92c21e000 	C:\WINDOWS\System32\shlwapi.dll
0x00007ff92a470000 - 0x00007ff92a496000 	C:\WINDOWS\SYSTEM32\profapi.dll
0x00007ff917d10000 - 0x00007ff917d1c000 	C:\Java\jdk-17\bin\dt_socket.dll
0x00007ff9290d0000 - 0x00007ff9290fd000 	C:\WINDOWS\SYSTEM32\IPHLPAPI.DLL
0x00007ff929aa0000 - 0x00007ff929b09000 	C:\WINDOWS\system32\mswsock.dll
0x00007ff929100000 - 0x00007ff9291f3000 	C:\WINDOWS\SYSTEM32\DNSAPI.dll
0x00007ff92c1b0000 - 0x00007ff92c1b9000 	C:\WINDOWS\System32\NSI.dll
0x00007ff9209e0000 - 0x00007ff9209ea000 	C:\Windows\System32\rasadhlp.dll
0x00007ff921be0000 - 0x00007ff921c64000 	C:\WINDOWS\System32\fwpuclnt.dll
0x00007ff9165b0000 - 0x00007ff9165c8000 	C:\Java\jdk-17\bin\zip.dll
0x00007ff9185a0000 - 0x00007ff9185b9000 	C:\Java\jdk-17\bin\net.dll
0x00007ff922cb0000 - 0x00007ff922de7000 	C:\WINDOWS\SYSTEM32\WINHTTP.dll
0x00007ff9179a0000 - 0x00007ff9179b6000 	C:\Java\jdk-17\bin\nio.dll
0x00007ff917d20000 - 0x00007ff917d2a000 	C:\Java\jdk-17\bin\management.dll
0x00007ff9165a0000 - 0x00007ff9165ab000 	C:\Java\jdk-17\bin\management_ext.dll
0x00007ff8f85e0000 - 0x00007ff8f85f7000 	C:\WINDOWS\system32\napinsp.dll
0x00007ff8f85c0000 - 0x00007ff8f85db000 	C:\WINDOWS\system32\pnrpnsp.dll
0x00007ff8f84a0000 - 0x00007ff8f84b1000 	C:\WINDOWS\System32\winrnr.dll
0x00007ff921c70000 - 0x00007ff921c85000 	C:\WINDOWS\system32\wshbth.dll
0x00007ff8f8430000 - 0x00007ff8f8451000 	C:\WINDOWS\system32\nlansp_c.dll
0x00007ff929dc0000 - 0x00007ff929ddb000 	C:\WINDOWS\SYSTEM32\CRYPTSP.dll
0x00007ff9295a0000 - 0x00007ff9295d5000 	C:\WINDOWS\system32\rsaenh.dll
0x00007ff929b40000 - 0x00007ff929b6c000 	C:\WINDOWS\SYSTEM32\USERENV.dll
0x00007ff929ee0000 - 0x00007ff929f08000 	C:\WINDOWS\SYSTEM32\bcrypt.dll
0x00007ff929da0000 - 0x00007ff929dac000 	C:\WINDOWS\SYSTEM32\CRYPTBASE.dll
0x00007ff922b80000 - 0x00007ff922b99000 	C:\WINDOWS\SYSTEM32\dhcpcsvc6.DLL
0x00007ff922b60000 - 0x00007ff922b7f000 	C:\WINDOWS\SYSTEM32\dhcpcsvc.DLL
0x00007ff916590000 - 0x00007ff9165a0000 	C:\Java\jdk-17\bin\verify.dll

dbghelp: loaded successfully - version: 4.0.5 - missing functions: none
symbol engine: initialized successfully - sym options: 0x614 - pdb path: .;C:\Java\jdk-17\bin;C:\WINDOWS\SYSTEM32;C:\WINDOWS\WinSxS\amd64_microsoft.windows.common-controls_6595b64144ccf1df_6.0.22621.2070_none_2713e6537381f706;C:\Java\jdk-17\bin\server

VM Arguments:
jvm_args: -XX:+ShowCodeDetailsInExceptionMessages -agentlib:jdwp=transport=dt_socket,suspend=y,address=localhost:14935 -Dcom.sun.management.jmxremote -Dcom.sun.management.jmxremote.port=12656 -Dcom.sun.management.jmxremote.authenticate=false -Dcom.sun.management.jmxremote.ssl=false -Djava.rmi.server.hostname=localhost -Dspring.jmx.enabled=true -Dmanagement.endpoints.jmx.exposure.include=* -Dspring.application.admin.enabled=true -XX:TieredStopAtLevel=1 -Dspring.boot.project.name=projectCulture -javaagent:C:\springdeveloper\sts-4.19.1.RELEASE\configuration\org.eclipse.osgi\267\0\.cp\lib\javaagent-shaded.jar -Dfile.encoding=UTF-8 
java_command: com.spring.ProjectCultureApplication --spring.output.ansi.enabled=always
java_class_path (initial): C:\springdeveloper\springBootCoding\projectCulture\target\classes;C:\Users\wnslr\.m2\repository\org\springframework\boot\spring-boot-starter-jdbc\2.7.14\spring-boot-starter-jdbc-2.7.14.jar;C:\Users\wnslr\.m2\repository\org\springframework\boot\spring-boot-starter\2.7.14\spring-boot-starter-2.7.14.jar;C:\Users\wnslr\.m2\repository\org\springframework\boot\spring-boot-starter-logging\2.7.14\spring-boot-starter-logging-2.7.14.jar;C:\Users\wnslr\.m2\repository\ch\qos\logback\logback-classic\1.2.12\logback-classic-1.2.12.jar;C:\Users\wnslr\.m2\repository\ch\qos\logback\logback-core\1.2.12\logback-core-1.2.12.jar;C:\Users\wnslr\.m2\repository\org\apache\logging\log4j\log4j-to-slf4j\2.17.2\log4j-to-slf4j-2.17.2.jar;C:\Users\wnslr\.m2\repository\org\apache\logging\log4j\log4j-api\2.17.2\log4j-api-2.17.2.jar;C:\Users\wnslr\.m2\repository\org\slf4j\jul-to-slf4j\1.7.36\jul-to-slf4j-1.7.36.jar;C:\Users\wnslr\.m2\repository\jakarta\annotation\jakarta.annotation-api\1.3.5\jakarta.annotation-api-1.3.5.jar;C:\Users\wnslr\.m2\repository\org\yaml\snakeyaml\1.30\snakeyaml-1.30.jar;C:\Users\wnslr\.m2\repository\com\zaxxer\HikariCP\4.0.3\HikariCP-4.0.3.jar;C:\Users\wnslr\.m2\repository\org\springframework\spring-jdbc\5.3.29\spring-jdbc-5.3.29.jar;C:\Users\wnslr\.m2\repository\org\springframework\spring-beans\5.3.29\spring-beans-5.3.29.jar;C:\Users\wnslr\.m2\repository\org\springframework\spring-tx\5.3.29\spring-tx-5.3.29.jar;C:\Users\wnslr\.m2\repository\org\springframework\boot\spring-boot-starter-web\2.7.14\spring-boot-starter-web-2.7.14.jar;C:\Users\wnslr\.m2\repository\org\springframework\boot\spring-boot-starter-json\2.7.14\spring-boot-starter-json-2.7.14.jar;C:\Users\wnslr\.m2\repository\com\fasterxml\jackson\core\jackson-databind\2.13.5\jackson-databind-2.13.5.jar;C:\Users\wnslr\.m2\repository\com\fasterxml\jackson\core\jackson-annotations\2.13.5\jackson-annotations-2.13.5.jar;C:\Users\wnslr\.m2\repository\com\fasterxml\jackson\core\jackson-core\2.13.
Launcher Type: SUN_STANDARD

[Global flags]
     intx CICompilerCount                          = 4                                         {product} {ergonomic}
     uint ConcGCThreads                            = 3                                         {product} {ergonomic}
     uint G1ConcRefinementThreads                  = 10                                        {product} {ergonomic}
   size_t G1HeapRegionSize                         = 2097152                                   {product} {ergonomic}
    uintx GCDrainStackTargetSize                   = 64                                        {product} {ergonomic}
   size_t InitialHeapSize                          = 268435456                                 {product} {ergonomic}
     bool ManagementServer                         = true                                      {product} {command line}
   size_t MarkStackSize                            = 4194304                                   {product} {ergonomic}
   size_t MaxHeapSize                              = 4263510016                                {product} {ergonomic}
   size_t MaxNewSize                               = 2556428288                                {product} {ergonomic}
   size_t MinHeapDeltaBytes                        = 2097152                                   {product} {ergonomic}
   size_t MinHeapSize                              = 8388608                                   {product} {ergonomic}
    uintx NonProfiledCodeHeapSize                  = 0                                      {pd product} {ergonomic}
     bool ProfileInterpreter                       = false                                  {pd product} {command line}
    uintx ProfiledCodeHeapSize                     = 0                                      {pd product} {ergonomic}
     bool ShowCodeDetailsInExceptionMessages       = true                                   {manageable} {command line}
   size_t SoftMaxHeapSize                          = 4263510016                             {manageable} {ergonomic}
     intx TieredStopAtLevel                        = 1                                         {product} {command line}
     bool UseCompressedClassPointers               = true                           {product lp64_product} {ergonomic}
     bool UseCompressedOops                        = true                           {product lp64_product} {ergonomic}
     bool UseG1GC                                  = true                                      {product} {ergonomic}
     bool UseLargePagesIndividualAllocation        = false                                  {pd product} {ergonomic}

Logging:
Log output configuration:
 #0: stdout all=warning uptime,level,tags
 #1: stderr all=off uptime,level,tags

Environment Variables:
JAVA_HOME=C:\Java\jdk-17
CLASSPATH=%classpath%;.;.;.
PATH=C:/springdeveloper/sts-4.19.1.RELEASE//plugins/org.eclipse.justj.openjdk.hotspot.jre.full.win32.x86_64_17.0.7.v20230425-1502/jre/bin/server;C:/springdeveloper/sts-4.19.1.RELEASE//plugins/org.eclipse.justj.openjdk.hotspot.jre.full.win32.x86_64_17.0.7.v20230425-1502/jre/bin;C:\Program Files (x86)\Razer Chroma SDK\bin;C:\Program Files\Razer Chroma SDK\bin;C:\Program Files (x86)\Razer\ChromaBroadcast\bin;C:\Program Files\Razer\ChromaBroadcast\bin;C:\app\wnslr\product\18.0.0\dbhomeXE\bin;C:\Java\jdk-17\bin;C:\Program Files\Common Files\Oracle\Java\javapath;C:\Windows\system32;C:\Windows;C:\Windows\System32\Wbem;C:\Windows\System32\WindowsPowerShell\v1.0\;C:\Windows\System32\OpenSSH\;C:\Program Files (x86)\NVIDIA Corporation\PhysX\Common;C:\Program Files\NVIDIA Corporation\NVIDIA NvDLISR;C:\WINDOWS\system32;C:\WINDOWS;C:\WINDOWS\System32\Wbem;C:\WINDOWS\System32\WindowsPowerShell\v1.0\;C:\WINDOWS\System32\OpenSSH\;C:\Program Files (x86)\dotnet\;C:\WINDOWS\system32\config\systemprofile\AppData\Local\Microsoft\WindowsApps;C:\Program Files\nodejs\;C:\Users\wnslr\AppData\Local\Microsoft\WindowsApps;C:\Program Files\Bandizip\;C:\Users\wnslr\AppData\Local\Programs\Microsoft VS Code\bin;C:\Users\wnslr\AppData\Roaming\npm;C:\Users\wnslr\AppData\Local\GitHubDesktop\bin;C:\springdeveloper\sts-4.19.1.RELEASE;
USERNAME=wnslr
OS=Windows_NT
PROCESSOR_IDENTIFIER=Intel64 Family 6 Model 158 Stepping 10, GenuineIntel



---------------  S Y S T E M  ---------------

OS:
 Windows 11 , 64 bit Build 22621 (10.0.22621.2070)
OS uptime: 14 days 3:34 hours
Hyper-V role detected

CPU: total 12 (initial active 12) (6 cores per cpu, 2 threads per core) family 6 model 158 stepping 10 microcode 0xea, cx8, cmov, fxsr, ht, mmx, 3dnowpref, sse, sse2, sse3, ssse3, sse4.1, sse4.2, popcnt, lzcnt, tsc, tscinvbit, avx, avx2, aes, erms, clmul, bmi1, bmi2, adx, fma, vzeroupper, clflush, clflushopt, hv

Memory: 4k page, system-wide physical 16263M (571M free)
TotalPageFile size 46621M (AvailPageFile size 719M)
current process WorkingSet (physical memory assigned to process): 96M, peak: 96M
current process commit charge ("private bytes"): 368M, peak: 369M

vm_info: Java HotSpot(TM) 64-Bit Server VM (17.0.6+9-LTS-190) for windows-amd64 JRE (17.0.6+9-LTS-190), built on Dec  6 2022 15:53:54 by "mach5one" with MS VC++ 17.1 (VS2022)

END.
