#
# There is insufficient memory for the Java Runtime Environment to continue.
# Native memory allocation (mmap) failed to map 65536 bytes for Failed to commit metaspace.
# Possible reasons:
#   The system is out of physical RAM or swap space
#   The process is running with CompressedOops enabled, and the Java Heap may be blocking the growth of the native heap
# Possible solutions:
#   Reduce memory load on the system
#   Increase physical memory or swap space
#   Check if swap backing store is full
#   Decrease Java heap size (-Xmx/-Xms)
#   Decrease number of Java threads
#   Decrease Java thread stack sizes (-Xss)
#   Set larger code cache with -XX:ReservedCodeCacheSize=
#   JVM is running with Zero Based Compressed Oops mode in which the Java heap is
#     placed in the first 32GB address space. The Java Heap base address is the
#     maximum limit for the native heap growth. Please use -XX:HeapBaseMinAddress
#     to set the Java Heap base and to place the Java Heap above 32GB virtual address.
# This output file may be truncated or incomplete.
#
#  Out of Memory Error (virtualSpaceNode.cpp:110), pid=38512, tid=32376
#
# JRE version: Java(TM) SE Runtime Environment (17.0.6+9) (build 17.0.6+9-LTS-190)
# Java VM: Java HotSpot(TM) 64-Bit Server VM (17.0.6+9-LTS-190, mixed mode, emulated-client, sharing, tiered, compressed oops, compressed class ptrs, g1 gc, windows-amd64)
# No core dump will be written. Minidumps are not enabled by default on client versions of Windows
#

---------------  S U M M A R Y ------------

Command Line: -XX:+ShowCodeDetailsInExceptionMessages -agentlib:jdwp=transport=dt_socket,suspend=y,address=localhost:14437 -Dcom.sun.management.jmxremote -Dcom.sun.management.jmxremote.port=12830 -Dcom.sun.management.jmxremote.authenticate=false -Dcom.sun.management.jmxremote.ssl=false -Djava.rmi.server.hostname=localhost -Dspring.jmx.enabled=true -Dmanagement.endpoints.jmx.exposure.include=* -Dspring.application.admin.enabled=true -XX:TieredStopAtLevel=1 -Dspring.boot.project.name=projectCulture -javaagent:C:\springdeveloper\sts-4.19.1.RELEASE\configuration\org.eclipse.osgi\267\0\.cp\lib\javaagent-shaded.jar -Dfile.encoding=UTF-8 com.spring.ProjectCultureApplication --spring.output.ansi.enabled=always

Host: Intel(R) Core(TM) i7-9750H CPU @ 2.60GHz, 12 cores, 15G,  Windows 11 , 64 bit Build 22621 (10.0.22621.2070)
Time: Thu Aug 24 12:23:50 2023  Windows 11 , 64 bit Build 22621 (10.0.22621.2070) elapsed time: 35.618863 seconds (0d 0h 0m 35s)

---------------  T H R E A D  ---------------

Current thread (0x000001dc8ee36480):  JavaThread "restartedMain" [_thread_in_vm, id=32376, stack(0x0000008bb0200000,0x0000008bb0300000)]

Stack: [0x0000008bb0200000,0x0000008bb0300000]
Native frames: (J=compiled Java code, j=interpreted, Vv=VM code, C=native code)
V  [jvm.dll+0x6734ea]
V  [jvm.dll+0x7d18f4]
V  [jvm.dll+0x7d309e]
V  [jvm.dll+0x7d3703]
V  [jvm.dll+0x2433c5]
V  [jvm.dll+0x7cd9fb]
V  [jvm.dll+0x619546]
V  [jvm.dll+0x1bdf07]
V  [jvm.dll+0x61bea0]
V  [jvm.dll+0x619f06]
V  [jvm.dll+0x238f21]
V  [jvm.dll+0x1e8437]
V  [jvm.dll+0x1de0d1]
V  [jvm.dll+0x5399dc]
V  [jvm.dll+0x74c638]
V  [jvm.dll+0x74c724]
V  [jvm.dll+0x4080bf]
V  [jvm.dll+0x40e0d9]
C  [java.dll+0x17ec]

Java frames: (J=compiled Java code, j=interpreted, Vv=VM code)
J 1356  java.lang.ClassLoader.defineClass1(Ljava/lang/ClassLoader;Ljava/lang/String;[BIILjava/security/ProtectionDomain;Ljava/lang/String;)Ljava/lang/Class; java.base@17.0.6 (0 bytes) @ 0x000001dc80469c63 [0x000001dc80469ba0+0x00000000000000c3]
J 1515 c1 java.lang.ClassLoader.defineClass(Ljava/lang/String;[BIILjava/security/ProtectionDomain;)Ljava/lang/Class; java.base@17.0.6 (43 bytes) @ 0x000001dc804a8c24 [0x000001dc804a8ae0+0x0000000000000144]
J 1376 c1 jdk.internal.loader.BuiltinClassLoader.defineClass(Ljava/lang/String;Ljdk/internal/loader/Resource;)Ljava/lang/Class; java.base@17.0.6 (121 bytes) @ 0x000001dc804746ac [0x000001dc804741a0+0x000000000000050c]
J 1357 c1 jdk.internal.loader.BuiltinClassLoader.findClassOnClassPathOrNull(Ljava/lang/String;)Ljava/lang/Class; java.base@17.0.6 (64 bytes) @ 0x000001dc8046a49c [0x000001dc8046a1a0+0x00000000000002fc]
J 1169 c1 jdk.internal.loader.BuiltinClassLoader.loadClassOrNull(Ljava/lang/String;Z)Ljava/lang/Class; java.base@17.0.6 (143 bytes) @ 0x000001dc80313c5c [0x000001dc80313780+0x00000000000004dc]
J 1263 c1 jdk.internal.loader.ClassLoaders$AppClassLoader.loadClass(Ljava/lang/String;Z)Ljava/lang/Class; java.base@17.0.6 (40 bytes) @ 0x000001dc8043b9bc [0x000001dc8043b880+0x000000000000013c]
J 1250 c1 java.lang.ClassLoader.loadClass(Ljava/lang/String;)Ljava/lang/Class; java.base@17.0.6 (7 bytes) @ 0x000001dc80427bfc [0x000001dc80427ba0+0x000000000000005c]
v  ~StubRoutines::call_stub
j  oracle.jdbc.driver.OracleDriver.<clinit>()V+203
v  ~StubRoutines::call_stub
J 1434  jdk.internal.reflect.NativeConstructorAccessorImpl.newInstance0(Ljava/lang/reflect/Constructor;[Ljava/lang/Object;)Ljava/lang/Object; java.base@17.0.6 (0 bytes) @ 0x000001dc80489c0e [0x000001dc80489ba0+0x000000000000006e]
J 1433 c1 jdk.internal.reflect.NativeConstructorAccessorImpl.newInstance([Ljava/lang/Object;)Ljava/lang/Object; java.base@17.0.6 (122 bytes) @ 0x000001dc8048a3ec [0x000001dc8048a100+0x00000000000002ec]
J 1093 c1 jdk.internal.reflect.DelegatingConstructorAccessorImpl.newInstance([Ljava/lang/Object;)Ljava/lang/Object; java.base@17.0.6 (9 bytes) @ 0x000001dc803425fc [0x000001dc803425a0+0x000000000000005c]
J 1068 c1 java.lang.reflect.Constructor.newInstanceWithCaller([Ljava/lang/Object;ZLjava/lang/Class;)Ljava/lang/Object; java.base@17.0.6 (75 bytes) @ 0x000001dc8034b1c4 [0x000001dc8034b0e0+0x00000000000000e4]
J 1187 c1 java.lang.reflect.Constructor.newInstance([Ljava/lang/Object;)Ljava/lang/Object; java.base@17.0.6 (34 bytes) @ 0x000001dc80307764 [0x000001dc803076c0+0x00000000000000a4]
j  com.zaxxer.hikari.HikariConfig.setDriverClassName(Ljava/lang/String;)V+114
j  org.springframework.boot.jdbc.DataSourceBuilder$HikariDataSourceProperties$$Lambda$417+0x0000000800e93ab0.set(Ljava/lang/Object;Ljava/lang/Object;)V+11
j  org.springframework.boot.jdbc.DataSourceBuilder$MappedDataSourceProperty.set(Ljavax/sql/DataSource;Ljava/lang/String;)V+42
j  org.springframework.boot.jdbc.DataSourceBuilder$MappedDataSourceProperties.set(Ljavax/sql/DataSource;Lorg/springframework/boot/jdbc/DataSourceBuilder$DataSourceProperty;Ljava/lang/String;)V+16
j  org.springframework.boot.jdbc.DataSourceBuilder.build()Ljavax/sql/DataSource;+145
j  org.springframework.boot.autoconfigure.jdbc.DataSourceConfiguration.createDataSource(Lorg/springframework/boot/autoconfigure/jdbc/DataSourceProperties;Ljava/lang/Class;)Ljava/lang/Object;+8
j  org.springframework.boot.autoconfigure.jdbc.DataSourceConfiguration$Hikari.dataSource(Lorg/springframework/boot/autoconfigure/jdbc/DataSourceProperties;)Lcom/zaxxer/hikari/HikariDataSource;+3
v  ~StubRoutines::call_stub
J 3793  jdk.internal.reflect.NativeMethodAccessorImpl.invoke0(Ljava/lang/reflect/Method;Ljava/lang/Object;[Ljava/lang/Object;)Ljava/lang/Object; java.base@17.0.6 (0 bytes) @ 0x000001dc806e0fa7 [0x000001dc806e0f20+0x0000000000000087]
J 3792 c1 jdk.internal.reflect.NativeMethodAccessorImpl.invoke(Ljava/lang/Object;[Ljava/lang/Object;)Ljava/lang/Object; java.base@17.0.6 (137 bytes) @ 0x000001dc806e06b4 [0x000001dc806e0380+0x0000000000000334]
J 3770 c1 jdk.internal.reflect.DelegatingMethodAccessorImpl.invoke(Ljava/lang/Object;[Ljava/lang/Object;)Ljava/lang/Object; java.base@17.0.6 (10 bytes) @ 0x000001dc806e9e04 [0x000001dc806e9da0+0x0000000000000064]
J 3771 c1 java.lang.reflect.Method.invoke(Ljava/lang/Object;[Ljava/lang/Object;)Ljava/lang/Object; java.base@17.0.6 (65 bytes) @ 0x000001dc806e9a0c [0x000001dc806e98e0+0x000000000000012c]
j  org.springframework.beans.factory.support.SimpleInstantiationStrategy.instantiate(Lorg/springframework/beans/factory/support/RootBeanDefinition;Ljava/lang/String;Lorg/springframework/beans/factory/BeanFactory;Ljava/lang/Object;Ljava/lang/reflect/Method;[Ljava/lang/Object;)Ljava/lang/Object;+50
j  org.springframework.beans.factory.support.ConstructorResolver.instantiate(Ljava/lang/String;Lorg/springframework/beans/factory/support/RootBeanDefinition;Ljava/lang/Object;Ljava/lang/reflect/Method;[Ljava/lang/Object;)Ljava/lang/Object;+48
j  org.springframework.beans.factory.support.ConstructorResolver.instantiateUsingFactoryMethod(Ljava/lang/String;Lorg/springframework/beans/factory/support/RootBeanDefinition;[Ljava/lang/Object;)Lorg/springframework/beans/BeanWrapper;+1565
j  org.springframework.beans.factory.support.AbstractAutowireCapableBeanFactory.instantiateUsingFactoryMethod(Ljava/lang/String;Lorg/springframework/beans/factory/support/RootBeanDefinition;[Ljava/lang/Object;)Lorg/springframework/beans/BeanWrapper;+11
j  org.springframework.beans.factory.support.AbstractAutowireCapableBeanFactory.createBeanInstance(Ljava/lang/String;Lorg/springframework/beans/factory/support/RootBeanDefinition;[Ljava/lang/Object;)Lorg/springframework/beans/BeanWrapper;+102
j  org.springframework.beans.factory.support.AbstractAutowireCapableBeanFactory.doCreateBean(Ljava/lang/String;Lorg/springframework/beans/factory/support/RootBeanDefinition;[Ljava/lang/Object;)Ljava/lang/Object;+34
j  org.springframework.beans.factory.support.AbstractAutowireCapableBeanFactory.createBean(Ljava/lang/String;Lorg/springframework/beans/factory/support/RootBeanDefinition;[Ljava/lang/Object;)Ljava/lang/Object;+169
j  org.springframework.beans.factory.support.AbstractBeanFactory.lambda$doGetBean$0(Ljava/lang/String;Lorg/springframework/beans/factory/support/RootBeanDefinition;[Ljava/lang/Object;)Ljava/lang/Object;+4
j  org.springframework.beans.factory.support.AbstractBeanFactory$$Lambda$363+0x0000000800e59a80.getObject()Ljava/lang/Object;+16
j  org.springframework.beans.factory.support.DefaultSingletonBeanRegistry.getSingleton(Ljava/lang/String;Lorg/springframework/beans/factory/ObjectFactory;)Ljava/lang/Object;+132
J 3069 c1 org.springframework.beans.factory.support.AbstractBeanFactory.doGetBean(Ljava/lang/String;Ljava/lang/Class;[Ljava/lang/Object;Z)Ljava/lang/Object; (832 bytes) @ 0x000001dc807791bc [0x000001dc80778ba0+0x000000000000061c]
j  org.springframework.beans.factory.support.AbstractBeanFactory.getBean(Ljava/lang/String;)Ljava/lang/Object;+5
j  org.springframework.beans.factory.config.DependencyDescriptor.resolveCandidate(Ljava/lang/String;Ljava/lang/Class;Lorg/springframework/beans/factory/BeanFactory;)Ljava/lang/Object;+2
j  org.springframework.beans.factory.support.DefaultListableBeanFactory.doResolveDependency(Lorg/springframework/beans/factory/config/DependencyDescriptor;Ljava/lang/String;Ljava/util/Set;Lorg/springframework/beans/TypeConverter;)Ljava/lang/Object;+440
j  org.springframework.beans.factory.support.DefaultListableBeanFactory.resolveDependency(Lorg/springframework/beans/factory/config/DependencyDescriptor;Ljava/lang/String;Ljava/util/Set;Lorg/springframework/beans/TypeConverter;)Ljava/lang/Object;+108
j  org.springframework.beans.factory.support.ConstructorResolver.resolveAutowiredArgument(Lorg/springframework/core/MethodParameter;Ljava/lang/String;Ljava/util/Set;Lorg/springframework/beans/TypeConverter;Z)Ljava/lang/Object;+79
j  org.springframework.beans.factory.support.ConstructorResolver.createArgumentArray(Ljava/lang/String;Lorg/springframework/beans/factory/support/RootBeanDefinition;Lorg/springframework/beans/factory/config/ConstructorArgumentValues;Lorg/springframework/beans/BeanWrapper;[Ljava/lang/Class;[Ljava/lang/String;Ljava/lang/reflect/Executable;ZZ)Lorg/springframework/beans/factory/support/ConstructorResolver$ArgumentsHolder;+434
j  org.springframework.beans.factory.support.ConstructorResolver.instantiateUsingFactoryMethod(Ljava/lang/String;Lorg/springframework/beans/factory/support/RootBeanDefinition;[Ljava/lang/Object;)Lorg/springframework/beans/BeanWrapper;+736
j  org.springframework.beans.factory.support.AbstractAutowireCapableBeanFactory.instantiateUsingFactoryMethod(Ljava/lang/String;Lorg/springframework/beans/factory/support/RootBeanDefinition;[Ljava/lang/Object;)Lorg/springframework/beans/BeanWrapper;+11
j  org.springframework.beans.factory.support.AbstractAutowireCapableBeanFactory.createBeanInstance(Ljava/lang/String;Lorg/springframework/beans/factory/support/RootBeanDefinition;[Ljava/lang/Object;)Lorg/springframework/beans/BeanWrapper;+102
j  org.springframework.beans.factory.support.AbstractAutowireCapableBeanFactory.doCreateBean(Ljava/lang/String;Lorg/springframework/beans/factory/support/RootBeanDefinition;[Ljava/lang/Object;)Ljava/lang/Object;+34
j  org.springframework.beans.factory.support.AbstractAutowireCapableBeanFactory.createBean(Ljava/lang/String;Lorg/springframework/beans/factory/support/RootBeanDefinition;[Ljava/lang/Object;)Ljava/lang/Object;+169
j  org.springframework.beans.factory.support.AbstractBeanFactory.lambda$doGetBean$0(Ljava/lang/String;Lorg/springframework/beans/factory/support/RootBeanDefinition;[Ljava/lang/Object;)Ljava/lang/Object;+4
j  org.springframework.beans.factory.support.AbstractBeanFactory$$Lambda$363+0x0000000800e59a80.getObject()Ljava/lang/Object;+16
j  org.springframework.beans.factory.support.DefaultSingletonBeanRegistry.getSingleton(Ljava/lang/String;Lorg/springframework/beans/factory/ObjectFactory;)Ljava/lang/Object;+132
J 3069 c1 org.springframework.beans.factory.support.AbstractBeanFactory.doGetBean(Ljava/lang/String;Ljava/lang/Class;[Ljava/lang/Object;Z)Ljava/lang/Object; (832 bytes) @ 0x000001dc807791bc [0x000001dc80778ba0+0x000000000000061c]
J 3069 c1 org.springframework.beans.factory.support.AbstractBeanFactory.doGetBean(Ljava/lang/String;Ljava/lang/Class;[Ljava/lang/Object;Z)Ljava/lang/Object; (832 bytes) @ 0x000001dc80778fec [0x000001dc80778ba0+0x000000000000044c]
j  org.springframework.beans.factory.support.AbstractBeanFactory.getBean(Ljava/lang/String;)Ljava/lang/Object;+5
j  org.springframework.beans.factory.support.BeanDefinitionValueResolver.resolveReference(Ljava/lang/Object;Lorg/springframework/beans/factory/config/RuntimeBeanReference;)Ljava/lang/Object;+163
j  org.springframework.beans.factory.support.BeanDefinitionValueResolver.resolveValueIfNecessary(Ljava/lang/Object;Ljava/lang/Object;)Ljava/lang/Object;+15
j  org.springframework.beans.factory.support.AbstractAutowireCapableBeanFactory.applyPropertyValues(Ljava/lang/String;Lorg/springframework/beans/factory/config/BeanDefinition;Lorg/springframework/beans/BeanWrapper;Lorg/springframework/beans/PropertyValues;)V+308
j  org.springframework.beans.factory.support.AbstractAutowireCapableBeanFactory.populateBean(Ljava/lang/String;Lorg/springframework/beans/factory/support/RootBeanDefinition;Lorg/springframework/beans/BeanWrapper;)V+368
j  org.springframework.beans.factory.support.AbstractAutowireCapableBeanFactory.doCreateBean(Ljava/lang/String;Lorg/springframework/beans/factory/support/RootBeanDefinition;[Ljava/lang/Object;)Ljava/lang/Object;+237
j  org.springframework.beans.factory.support.AbstractAutowireCapableBeanFactory.createBean(Ljava/lang/String;Lorg/springframework/beans/factory/support/RootBeanDefinition;[Ljava/lang/Object;)Ljava/lang/Object;+169
j  org.springframework.beans.factory.support.AbstractBeanFactory.lambda$doGetBean$0(Ljava/lang/String;Lorg/springframework/beans/factory/support/RootBeanDefinition;[Ljava/lang/Object;)Ljava/lang/Object;+4
j  org.springframework.beans.factory.support.AbstractBeanFactory$$Lambda$363+0x0000000800e59a80.getObject()Ljava/lang/Object;+16
j  org.springframework.beans.factory.support.DefaultSingletonBeanRegistry.getSingleton(Ljava/lang/String;Lorg/springframework/beans/factory/ObjectFactory;)Ljava/lang/Object;+132
J 3069 c1 org.springframework.beans.factory.support.AbstractBeanFactory.doGetBean(Ljava/lang/String;Ljava/lang/Class;[Ljava/lang/Object;Z)Ljava/lang/Object; (832 bytes) @ 0x000001dc807791bc [0x000001dc80778ba0+0x000000000000061c]
j  org.springframework.beans.factory.support.AbstractBeanFactory.getBean(Ljava/lang/String;)Ljava/lang/Object;+5
j  org.springframework.beans.factory.config.DependencyDescriptor.resolveCandidate(Ljava/lang/String;Ljava/lang/Class;Lorg/springframework/beans/factory/BeanFactory;)Ljava/lang/Object;+2
j  org.springframework.beans.factory.support.DefaultListableBeanFactory.doResolveDependency(Lorg/springframework/beans/factory/config/DependencyDescriptor;Ljava/lang/String;Ljava/util/Set;Lorg/springframework/beans/TypeConverter;)Ljava/lang/Object;+440
j  org.springframework.beans.factory.support.DefaultListableBeanFactory.resolveDependency(Lorg/springframework/beans/factory/config/DependencyDescriptor;Ljava/lang/String;Ljava/util/Set;Lorg/springframework/beans/TypeConverter;)Ljava/lang/Object;+108
j  org.springframework.beans.factory.annotation.AutowiredAnnotationBeanPostProcessor$AutowiredMethodElement.resolveMethodArguments(Ljava/lang/reflect/Method;Ljava/lang/Object;Ljava/lang/String;)[Ljava/lang/Object;+133
j  org.springframework.beans.factory.annotation.AutowiredAnnotationBeanPostProcessor$AutowiredMethodElement.inject(Ljava/lang/Object;Ljava/lang/String;Lorg/springframework/beans/PropertyValues;)V+80
j  org.springframework.beans.factory.annotation.InjectionMetadata.inject(Ljava/lang/Object;Ljava/lang/String;Lorg/springframework/beans/PropertyValues;)V+68
j  org.springframework.beans.factory.annotation.AutowiredAnnotationBeanPostProcessor.postProcessProperties(Lorg/springframework/beans/PropertyValues;Ljava/lang/Object;Ljava/lang/String;)Lorg/springframework/beans/PropertyValues;+17
j  org.springframework.beans.factory.support.AbstractAutowireCapableBeanFactory.populateBean(Ljava/lang/String;Lorg/springframework/beans/factory/support/RootBeanDefinition;Lorg/springframework/beans/BeanWrapper;)V+265
j  org.springframework.beans.factory.support.AbstractAutowireCapableBeanFactory.doCreateBean(Ljava/lang/String;Lorg/springframework/beans/factory/support/RootBeanDefinition;[Ljava/lang/Object;)Ljava/lang/Object;+237
j  org.springframework.beans.factory.support.AbstractAutowireCapableBeanFactory.createBean(Ljava/lang/String;Lorg/springframework/beans/factory/support/RootBeanDefinition;[Ljava/lang/Object;)Ljava/lang/Object;+169
j  org.springframework.beans.factory.support.AbstractBeanFactory.lambda$doGetBean$0(Ljava/lang/String;Lorg/springframework/beans/factory/support/RootBeanDefinition;[Ljava/lang/Object;)Ljava/lang/Object;+4
j  org.springframework.beans.factory.support.AbstractBeanFactory$$Lambda$363+0x0000000800e59a80.getObject()Ljava/lang/Object;+16
j  org.springframework.beans.factory.support.DefaultSingletonBeanRegistry.getSingleton(Ljava/lang/String;Lorg/springframework/beans/factory/ObjectFactory;)Ljava/lang/Object;+132
J 3069 c1 org.springframework.beans.factory.support.AbstractBeanFactory.doGetBean(Ljava/lang/String;Ljava/lang/Class;[Ljava/lang/Object;Z)Ljava/lang/Object; (832 bytes) @ 0x000001dc807791bc [0x000001dc80778ba0+0x000000000000061c]
j  org.springframework.beans.factory.support.AbstractBeanFactory.getBean(Ljava/lang/String;)Ljava/lang/Object;+5
j  org.springframework.beans.factory.config.DependencyDescriptor.resolveCandidate(Ljava/lang/String;Ljava/lang/Class;Lorg/springframework/beans/factory/BeanFactory;)Ljava/lang/Object;+2
j  org.springframework.beans.factory.support.DefaultListableBeanFactory.doResolveDependency(Lorg/springframework/beans/factory/config/DependencyDescriptor;Ljava/lang/String;Ljava/util/Set;Lorg/springframework/beans/TypeConverter;)Ljava/lang/Object;+440
j  org.springframework.beans.factory.support.DefaultListableBeanFactory.resolveDependency(Lorg/springframework/beans/factory/config/DependencyDescriptor;Ljava/lang/String;Ljava/util/Set;Lorg/springframework/beans/TypeConverter;)Ljava/lang/Object;+108
j  org.springframework.beans.factory.annotation.AutowiredAnnotationBeanPostProcessor$AutowiredMethodElement.resolveMethodArguments(Ljava/lang/reflect/Method;Ljava/lang/Object;Ljava/lang/String;)[Ljava/lang/Object;+133
j  org.springframework.beans.factory.annotation.AutowiredAnnotationBeanPostProcessor$AutowiredMethodElement.inject(Ljava/lang/Object;Ljava/lang/String;Lorg/springframework/beans/PropertyValues;)V+80
j  org.springframework.beans.factory.annotation.InjectionMetadata.inject(Ljava/lang/Object;Ljava/lang/String;Lorg/springframework/beans/PropertyValues;)V+68
j  org.springframework.beans.factory.annotation.AutowiredAnnotationBeanPostProcessor.postProcessProperties(Lorg/springframework/beans/PropertyValues;Ljava/lang/Object;Ljava/lang/String;)Lorg/springframework/beans/PropertyValues;+17
j  org.springframework.beans.factory.support.AbstractAutowireCapableBeanFactory.populateBean(Ljava/lang/String;Lorg/springframework/beans/factory/support/RootBeanDefinition;Lorg/springframework/beans/BeanWrapper;)V+265
j  org.springframework.beans.factory.support.AbstractAutowireCapableBeanFactory.doCreateBean(Ljava/lang/String;Lorg/springframework/beans/factory/support/RootBeanDefinition;[Ljava/lang/Object;)Ljava/lang/Object;+237
j  org.springframework.beans.factory.support.AbstractAutowireCapableBeanFactory.createBean(Ljava/lang/String;Lorg/springframework/beans/factory/support/RootBeanDefinition;[Ljava/lang/Object;)Ljava/lang/Object;+169
j  org.springframework.beans.factory.support.AbstractBeanFactory.lambda$doGetBean$0(Ljava/lang/String;Lorg/springframework/beans/factory/support/RootBeanDefinition;[Ljava/lang/Object;)Ljava/lang/Object;+4
j  org.springframework.beans.factory.support.AbstractBeanFactory$$Lambda$363+0x0000000800e59a80.getObject()Ljava/lang/Object;+16
j  org.springframework.beans.factory.support.DefaultSingletonBeanRegistry.getSingleton(Ljava/lang/String;Lorg/springframework/beans/factory/ObjectFactory;)Ljava/lang/Object;+132
J 3069 c1 org.springframework.beans.factory.support.AbstractBeanFactory.doGetBean(Ljava/lang/String;Ljava/lang/Class;[Ljava/lang/Object;Z)Ljava/lang/Object; (832 bytes) @ 0x000001dc807791bc [0x000001dc80778ba0+0x000000000000061c]
j  org.springframework.beans.factory.support.AbstractBeanFactory.getBean(Ljava/lang/String;)Ljava/lang/Object;+5
j  org.springframework.beans.factory.support.DefaultListableBeanFactory.preInstantiateSingletons()V+248
j  org.springframework.context.support.AbstractApplicationContext.finishBeanFactoryInitialization(Lorg/springframework/beans/factory/config/ConfigurableListableBeanFactory;)V+124
j  org.springframework.context.support.AbstractApplicationContext.refresh()V+86
j  org.springframework.boot.web.servlet.context.ServletWebServerApplicationContext.refresh()V+1
j  org.springframework.boot.SpringApplication.refresh(Lorg/springframework/context/ConfigurableApplicationContext;)V+1
j  org.springframework.boot.SpringApplication.refreshContext(Lorg/springframework/context/ConfigurableApplicationContext;)V+16
j  org.springframework.boot.SpringApplication.run([Ljava/lang/String;)Lorg/springframework/context/ConfigurableApplicationContext;+107
j  org.springframework.boot.SpringApplication.run([Ljava/lang/Class;[Ljava/lang/String;)Lorg/springframework/context/ConfigurableApplicationContext;+9
j  org.springframework.boot.SpringApplication.run(Ljava/lang/Class;[Ljava/lang/String;)Lorg/springframework/context/ConfigurableApplicationContext;+9
j  com.spring.ProjectCultureApplication.main([Ljava/lang/String;)V+3
v  ~StubRoutines::call_stub
j  jdk.internal.reflect.NativeMethodAccessorImpl.invoke0(Ljava/lang/reflect/Method;Ljava/lang/Object;[Ljava/lang/Object;)Ljava/lang/Object;+0 java.base@17.0.6
j  jdk.internal.reflect.NativeMethodAccessorImpl.invoke(Ljava/lang/Object;[Ljava/lang/Object;)Ljava/lang/Object;+133 java.base@17.0.6
j  jdk.internal.reflect.DelegatingMethodAccessorImpl.invoke(Ljava/lang/Object;[Ljava/lang/Object;)Ljava/lang/Object;+6 java.base@17.0.6
j  java.lang.reflect.Method.invoke(Ljava/lang/Object;[Ljava/lang/Object;)Ljava/lang/Object;+59 java.base@17.0.6
j  org.springframework.boot.devtools.restart.RestartLauncher.run()V+47
v  ~StubRoutines::call_stub

---------------  P R O C E S S  ---------------

Threads class SMR info:
_java_thread_list=0x000001dc8ef0beb0, length=27, elements={
0x000001dcf7427910, 0x000001dc8e3a0f40, 0x000001dc8e3a42a0, 0x000001dc8e3be890,
0x000001dc8eca1890, 0x000001dc8eca2af0, 0x000001dc8eca5d50, 0x000001dc8eca9cb0,
0x000001dc8ecabdc0, 0x000001dc8e38f2b0, 0x000001dc8edfe3d0, 0x000001dc8ee00280,
0x000001dc8ee01190, 0x000001dc8f5765d0, 0x000001dc8f669fe0, 0x000001dc8f6509a0,
0x000001dc8f70e070, 0x000001dc8fb3c450, 0x000001dc8ee36480, 0x000001dc8fab97e0,
0x000001dc8fb24070, 0x000001dc90884410, 0x000001dc8f4ab280, 0x000001dc8f4aadb0,
0x000001dc912802a0, 0x000001dc9127f430, 0x000001dc9127ea90
}

Java Threads: ( => current thread )
  0x000001dcf7427910 JavaThread "main" [_thread_blocked, id=56584, stack(0x0000008baf200000,0x0000008baf300000)]
  0x000001dc8e3a0f40 JavaThread "Reference Handler" daemon [_thread_blocked, id=59840, stack(0x0000008baf900000,0x0000008bafa00000)]
  0x000001dc8e3a42a0 JavaThread "Finalizer" daemon [_thread_blocked, id=62304, stack(0x0000008bafa00000,0x0000008bafb00000)]
  0x000001dc8e3be890 JavaThread "Signal Dispatcher" daemon [_thread_blocked, id=2988, stack(0x0000008bafb00000,0x0000008bafc00000)]
  0x000001dc8eca1890 JavaThread "Attach Listener" daemon [_thread_blocked, id=40352, stack(0x0000008bafc00000,0x0000008bafd00000)]
  0x000001dc8eca2af0 JavaThread "Service Thread" daemon [_thread_blocked, id=62520, stack(0x0000008bafd00000,0x0000008bafe00000)]
  0x000001dc8eca5d50 JavaThread "Monitor Deflation Thread" daemon [_thread_blocked, id=49376, stack(0x0000008bafe00000,0x0000008baff00000)]
  0x000001dc8eca9cb0 JavaThread "C1 CompilerThread0" daemon [_thread_blocked, id=59952, stack(0x0000008baff00000,0x0000008bb0000000)]
  0x000001dc8ecabdc0 JavaThread "Sweeper thread" daemon [_thread_blocked, id=60408, stack(0x0000008bb0000000,0x0000008bb0100000)]
  0x000001dc8e38f2b0 JavaThread "Common-Cleaner" daemon [_thread_blocked, id=40672, stack(0x0000008bb0100000,0x0000008bb0200000)]
  0x000001dc8edfe3d0 JavaThread "JDWP Transport Listener: dt_socket" daemon [_thread_blocked, id=16748, stack(0x0000008bb0300000,0x0000008bb0400000)]
  0x000001dc8ee00280 JavaThread "JDWP Event Helper Thread" daemon [_thread_blocked, id=43460, stack(0x0000008bb0400000,0x0000008bb0500000)]
  0x000001dc8ee01190 JavaThread "JDWP Command Reader" daemon [_thread_in_native, id=61496, stack(0x0000008bb0500000,0x0000008bb0600000)]
  0x000001dc8f5765d0 JavaThread "Notification Thread" daemon [_thread_blocked, id=61076, stack(0x0000008bb0800000,0x0000008bb0900000)]
  0x000001dc8f669fe0 JavaThread "RMI TCP Accept-0" daemon [_thread_in_native, id=24768, stack(0x0000008bb0700000,0x0000008bb0800000)]
  0x000001dc8f6509a0 JavaThread "RMI TCP Accept-12830" daemon [_thread_in_native, id=64476, stack(0x0000008bb0900000,0x0000008bb0a00000)]
  0x000001dc8f70e070 JavaThread "RMI TCP Accept-0" daemon [_thread_in_native, id=55672, stack(0x0000008bb0a00000,0x0000008bb0b00000)]
  0x000001dc8fb3c450 JavaThread "Thread-0" [_thread_blocked, id=20224, stack(0x0000008bb1500000,0x0000008bb1600000)]
=>0x000001dc8ee36480 JavaThread "restartedMain" [_thread_in_vm, id=32376, stack(0x0000008bb0200000,0x0000008bb0300000)]
  0x000001dc8fab97e0 JavaThread "RMI TCP Connection(1)-127.0.0.1" daemon [_thread_in_native, id=47124, stack(0x0000008bb0600000,0x0000008bb0700000)]
  0x000001dc8fb24070 JavaThread "RMI Scheduler(0)" daemon [_thread_blocked, id=32632, stack(0x0000008bb1600000,0x0000008bb1700000)]
  0x000001dc90884410 JavaThread "C1 CompilerThread1" daemon [_thread_blocked, id=47108, stack(0x0000008bb1700000,0x0000008bb1800000)]
  0x000001dc8f4ab280 JavaThread "RMI TCP Connection(2)-127.0.0.1" daemon [_thread_in_native, id=64200, stack(0x0000008bb1b00000,0x0000008bb1c00000)]
  0x000001dc8f4aadb0 JavaThread "JMX server connection timeout 31" daemon [_thread_blocked, id=11636, stack(0x0000008bb1c00000,0x0000008bb1d00000)]
  0x000001dc912802a0 JavaThread "Catalina-utility-1" [_thread_blocked, id=38544, stack(0x0000008bb1e00000,0x0000008bb1f00000)]
  0x000001dc9127f430 JavaThread "Catalina-utility-2" [_thread_blocked, id=63348, stack(0x0000008bb1f00000,0x0000008bb2000000)]
  0x000001dc9127ea90 JavaThread "container-0" [_thread_blocked, id=63540, stack(0x0000008bb2000000,0x0000008bb2100000)]

Other Threads:
  0x000001dc8e39c4d0 VMThread "VM Thread" [stack: 0x0000008baf800000,0x0000008baf900000] [id=56880]
  0x000001dcf7428990 WatcherThread [stack: 0x0000008bb0b00000,0x0000008bb0c00000] [id=45940]
  0x000001dcf7493f60 GCTaskThread "GC Thread#0" [stack: 0x0000008baf300000,0x0000008baf400000] [id=62436]
  0x000001dc8f7aa8f0 GCTaskThread "GC Thread#1" [stack: 0x0000008bb0c00000,0x0000008bb0d00000] [id=13264]
  0x000001dc8f88eef0 GCTaskThread "GC Thread#2" [stack: 0x0000008bb0d00000,0x0000008bb0e00000] [id=28176]
  0x000001dc8f88f1a0 GCTaskThread "GC Thread#3" [stack: 0x0000008bb0e00000,0x0000008bb0f00000] [id=63304]
  0x000001dc8f89bdb0 GCTaskThread "GC Thread#4" [stack: 0x0000008bb0f00000,0x0000008bb1000000] [id=65912]
  0x000001dc8f89c060 GCTaskThread "GC Thread#5" [stack: 0x0000008bb1000000,0x0000008bb1100000] [id=46564]
  0x000001dc8f8b8e70 GCTaskThread "GC Thread#6" [stack: 0x0000008bb1100000,0x0000008bb1200000] [id=53120]
  0x000001dc8f8b9120 GCTaskThread "GC Thread#7" [stack: 0x0000008bb1200000,0x0000008bb1300000] [id=21664]
  0x000001dc8f8b93d0 GCTaskThread "GC Thread#8" [stack: 0x0000008bb1300000,0x0000008bb1400000] [id=53412]
  0x000001dc8f8b9680 GCTaskThread "GC Thread#9" [stack: 0x0000008bb1400000,0x0000008bb1500000] [id=10740]
  0x000001dcf74a5cc0 ConcurrentGCThread "G1 Main Marker" [stack: 0x0000008baf400000,0x0000008baf500000] [id=4652]
  0x000001dcf74a66d0 ConcurrentGCThread "G1 Conc#0" [stack: 0x0000008baf500000,0x0000008baf600000] [id=24496]
  0x000001dc90d81c50 ConcurrentGCThread "G1 Conc#1" [stack: 0x0000008bb1900000,0x0000008bb1a00000] [id=63432]
  0x000001dc90cfd770 ConcurrentGCThread "G1 Conc#2" [stack: 0x0000008bb1a00000,0x0000008bb1b00000] [id=69396]
  0x000001dcf74ed250 ConcurrentGCThread "G1 Refine#0" [stack: 0x0000008baf600000,0x0000008baf700000] [id=19848]
  0x000001dcf74eeb20 ConcurrentGCThread "G1 Service" [stack: 0x0000008baf700000,0x0000008baf800000] [id=26100]

Threads with active compile tasks:

VM state: not at safepoint (normal execution)

VM Mutex/Monitor currently owned by a thread:  ([mutex/lock_event])
[0x000001dcf74235c0] Metaspace_lock - owner thread: 0x000001dc8ee36480

Heap address: 0x0000000701e00000, size: 4066 MB, Compressed Oops mode: Zero based, Oop shift amount: 3

CDS archive(s) mapped at: [0x0000000800000000-0x0000000800bd0000-0x0000000800bd0000), size 12386304, SharedBaseAddress: 0x0000000800000000, ArchiveRelocationMode: 0.
Compressed class space mapped at: 0x0000000800c00000-0x0000000840c00000, reserved size: 1073741824
Narrow klass base: 0x0000000800000000, Narrow klass shift: 0, Narrow klass range: 0x100000000

GC Precious Log:
 CPUs: 12 total, 12 available
 Memory: 16263M
 Large Page Support: Disabled
 NUMA Support: Disabled
 Compressed Oops: Enabled (Zero based)
 Heap Region Size: 2M
 Heap Min Capacity: 8M
 Heap Initial Capacity: 256M
 Heap Max Capacity: 4066M
 Pre-touch: Disabled
 Parallel Workers: 10
 Concurrent Workers: 3
 Concurrent Refinement Workers: 10
 Periodic GC: Disabled

Heap:
 garbage-first heap   total 49152K, used 22071K [0x0000000701e00000, 0x0000000800000000)
  region size 2048K, 7 young (14336K), 2 survivors (4096K)
 Metaspace       used 29193K, committed 29568K, reserved 1081344K
  class space    used 3859K, committed 4032K, reserved 1048576K

Heap Regions: E=young(eden), S=young(survivor), O=old, HS=humongous(starts), HC=humongous(continues), CS=collection set, F=free, OA=open archive, CA=closed archive, TAMS=top-at-mark-start (previous, next)
|   0|0x0000000701e00000, 0x0000000702000000, 0x0000000702000000|100%| O|  |TAMS 0x0000000702000000, 0x0000000701e00000| Untracked 
|   1|0x0000000702000000, 0x0000000702200000, 0x0000000702200000|100%| O|  |TAMS 0x0000000702200000, 0x0000000702000000| Untracked 
|   2|0x0000000702200000, 0x00000007022e3c00, 0x0000000702400000| 44%| O|  |TAMS 0x0000000702200000, 0x0000000702200000| Untracked 
|   3|0x0000000702400000, 0x0000000702600000, 0x0000000702600000|100%| O|  |TAMS 0x0000000702400000, 0x0000000702400000| Untracked 
|   4|0x0000000702600000, 0x0000000702800000, 0x0000000702800000|100%| O|  |TAMS 0x0000000702600000, 0x0000000702600000| Untracked 
|   5|0x0000000702800000, 0x0000000702a00000, 0x0000000702a00000|100%| O|  |TAMS 0x0000000702800000, 0x0000000702800000| Untracked 
|   6|0x0000000702a00000, 0x0000000702c00000, 0x0000000702c00000|100%| O|  |TAMS 0x0000000702a00000, 0x0000000702a00000| Untracked 
|   7|0x0000000702c00000, 0x0000000702c00000, 0x0000000702e00000|  0%| F|  |TAMS 0x0000000702c00000, 0x0000000702c00000| Untracked 
|   8|0x0000000702e00000, 0x0000000702e00000, 0x0000000703000000|  0%| F|  |TAMS 0x0000000702e00000, 0x0000000702e00000| Untracked 
|   9|0x0000000703000000, 0x0000000703000000, 0x0000000703200000|  0%| F|  |TAMS 0x0000000703000000, 0x0000000703000000| Untracked 
|  10|0x0000000703200000, 0x00000007032aa180, 0x0000000703400000| 33%| S|CS|TAMS 0x0000000703200000, 0x0000000703200000| Complete 
|  11|0x0000000703400000, 0x0000000703400000, 0x0000000703600000|  0%| F|  |TAMS 0x0000000703400000, 0x0000000703400000| Untracked 
|  12|0x0000000703600000, 0x0000000703800000, 0x0000000703800000|100%| S|CS|TAMS 0x0000000703600000, 0x0000000703600000| Complete 
|  13|0x0000000703800000, 0x0000000703800000, 0x0000000703a00000|  0%| F|  |TAMS 0x0000000703800000, 0x0000000703800000| Untracked 
|  14|0x0000000703a00000, 0x0000000703a00000, 0x0000000703c00000|  0%| F|  |TAMS 0x0000000703a00000, 0x0000000703a00000| Untracked 
|  15|0x0000000703c00000, 0x0000000703c00000, 0x0000000703e00000|  0%| F|  |TAMS 0x0000000703c00000, 0x0000000703c00000| Untracked 
|  16|0x0000000703e00000, 0x0000000703e00000, 0x0000000704000000|  0%| F|  |TAMS 0x0000000703e00000, 0x0000000703e00000| Untracked 
|  17|0x0000000704000000, 0x0000000704000000, 0x0000000704200000|  0%| F|  |TAMS 0x0000000704000000, 0x0000000704000000| Untracked 
|  18|0x0000000704200000, 0x0000000704200000, 0x0000000704400000|  0%| F|  |TAMS 0x0000000704200000, 0x0000000704200000| Untracked 
|  19|0x0000000704400000, 0x00000007045eb5a0, 0x0000000704600000| 95%| E|  |TAMS 0x0000000704400000, 0x0000000704400000| Complete 
| 124|0x0000000711600000, 0x0000000711800000, 0x0000000711800000|100%| E|CS|TAMS 0x0000000711600000, 0x0000000711600000| Complete 
| 125|0x0000000711800000, 0x0000000711a00000, 0x0000000711a00000|100%| E|  |TAMS 0x0000000711800000, 0x0000000711800000| Complete 
| 126|0x0000000711a00000, 0x0000000711c00000, 0x0000000711c00000|100%| E|CS|TAMS 0x0000000711a00000, 0x0000000711a00000| Complete 
| 127|0x0000000711c00000, 0x0000000711e00000, 0x0000000711e00000|100%| E|CS|TAMS 0x0000000711c00000, 0x0000000711c00000| Complete 

Card table byte_map: [0x000001dcff7d0000,0x000001dcfffd0000] _byte_map_base: 0x000001dcfbfc1000

Marking Bits (Prev, Next): (CMBitMap*) 0x000001dcf74955c0, (CMBitMap*) 0x000001dcf7495580
 Prev Bits: [0x000001dc87790000, 0x000001dc8b718000)
 Next Bits: [0x000001dc83800000, 0x000001dc87788000)

Polling page: 0x000001dcf5370000

Metaspace:

Usage:
  Non-class:     24.74 MB used.
      Class:      3.77 MB used.
       Both:     28.51 MB used.

Virtual space:
  Non-class space:       32.00 MB reserved,      24.94 MB ( 78%) committed,  4 nodes.
      Class space:        1.00 GB reserved,       3.94 MB ( <1%) committed,  1 nodes.
             Both:        1.03 GB reserved,      28.88 MB (  3%) committed. 

Chunk freelists:
   Non-Class:  2.08 MB
       Class:  3.92 MB
        Both:  6.00 MB

MaxMetaspaceSize: unlimited
CompressedClassSpaceSize: 1.00 GB
Initial GC threshold: 21.00 MB
Current GC threshold: 35.12 MB
CDS: on
MetaspaceReclaimPolicy: balanced
 - commit_granule_bytes: 65536.
 - commit_granule_words: 8192.
 - virtual_space_node_default_size: 1048576.
 - enlarge_chunks_in_place: 1.
 - new_chunks_are_fully_committed: 0.
 - uncommit_free_chunks: 1.
 - use_allocation_guard: 0.
 - handle_deallocations: 1.


Internal statistics:

num_allocs_failed_limit: 3.
num_arena_births: 400.
num_arena_deaths: 0.
num_vsnodes_births: 5.
num_vsnodes_deaths: 0.
num_space_committed: 462.
num_space_uncommitted: 0.
num_chunks_returned_to_freelist: 3.
num_chunks_taken_from_freelist: 1345.
num_chunk_merges: 3.
num_chunk_splits: 909.
num_chunks_enlarged: 659.
num_purges: 0.
num_inconsistent_stats: 0.

CodeCache: size=49152Kb used=9162Kb max_used=9566Kb free=39990Kb
 bounds [0x000001dc80000000, 0x000001dc80960000, 0x000001dc83000000]
 total_blobs=4615 nmethods=4103 adapters=437
 compilation: enabled
              stopped_count=0, restarted_count=0
 full_count=0

Compilation events (20 events):
Event: 34.751 Thread 0x000001dc90884410 4094       1       oracle.jdbc.driver.SQLStateMapping::lessThan (45 bytes)
Event: 34.751 Thread 0x000001dc90884410 nmethod 4094 0x000001dc80907b90 code [0x000001dc80907d20, 0x000001dc80907e58]
Event: 34.752 Thread 0x000001dc90884410 4095       1       oracle.jdbc.driver.SQLStateMapping::add (48 bytes)
Event: 34.753 Thread 0x000001dc90884410 nmethod 4095 0x000001dc80907690 code [0x000001dc80907860, 0x000001dc80907a58]
Event: 34.778 Thread 0x000001dc90884410 4096       1       java.lang.AbstractStringBuilder::setLength (66 bytes)
Event: 34.778 Thread 0x000001dc8eca9cb0 4097       1       java.lang.StringUTF16::length (5 bytes)
Event: 34.778 Thread 0x000001dc8eca9cb0 nmethod 4097 0x000001dc80907090 code [0x000001dc80907220, 0x000001dc809072d8]
Event: 34.778 Thread 0x000001dc8eca9cb0 4098       1       java.lang.StringUTF16::checkBoundsOffCount (10 bytes)
Event: 34.778 Thread 0x000001dc8eca9cb0 nmethod 4098 0x000001dc80906d10 code [0x000001dc80906ea0, 0x000001dc80906f88]
Event: 34.778 Thread 0x000001dc90884410 nmethod 4096 0x000001dc80906490 code [0x000001dc80906660, 0x000001dc809069b8]
Event: 34.779 Thread 0x000001dc8eca9cb0 4101       1       java.lang.StringUTF16::compress (59 bytes)
Event: 34.779 Thread 0x000001dc90884410 4099       1       java.lang.StringUTF16::newString (58 bytes)
Event: 34.779 Thread 0x000001dc8eca9cb0 nmethod 4101 0x000001dc80906010 code [0x000001dc809061a0, 0x000001dc80906328]
Event: 34.779 Thread 0x000001dc8eca9cb0 4100       1       java.lang.StringUTF16::compress (20 bytes)
Event: 34.779 Thread 0x000001dc90884410 nmethod 4099 0x000001dc80905910 code [0x000001dc80905ae0, 0x000001dc80905ed8]
Event: 34.779 Thread 0x000001dc8eca9cb0 nmethod 4100 0x000001dc80905510 code [0x000001dc809056c0, 0x000001dc80905888]
Event: 34.781 Thread 0x000001dc8eca9cb0 4102       1       java.lang.StringUTF16::putChar (54 bytes)
Event: 34.781 Thread 0x000001dc8eca9cb0 nmethod 4102 0x000001dc80905190 code [0x000001dc80905320, 0x000001dc80905418]
Event: 34.782 Thread 0x000001dc8eca9cb0 4103       1       javax.management.StandardMBean::getDescription (11 bytes)
Event: 34.782 Thread 0x000001dc8eca9cb0 nmethod 4103 0x000001dc80904e10 code [0x000001dc80904fa0, 0x000001dc809050b8]

GC Heap History (18 events):
Event: 14.408 GC heap before
{Heap before GC invocations=0 (full 0):
 garbage-first heap   total 262144K, used 22528K [0x0000000701e00000, 0x0000000800000000)
  region size 2048K, 11 young (22528K), 0 survivors (0K)
 Metaspace       used 6487K, committed 6656K, reserved 1056768K
  class space    used 741K, committed 832K, reserved 1048576K
}
Event: 14.456 GC heap after
{Heap after GC invocations=1 (full 0):
 garbage-first heap   total 262144K, used 5694K [0x0000000701e00000, 0x0000000800000000)
  region size 2048K, 2 young (4096K), 2 survivors (4096K)
 Metaspace       used 6487K, committed 6656K, reserved 1056768K
  class space    used 741K, committed 832K, reserved 1048576K
}
Event: 17.475 GC heap before
{Heap before GC invocations=1 (full 0):
 garbage-first heap   total 262144K, used 32318K [0x0000000701e00000, 0x0000000800000000)
  region size 2048K, 15 young (30720K), 2 survivors (4096K)
 Metaspace       used 9374K, committed 9536K, reserved 1064960K
  class space    used 1130K, committed 1216K, reserved 1048576K
}
Event: 17.479 GC heap after
{Heap after GC invocations=2 (full 0):
 garbage-first heap   total 262144K, used 7043K [0x0000000701e00000, 0x0000000800000000)
  region size 2048K, 1 young (2048K), 1 survivors (2048K)
 Metaspace       used 9374K, committed 9536K, reserved 1064960K
  class space    used 1130K, committed 1216K, reserved 1048576K
}
Event: 24.390 GC heap before
{Heap before GC invocations=2 (full 0):
 garbage-first heap   total 262144K, used 160643K [0x0000000701e00000, 0x0000000800000000)
  region size 2048K, 76 young (155648K), 1 survivors (2048K)
 Metaspace       used 21221K, committed 21504K, reserved 1073152K
  class space    used 2768K, committed 2944K, reserved 1048576K
}
Event: 24.412 GC heap after
{Heap after GC invocations=3 (full 0):
 garbage-first heap   total 262144K, used 10822K [0x0000000701e00000, 0x0000000800000000)
  region size 2048K, 3 young (6144K), 3 survivors (6144K)
 Metaspace       used 21221K, committed 21504K, reserved 1073152K
  class space    used 2768K, committed 2944K, reserved 1048576K
}
Event: 24.415 GC heap before
{Heap before GC invocations=3 (full 0):
 garbage-first heap   total 262144K, used 10822K [0x0000000701e00000, 0x0000000800000000)
  region size 2048K, 4 young (8192K), 3 survivors (6144K)
 Metaspace       used 21224K, committed 21504K, reserved 1073152K
  class space    used 2769K, committed 2944K, reserved 1048576K
}
Event: 24.420 GC heap after
{Heap after GC invocations=4 (full 0):
 garbage-first heap   total 262144K, used 11132K [0x0000000701e00000, 0x0000000800000000)
  region size 2048K, 3 young (6144K), 3 survivors (6144K)
 Metaspace       used 21224K, committed 21504K, reserved 1073152K
  class space    used 2769K, committed 2944K, reserved 1048576K
}
Event: 25.834 GC heap before
{Heap before GC invocations=5 (full 0):
 garbage-first heap   total 49152K, used 33660K [0x0000000701e00000, 0x0000000800000000)
  region size 2048K, 14 young (28672K), 3 survivors (6144K)
 Metaspace       used 22926K, committed 23232K, reserved 1073152K
  class space    used 3039K, committed 3200K, reserved 1048576K
}
Event: 25.840 GC heap after
{Heap after GC invocations=6 (full 0):
 garbage-first heap   total 49152K, used 12064K [0x0000000701e00000, 0x0000000800000000)
  region size 2048K, 1 young (2048K), 1 survivors (2048K)
 Metaspace       used 22926K, committed 23232K, reserved 1073152K
  class space    used 3039K, committed 3200K, reserved 1048576K
}
Event: 26.133 GC heap before
{Heap before GC invocations=6 (full 0):
 garbage-first heap   total 49152K, used 14112K [0x0000000701e00000, 0x0000000800000000)
  region size 2048K, 2 young (4096K), 1 survivors (2048K)
 Metaspace       used 23361K, committed 23616K, reserved 1073152K
  class space    used 3098K, committed 3200K, reserved 1048576K
}
Event: 26.136 GC heap after
{Heap after GC invocations=7 (full 0):
 garbage-first heap   total 49152K, used 12156K [0x0000000701e00000, 0x0000000800000000)
  region size 2048K, 1 young (2048K), 1 survivors (2048K)
 Metaspace       used 23361K, committed 23616K, reserved 1073152K
  class space    used 3098K, committed 3200K, reserved 1048576K
}
Event: 27.338 GC heap before
{Heap before GC invocations=7 (full 0):
 garbage-first heap   total 49152K, used 30588K [0x0000000701e00000, 0x0000000800000000)
  region size 2048K, 11 young (22528K), 1 survivors (2048K)
 Metaspace       used 25233K, committed 25536K, reserved 1073152K
  class space    used 3371K, committed 3520K, reserved 1048576K
}
Event: 27.340 GC heap after
{Heap after GC invocations=8 (full 0):
 garbage-first heap   total 49152K, used 13267K [0x0000000701e00000, 0x0000000800000000)
  region size 2048K, 1 young (2048K), 1 survivors (2048K)
 Metaspace       used 25233K, committed 25536K, reserved 1073152K
  class space    used 3371K, committed 3520K, reserved 1048576K
}
Event: 29.405 GC heap before
{Heap before GC invocations=8 (full 0):
 garbage-first heap   total 49152K, used 33747K [0x0000000701e00000, 0x0000000800000000)
  region size 2048K, 11 young (22528K), 1 survivors (2048K)
 Metaspace       used 26712K, committed 27008K, reserved 1073152K
  class space    used 3528K, committed 3648K, reserved 1048576K
}
Event: 29.408 GC heap after
{Heap after GC invocations=9 (full 0):
 garbage-first heap   total 49152K, used 14843K [0x0000000701e00000, 0x0000000800000000)
  region size 2048K, 2 young (4096K), 2 survivors (4096K)
 Metaspace       used 26712K, committed 27008K, reserved 1073152K
  class space    used 3528K, committed 3648K, reserved 1048576K
}
Event: 33.175 GC heap before
{Heap before GC invocations=9 (full 0):
 garbage-first heap   total 49152K, used 35323K [0x0000000701e00000, 0x0000000800000000)
  region size 2048K, 12 young (24576K), 2 survivors (4096K)
 Metaspace       used 28581K, committed 28928K, reserved 1081344K
  class space    used 3763K, committed 3904K, reserved 1048576K
}
Event: 33.178 GC heap after
{Heap after GC invocations=10 (full 0):
 garbage-first heap   total 49152K, used 15927K [0x0000000701e00000, 0x0000000800000000)
  region size 2048K, 2 young (4096K), 2 survivors (4096K)
 Metaspace       used 28581K, committed 28928K, reserved 1081344K
  class space    used 3763K, committed 3904K, reserved 1048576K
}

Deoptimization events (20 events):
Event: 34.705 Thread 0x000001dc8ee36480 DEOPT PACKING pc=0x000001dc80427bfc sp=0x0000008bb02f8770
Event: 34.705 Thread 0x000001dc8ee36480 DEOPT UNPACKING pc=0x000001dc80052b43 sp=0x0000008bb02f7c28 mode 1
Event: 34.705 Thread 0x000001dc8ee36480 DEOPT PACKING pc=0x000001dc80574624 sp=0x0000008bb02f9100
Event: 34.705 Thread 0x000001dc8ee36480 DEOPT UNPACKING pc=0x000001dc80052b43 sp=0x0000008bb02f85d0 mode 1
Event: 34.758 Thread 0x000001dc8ee36480 DEOPT PACKING pc=0x000001dc8043ba64 sp=0x0000008bb02f8620
Event: 34.758 Thread 0x000001dc8ee36480 DEOPT UNPACKING pc=0x000001dc80052b43 sp=0x0000008bb02f7ab8 mode 1
Event: 34.758 Thread 0x000001dc8ee36480 DEOPT PACKING pc=0x000001dc80427bfc sp=0x0000008bb02f86f0
Event: 34.758 Thread 0x000001dc8ee36480 DEOPT UNPACKING pc=0x000001dc80052b43 sp=0x0000008bb02f7ba8 mode 1
Event: 34.764 Thread 0x000001dc8ee36480 DEOPT PACKING pc=0x000001dc8043ba64 sp=0x0000008bb02f86e0
Event: 34.764 Thread 0x000001dc8ee36480 DEOPT UNPACKING pc=0x000001dc80052b43 sp=0x0000008bb02f7b78 mode 1
Event: 34.764 Thread 0x000001dc8ee36480 DEOPT PACKING pc=0x000001dc80427bfc sp=0x0000008bb02f87b0
Event: 34.764 Thread 0x000001dc8ee36480 DEOPT UNPACKING pc=0x000001dc80052b43 sp=0x0000008bb02f7c68 mode 1
Event: 34.781 Thread 0x000001dc8ee36480 DEOPT PACKING pc=0x000001dc8043ba64 sp=0x0000008bb02f87b0
Event: 34.781 Thread 0x000001dc8ee36480 DEOPT UNPACKING pc=0x000001dc80052b43 sp=0x0000008bb02f7c48 mode 1
Event: 34.781 Thread 0x000001dc8ee36480 DEOPT PACKING pc=0x000001dc80427bfc sp=0x0000008bb02f8880
Event: 34.781 Thread 0x000001dc8ee36480 DEOPT UNPACKING pc=0x000001dc80052b43 sp=0x0000008bb02f7d38 mode 1
Event: 34.783 Thread 0x000001dc8ee36480 DEOPT PACKING pc=0x000001dc8043ba64 sp=0x0000008bb02f89b0
Event: 34.783 Thread 0x000001dc8ee36480 DEOPT UNPACKING pc=0x000001dc80052b43 sp=0x0000008bb02f7e48 mode 1
Event: 34.783 Thread 0x000001dc8ee36480 DEOPT PACKING pc=0x000001dc80427bfc sp=0x0000008bb02f8a80
Event: 34.783 Thread 0x000001dc8ee36480 DEOPT UNPACKING pc=0x000001dc80052b43 sp=0x0000008bb02f7f38 mode 1

Classes unloaded (0 events):
No events

Classes redefined (0 events):
No events

Internal exceptions (20 events):
Event: 29.234 Thread 0x000001dc8f4ab280 Exception <a 'java/lang/reflect/InvocationTargetException'{0x00000007119c29c0}> (0x00000007119c29c0) 
thrown [s\open\src\hotspot\share\runtime\reflection.cpp, line 1121]
Event: 30.027 Thread 0x000001dc8f4ab280 Exception <a 'java/lang/reflect/InvocationTargetException'{0x0000000711b63da8}> (0x0000000711b63da8) 
thrown [s\open\src\hotspot\share\runtime\reflection.cpp, line 1121]
Event: 30.078 Thread 0x000001dc8ee36480 Exception <a 'java/io/FileNotFoundException'{0x0000000711b816e0}> (0x0000000711b816e0) 
thrown [s\open\src\hotspot\share\prims\jni.cpp, line 516]
Event: 31.466 Thread 0x000001dc8f4ab280 Exception <a 'java/lang/reflect/InvocationTargetException'{0x0000000711b67738}> (0x0000000711b67738) 
thrown [s\open\src\hotspot\share\runtime\reflection.cpp, line 1121]
Event: 33.126 Thread 0x000001dc8ee36480 Exception <a 'java/lang/NoSuchMethodError'{0x0000000703a5fec8}: 'int java.lang.invoke.DirectMethodHandle$Holder.invokeInterface(java.lang.Object, java.lang.Object, java.lang.Object, java.lang.Object)'> (0x0000000703a5fec8) 
thrown [s\open\src\hotspot\share\interpreter\linkResolver.cpp, line 759]
Event: 33.216 Thread 0x000001dc8ee36480 Exception <a 'java/lang/NoSuchMethodError'{0x0000000711dda4b8}: 'long java.lang.invoke.DirectMethodHandle$Holder.invokeVirtual(java.lang.Object, java.lang.Object)'> (0x0000000711dda4b8) 
thrown [s\open\src\hotspot\share\interpreter\linkResolver.cpp, line 759]
Event: 33.226 Thread 0x000001dc8ee36480 Exception <a 'java/io/FileNotFoundException'{0x0000000711a4dee0}> (0x0000000711a4dee0) 
thrown [s\open\src\hotspot\share\prims\jni.cpp, line 516]
Event: 33.295 Thread 0x000001dc8ee36480 Exception <a 'java/lang/ClassNotFoundException'{0x0000000711b76c38}: java/lang/ObjectCustomizer> (0x0000000711b76c38) 
thrown [s\open\src\hotspot\share\classfile\systemDictionary.cpp, line 256]
Event: 33.299 Thread 0x000001dc8ee36480 Exception <a 'java/lang/ClassNotFoundException'{0x0000000711b7fb88}: com/spring/admin/login/controller/AdminLoginControllerCustomizer> (0x0000000711b7fb88) 
thrown [s\open\src\hotspot\share\classfile\systemDictionary.cpp, line 256]
Event: 33.319 Thread 0x000001dc8ee36480 Exception <a 'java/lang/ClassNotFoundException'{0x0000000711b92148}: java/lang/ObjectCustomizer> (0x0000000711b92148) 
thrown [s\open\src\hotspot\share\classfile\systemDictionary.cpp, line 256]
Event: 33.322 Thread 0x000001dc8ee36480 Exception <a 'java/lang/ClassNotFoundException'{0x0000000711b9af78}: com/spring/admin/login/service/AdminLoginServiceImplCustomizer> (0x0000000711b9af78) 
thrown [s\open\src\hotspot\share\classfile\systemDictionary.cpp, line 256]
Event: 33.327 Thread 0x000001dc8ee36480 Exception <a 'java/lang/ClassNotFoundException'{0x0000000711ba44c0}: com/spring/admin/login/service/AdminLoginServiceCustomizer> (0x0000000711ba44c0) 
thrown [s\open\src\hotspot\share\classfile\systemDictionary.cpp, line 256]
Event: 33.339 Thread 0x000001dc8ee36480 Exception <a 'java/lang/ClassNotFoundException'{0x0000000711baf8a8}: java/lang/ObjectCustomizer> (0x0000000711baf8a8) 
thrown [s\open\src\hotspot\share\classfile\systemDictionary.cpp, line 256]
Event: 33.342 Thread 0x000001dc8ee36480 Exception <a 'java/lang/ClassNotFoundException'{0x0000000711bb7f70}: org/springframework/dao/support/DaoSupportCustomizer> (0x0000000711bb7f70) 
thrown [s\open\src\hotspot\share\classfile\systemDictionary.cpp, line 256]
Event: 33.344 Thread 0x000001dc8ee36480 Exception <a 'java/lang/ClassNotFoundException'{0x0000000711bbedd0}: org/mybatis/spring/support/SqlSessionDaoSupportCustomizer> (0x0000000711bbedd0) 
thrown [s\open\src\hotspot\share\classfile\systemDictionary.cpp, line 256]
Event: 33.353 Thread 0x000001dc8ee36480 Exception <a 'java/lang/ClassNotFoundException'{0x0000000711bc8f40}: org/mybatis/spring/mapper/MapperFactoryBeanCustomizer> (0x0000000711bc8f40) 
thrown [s\open\src\hotspot\share\classfile\systemDictionary.cpp, line 256]
Event: 33.358 Thread 0x000001dc8ee36480 Exception <a 'java/lang/ClassNotFoundException'{0x0000000711bda848}: org/springframework/beans/factory/FactoryBeanCustomizer> (0x0000000711bda848) 
thrown [s\open\src\hotspot\share\classfile\systemDictionary.cpp, line 256]
Event: 33.365 Thread 0x000001dc8ee36480 Exception <a 'java/lang/ClassNotFoundException'{0x0000000711be3f68}: org/springframework/beans/factory/InitializingBeanCustomizer> (0x0000000711be3f68) 
thrown [s\open\src\hotspot\share\classfile\systemDictionary.cpp, line 256]
Event: 34.687 Thread 0x000001dc8f4ab280 Exception <a 'java/lang/reflect/InvocationTargetException'{0x000000071194bf58}> (0x000000071194bf58) 
thrown [s\open\src\hotspot\share\runtime\reflection.cpp, line 1121]
Event: 34.783 Thread 0x000001dc8ee36480 Exception <a 'java/lang/NoClassDefFoundError'{0x00000007117fd438}: oracle/security/pki/OraclePKIProvider> (0x00000007117fd438) 
thrown [s\open\src\hotspot\share\classfile\systemDictionary.cpp, line 245]

VM Operations (20 events):
Event: 28.667 Executing VM operation: HandshakeAllThreads
Event: 28.667 Executing VM operation: HandshakeAllThreads done
Event: 29.405 Executing VM operation: G1CollectForAllocation
Event: 29.408 Executing VM operation: G1CollectForAllocation done
Event: 30.170 Executing VM operation: HandshakeAllThreads
Event: 30.170 Executing VM operation: HandshakeAllThreads done
Event: 31.170 Executing VM operation: Cleanup
Event: 31.170 Executing VM operation: Cleanup done
Event: 32.171 Executing VM operation: Cleanup
Event: 32.171 Executing VM operation: Cleanup done
Event: 33.157 Executing VM operation: HandshakeAllThreads
Event: 33.157 Executing VM operation: HandshakeAllThreads done
Event: 33.158 Executing VM operation: HandshakeAllThreads
Event: 33.158 Executing VM operation: HandshakeAllThreads done
Event: 33.175 Executing VM operation: G1CollectForAllocation
Event: 33.178 Executing VM operation: G1CollectForAllocation done
Event: 33.233 Executing VM operation: HandshakeAllThreads
Event: 33.233 Executing VM operation: HandshakeAllThreads done
Event: 34.233 Executing VM operation: Cleanup
Event: 34.767 Executing VM operation: Cleanup done

Events (20 events):
Event: 33.215 loading class java/nio/channels/CompletionHandler done
Event: 33.244 Thread 0x000001dc912802a0 Thread added: 0x000001dc912802a0
Event: 33.247 Thread 0x000001dc9127f430 Thread added: 0x000001dc9127f430
Event: 33.254 Thread 0x000001dc9127ea90 Thread added: 0x000001dc9127ea90
Event: 33.295 loading class java/lang/ObjectCustomizer
Event: 33.295 loading class java/lang/ObjectCustomizer done
Event: 33.295 loading class java/lang/ObjectCustomizer
Event: 33.295 loading class java/lang/ObjectCustomizer done
Event: 33.318 loading class java/lang/ObjectCustomizer
Event: 33.318 loading class java/lang/ObjectCustomizer done
Event: 33.319 loading class java/lang/ObjectCustomizer
Event: 33.319 loading class java/lang/ObjectCustomizer done
Event: 33.339 loading class java/lang/ObjectCustomizer
Event: 33.339 loading class java/lang/ObjectCustomizer done
Event: 33.339 loading class java/lang/ObjectCustomizer
Event: 33.339 loading class java/lang/ObjectCustomizer done
Event: 34.722 loading class java/lang/StringIndexOutOfBoundsException
Event: 34.722 loading class java/lang/StringIndexOutOfBoundsException done
Event: 34.781 loading class javax/management/openmbean/OpenMBeanConstructorInfo
Event: 34.781 loading class javax/management/openmbean/OpenMBeanConstructorInfo done


Dynamic libraries:
0x00007ff6a55e0000 - 0x00007ff6a55f0000 	C:\Java\jdk-17\bin\javaw.exe
0x00007ff92d190000 - 0x00007ff92d3a4000 	C:\WINDOWS\SYSTEM32\ntdll.dll
0x00007ff92b040000 - 0x00007ff92b104000 	C:\WINDOWS\System32\KERNEL32.DLL
0x00007ff92a600000 - 0x00007ff92a9a4000 	C:\WINDOWS\System32\KERNELBASE.dll
0x00007ff92ac40000 - 0x00007ff92ad51000 	C:\WINDOWS\System32\ucrtbase.dll
0x00007ff9185c0000 - 0x00007ff9185d8000 	C:\Java\jdk-17\bin\jli.dll
0x00007ff92b140000 - 0x00007ff92b1f0000 	C:\WINDOWS\System32\ADVAPI32.dll
0x00007ff92b5b0000 - 0x00007ff92b657000 	C:\WINDOWS\System32\msvcrt.dll
0x00007ff92c100000 - 0x00007ff92c1a6000 	C:\WINDOWS\System32\sechost.dll
0x00007ff92af20000 - 0x00007ff92b037000 	C:\WINDOWS\System32\RPCRT4.dll
0x00007ff92c970000 - 0x00007ff92cb1a000 	C:\WINDOWS\System32\USER32.dll
0x00007ff92aa30000 - 0x00007ff92aa56000 	C:\WINDOWS\System32\win32u.dll
0x00007ff92b110000 - 0x00007ff92b139000 	C:\WINDOWS\System32\GDI32.dll
0x00007ff92ae00000 - 0x00007ff92af19000 	C:\WINDOWS\System32\gdi32full.dll
0x00007ff92ad60000 - 0x00007ff92adfa000 	C:\WINDOWS\System32\msvcp_win.dll
0x00007ff9107f0000 - 0x00007ff910a7f000 	C:\WINDOWS\WinSxS\amd64_microsoft.windows.common-controls_6595b64144ccf1df_6.0.22621.2070_none_2713e6537381f706\COMCTL32.dll
0x00007ff920790000 - 0x00007ff92079a000 	C:\WINDOWS\SYSTEM32\VERSION.dll
0x00007ff9185e0000 - 0x00007ff9185fb000 	C:\Java\jdk-17\bin\VCRUNTIME140.dll
0x00007ff92c040000 - 0x00007ff92c071000 	C:\WINDOWS\System32\IMM32.DLL
0x00007ff926b10000 - 0x00007ff926b1c000 	C:\Java\jdk-17\bin\vcruntime140_1.dll
0x00007ff9165d0000 - 0x00007ff91665e000 	C:\Java\jdk-17\bin\msvcp140.dll
0x00007ff8bb470000 - 0x00007ff8bc047000 	C:\Java\jdk-17\bin\server\jvm.dll
0x00007ff92c3c0000 - 0x00007ff92c3c8000 	C:\WINDOWS\System32\PSAPI.DLL
0x00007ff9043a0000 - 0x00007ff9043a9000 	C:\WINDOWS\SYSTEM32\WSOCK32.dll
0x00007ff92cb20000 - 0x00007ff92cb91000 	C:\WINDOWS\System32\WS2_32.dll
0x00007ff922150000 - 0x00007ff922184000 	C:\WINDOWS\SYSTEM32\WINMM.dll
0x00007ff9295e0000 - 0x00007ff9295f8000 	C:\WINDOWS\SYSTEM32\kernel.appcore.dll
0x00007ff925000000 - 0x00007ff92500a000 	C:\Java\jdk-17\bin\jimage.dll
0x00007ff927c80000 - 0x00007ff927eae000 	C:\WINDOWS\SYSTEM32\DBGHELP.DLL
0x00007ff92c590000 - 0x00007ff92c91a000 	C:\WINDOWS\System32\combase.dll
0x00007ff92b420000 - 0x00007ff92b4f7000 	C:\WINDOWS\System32\OLEAUT32.dll
0x00007ff916410000 - 0x00007ff916442000 	C:\WINDOWS\SYSTEM32\dbgcore.DLL
0x00007ff92a9b0000 - 0x00007ff92aa2a000 	C:\WINDOWS\System32\bcryptPrimitives.dll
0x00007ff8e8e50000 - 0x00007ff8e8e8b000 	C:\Java\jdk-17\bin\jdwp.dll
0x00007ff924fe0000 - 0x00007ff924fee000 	C:\Java\jdk-17\bin\instrument.dll
0x00007ff916e10000 - 0x00007ff916e35000 	C:\Java\jdk-17\bin\java.dll
0x00007ff90b630000 - 0x00007ff90b707000 	C:\Java\jdk-17\bin\jsvml.dll
0x00007ff92b660000 - 0x00007ff92be76000 	C:\WINDOWS\System32\SHELL32.dll
0x00007ff9284d0000 - 0x00007ff928dba000 	C:\WINDOWS\SYSTEM32\windows.storage.dll
0x00007ff928390000 - 0x00007ff9284ce000 	C:\WINDOWS\SYSTEM32\wintypes.dll
0x00007ff92c3e0000 - 0x00007ff92c4d3000 	C:\WINDOWS\System32\SHCORE.dll
0x00007ff92c1c0000 - 0x00007ff92c21e000 	C:\WINDOWS\System32\shlwapi.dll
0x00007ff92a470000 - 0x00007ff92a496000 	C:\WINDOWS\SYSTEM32\profapi.dll
0x00007ff917d10000 - 0x00007ff917d1c000 	C:\Java\jdk-17\bin\dt_socket.dll
0x00007ff9290d0000 - 0x00007ff9290fd000 	C:\WINDOWS\SYSTEM32\IPHLPAPI.DLL
0x00007ff929aa0000 - 0x00007ff929b09000 	C:\WINDOWS\system32\mswsock.dll
0x00007ff929100000 - 0x00007ff9291f3000 	C:\WINDOWS\SYSTEM32\DNSAPI.dll
0x00007ff92c1b0000 - 0x00007ff92c1b9000 	C:\WINDOWS\System32\NSI.dll
0x00007ff9209e0000 - 0x00007ff9209ea000 	C:\Windows\System32\rasadhlp.dll
0x00007ff921be0000 - 0x00007ff921c64000 	C:\WINDOWS\System32\fwpuclnt.dll
0x00007ff9165b0000 - 0x00007ff9165c8000 	C:\Java\jdk-17\bin\zip.dll
0x00007ff9185a0000 - 0x00007ff9185b9000 	C:\Java\jdk-17\bin\net.dll
0x00007ff922cb0000 - 0x00007ff922de7000 	C:\WINDOWS\SYSTEM32\WINHTTP.dll
0x00007ff9179a0000 - 0x00007ff9179b6000 	C:\Java\jdk-17\bin\nio.dll
0x00007ff917d20000 - 0x00007ff917d2a000 	C:\Java\jdk-17\bin\management.dll
0x00007ff9165a0000 - 0x00007ff9165ab000 	C:\Java\jdk-17\bin\management_ext.dll
0x00007ff8f85e0000 - 0x00007ff8f85f7000 	C:\WINDOWS\system32\napinsp.dll
0x00007ff8f85c0000 - 0x00007ff8f85db000 	C:\WINDOWS\system32\pnrpnsp.dll
0x00007ff8f84a0000 - 0x00007ff8f84b1000 	C:\WINDOWS\System32\winrnr.dll
0x00007ff921c70000 - 0x00007ff921c85000 	C:\WINDOWS\system32\wshbth.dll
0x00007ff8f8430000 - 0x00007ff8f8451000 	C:\WINDOWS\system32\nlansp_c.dll
0x00007ff929dc0000 - 0x00007ff929ddb000 	C:\WINDOWS\SYSTEM32\CRYPTSP.dll
0x00007ff9295a0000 - 0x00007ff9295d5000 	C:\WINDOWS\system32\rsaenh.dll
0x00007ff929b40000 - 0x00007ff929b6c000 	C:\WINDOWS\SYSTEM32\USERENV.dll
0x00007ff929ee0000 - 0x00007ff929f08000 	C:\WINDOWS\SYSTEM32\bcrypt.dll
0x00007ff929da0000 - 0x00007ff929dac000 	C:\WINDOWS\SYSTEM32\CRYPTBASE.dll
0x00007ff922b80000 - 0x00007ff922b99000 	C:\WINDOWS\SYSTEM32\dhcpcsvc6.DLL
0x00007ff922b60000 - 0x00007ff922b7f000 	C:\WINDOWS\SYSTEM32\dhcpcsvc.DLL
0x00007ff916590000 - 0x00007ff9165a0000 	C:\Java\jdk-17\bin\verify.dll
0x00007ff916580000 - 0x00007ff91658d000 	C:\Java\jdk-17\bin\sunmscapi.dll
0x00007ff92aa60000 - 0x00007ff92abc7000 	C:\WINDOWS\System32\CRYPT32.dll
0x00007ff929eb0000 - 0x00007ff929ede000 	C:\WINDOWS\SYSTEM32\ncrypt.dll
0x00007ff929e70000 - 0x00007ff929ea7000 	C:\WINDOWS\SYSTEM32\NTASN1.dll

dbghelp: loaded successfully - version: 4.0.5 - missing functions: none
symbol engine: initialized successfully - sym options: 0x614 - pdb path: .;C:\Java\jdk-17\bin;C:\WINDOWS\SYSTEM32;C:\WINDOWS\WinSxS\amd64_microsoft.windows.common-controls_6595b64144ccf1df_6.0.22621.2070_none_2713e6537381f706;C:\Java\jdk-17\bin\server

VM Arguments:
jvm_args: -XX:+ShowCodeDetailsInExceptionMessages -agentlib:jdwp=transport=dt_socket,suspend=y,address=localhost:14437 -Dcom.sun.management.jmxremote -Dcom.sun.management.jmxremote.port=12830 -Dcom.sun.management.jmxremote.authenticate=false -Dcom.sun.management.jmxremote.ssl=false -Djava.rmi.server.hostname=localhost -Dspring.jmx.enabled=true -Dmanagement.endpoints.jmx.exposure.include=* -Dspring.application.admin.enabled=true -XX:TieredStopAtLevel=1 -Dspring.boot.project.name=projectCulture -javaagent:C:\springdeveloper\sts-4.19.1.RELEASE\configuration\org.eclipse.osgi\267\0\.cp\lib\javaagent-shaded.jar -Dfile.encoding=UTF-8 
java_command: com.spring.ProjectCultureApplication --spring.output.ansi.enabled=always
java_class_path (initial): C:\springdeveloper\springBootCoding\projectCulture\target\classes;C:\Users\wnslr\.m2\repository\org\springframework\boot\spring-boot-starter-jdbc\2.7.14\spring-boot-starter-jdbc-2.7.14.jar;C:\Users\wnslr\.m2\repository\org\springframework\boot\spring-boot-starter\2.7.14\spring-boot-starter-2.7.14.jar;C:\Users\wnslr\.m2\repository\org\springframework\boot\spring-boot-starter-logging\2.7.14\spring-boot-starter-logging-2.7.14.jar;C:\Users\wnslr\.m2\repository\ch\qos\logback\logback-classic\1.2.12\logback-classic-1.2.12.jar;C:\Users\wnslr\.m2\repository\ch\qos\logback\logback-core\1.2.12\logback-core-1.2.12.jar;C:\Users\wnslr\.m2\repository\org\apache\logging\log4j\log4j-to-slf4j\2.17.2\log4j-to-slf4j-2.17.2.jar;C:\Users\wnslr\.m2\repository\org\apache\logging\log4j\log4j-api\2.17.2\log4j-api-2.17.2.jar;C:\Users\wnslr\.m2\repository\org\slf4j\jul-to-slf4j\1.7.36\jul-to-slf4j-1.7.36.jar;C:\Users\wnslr\.m2\repository\jakarta\annotation\jakarta.annotation-api\1.3.5\jakarta.annotation-api-1.3.5.jar;C:\Users\wnslr\.m2\repository\org\yaml\snakeyaml\1.30\snakeyaml-1.30.jar;C:\Users\wnslr\.m2\repository\com\zaxxer\HikariCP\4.0.3\HikariCP-4.0.3.jar;C:\Users\wnslr\.m2\repository\org\springframework\spring-jdbc\5.3.29\spring-jdbc-5.3.29.jar;C:\Users\wnslr\.m2\repository\org\springframework\spring-beans\5.3.29\spring-beans-5.3.29.jar;C:\Users\wnslr\.m2\repository\org\springframework\spring-tx\5.3.29\spring-tx-5.3.29.jar;C:\Users\wnslr\.m2\repository\org\springframework\boot\spring-boot-starter-web\2.7.14\spring-boot-starter-web-2.7.14.jar;C:\Users\wnslr\.m2\repository\org\springframework\boot\spring-boot-starter-json\2.7.14\spring-boot-starter-json-2.7.14.jar;C:\Users\wnslr\.m2\repository\com\fasterxml\jackson\core\jackson-databind\2.13.5\jackson-databind-2.13.5.jar;C:\Users\wnslr\.m2\repository\com\fasterxml\jackson\core\jackson-annotations\2.13.5\jackson-annotations-2.13.5.jar;C:\Users\wnslr\.m2\repository\com\fasterxml\jackson\core\jackson-core\2.13.
Launcher Type: SUN_STANDARD

[Global flags]
     intx CICompilerCount                          = 4                                         {product} {ergonomic}
     uint ConcGCThreads                            = 3                                         {product} {ergonomic}
     uint G1ConcRefinementThreads                  = 10                                        {product} {ergonomic}
   size_t G1HeapRegionSize                         = 2097152                                   {product} {ergonomic}
    uintx GCDrainStackTargetSize                   = 64                                        {product} {ergonomic}
   size_t InitialHeapSize                          = 268435456                                 {product} {ergonomic}
     bool ManagementServer                         = true                                      {product} {command line}
   size_t MarkStackSize                            = 4194304                                   {product} {ergonomic}
   size_t MaxHeapSize                              = 4263510016                                {product} {ergonomic}
   size_t MaxNewSize                               = 2556428288                                {product} {ergonomic}
   size_t MinHeapDeltaBytes                        = 2097152                                   {product} {ergonomic}
   size_t MinHeapSize                              = 8388608                                   {product} {ergonomic}
    uintx NonProfiledCodeHeapSize                  = 0                                      {pd product} {ergonomic}
     bool ProfileInterpreter                       = false                                  {pd product} {command line}
    uintx ProfiledCodeHeapSize                     = 0                                      {pd product} {ergonomic}
     bool ShowCodeDetailsInExceptionMessages       = true                                   {manageable} {command line}
   size_t SoftMaxHeapSize                          = 4263510016                             {manageable} {ergonomic}
     intx TieredStopAtLevel                        = 1                                         {product} {command line}
     bool UseCompressedClassPointers               = true                           {product lp64_product} {ergonomic}
     bool UseCompressedOops                        = true                           {product lp64_product} {ergonomic}
     bool UseG1GC                                  = true                                      {product} {ergonomic}
     bool UseLargePagesIndividualAllocation        = false                                  {pd product} {ergonomic}

Logging:
Log output configuration:
 #0: stdout all=warning uptime,level,tags
 #1: stderr all=off uptime,level,tags

Environment Variables:
JAVA_HOME=C:\Java\jdk-17
CLASSPATH=%classpath%;.;.;.
PATH=C:/springdeveloper/sts-4.19.1.RELEASE//plugins/org.eclipse.justj.openjdk.hotspot.jre.full.win32.x86_64_17.0.7.v20230425-1502/jre/bin/server;C:/springdeveloper/sts-4.19.1.RELEASE//plugins/org.eclipse.justj.openjdk.hotspot.jre.full.win32.x86_64_17.0.7.v20230425-1502/jre/bin;C:\Program Files (x86)\Razer Chroma SDK\bin;C:\Program Files\Razer Chroma SDK\bin;C:\Program Files (x86)\Razer\ChromaBroadcast\bin;C:\Program Files\Razer\ChromaBroadcast\bin;C:\app\wnslr\product\18.0.0\dbhomeXE\bin;C:\Java\jdk-17\bin;C:\Program Files\Common Files\Oracle\Java\javapath;C:\Windows\system32;C:\Windows;C:\Windows\System32\Wbem;C:\Windows\System32\WindowsPowerShell\v1.0\;C:\Windows\System32\OpenSSH\;C:\Program Files (x86)\NVIDIA Corporation\PhysX\Common;C:\Program Files\NVIDIA Corporation\NVIDIA NvDLISR;C:\WINDOWS\system32;C:\WINDOWS;C:\WINDOWS\System32\Wbem;C:\WINDOWS\System32\WindowsPowerShell\v1.0\;C:\WINDOWS\System32\OpenSSH\;C:\Program Files (x86)\dotnet\;C:\WINDOWS\system32\config\systemprofile\AppData\Local\Microsoft\WindowsApps;C:\Program Files\nodejs\;C:\Users\wnslr\AppData\Local\Microsoft\WindowsApps;C:\Program Files\Bandizip\;C:\Users\wnslr\AppData\Local\Programs\Microsoft VS Code\bin;C:\Users\wnslr\AppData\Roaming\npm;C:\Users\wnslr\AppData\Local\GitHubDesktop\bin;C:\springdeveloper\sts-4.19.1.RELEASE;
USERNAME=wnslr
OS=Windows_NT
PROCESSOR_IDENTIFIER=Intel64 Family 6 Model 158 Stepping 10, GenuineIntel



---------------  S Y S T E M  ---------------

OS:
 Windows 11 , 64 bit Build 22621 (10.0.22621.2070)
OS uptime: 14 days 3:34 hours
Hyper-V role detected

CPU: total 12 (initial active 12) (6 cores per cpu, 2 threads per core) family 6 model 158 stepping 10 microcode 0xea, cx8, cmov, fxsr, ht, mmx, 3dnowpref, sse, sse2, sse3, ssse3, sse4.1, sse4.2, popcnt, lzcnt, tsc, tscinvbit, avx, avx2, aes, erms, clmul, bmi1, bmi2, adx, fma, vzeroupper, clflush, clflushopt, hv

Memory: 4k page, system-wide physical 16263M (555M free)
TotalPageFile size 46621M (AvailPageFile size 720M)
current process WorkingSet (physical memory assigned to process): 135M, peak: 235M
current process commit charge ("private bytes"): 185M, peak: 385M

vm_info: Java HotSpot(TM) 64-Bit Server VM (17.0.6+9-LTS-190) for windows-amd64 JRE (17.0.6+9-LTS-190), built on Dec  6 2022 15:53:54 by "mach5one" with MS VC++ 17.1 (VS2022)

END.
